[32m[I 2022-11-03 22:43:11,412][0m Trial 911 finished with value: 0.08143005768458049 and parameters: {'nlayers': 10, 'hidden_size': 827, 'dropout': 0.26359162168950195, 'learning_rate': 0.00201685878939518, 'batch_size': 216}. Best is trial 183 with value: 0.004403234362602234.[0m
[32m[I 2022-11-03 22:43:16,597][0m Trial 912 finished with value: 0.004677139263742074 and parameters: {'nlayers': 11, 'hidden_size': 199, 'dropout': 0.33034489174169734, 'learning_rate': 0.002807429761787301, 'batch_size': 3805}. Best is trial 183 with value: 0.004403234362602234.[0m
[32m[I 2022-11-03 22:43:26,062][0m Trial 913 finished with value: 0.004550370150206495 and parameters: {'nlayers': 11, 'hidden_size': 393, 'dropout': 0.45799448674212045, 'learning_rate': 0.005252810878335526, 'batch_size': 3917}. Best is trial 183 with value: 0.004403234362602234.[0m
[32m[I 2022-11-03 22:43:52,601][0m Trial 914 finished with value: 0.004521088770501054 and parameters: {'nlayers': 12, 'hidden_size': 761, 'dropout': 0.481732986401908, 'learning_rate': 0.0016620991519184277, 'batch_size': 3926}. Best is trial 183 with value: 0.004403234362602234.[0m
[32m[I 2022-11-03 22:44:08,729][0m Trial 915 finished with value: 0.004592142335870004 and parameters: {'nlayers': 10, 'hidden_size': 628, 'dropout': 0.38580104704557755, 'learning_rate': 0.0030017190004176645, 'batch_size': 3864}. Best is trial 183 with value: 0.004403234362602234.[0m
[32m[I 2022-11-03 22:44:25,353][0m Trial 916 finished with value: 0.00455381682763181 and parameters: {'nlayers': 14, 'hidden_size': 528, 'dropout': 0.4719186486093142, 'learning_rate': 0.0032326727264283726, 'batch_size': 3929}. Best is trial 183 with value: 0.004403234362602234.[0m
[32m[I 2022-11-03 22:45:12,806][0m Trial 917 finished with value: 0.004696176071341168 and parameters: {'nlayers': 13, 'hidden_size': 1060, 'dropout': 0.44579677382924915, 'learning_rate': 0.0035647687083697494, 'batch_size': 3778}. Best is trial 183 with value: 0.004403234362602234.[0m
[32m[I 2022-11-03 22:45:17,695][0m Trial 918 finished with value: 0.004544200590851956 and parameters: {'nlayers': 11, 'hidden_size': 169, 'dropout': 0.40774500679668535, 'learning_rate': 0.002535555586389172, 'batch_size': 3930}. Best is trial 183 with value: 0.004403234362602234.[0m
[32m[I 2022-11-03 22:45:22,614][0m Trial 919 finished with value: 0.005947481582165564 and parameters: {'nlayers': 12, 'hidden_size': 248, 'dropout': 0.3211058386259595, 'learning_rate': 0.0027431003130049224, 'batch_size': 2981}. Best is trial 183 with value: 0.004403234362602234.[0m
[32m[I 2022-11-03 22:45:29,706][0m Trial 920 finished with value: 0.00462442823916116 and parameters: {'nlayers': 10, 'hidden_size': 324, 'dropout': 0.2865053425261827, 'learning_rate': 0.002191137762629958, 'batch_size': 3848}. Best is trial 183 with value: 0.004403234362602234.[0m
[32m[I 2022-11-03 22:45:40,102][0m Trial 921 finished with value: 0.004430010721087456 and parameters: {'nlayers': 11, 'hidden_size': 415, 'dropout': 0.3942044908415773, 'learning_rate': 0.0014539114592571746, 'batch_size': 4000}. Best is trial 183 with value: 0.004403234362602234.[0m
[32m[I 2022-11-03 22:45:52,667][0m Trial 922 finished with value: 0.004504026702108514 and parameters: {'nlayers': 12, 'hidden_size': 470, 'dropout': 0.4529588314674078, 'learning_rate': 0.001829633797122272, 'batch_size': 3934}. Best is trial 183 with value: 0.004403234362602234.[0m
[32m[I 2022-11-03 22:46:18,515][0m Trial 923 finished with value: 0.004655767131913029 and parameters: {'nlayers': 13, 'hidden_size': 711, 'dropout': 0.4623867182950151, 'learning_rate': 0.003028199534485128, 'batch_size': 3864}. Best is trial 183 with value: 0.004403234362602234.[0m
[32m[I 2022-11-03 22:46:23,732][0m Trial 924 finished with value: 0.0047578022336485695 and parameters: {'nlayers': 10, 'hidden_size': 240, 'dropout': 0.3991212110506933, 'learning_rate': 0.002440020945503888, 'batch_size': 3721}. Best is trial 183 with value: 0.004403234362602234.[0m
[32m[I 2022-11-03 22:46:28,365][0m Trial 925 finished with value: 0.004517174426835912 and parameters: {'nlayers': 11, 'hidden_size': 147, 'dropout': 0.4467680876508117, 'learning_rate': 0.0041366589069626175, 'batch_size': 3930}. Best is trial 183 with value: 0.004403234362602234.[0m
[32m[I 2022-11-03 22:46:41,862][0m Trial 926 finished with value: 0.004596537471346279 and parameters: {'nlayers': 11, 'hidden_size': 539, 'dropout': 0.38182853609570455, 'learning_rate': 0.0032491978801659632, 'batch_size': 3833}. Best is trial 183 with value: 0.004403234362602234.[0m
[32m[I 2022-11-03 22:46:49,305][0m Trial 927 finished with value: 0.004488892904408191 and parameters: {'nlayers': 10, 'hidden_size': 325, 'dropout': 0.47667366216238144, 'learning_rate': 0.0028387113969783506, 'batch_size': 3933}. Best is trial 183 with value: 0.004403234362602234.[0m
[32m[I 2022-11-03 22:47:08,418][0m Trial 928 finished with value: 0.004471351325228598 and parameters: {'nlayers': 12, 'hidden_size': 616, 'dropout': 0.41547256022803725, 'learning_rate': 0.0022289412465985444, 'batch_size': 3997}. Best is trial 183 with value: 0.004403234362602234.[0m
[32m[I 2022-11-03 22:47:15,746][0m Trial 929 finished with value: 0.004443548284471035 and parameters: {'nlayers': 11, 'hidden_size': 287, 'dropout': 0.44163754485326423, 'learning_rate': 0.0012766306751538455, 'batch_size': 4000}. Best is trial 183 with value: 0.004403234362602234.[0m
[32m[I 2022-11-03 22:47:22,262][0m Trial 930 finished with value: 0.0045675833737686975 and parameters: {'nlayers': 7, 'hidden_size': 392, 'dropout': 0.46681176169772737, 'learning_rate': 0.002540857443860263, 'batch_size': 3871}. Best is trial 183 with value: 0.004403234362602234.[0m
[32m[I 2022-11-03 22:47:27,269][0m Trial 931 finished with value: 0.004671085449989538 and parameters: {'nlayers': 10, 'hidden_size': 207, 'dropout': 0.4549384966261548, 'learning_rate': 0.002727862228675691, 'batch_size': 3791}. Best is trial 183 with value: 0.004403234362602234.[0m
[32m[I 2022-11-03 22:47:40,012][0m Trial 932 finished with value: 0.004890609032060081 and parameters: {'nlayers': 12, 'hidden_size': 497, 'dropout': 0.3721856036752892, 'learning_rate': 0.001977437680591281, 'batch_size': 3632}. Best is trial 183 with value: 0.004403234362602234.[0m
[32m[I 2022-11-03 22:47:48,213][0m Trial 933 finished with value: 0.004531196757727038 and parameters: {'nlayers': 11, 'hidden_size': 341, 'dropout': 0.2790846052594126, 'learning_rate': 0.0035878473998565297, 'batch_size': 3936}. Best is trial 183 with value: 0.004403234362602234.[0m
[32m[I 2022-11-03 22:47:52,908][0m Trial 934 finished with value: 0.004544334285135831 and parameters: {'nlayers': 13, 'hidden_size': 129, 'dropout': 0.4004019370323161, 'learning_rate': 0.0030434878036102154, 'batch_size': 3883}. Best is trial 183 with value: 0.004403234362602234.[0m
[32m[I 2022-11-03 22:48:15,034][0m Trial 935 finished with value: 0.00444898172467947 and parameters: {'nlayers': 12, 'hidden_size': 676, 'dropout': 0.46099662252739165, 'learning_rate': 0.003354030519726006, 'batch_size': 4000}. Best is trial 183 with value: 0.004403234362602234.[0m
[32m[I 2022-11-03 22:48:42,393][0m Trial 936 finished with value: 0.0046963414964359355 and parameters: {'nlayers': 10, 'hidden_size': 873, 'dropout': 0.40814218181846995, 'learning_rate': 0.002359249695204924, 'batch_size': 3796}. Best is trial 183 with value: 0.004403234362602234.[0m
[32m[I 2022-11-03 22:48:53,885][0m Trial 937 finished with value: 0.004510341595304473 and parameters: {'nlayers': 8, 'hidden_size': 564, 'dropout': 0.48541771890912977, 'learning_rate': 0.0028119520234683457, 'batch_size': 3928}. Best is trial 183 with value: 0.004403234362602234.[0m
[32m[I 2022-11-03 22:48:59,871][0m Trial 938 finished with value: 0.004573898480280511 and parameters: {'nlayers': 11, 'hidden_size': 241, 'dropout': 0.4997245021040269, 'learning_rate': 0.0038530647466748203, 'batch_size': 3876}. Best is trial 183 with value: 0.004403234362602234.[0m
[32m[I 2022-11-03 22:49:10,629][0m Trial 939 finished with value: 0.004522778615830051 and parameters: {'nlayers': 11, 'hidden_size': 444, 'dropout': 0.4413318611537757, 'learning_rate': 0.002071096852750502, 'batch_size': 3925}. Best is trial 183 with value: 0.004403234362602234.[0m
[32m[I 2022-11-03 22:49:17,650][0m Trial 940 finished with value: 0.0044271002921142345 and parameters: {'nlayers': 10, 'hidden_size': 289, 'dropout': 0.39311413251966804, 'learning_rate': 0.0026300306342456545, 'batch_size': 3999}. Best is trial 183 with value: 0.004403234362602234.[0m
[32m[I 2022-11-03 22:49:27,006][0m Trial 941 finished with value: 0.004631608263813975 and parameters: {'nlayers': 12, 'hidden_size': 377, 'dropout': 0.4700144076381656, 'learning_rate': 0.0030865739096498095, 'batch_size': 3816}. Best is trial 183 with value: 0.004403234362602234.[0m
[32m[I 2022-11-03 22:49:31,950][0m Trial 942 finished with value: 0.004514793701589365 and parameters: {'nlayers': 11, 'hidden_size': 171, 'dropout': 0.38569955768365843, 'learning_rate': 0.001806531942504591, 'batch_size': 3929}. Best is trial 183 with value: 0.004403234362602234.[0m
[32m[I 2022-11-03 22:49:51,197][0m Trial 943 finished with value: 0.004586055801533801 and parameters: {'nlayers': 13, 'hidden_size': 608, 'dropout': 0.44783228745279197, 'learning_rate': 0.0029052376865458312, 'batch_size': 3863}. Best is trial 183 with value: 0.004403234362602234.[0m
[32m[I 2022-11-03 22:49:57,008][0m Trial 944 finished with value: 0.011091768760004162 and parameters: {'nlayers': 12, 'hidden_size': 490, 'dropout': 0.454773527252215, 'learning_rate': 0.002444630320375631, 'batch_size': 1620}. Best is trial 183 with value: 0.004403234362602234.[0m
[32m[I 2022-11-03 22:50:04,975][0m Trial 945 finished with value: 0.00442275357234475 and parameters: {'nlayers': 10, 'hidden_size': 350, 'dropout': 0.43670092995811266, 'learning_rate': 0.0022594325856904246, 'batch_size': 3999}. Best is trial 183 with value: 0.004403234362602234.[0m
[32m[I 2022-11-03 22:50:10,161][0m Trial 946 finished with value: 0.004708813239270806 and parameters: {'nlayers': 10, 'hidden_size': 218, 'dropout': 0.4346392561027486, 'learning_rate': 0.002138802491030194, 'batch_size': 3766}. Best is trial 183 with value: 0.004403234362602234.[0m
[32m[I 2022-11-03 22:50:16,550][0m Trial 947 finished with value: 0.004589771703519475 and parameters: {'nlayers': 10, 'hidden_size': 281, 'dropout': 0.42826554763445857, 'learning_rate': 0.0022973363151817536, 'batch_size': 3879}. Best is trial 183 with value: 0.004403234362602234.[0m
[32m[I 2022-11-03 22:50:20,700][0m Trial 948 finished with value: 0.004438429743051529 and parameters: {'nlayers': 10, 'hidden_size': 109, 'dropout': 0.43499234017145033, 'learning_rate': 0.002028382209296893, 'batch_size': 4000}. Best is trial 183 with value: 0.004403234362602234.[0m
[32m[I 2022-11-03 22:50:50,572][0m Trial 949 finished with value: 0.004559998608183587 and parameters: {'nlayers': 9, 'hidden_size': 974, 'dropout': 0.44194730863665443, 'learning_rate': 0.0022131057915481833, 'batch_size': 3915}. Best is trial 183 with value: 0.004403234362602234.[0m
[32m[I 2022-11-03 22:50:58,852][0m Trial 950 finished with value: 0.004424462551830947 and parameters: {'nlayers': 10, 'hidden_size': 358, 'dropout': 0.4248559340256289, 'learning_rate': 0.0018113704609373522, 'batch_size': 3999}. Best is trial 183 with value: 0.004403234362602234.[0m
[32m[I 2022-11-03 22:51:04,001][0m Trial 951 finished with value: 0.004644441325168699 and parameters: {'nlayers': 10, 'hidden_size': 214, 'dropout': 0.41885887046054954, 'learning_rate': 0.001585374514604839, 'batch_size': 3818}. Best is trial 183 with value: 0.004403234362602234.[0m
[32m[I 2022-11-03 22:51:24,475][0m Trial 952 finished with value: 0.004816898059613434 and parameters: {'nlayers': 9, 'hidden_size': 774, 'dropout': 0.43976945659601874, 'learning_rate': 0.002338127056794779, 'batch_size': 3707}. Best is trial 183 with value: 0.004403234362602234.[0m
[32m[I 2022-11-03 22:51:30,883][0m Trial 953 finished with value: 0.004545571057769662 and parameters: {'nlayers': 10, 'hidden_size': 282, 'dropout': 0.4315857754462542, 'learning_rate': 0.0021160578705218362, 'batch_size': 3912}. Best is trial 183 with value: 0.004403234362602234.[0m
[32m[I 2022-11-03 22:51:50,919][0m Trial 954 finished with value: 0.004533100504400651 and parameters: {'nlayers': 10, 'hidden_size': 707, 'dropout': 0.4488258826523317, 'learning_rate': 0.0019747111273429067, 'batch_size': 3929}. Best is trial 183 with value: 0.004403234362602234.[0m
[32m[I 2022-11-03 22:51:57,377][0m Trial 955 finished with value: 0.00460692423229643 and parameters: {'nlayers': 9, 'hidden_size': 318, 'dropout': 0.4151840262587805, 'learning_rate': 0.0025195243196301995, 'batch_size': 3856}. Best is trial 183 with value: 0.004403234362602234.[0m
[32m[I 2022-11-03 22:52:01,311][0m Trial 956 finished with value: 0.005785145190287914 and parameters: {'nlayers': 11, 'hidden_size': 165, 'dropout': 0.3611915108024289, 'learning_rate': 0.002369000843020346, 'batch_size': 3097}. Best is trial 183 with value: 0.004403234362602234.[0m
[32m[I 2022-11-03 22:52:09,785][0m Trial 957 finished with value: 0.00444114731644761 and parameters: {'nlayers': 8, 'hidden_size': 429, 'dropout': 0.4456439798066445, 'learning_rate': 0.0022262297073327307, 'batch_size': 3997}. Best is trial 183 with value: 0.004403234362602234.[0m
[32m[I 2022-11-03 22:52:22,996][0m Trial 958 finished with value: 0.004527428904835249 and parameters: {'nlayers': 9, 'hidden_size': 566, 'dropout': 0.4557460286441639, 'learning_rate': 0.0017221616587637485, 'batch_size': 3927}. Best is trial 183 with value: 0.004403234362602234.[0m
[32m[I 2022-11-03 22:52:29,017][0m Trial 959 finished with value: 0.004740030455824597 and parameters: {'nlayers': 11, 'hidden_size': 245, 'dropout': 0.42646706882264285, 'learning_rate': 0.0025393799617050208, 'batch_size': 3749}. Best is trial 183 with value: 0.004403234362602234.[0m
[32m[I 2022-11-03 22:52:46,206][0m Trial 960 finished with value: 0.004601710229725033 and parameters: {'nlayers': 10, 'hidden_size': 660, 'dropout': 0.40659314793901347, 'learning_rate': 0.002143430625200502, 'batch_size': 3850}. Best is trial 183 with value: 0.004403234362602234.[0m
[32m[I 2022-11-03 22:52:50,400][0m Trial 961 finished with value: 0.004426871940493584 and parameters: {'nlayers': 11, 'hidden_size': 109, 'dropout': 0.4363379617116499, 'learning_rate': 0.002622671987968953, 'batch_size': 4000}. Best is trial 183 with value: 0.004403234362602234.[0m
[32m[I 2022-11-03 22:52:57,078][0m Trial 962 finished with value: 0.004431881966308285 and parameters: {'nlayers': 8, 'hidden_size': 341, 'dropout': 0.4630797027122614, 'learning_rate': 0.00191512328833233, 'batch_size': 3999}. Best is trial 183 with value: 0.004403234362602234.[0m
[32m[I 2022-11-03 22:53:08,359][0m Trial 963 finished with value: 0.004557535355940074 and parameters: {'nlayers': 9, 'hidden_size': 526, 'dropout': 0.44493248778203953, 'learning_rate': 0.0023944313619639404, 'batch_size': 3926}. Best is trial 183 with value: 0.004403234362602234.[0m
[32m[I 2022-11-03 22:53:12,561][0m Trial 964 finished with value: 0.004439950793981552 and parameters: {'nlayers': 7, 'hidden_size': 177, 'dropout': 0.4202233376132961, 'learning_rate': 0.0014323365033008964, 'batch_size': 4000}. Best is trial 183 with value: 0.004403234362602234.[0m
[32m[I 2022-11-03 22:53:21,696][0m Trial 965 finished with value: 0.004646150521406039 and parameters: {'nlayers': 10, 'hidden_size': 415, 'dropout': 0.47832997210417283, 'learning_rate': 0.0010899384297675548, 'batch_size': 3810}. Best is trial 183 with value: 0.004403234362602234.[0m
[32m[I 2022-11-03 22:53:27,618][0m Trial 966 finished with value: 0.004601652310477966 and parameters: {'nlayers': 9, 'hidden_size': 283, 'dropout': 0.4525803204256634, 'learning_rate': 0.002673968426569136, 'batch_size': 3866}. Best is trial 183 with value: 0.004403234362602234.[0m
[32m[I 2022-11-03 22:53:42,581][0m Trial 967 finished with value: 0.005463678553147537 and parameters: {'nlayers': 11, 'hidden_size': 621, 'dropout': 0.4393818804160594, 'learning_rate': 0.0019507359044385903, 'batch_size': 3261}. Best is trial 183 with value: 0.004403234362602234.[0m
[32m[I 2022-11-03 22:53:51,589][0m Trial 968 finished with value: 0.0045311804395880674 and parameters: {'nlayers': 11, 'hidden_size': 378, 'dropout': 0.37908141725675615, 'learning_rate': 0.0006748432887654313, 'batch_size': 3926}. Best is trial 183 with value: 0.004403234362602234.[0m
[32m[I 2022-11-03 22:54:02,305][0m Trial 969 finished with value: 0.004531639881075823 and parameters: {'nlayers': 10, 'hidden_size': 469, 'dropout': 0.393326135078049, 'learning_rate': 0.0022499030825855267, 'batch_size': 3932}. Best is trial 183 with value: 0.004403234362602234.[0m
[32m[I 2022-11-03 22:54:07,101][0m Trial 970 finished with value: 0.0046460201689590775 and parameters: {'nlayers': 8, 'hidden_size': 233, 'dropout': 0.40219451089977204, 'learning_rate': 0.0024513225595370076, 'batch_size': 3811}. Best is trial 183 with value: 0.004403234362602234.[0m
[32m[I 2022-11-03 22:54:14,696][0m Trial 971 finished with value: 0.0044379650085799305 and parameters: {'nlayers': 10, 'hidden_size': 324, 'dropout': 0.46299294782179984, 'learning_rate': 0.0016504215449151497, 'batch_size': 3999}. Best is trial 183 with value: 0.004403234362602234.[0m
[32m[I 2022-11-03 22:54:19,202][0m Trial 972 finished with value: 0.004593926868389435 and parameters: {'nlayers': 11, 'hidden_size': 139, 'dropout': 0.47209969634942234, 'learning_rate': 0.002695371178109699, 'batch_size': 3870}. Best is trial 183 with value: 0.004403234362602234.[0m
[32m[I 2022-11-03 22:54:30,000][0m Trial 973 finished with value: 0.004497711274362333 and parameters: {'nlayers': 9, 'hidden_size': 507, 'dropout': 0.43182651506248204, 'learning_rate': 0.0021342156655214293, 'batch_size': 3929}. Best is trial 183 with value: 0.004403234362602234.[0m
[32m[I 2022-11-03 22:54:48,128][0m Trial 974 finished with value: 0.004765559348303458 and parameters: {'nlayers': 9, 'hidden_size': 733, 'dropout': 0.4527134391836899, 'learning_rate': 0.002449966187207339, 'batch_size': 3731}. Best is trial 183 with value: 0.004403234362602234.[0m
[32m[I 2022-11-03 22:54:51,058][0m Trial 975 finished with value: 0.007591965763653365 and parameters: {'nlayers': 10, 'hidden_size': 200, 'dropout': 0.40903458853031005, 'learning_rate': 0.00041262045855542176, 'batch_size': 2314}. Best is trial 183 with value: 0.004403234362602234.[0m
[32m[I 2022-11-03 22:55:07,083][0m Trial 976 finished with value: 0.004593832384176474 and parameters: {'nlayers': 11, 'hidden_size': 579, 'dropout': 0.4452347674716, 'learning_rate': 0.0018853753568236586, 'batch_size': 3873}. Best is trial 183 with value: 0.004403234362602234.[0m
[32m[I 2022-11-03 22:55:12,804][0m Trial 977 finished with value: 0.004426958733585371 and parameters: {'nlayers': 8, 'hidden_size': 267, 'dropout': 0.41933351622658727, 'learning_rate': 0.002759484094109608, 'batch_size': 3998}. Best is trial 183 with value: 0.004403234362602234.[0m
[32m[I 2022-11-03 22:55:59,565][0m Trial 978 finished with value: 0.004481786288321018 and parameters: {'nlayers': 10, 'hidden_size': 1178, 'dropout': 0.46058325479399187, 'learning_rate': 0.002277593780331504, 'batch_size': 4000}. Best is trial 183 with value: 0.004403234362602234.[0m
[32m[I 2022-11-03 22:56:07,551][0m Trial 979 finished with value: 0.004672905122447835 and parameters: {'nlayers': 11, 'hidden_size': 346, 'dropout': 0.34199406087012446, 'learning_rate': 0.004010222668340938, 'batch_size': 3807}. Best is trial 183 with value: 0.004403234362602234.[0m
[32m[I 2022-11-03 22:56:14,916][0m Trial 980 finished with value: 0.00451333001578525 and parameters: {'nlayers': 7, 'hidden_size': 426, 'dropout': 0.49284685701048875, 'learning_rate': 0.0025928031575913504, 'batch_size': 3927}. Best is trial 183 with value: 0.004403234362602234.[0m
[32m[I 2022-11-03 22:56:33,081][0m Trial 981 finished with value: 0.005257108265381222 and parameters: {'nlayers': 12, 'hidden_size': 653, 'dropout': 0.37259644219411087, 'learning_rate': 0.0028765426256705945, 'batch_size': 3364}. Best is trial 183 with value: 0.004403234362602234.[0m
[32m[I 2022-11-03 22:56:55,113][0m Trial 982 finished with value: 0.004565997749628607 and parameters: {'nlayers': 9, 'hidden_size': 798, 'dropout': 0.3871561620873979, 'learning_rate': 0.0012823256522745405, 'batch_size': 3872}. Best is trial 183 with value: 0.004403234362602234.[0m
[32m[I 2022-11-03 22:56:58,788][0m Trial 983 finished with value: 0.004494742857092082 and parameters: {'nlayers': 11, 'hidden_size': 75, 'dropout': 0.3966521709435156, 'learning_rate': 0.00198684936769497, 'batch_size': 3926}. Best is trial 183 with value: 0.004403234362602234.[0m
[32m[I 2022-11-03 22:57:05,035][0m Trial 984 finished with value: 0.004523103605280583 and parameters: {'nlayers': 10, 'hidden_size': 268, 'dropout': 0.43574393525334054, 'learning_rate': 0.0025042619291511747, 'batch_size': 3928}. Best is trial 183 with value: 0.004403234362602234.[0m
[32m[I 2022-11-03 22:57:14,979][0m Trial 985 finished with value: 0.004695715931343188 and parameters: {'nlayers': 8, 'hidden_size': 536, 'dropout': 0.4506355988026311, 'learning_rate': 0.0036658088064941544, 'batch_size': 3782}. Best is trial 183 with value: 0.004403234362602234.[0m
[32m[I 2022-11-03 22:57:19,210][0m Trial 986 finished with value: 0.004971821141409707 and parameters: {'nlayers': 9, 'hidden_size': 186, 'dropout': 0.4708470565137266, 'learning_rate': 0.0016482672604023279, 'batch_size': 3575}. Best is trial 183 with value: 0.004403234362602234.[0m
