[32m[I 2022-11-03 21:32:08,112][0m Trial 607 finished with value: 0.016530714329473405 and parameters: {'nlayers': 9, 'hidden_size': 497, 'dropout': 0.478320864863671, 'learning_rate': 0.0011043049492408192, 'batch_size': 1081}. Best is trial 183 with value: 0.004403234362602234.[0m
[32m[I 2022-11-03 21:32:23,446][0m Trial 608 finished with value: 0.004537934597049441 and parameters: {'nlayers': 10, 'hidden_size': 588, 'dropout': 0.18260985296221688, 'learning_rate': 0.0012577272302847042, 'batch_size': 3920}. Best is trial 183 with value: 0.004403234362602234.[0m
[32m[I 2022-11-03 21:32:29,370][0m Trial 609 finished with value: 0.004457542871224278 and parameters: {'nlayers': 12, 'hidden_size': 208, 'dropout': 0.48225248245488556, 'learning_rate': 0.0013267147773328065, 'batch_size': 3998}. Best is trial 183 with value: 0.004403234362602234.[0m
[32m[I 2022-11-03 21:32:37,734][0m Trial 610 finished with value: 0.004662109508040201 and parameters: {'nlayers': 11, 'hidden_size': 346, 'dropout': 0.4682598596281055, 'learning_rate': 0.0008901548948897156, 'batch_size': 3801}. Best is trial 183 with value: 0.004403234362602234.[0m
[32m[I 2022-11-03 21:32:43,920][0m Trial 611 finished with value: 0.004548012418410702 and parameters: {'nlayers': 9, 'hidden_size': 271, 'dropout': 0.4943425108529451, 'learning_rate': 0.0030456901327152964, 'batch_size': 3914}. Best is trial 183 with value: 0.004403234362602234.[0m
[32m[I 2022-11-03 21:32:52,408][0m Trial 612 finished with value: 0.004842876751477721 and parameters: {'nlayers': 8, 'hidden_size': 455, 'dropout': 0.46600008365296275, 'learning_rate': 0.0034078802459700484, 'batch_size': 3652}. Best is trial 183 with value: 0.004403234362602234.[0m
[32m[I 2022-11-03 21:36:03,164][0m Trial 613 finished with value: 0.004820856775388292 and parameters: {'nlayers': 11, 'hidden_size': 2611, 'dropout': 0.2271864249310692, 'learning_rate': 0.005677948018884648, 'batch_size': 3852}. Best is trial 183 with value: 0.004403234362602234.[0m
[32m[I 2022-11-03 21:36:08,094][0m Trial 614 finished with value: 0.004509063107930342 and parameters: {'nlayers': 18, 'hidden_size': 74, 'dropout': 0.47475048425415245, 'learning_rate': 0.0026373878990381032, 'batch_size': 3927}. Best is trial 183 with value: 0.004403234362602234.[0m
[32m[I 2022-11-03 21:36:17,012][0m Trial 615 finished with value: 0.004451955728232861 and parameters: {'nlayers': 10, 'hidden_size': 373, 'dropout': 0.4625347721253304, 'learning_rate': 0.0014615903492179586, 'batch_size': 4000}. Best is trial 183 with value: 0.004403234362602234.[0m
[32m[I 2022-11-03 21:36:21,453][0m Trial 616 finished with value: 0.004631630231988893 and parameters: {'nlayers': 9, 'hidden_size': 172, 'dropout': 0.48907845360966307, 'learning_rate': 0.003942971021213319, 'batch_size': 3812}. Best is trial 183 with value: 0.004403234362602234.[0m
[32m[I 2022-11-03 21:36:38,654][0m Trial 617 finished with value: 0.004540202975546339 and parameters: {'nlayers': 12, 'hidden_size': 561, 'dropout': 0.2617718316627836, 'learning_rate': 0.006076530551198422, 'batch_size': 3927}. Best is trial 183 with value: 0.004403234362602234.[0m
[32m[I 2022-11-03 21:36:44,875][0m Trial 618 finished with value: 0.004563730941269516 and parameters: {'nlayers': 11, 'hidden_size': 229, 'dropout': 0.4546001347910203, 'learning_rate': 0.0010233041474752638, 'batch_size': 3872}. Best is trial 183 with value: 0.004403234362602234.[0m
[32m[I 2022-11-03 21:36:52,109][0m Trial 619 finished with value: 0.004496687208154321 and parameters: {'nlayers': 10, 'hidden_size': 293, 'dropout': 0.4573087406447594, 'learning_rate': 0.0029616596417882625, 'batch_size': 3933}. Best is trial 183 with value: 0.004403234362602234.[0m
[32m[I 2022-11-03 21:36:56,870][0m Trial 620 finished with value: 0.004749698234535654 and parameters: {'nlayers': 3, 'hidden_size': 527, 'dropout': 0.4826094178107063, 'learning_rate': 0.00250139155470438, 'batch_size': 3738}. Best is trial 183 with value: 0.004403234362602234.[0m
[32m[I 2022-11-03 21:37:13,159][0m Trial 621 finished with value: 0.004604025229185309 and parameters: {'nlayers': 8, 'hidden_size': 724, 'dropout': 0.4707925835727005, 'learning_rate': 0.002771394139570127, 'batch_size': 3854}. Best is trial 183 with value: 0.004403234362602234.[0m
[32m[I 2022-11-03 21:37:17,358][0m Trial 622 finished with value: 0.004448823139071465 and parameters: {'nlayers': 9, 'hidden_size': 122, 'dropout': 0.28771012303669774, 'learning_rate': 0.003757584855810731, 'batch_size': 4000}. Best is trial 183 with value: 0.004403234362602234.[0m
[32m[I 2022-11-03 21:37:27,378][0m Trial 623 finished with value: 0.004507480556800343 and parameters: {'nlayers': 11, 'hidden_size': 394, 'dropout': 0.46461202250528433, 'learning_rate': 0.003175388346646712, 'batch_size': 3927}. Best is trial 183 with value: 0.004403234362602234.[0m
[32m[I 2022-11-03 21:38:04,980][0m Trial 624 finished with value: 0.006391812889181575 and parameters: {'nlayers': 21, 'hidden_size': 804, 'dropout': 0.4510135607709032, 'learning_rate': 0.002457853882952218, 'batch_size': 2799}. Best is trial 183 with value: 0.004403234362602234.[0m
[32m[I 2022-11-03 21:38:12,111][0m Trial 625 finished with value: 0.00466375248482221 and parameters: {'nlayers': 10, 'hidden_size': 307, 'dropout': 0.4596320640458077, 'learning_rate': 0.0027415806413573886, 'batch_size': 3810}. Best is trial 183 with value: 0.004403234362602234.[0m
[32m[I 2022-11-03 21:38:24,087][0m Trial 626 finished with value: 0.004528419131237738 and parameters: {'nlayers': 10, 'hidden_size': 483, 'dropout': 0.4754405056259568, 'learning_rate': 0.0013985134811139114, 'batch_size': 3930}. Best is trial 183 with value: 0.004403234362602234.[0m
[32m[I 2022-11-03 21:38:52,738][0m Trial 627 finished with value: 0.004441043983524355 and parameters: {'nlayers': 18, 'hidden_size': 610, 'dropout': 0.4486132124518057, 'learning_rate': 0.002241629658200629, 'batch_size': 3998}. Best is trial 183 with value: 0.004403234362602234.[0m
[32m[I 2022-11-03 21:38:58,721][0m Trial 628 finished with value: 0.004446718961961808 and parameters: {'nlayers': 12, 'hidden_size': 191, 'dropout': 0.14139046937329108, 'learning_rate': 0.0029216083708049085, 'batch_size': 3999}. Best is trial 183 with value: 0.004403234362602234.[0m
[32m[I 2022-11-03 21:39:04,111][0m Trial 629 finished with value: 0.004564026421452698 and parameters: {'nlayers': 9, 'hidden_size': 240, 'dropout': 0.4657950150195286, 'learning_rate': 0.0016505699660188217, 'batch_size': 3886}. Best is trial 183 with value: 0.004403234362602234.[0m
[32m[I 2022-11-03 21:39:19,435][0m Trial 630 finished with value: 0.004456104890533302 and parameters: {'nlayers': 8, 'hidden_size': 673, 'dropout': 0.45686182772503886, 'learning_rate': 0.0034664927450709098, 'batch_size': 3998}. Best is trial 183 with value: 0.004403234362602234.[0m
[32m[I 2022-11-03 21:39:23,182][0m Trial 631 finished with value: 0.004682974445637038 and parameters: {'nlayers': 11, 'hidden_size': 96, 'dropout': 0.31161330043049446, 'learning_rate': 0.0025883857711107745, 'batch_size': 3782}. Best is trial 183 with value: 0.004403234362602234.[0m
[32m[I 2022-11-03 21:39:34,672][0m Trial 632 finished with value: 0.004576743797396455 and parameters: {'nlayers': 12, 'hidden_size': 419, 'dropout': 0.4759739497317269, 'learning_rate': 0.0031295737796089456, 'batch_size': 3867}. Best is trial 183 with value: 0.004403234362602234.[0m
[32m[I 2022-11-03 21:40:08,575][0m Trial 633 finished with value: 0.0045537428208151645 and parameters: {'nlayers': 24, 'hidden_size': 569, 'dropout': 0.34449623481549774, 'learning_rate': 0.002018296314675945, 'batch_size': 3920}. Best is trial 183 with value: 0.004403234362602234.[0m
[32m[I 2022-11-03 21:40:15,925][0m Trial 634 finished with value: 0.004436250782573363 and parameters: {'nlayers': 9, 'hidden_size': 328, 'dropout': 0.44725454835101036, 'learning_rate': 0.0007766511018809558, 'batch_size': 3999}. Best is trial 183 with value: 0.004403234362602234.[0m
[32m[I 2022-11-03 21:40:20,573][0m Trial 635 finished with value: 0.00456362332067182 and parameters: {'nlayers': 10, 'hidden_size': 166, 'dropout': 0.41094318517032313, 'learning_rate': 0.002416549353544997, 'batch_size': 3875}. Best is trial 183 with value: 0.004403234362602234.[0m
[32m[I 2022-11-03 21:40:33,801][0m Trial 636 finished with value: 0.004508076581253475 and parameters: {'nlayers': 11, 'hidden_size': 501, 'dropout': 0.48569004502918584, 'learning_rate': 0.0028516131689197573, 'batch_size': 3929}. Best is trial 183 with value: 0.004403234362602234.[0m
[32m[I 2022-11-03 21:40:42,687][0m Trial 637 finished with value: 0.00475451787823905 and parameters: {'nlayers': 16, 'hidden_size': 270, 'dropout': 0.4243226334860927, 'learning_rate': 0.0022458198744705906, 'batch_size': 3732}. Best is trial 183 with value: 0.004403234362602234.[0m
[32m[I 2022-11-03 21:40:46,032][0m Trial 638 finished with value: 0.004656133392542086 and parameters: {'nlayers': 8, 'hidden_size': 75, 'dropout': 0.4560611611643023, 'learning_rate': 0.0033164525853398037, 'batch_size': 3822}. Best is trial 183 with value: 0.004403234362602234.[0m
[32m[I 2022-11-03 21:41:00,902][0m Trial 639 finished with value: 0.004538846592260074 and parameters: {'nlayers': 9, 'hidden_size': 599, 'dropout': 0.46576964344379257, 'learning_rate': 0.0018167493075843936, 'batch_size': 3930}. Best is trial 183 with value: 0.004403234362602234.[0m
[32m[I 2022-11-03 21:41:13,969][0m Trial 640 finished with value: 0.004458316030070674 and parameters: {'nlayers': 12, 'hidden_size': 460, 'dropout': 0.44697678827751874, 'learning_rate': 0.0026427255570036644, 'batch_size': 3999}. Best is trial 183 with value: 0.004403234362602234.[0m
[32m[I 2022-11-03 21:41:22,526][0m Trial 641 finished with value: 0.004603456897196154 and parameters: {'nlayers': 10, 'hidden_size': 378, 'dropout': 0.3331283492856581, 'learning_rate': 0.0030536842019031054, 'batch_size': 3854}. Best is trial 183 with value: 0.004403234362602234.[0m
[32m[I 2022-11-03 21:41:45,078][0m Trial 642 finished with value: 0.0044463050216436385 and parameters: {'nlayers': 11, 'hidden_size': 701, 'dropout': 0.43993316856841913, 'learning_rate': 0.0036671420339884258, 'batch_size': 4000}. Best is trial 183 with value: 0.004403234362602234.[0m
[32m[I 2022-11-03 21:41:49,302][0m Trial 643 finished with value: 0.004518867282920873 and parameters: {'nlayers': 8, 'hidden_size': 150, 'dropout': 0.47086657752029365, 'learning_rate': 0.001455123326512891, 'batch_size': 3926}. Best is trial 183 with value: 0.004403234362602234.[0m
[32m[I 2022-11-03 21:42:20,184][0m Trial 644 finished with value: 0.005379917793711735 and parameters: {'nlayers': 12, 'hidden_size': 913, 'dropout': 0.2768477645322562, 'learning_rate': 0.0012070236668422938, 'batch_size': 3311}. Best is trial 183 with value: 0.004403234362602234.[0m
[32m[I 2022-11-03 21:42:30,788][0m Trial 645 finished with value: 0.005024633289126011 and parameters: {'nlayers': 9, 'hidden_size': 523, 'dropout': 0.4587084241036474, 'learning_rate': 0.0020245124934894663, 'batch_size': 3532}. Best is trial 183 with value: 0.004403234362602234.[0m
[32m[I 2022-11-03 21:42:43,746][0m Trial 646 finished with value: 0.004666557744671686 and parameters: {'nlayers': 20, 'hidden_size': 321, 'dropout': 0.4166859683164915, 'learning_rate': 0.0028339153976401485, 'batch_size': 3794}. Best is trial 183 with value: 0.004403234362602234.[0m
[32m[I 2022-11-03 21:42:49,382][0m Trial 647 finished with value: 0.004845890018667828 and parameters: {'nlayers': 10, 'hidden_size': 238, 'dropout': 0.4337228401175435, 'learning_rate': 0.002492438726359802, 'batch_size': 3662}. Best is trial 183 with value: 0.004403234362602234.[0m
[32m[I 2022-11-03 21:43:28,041][0m Trial 648 finished with value: 0.004523488467351203 and parameters: {'nlayers': 22, 'hidden_size': 651, 'dropout': 0.45009547355179275, 'learning_rate': 0.0015512228221966204, 'batch_size': 3922}. Best is trial 183 with value: 0.004403234362602234.[0m
[32m[I 2022-11-03 21:43:30,550][0m Trial 649 finished with value: 0.004584251152612105 and parameters: {'nlayers': 2, 'hidden_size': 52, 'dropout': 0.4767893931947202, 'learning_rate': 0.002206545581248411, 'batch_size': 3881}. Best is trial 183 with value: 0.004403234362602234.[0m
[32m[I 2022-11-03 21:47:15,689][0m Trial 650 finished with value: 0.004582974634892389 and parameters: {'nlayers': 11, 'hidden_size': 2798, 'dropout': 0.4605896009025108, 'learning_rate': 0.003055036802901391, 'batch_size': 3937}. Best is trial 183 with value: 0.004403234362602234.[0m
[32m[I 2022-11-03 21:48:00,007][0m Trial 651 finished with value: 0.00449256720796887 and parameters: {'nlayers': 8, 'hidden_size': 1308, 'dropout': 0.44404415877120973, 'learning_rate': 0.002627259334315052, 'batch_size': 3999}. Best is trial 183 with value: 0.004403234362602234.[0m
[32m[I 2022-11-03 21:48:05,669][0m Trial 652 finished with value: 0.004661495924934628 and parameters: {'nlayers': 11, 'hidden_size': 211, 'dropout': 0.26761353246083097, 'learning_rate': 0.002350122872177938, 'batch_size': 3810}. Best is trial 183 with value: 0.004403234362602234.[0m
[32m[I 2022-11-03 21:48:13,700][0m Trial 653 finished with value: 0.0045877546804534205 and parameters: {'nlayers': 7, 'hidden_size': 460, 'dropout': 0.42560511785541455, 'learning_rate': 0.0018461168609192505, 'batch_size': 3865}. Best is trial 183 with value: 0.004403234362602234.[0m
[32m[I 2022-11-03 21:48:32,572][0m Trial 654 finished with value: 0.005185611188760278 and parameters: {'nlayers': 9, 'hidden_size': 785, 'dropout': 0.4945267546287915, 'learning_rate': 0.0027793051878070444, 'batch_size': 3420}. Best is trial 183 with value: 0.004403234362602234.[0m
[32m[I 2022-11-03 21:48:51,131][0m Trial 655 finished with value: 0.00461488299477908 and parameters: {'nlayers': 12, 'hidden_size': 593, 'dropout': 0.453223971552598, 'learning_rate': 0.003945832744341296, 'batch_size': 3926}. Best is trial 183 with value: 0.004403234362602234.[0m
[32m[I 2022-11-03 21:48:56,210][0m Trial 656 finished with value: 0.004446848705410958 and parameters: {'nlayers': 10, 'hidden_size': 175, 'dropout': 0.4686513333266172, 'learning_rate': 0.003199565968181966, 'batch_size': 4000}. Best is trial 183 with value: 0.004403234362602234.[0m
[32m[I 2022-11-03 21:50:40,423][0m Trial 657 finished with value: 0.004828524231433232 and parameters: {'nlayers': 10, 'hidden_size': 2019, 'dropout': 0.48238608726205, 'learning_rate': 0.0034292073628465047, 'batch_size': 3745}. Best is trial 183 with value: 0.004403234362602234.[0m
[32m[I 2022-11-03 21:50:44,468][0m Trial 658 finished with value: 0.004589296863869269 and parameters: {'nlayers': 9, 'hidden_size': 115, 'dropout': 0.43692171242994027, 'learning_rate': 0.002943299660313932, 'batch_size': 3859}. Best is trial 183 with value: 0.004403234362602234.[0m
[32m[I 2022-11-03 21:50:51,729][0m Trial 659 finished with value: 0.004520673126316459 and parameters: {'nlayers': 8, 'hidden_size': 353, 'dropout': 0.15175187934363543, 'learning_rate': 0.0016805790781013704, 'batch_size': 3924}. Best is trial 183 with value: 0.004403234362602234.[0m
[32m[I 2022-11-03 21:51:02,619][0m Trial 660 finished with value: 0.004526656149481853 and parameters: {'nlayers': 11, 'hidden_size': 418, 'dropout': 0.46362799907812813, 'learning_rate': 0.0020117888285334493, 'batch_size': 3926}. Best is trial 183 with value: 0.004403234362602234.[0m
[32m[I 2022-11-03 21:51:12,709][0m Trial 661 finished with value: 0.004671887388752652 and parameters: {'nlayers': 19, 'hidden_size': 264, 'dropout': 0.4454307017623832, 'learning_rate': 0.0025138355173074055, 'batch_size': 3809}. Best is trial 183 with value: 0.004403234362602234.[0m
[32m[I 2022-11-03 21:51:27,901][0m Trial 662 finished with value: 0.004529514564479136 and parameters: {'nlayers': 12, 'hidden_size': 523, 'dropout': 0.4061580771126704, 'learning_rate': 0.0010645307113906683, 'batch_size': 3921}. Best is trial 183 with value: 0.004403234362602234.[0m
[32m[I 2022-11-03 21:51:49,670][0m Trial 663 finished with value: 0.004600119028247203 and parameters: {'nlayers': 10, 'hidden_size': 749, 'dropout': 0.45372005748182, 'learning_rate': 0.0026945572062659724, 'batch_size': 3857}. Best is trial 183 with value: 0.004403234362602234.[0m
[32m[I 2022-11-03 21:52:17,125][0m Trial 664 finished with value: 0.027567072088714673 and parameters: {'nlayers': 9, 'hidden_size': 2345, 'dropout': 0.43244163912426375, 'learning_rate': 0.0022602104422584624, 'batch_size': 637}. Best is trial 183 with value: 0.004403234362602234.[0m
[32m[I 2022-11-03 21:54:05,384][0m Trial 665 finished with value: 0.004487720586359501 and parameters: {'nlayers': 13, 'hidden_size': 1609, 'dropout': 0.4715631444724463, 'learning_rate': 0.0013351957414572343, 'batch_size': 4000}. Best is trial 183 with value: 0.004403234362602234.[0m
[32m[I 2022-11-03 21:54:24,796][0m Trial 666 finished with value: 0.00453004709279419 and parameters: {'nlayers': 11, 'hidden_size': 646, 'dropout': 0.45991118854963925, 'learning_rate': 0.002958418683192482, 'batch_size': 3933}. Best is trial 183 with value: 0.004403234362602234.[0m
[32m[I 2022-11-03 21:54:31,529][0m Trial 667 finished with value: 0.004753334374393307 and parameters: {'nlayers': 9, 'hidden_size': 315, 'dropout': 0.4411998832308675, 'learning_rate': 0.002422918359650362, 'batch_size': 3733}. Best is trial 183 with value: 0.004403234362602234.[0m
[32m[I 2022-11-03 21:55:26,739][0m Trial 668 finished with value: 0.005853818818159013 and parameters: {'nlayers': 10, 'hidden_size': 1502, 'dropout': 0.4271362070171977, 'learning_rate': 0.0031560606814782584, 'batch_size': 3047}. Best is trial 183 with value: 0.004403234362602234.[0m
[32m[I 2022-11-03 21:55:31,540][0m Trial 669 finished with value: 0.004592125686619786 and parameters: {'nlayers': 8, 'hidden_size': 210, 'dropout': 0.4784691402131369, 'learning_rate': 0.002096933021982217, 'batch_size': 3856}. Best is trial 183 with value: 0.004403234362602234.[0m
[32m[I 2022-11-03 21:55:49,162][0m Trial 670 finished with value: 0.004520358180914737 and parameters: {'nlayers': 12, 'hidden_size': 566, 'dropout': 0.2912152099491232, 'learning_rate': 0.0027392066473338203, 'batch_size': 3926}. Best is trial 183 with value: 0.004403234362602234.[0m
[32m[I 2022-11-03 21:55:52,892][0m Trial 671 finished with value: 0.0046620518713993515 and parameters: {'nlayers': 11, 'hidden_size': 63, 'dropout': 0.4526654628741061, 'learning_rate': 0.0018224316982304262, 'batch_size': 3801}. Best is trial 183 with value: 0.004403234362602234.[0m
[32m[I 2022-11-03 22:00:23,537][0m Trial 672 finished with value: 0.0045220641559560746 and parameters: {'nlayers': 24, 'hidden_size': 1869, 'dropout': 0.1708708324883695, 'learning_rate': 0.0035039344513823306, 'batch_size': 3997}. Best is trial 183 with value: 0.004403234362602234.[0m
[32m[I 2022-11-03 22:00:27,713][0m Trial 673 finished with value: 0.004457201642832678 and parameters: {'nlayers': 7, 'hidden_size': 151, 'dropout': 0.4180269164729306, 'learning_rate': 0.0015661904799490446, 'batch_size': 3998}. Best is trial 183 with value: 0.004403234362602234.[0m
[32m[I 2022-11-03 22:00:50,405][0m Trial 674 finished with value: 0.004416777960594562 and parameters: {'nlayers': 8, 'hidden_size': 860, 'dropout': 0.39825559373867314, 'learning_rate': 0.0033107826204071033, 'batch_size': 3998}. Best is trial 183 with value: 0.004403234362602234.[0m
[32m[I 2022-11-03 22:01:07,006][0m Trial 675 finished with value: 0.0045790344938751336 and parameters: {'nlayers': 7, 'hidden_size': 785, 'dropout': 0.402109685535393, 'learning_rate': 0.0033736748423866384, 'batch_size': 3870}. Best is trial 183 with value: 0.004403234362602234.[0m
[32m[I 2022-11-03 22:01:09,790][0m Trial 676 finished with value: 0.0453262396251099 and parameters: {'nlayers': 8, 'hidden_size': 725, 'dropout': 0.4069743607568141, 'learning_rate': 0.003750833232295862, 'batch_size': 395}. Best is trial 183 with value: 0.004403234362602234.[0m
[32m[I 2022-11-03 22:01:29,429][0m Trial 677 finished with value: 0.00454502716055936 and parameters: {'nlayers': 8, 'hidden_size': 790, 'dropout': 0.40194917370438654, 'learning_rate': 0.0033032979833643654, 'batch_size': 3919}. Best is trial 183 with value: 0.004403234362602234.[0m
[32m[I 2022-11-03 22:01:41,929][0m Trial 678 finished with value: 0.007819962167466308 and parameters: {'nlayers': 8, 'hidden_size': 841, 'dropout': 0.41098680141423877, 'learning_rate': 0.0031970463508490233, 'batch_size': 2266}. Best is trial 183 with value: 0.004403234362602234.[0m
[32m[I 2022-11-03 22:01:56,027][0m Trial 679 finished with value: 0.004439082950353623 and parameters: {'nlayers': 7, 'hidden_size': 689, 'dropout': 0.391388998939497, 'learning_rate': 0.0035816108287340625, 'batch_size': 4000}. Best is trial 183 with value: 0.004403234362602234.[0m
[32m[I 2022-11-03 22:02:13,218][0m Trial 680 finished with value: 0.0044839799180626866 and parameters: {'nlayers': 9, 'hidden_size': 673, 'dropout': 0.42100514952533385, 'learning_rate': 0.0033724928954353274, 'batch_size': 4000}. Best is trial 183 with value: 0.004403234362602234.[0m
[32m[I 2022-11-03 22:02:37,930][0m Trial 681 finished with value: 0.004709129652750523 and parameters: {'nlayers': 8, 'hidden_size': 918, 'dropout': 0.41569569746123697, 'learning_rate': 0.0030751914986892575, 'batch_size': 3790}. Best is trial 183 with value: 0.004403234362602234.[0m
[32m[I 2022-11-03 22:02:52,752][0m Trial 682 finished with value: 0.0046180124243388136 and parameters: {'nlayers': 9, 'hidden_size': 611, 'dropout': 0.42474827034024787, 'learning_rate': 0.0038157773614625784, 'batch_size': 3868}. Best is trial 183 with value: 0.004403234362602234.[0m
