[32m[I 2022-11-04 05:51:12,709][0m Trial 2565 finished with value: 0.00470457965168767 and parameters: {'nlayers': 10, 'hidden_size': 628, 'dropout': 0.35089962529450464, 'learning_rate': 0.001266822944617572, 'batch_size': 3771}. Best is trial 1603 with value: 0.004398547172546387.[0m
[32m[I 2022-11-04 05:51:35,359][0m Trial 2566 finished with value: 0.004590123653350322 and parameters: {'nlayers': 11, 'hidden_size': 732, 'dropout': 0.35051846838313444, 'learning_rate': 0.0012035262329775644, 'batch_size': 3874}. Best is trial 1603 with value: 0.004398547172546387.[0m
[32m[I 2022-11-04 05:52:01,698][0m Trial 2567 finished with value: 0.004573092391142256 and parameters: {'nlayers': 17, 'hidden_size': 612, 'dropout': 0.36639149119284775, 'learning_rate': 0.0018364563130494839, 'batch_size': 3877}. Best is trial 1603 with value: 0.004398547172546387.[0m
[32m[I 2022-11-04 05:52:18,940][0m Trial 2568 finished with value: 0.004434314109385013 and parameters: {'nlayers': 10, 'hidden_size': 640, 'dropout': 0.36019075192095523, 'learning_rate': 0.0012801877838910978, 'batch_size': 4000}. Best is trial 1603 with value: 0.004398547172546387.[0m
[32m[I 2022-11-04 05:52:35,412][0m Trial 2569 finished with value: 0.004540456803368478 and parameters: {'nlayers': 11, 'hidden_size': 584, 'dropout': 0.35783305672088345, 'learning_rate': 0.0006195754663853827, 'batch_size': 3926}. Best is trial 1603 with value: 0.004398547172546387.[0m
[32m[I 2022-11-04 05:52:54,058][0m Trial 2570 finished with value: 0.004704481556125843 and parameters: {'nlayers': 10, 'hidden_size': 692, 'dropout': 0.34554647813435796, 'learning_rate': 0.0003774643421180357, 'batch_size': 3802}. Best is trial 1603 with value: 0.004398547172546387.[0m
[32m[I 2022-11-04 05:53:09,738][0m Trial 2571 finished with value: 0.0045095866826071265 and parameters: {'nlayers': 10, 'hidden_size': 583, 'dropout': 0.36447746802619724, 'learning_rate': 0.0019303691191927287, 'batch_size': 3931}. Best is trial 1603 with value: 0.004398547172546387.[0m
[32m[I 2022-11-04 05:53:18,567][0m Trial 2572 finished with value: 0.004913715484752334 and parameters: {'nlayers': 11, 'hidden_size': 375, 'dropout': 0.3446821615554032, 'learning_rate': 0.0016253785885599575, 'batch_size': 3623}. Best is trial 1603 with value: 0.004398547172546387.[0m
[32m[I 2022-11-04 05:53:28,763][0m Trial 2573 finished with value: 0.004445835146852719 and parameters: {'nlayers': 10, 'hidden_size': 414, 'dropout': 0.3721314542644231, 'learning_rate': 0.0014502149954682964, 'batch_size': 3999}. Best is trial 1603 with value: 0.004398547172546387.[0m
[32m[I 2022-11-04 05:53:59,666][0m Trial 2574 finished with value: 0.004604558216904568 and parameters: {'nlayers': 18, 'hidden_size': 658, 'dropout': 0.33997495160971153, 'learning_rate': 0.0016983087671529878, 'batch_size': 3859}. Best is trial 1603 with value: 0.004398547172546387.[0m
[32m[I 2022-11-04 05:54:45,836][0m Trial 2575 finished with value: 0.004784884759786939 and parameters: {'nlayers': 19, 'hidden_size': 809, 'dropout': 0.34791623455448206, 'learning_rate': 0.001895393355132188, 'batch_size': 3732}. Best is trial 1603 with value: 0.004398547172546387.[0m
[32m[I 2022-11-04 05:54:56,550][0m Trial 2576 finished with value: 0.0044489032700657846 and parameters: {'nlayers': 11, 'hidden_size': 401, 'dropout': 0.3725235238955754, 'learning_rate': 0.0012882666034522774, 'batch_size': 4000}. Best is trial 1603 with value: 0.004398547172546387.[0m
[32m[I 2022-11-04 05:55:08,449][0m Trial 2577 finished with value: 0.00454694423145583 and parameters: {'nlayers': 10, 'hidden_size': 482, 'dropout': 0.355127874710619, 'learning_rate': 0.0014962337221031642, 'batch_size': 3923}. Best is trial 1603 with value: 0.004398547172546387.[0m
[32m[I 2022-11-04 05:55:32,201][0m Trial 2578 finished with value: 0.004609557394527723 and parameters: {'nlayers': 11, 'hidden_size': 735, 'dropout': 0.33556326678235954, 'learning_rate': 0.0009962227618164955, 'batch_size': 3868}. Best is trial 1603 with value: 0.004398547172546387.[0m
[32m[I 2022-11-04 05:55:47,346][0m Trial 2579 finished with value: 0.004666480027520016 and parameters: {'nlayers': 10, 'hidden_size': 585, 'dropout': 0.24218464055423078, 'learning_rate': 0.0019651294912931077, 'batch_size': 3815}. Best is trial 1603 with value: 0.004398547172546387.[0m
[32m[I 2022-11-04 05:56:03,533][0m Trial 2580 finished with value: 0.004526676762164856 and parameters: {'nlayers': 9, 'hidden_size': 650, 'dropout': 0.34306628264466943, 'learning_rate': 0.001815734506325981, 'batch_size': 3920}. Best is trial 1603 with value: 0.004398547172546387.[0m
[32m[I 2022-11-04 05:56:13,214][0m Trial 2581 finished with value: 0.004525803816904389 and parameters: {'nlayers': 11, 'hidden_size': 382, 'dropout': 0.3647081163643977, 'learning_rate': 0.0016695205799360487, 'batch_size': 3927}. Best is trial 1603 with value: 0.004398547172546387.[0m
[32m[I 2022-11-04 05:56:37,562][0m Trial 2582 finished with value: 0.00466728496708368 and parameters: {'nlayers': 20, 'hidden_size': 539, 'dropout': 0.27050437437059976, 'learning_rate': 0.00147362143210604, 'batch_size': 3800}. Best is trial 1603 with value: 0.004398547172546387.[0m
[32m[I 2022-11-04 05:58:28,891][0m Trial 2583 finished with value: 0.004511311159781212 and parameters: {'nlayers': 10, 'hidden_size': 2052, 'dropout': 0.336285805763132, 'learning_rate': 0.0007940304705706814, 'batch_size': 3919}. Best is trial 1603 with value: 0.004398547172546387.[0m
[32m[I 2022-11-04 05:58:38,792][0m Trial 2584 finished with value: 0.004505170836915537 and parameters: {'nlayers': 9, 'hidden_size': 449, 'dropout': 0.26034422817354824, 'learning_rate': 0.001224168322170272, 'batch_size': 3922}. Best is trial 1603 with value: 0.004398547172546387.[0m
[32m[I 2022-11-04 05:58:55,067][0m Trial 2585 finished with value: 0.004792601393121365 and parameters: {'nlayers': 11, 'hidden_size': 586, 'dropout': 0.11931760649872669, 'learning_rate': 0.0017366459301598916, 'batch_size': 3704}. Best is trial 1603 with value: 0.004398547172546387.[0m
[32m[I 2022-11-04 05:59:03,537][0m Trial 2586 finished with value: 0.0045967158137471325 and parameters: {'nlayers': 10, 'hidden_size': 376, 'dropout': 0.3557985021630203, 'learning_rate': 0.0020764518499943544, 'batch_size': 3863}. Best is trial 1603 with value: 0.004398547172546387.[0m
[32m[I 2022-11-04 05:59:08,978][0m Trial 2587 finished with value: 0.009587142718163577 and parameters: {'nlayers': 9, 'hidden_size': 494, 'dropout': 0.3498167328282487, 'learning_rate': 0.0009632969968372551, 'batch_size': 1869}. Best is trial 1603 with value: 0.004398547172546387.[0m
[32m[I 2022-11-04 05:59:35,438][0m Trial 2588 finished with value: 0.004521651211022543 and parameters: {'nlayers': 11, 'hidden_size': 778, 'dropout': 0.3775345752542225, 'learning_rate': 0.001407472405241255, 'batch_size': 3933}. Best is trial 1603 with value: 0.004398547172546387.[0m
[32m[I 2022-11-04 05:59:45,243][0m Trial 2589 finished with value: 0.008436024680319565 and parameters: {'nlayers': 10, 'hidden_size': 646, 'dropout': 0.3620453086367705, 'learning_rate': 0.0006199295292821556, 'batch_size': 2123}. Best is trial 1603 with value: 0.004398547172546387.[0m
[32m[I 2022-11-04 05:59:55,522][0m Trial 2590 finished with value: 0.004645374460270333 and parameters: {'nlayers': 11, 'hidden_size': 409, 'dropout': 0.33549455473424966, 'learning_rate': 0.0019726972302425306, 'batch_size': 3815}. Best is trial 1603 with value: 0.004398547172546387.[0m
[32m[I 2022-11-04 06:00:07,435][0m Trial 2591 finished with value: 0.00451991547323097 and parameters: {'nlayers': 9, 'hidden_size': 527, 'dropout': 0.25443089819826525, 'learning_rate': 0.0011880777574262075, 'batch_size': 3936}. Best is trial 1603 with value: 0.004398547172546387.[0m
[32m[I 2022-11-04 06:00:26,831][0m Trial 2592 finished with value: 0.004596827221089739 and parameters: {'nlayers': 10, 'hidden_size': 691, 'dropout': 0.37572662411828606, 'learning_rate': 0.0016492295846978165, 'batch_size': 3859}. Best is trial 1603 with value: 0.004398547172546387.[0m
[32m[I 2022-11-04 06:00:40,774][0m Trial 2593 finished with value: 0.004522872369909857 and parameters: {'nlayers': 9, 'hidden_size': 579, 'dropout': 0.34182628747195754, 'learning_rate': 0.0018789748192366746, 'batch_size': 3931}. Best is trial 1603 with value: 0.004398547172546387.[0m
[32m[I 2022-11-04 06:00:49,101][0m Trial 2594 finished with value: 0.004704639038337411 and parameters: {'nlayers': 11, 'hidden_size': 352, 'dropout': 0.22528890873154267, 'learning_rate': 0.0016123869558967452, 'batch_size': 3762}. Best is trial 1603 with value: 0.004398547172546387.[0m
[32m[I 2022-11-04 06:00:57,641][0m Trial 2595 finished with value: 0.005627019107907992 and parameters: {'nlayers': 10, 'hidden_size': 446, 'dropout': 0.3516152474557204, 'learning_rate': 0.005222924526476021, 'batch_size': 3158}. Best is trial 1603 with value: 0.004398547172546387.[0m
[32m[I 2022-11-04 06:01:08,274][0m Trial 2596 finished with value: 0.004444133239735601 and parameters: {'nlayers': 9, 'hidden_size': 475, 'dropout': 0.3335557412774933, 'learning_rate': 0.0021474395561055, 'batch_size': 3999}. Best is trial 1603 with value: 0.004398547172546387.[0m
[32m[I 2022-11-04 06:07:35,074][0m Trial 2597 finished with value: 0.004588774115873253 and parameters: {'nlayers': 19, 'hidden_size': 2735, 'dropout': 0.36698270643993336, 'learning_rate': 0.0003359814343615029, 'batch_size': 3863}. Best is trial 1603 with value: 0.004398547172546387.[0m
[32m[I 2022-11-04 06:07:53,250][0m Trial 2598 finished with value: 0.004506335443516117 and parameters: {'nlayers': 11, 'hidden_size': 624, 'dropout': 0.3390577688438625, 'learning_rate': 0.0014407748472437599, 'batch_size': 3930}. Best is trial 1603 with value: 0.004398547172546387.[0m
[32m[I 2022-11-04 06:08:02,163][0m Trial 2599 finished with value: 0.004447743665519193 and parameters: {'nlayers': 10, 'hidden_size': 358, 'dropout': 0.3755572863512511, 'learning_rate': 0.0012510276765169653, 'batch_size': 3999}. Best is trial 1603 with value: 0.004398547172546387.[0m
[32m[I 2022-11-04 06:08:07,469][0m Trial 2600 finished with value: 0.006828363510017262 and parameters: {'nlayers': 8, 'hidden_size': 415, 'dropout': 0.3301875756395044, 'learning_rate': 0.001888801053009456, 'batch_size': 2597}. Best is trial 1603 with value: 0.004398547172546387.[0m
[32m[I 2022-11-04 06:08:28,207][0m Trial 2601 finished with value: 0.004585857088794211 and parameters: {'nlayers': 17, 'hidden_size': 536, 'dropout': 0.2883015635694706, 'learning_rate': 0.0008094572570790603, 'batch_size': 3873}. Best is trial 1603 with value: 0.004398547172546387.[0m
[32m[I 2022-11-04 06:08:47,770][0m Trial 2602 finished with value: 0.004694053450570838 and parameters: {'nlayers': 9, 'hidden_size': 747, 'dropout': 0.3439317093387065, 'learning_rate': 0.0015380006603709778, 'batch_size': 3794}. Best is trial 1603 with value: 0.004398547172546387.[0m
[32m[I 2022-11-04 06:08:55,665][0m Trial 2603 finished with value: 0.004514276435495909 and parameters: {'nlayers': 10, 'hidden_size': 321, 'dropout': 0.3495162368890344, 'learning_rate': 0.0011170250684239599, 'batch_size': 3931}. Best is trial 1603 with value: 0.004398547172546387.[0m
[32m[I 2022-11-04 06:09:13,532][0m Trial 2604 finished with value: 0.00459476372785818 and parameters: {'nlayers': 11, 'hidden_size': 613, 'dropout': 0.35879511855495344, 'learning_rate': 0.0016931468916468672, 'batch_size': 3857}. Best is trial 1603 with value: 0.004398547172546387.[0m
[32m[I 2022-11-04 06:09:31,097][0m Trial 2605 finished with value: 0.004468801238943542 and parameters: {'nlayers': 9, 'hidden_size': 678, 'dropout': 0.38194188200283496, 'learning_rate': 0.0019821874649149276, 'batch_size': 3998}. Best is trial 1603 with value: 0.004398547172546387.[0m
[32m[I 2022-11-04 06:09:47,782][0m Trial 2606 finished with value: 0.004529310904562914 and parameters: {'nlayers': 16, 'hidden_size': 472, 'dropout': 0.24860500821125647, 'learning_rate': 0.001441963660017362, 'batch_size': 3923}. Best is trial 1603 with value: 0.004398547172546387.[0m
[32m[I 2022-11-04 06:09:53,354][0m Trial 2607 finished with value: 0.006597736373243268 and parameters: {'nlayers': 10, 'hidden_size': 348, 'dropout': 0.32926024051231634, 'learning_rate': 0.005028295493795813, 'batch_size': 2678}. Best is trial 1603 with value: 0.004398547172546387.[0m
[32m[I 2022-11-04 06:10:04,302][0m Trial 2608 finished with value: 0.004445017092283992 and parameters: {'nlayers': 11, 'hidden_size': 413, 'dropout': 0.27437526766446174, 'learning_rate': 0.002268370206073393, 'batch_size': 3998}. Best is trial 1603 with value: 0.004398547172546387.[0m
[32m[I 2022-11-04 06:12:06,976][0m Trial 2609 finished with value: 0.004842430984672727 and parameters: {'nlayers': 18, 'hidden_size': 1494, 'dropout': 0.3726649835314022, 'learning_rate': 0.0009155983988010001, 'batch_size': 3681}. Best is trial 1603 with value: 0.004398547172546387.[0m
[32m[I 2022-11-04 06:12:19,101][0m Trial 2610 finished with value: 0.004636062235967097 and parameters: {'nlayers': 9, 'hidden_size': 560, 'dropout': 0.33849455706575166, 'learning_rate': 0.0017984767666176368, 'batch_size': 3818}. Best is trial 1603 with value: 0.004398547172546387.[0m
[32m[I 2022-11-04 06:12:25,262][0m Trial 2611 finished with value: 0.004488730890384274 and parameters: {'nlayers': 8, 'hidden_size': 289, 'dropout': 0.1386823211732185, 'learning_rate': 0.002043847724875829, 'batch_size': 3928}. Best is trial 1603 with value: 0.004398547172546387.[0m
[32m[I 2022-11-04 06:12:37,449][0m Trial 2612 finished with value: 0.004496142196194561 and parameters: {'nlayers': 10, 'hidden_size': 504, 'dropout': 0.3284622849797032, 'learning_rate': 0.0021548062304470633, 'batch_size': 3933}. Best is trial 1603 with value: 0.004398547172546387.[0m
[32m[I 2022-11-04 06:12:46,620][0m Trial 2613 finished with value: 0.004677986518765305 and parameters: {'nlayers': 11, 'hidden_size': 377, 'dropout': 0.28025998562131355, 'learning_rate': 0.001346438531814399, 'batch_size': 3772}. Best is trial 1603 with value: 0.004398547172546387.[0m
[32m[I 2022-11-04 06:13:01,848][0m Trial 2614 finished with value: 0.004455883634421312 and parameters: {'nlayers': 9, 'hidden_size': 602, 'dropout': 0.34555486046679035, 'learning_rate': 0.0018595416299391336, 'batch_size': 3999}. Best is trial 1603 with value: 0.004398547172546387.[0m
[32m[I 2022-11-04 06:13:09,275][0m Trial 2615 finished with value: 0.004587234194673712 and parameters: {'nlayers': 10, 'hidden_size': 315, 'dropout': 0.2304883390781906, 'learning_rate': 0.0016098775732191354, 'batch_size': 3857}. Best is trial 1603 with value: 0.004398547172546387.[0m
[32m[I 2022-11-04 06:13:30,482][0m Trial 2616 finished with value: 0.004512237426644673 and parameters: {'nlayers': 11, 'hidden_size': 679, 'dropout': 0.21686006883800463, 'learning_rate': 0.0012783185279253316, 'batch_size': 3928}. Best is trial 1603 with value: 0.004398547172546387.[0m
[32m[I 2022-11-04 06:13:38,947][0m Trial 2617 finished with value: 0.00457209140146976 and parameters: {'nlayers': 8, 'hidden_size': 432, 'dropout': 0.35745098723499463, 'learning_rate': 0.0010840905741745998, 'batch_size': 3873}. Best is trial 1603 with value: 0.004398547172546387.[0m
[32m[I 2022-11-04 06:14:03,042][0m Trial 2618 finished with value: 0.0045197954766319605 and parameters: {'nlayers': 20, 'hidden_size': 520, 'dropout': 0.3785700669774339, 'learning_rate': 0.0017370000774357616, 'batch_size': 3930}. Best is trial 1603 with value: 0.004398547172546387.[0m
[32m[I 2022-11-04 06:14:42,688][0m Trial 2619 finished with value: 0.004475060023367405 and parameters: {'nlayers': 19, 'hidden_size': 736, 'dropout': 0.3688425699423793, 'learning_rate': 0.0021650649939130495, 'batch_size': 4000}. Best is trial 1603 with value: 0.004398547172546387.[0m
[32m[I 2022-11-04 06:14:49,271][0m Trial 2620 finished with value: 0.004451987690614384 and parameters: {'nlayers': 9, 'hidden_size': 275, 'dropout': 0.3287398907477412, 'learning_rate': 0.0016049036920214464, 'batch_size': 3999}. Best is trial 1603 with value: 0.004398547172546387.[0m
[32m[I 2022-11-04 06:14:57,403][0m Trial 2621 finished with value: 0.004450203016657447 and parameters: {'nlayers': 10, 'hidden_size': 321, 'dropout': 0.29392207612166427, 'learning_rate': 0.00240040182883203, 'batch_size': 3999}. Best is trial 1603 with value: 0.004398547172546387.[0m
[32m[I 2022-11-04 06:16:35,409][0m Trial 2622 finished with value: 0.004866821953807975 and parameters: {'nlayers': 9, 'hidden_size': 1902, 'dropout': 0.3370455868100001, 'learning_rate': 0.00019020761802671668, 'batch_size': 3762}. Best is trial 1603 with value: 0.004398547172546387.[0m
[32m[I 2022-11-04 06:16:53,098][0m Trial 2623 finished with value: 0.004566467744897383 and parameters: {'nlayers': 11, 'hidden_size': 624, 'dropout': 0.3502880820033139, 'learning_rate': 0.0005418188404830252, 'batch_size': 3863}. Best is trial 1603 with value: 0.004398547172546387.[0m
[32m[I 2022-11-04 06:17:04,162][0m Trial 2624 finished with value: 0.0045831668028573766 and parameters: {'nlayers': 10, 'hidden_size': 465, 'dropout': 0.38291007613408984, 'learning_rate': 0.001434906114798358, 'batch_size': 3867}. Best is trial 1603 with value: 0.004398547172546387.[0m
[32m[I 2022-11-04 06:17:11,990][0m Trial 2625 finished with value: 0.00440562642365694 and parameters: {'nlayers': 8, 'hidden_size': 379, 'dropout': 0.34458653828449004, 'learning_rate': 0.001988433219715677, 'batch_size': 4000}. Best is trial 1603 with value: 0.004398547172546387.[0m
[32m[I 2022-11-04 06:17:19,626][0m Trial 2626 finished with value: 0.004674224141331808 and parameters: {'nlayers': 8, 'hidden_size': 395, 'dropout': 0.3519684933689234, 'learning_rate': 0.002237523957284976, 'batch_size': 3803}. Best is trial 1603 with value: 0.004398547172546387.[0m
[32m[I 2022-11-04 06:17:27,109][0m Trial 2627 finished with value: 0.004450337938964367 and parameters: {'nlayers': 8, 'hidden_size': 364, 'dropout': 0.3563585545847155, 'learning_rate': 0.0020808612995250136, 'batch_size': 4000}. Best is trial 1603 with value: 0.004398547172546387.[0m
[32m[I 2022-11-04 06:17:33,494][0m Trial 2628 finished with value: 0.004524125635244285 and parameters: {'nlayers': 7, 'hidden_size': 350, 'dropout': 0.3608171987484808, 'learning_rate': 0.0022886994762721935, 'batch_size': 3925}. Best is trial 1603 with value: 0.004398547172546387.[0m
[32m[I 2022-11-04 06:17:40,676][0m Trial 2629 finished with value: 0.004496051388556898 and parameters: {'nlayers': 7, 'hidden_size': 387, 'dropout': 0.3569162355236668, 'learning_rate': 0.0020844702178134315, 'batch_size': 3926}. Best is trial 1603 with value: 0.004398547172546387.[0m
[32m[I 2022-11-04 06:17:46,740][0m Trial 2630 finished with value: 0.004629921476035947 and parameters: {'nlayers': 7, 'hidden_size': 335, 'dropout': 0.3617346357002331, 'learning_rate': 0.0023753093170838352, 'batch_size': 3859}. Best is trial 1603 with value: 0.004398547172546387.[0m
[32m[I 2022-11-04 06:17:53,567][0m Trial 2631 finished with value: 0.004767255285467237 and parameters: {'nlayers': 7, 'hidden_size': 399, 'dropout': 0.3466031431182279, 'learning_rate': 0.002191984067954284, 'batch_size': 3718}. Best is trial 1603 with value: 0.004398547172546387.[0m
[32m[I 2022-11-04 06:17:59,311][0m Trial 2632 finished with value: 0.004542307773537619 and parameters: {'nlayers': 7, 'hidden_size': 293, 'dropout': 0.34971489106930237, 'learning_rate': 0.0019990163207911416, 'batch_size': 3926}. Best is trial 1603 with value: 0.004398547172546387.[0m
[32m[I 2022-11-04 06:21:15,123][0m Trial 2633 finished with value: 0.004669539885984162 and parameters: {'nlayers': 8, 'hidden_size': 2998, 'dropout': 0.34555969639010525, 'learning_rate': 0.002110148785304275, 'batch_size': 3819}. Best is trial 1603 with value: 0.004398547172546387.[0m
[32m[I 2022-11-04 06:21:22,171][0m Trial 2634 finished with value: 0.004519929531581548 and parameters: {'nlayers': 8, 'hidden_size': 342, 'dropout': 0.3468237769669883, 'learning_rate': 0.002371054072653601, 'batch_size': 3920}. Best is trial 1603 with value: 0.004398547172546387.[0m
[32m[I 2022-11-04 06:21:29,738][0m Trial 2635 finished with value: 0.004420908146066706 and parameters: {'nlayers': 7, 'hidden_size': 416, 'dropout': 0.3551093694340834, 'learning_rate': 0.002353788159649004, 'batch_size': 3999}. Best is trial 1603 with value: 0.004398547172546387.[0m
[32m[I 2022-11-04 06:23:25,857][0m Trial 2636 finished with value: 0.004660395130919917 and parameters: {'nlayers': 8, 'hidden_size': 2280, 'dropout': 0.34377470319419834, 'learning_rate': 0.002172356427737235, 'batch_size': 3865}. Best is trial 1603 with value: 0.004398547172546387.[0m
[32m[I 2022-11-04 06:23:32,064][0m Trial 2637 finished with value: 0.004432800732553005 and parameters: {'nlayers': 8, 'hidden_size': 282, 'dropout': 0.3557058990673664, 'learning_rate': 0.0022207985082823623, 'batch_size': 4000}. Best is trial 1603 with value: 0.004398547172546387.[0m
[32m[I 2022-11-04 06:23:39,647][0m Trial 2638 finished with value: 0.004414812758564949 and parameters: {'nlayers': 8, 'hidden_size': 372, 'dropout': 0.34312632990525765, 'learning_rate': 0.0020325089566657433, 'batch_size': 4000}. Best is trial 1603 with value: 0.004398547172546387.[0m
[32m[I 2022-11-04 06:23:46,186][0m Trial 2639 finished with value: 0.004722448150475187 and parameters: {'nlayers': 7, 'hidden_size': 364, 'dropout': 0.3453991146114611, 'learning_rate': 0.00199725124120754, 'batch_size': 3765}. Best is trial 1603 with value: 0.004398547172546387.[0m
