[32m[I 2022-11-03 19:37:25,725][0m Trial 227 finished with value: 0.004418554375539193 and parameters: {'nlayers': 11, 'hidden_size': 560, 'dropout': 0.2807055446655511, 'learning_rate': 0.0028068688292293953, 'batch_size': 3996}. Best is trial 183 with value: 0.004403234362602234.[0m
[32m[I 2022-11-03 19:37:39,600][0m Trial 228 finished with value: 0.004623794465916674 and parameters: {'nlayers': 11, 'hidden_size': 541, 'dropout': 0.2577707307414471, 'learning_rate': 0.0032458824722496034, 'batch_size': 3852}. Best is trial 183 with value: 0.004403234362602234.[0m
[32m[I 2022-11-03 19:39:53,659][0m Trial 229 finished with value: 0.004517615281627899 and parameters: {'nlayers': 9, 'hidden_size': 2273, 'dropout': 0.14972844632796609, 'learning_rate': 0.0030666859113663, 'batch_size': 3927}. Best is trial 183 with value: 0.004403234362602234.[0m
[32m[I 2022-11-03 19:40:07,623][0m Trial 230 finished with value: 0.0046851512286979514 and parameters: {'nlayers': 10, 'hidden_size': 562, 'dropout': 0.4683598195671691, 'learning_rate': 0.0029530086689739847, 'batch_size': 3782}. Best is trial 183 with value: 0.004403234362602234.[0m
[32m[I 2022-11-03 19:40:25,954][0m Trial 231 finished with value: 0.004429237736629157 and parameters: {'nlayers': 11, 'hidden_size': 614, 'dropout': 0.45146710635513143, 'learning_rate': 0.0026699387071821277, 'batch_size': 3995}. Best is trial 183 with value: 0.004403234362602234.[0m
[32m[I 2022-11-03 19:40:44,881][0m Trial 232 finished with value: 0.004500629061514193 and parameters: {'nlayers': 11, 'hidden_size': 622, 'dropout': 0.45054091162056614, 'learning_rate': 0.002754510054223012, 'batch_size': 3996}. Best is trial 183 with value: 0.004403234362602234.[0m
[32m[I 2022-11-03 19:40:56,953][0m Trial 233 finished with value: 0.004527235257455455 and parameters: {'nlayers': 12, 'hidden_size': 443, 'dropout': 0.29417586383235456, 'learning_rate': 0.0027055006719720067, 'batch_size': 3924}. Best is trial 183 with value: 0.004403234362602234.[0m
[32m[I 2022-11-03 19:41:10,568][0m Trial 234 finished with value: 0.004501084805384889 and parameters: {'nlayers': 11, 'hidden_size': 514, 'dropout': 0.4719547313585913, 'learning_rate': 0.002856493621073537, 'batch_size': 3927}. Best is trial 183 with value: 0.004403234362602234.[0m
[32m[I 2022-11-03 19:41:26,617][0m Trial 235 finished with value: 0.004606396484325638 and parameters: {'nlayers': 7, 'hidden_size': 770, 'dropout': 0.22289786146294416, 'learning_rate': 0.0025851065839681458, 'batch_size': 3864}. Best is trial 183 with value: 0.004403234362602234.[0m
[32m[I 2022-11-03 19:41:42,074][0m Trial 236 finished with value: 0.004438998207449913 and parameters: {'nlayers': 10, 'hidden_size': 574, 'dropout': 0.45705485833470466, 'learning_rate': 0.003191849219972107, 'batch_size': 4000}. Best is trial 183 with value: 0.004403234362602234.[0m
[32m[I 2022-11-03 19:41:58,032][0m Trial 237 finished with value: 0.004458447312319032 and parameters: {'nlayers': 10, 'hidden_size': 593, 'dropout': 0.4562827021915551, 'learning_rate': 0.003104247521483686, 'batch_size': 3999}. Best is trial 183 with value: 0.004403234362602234.[0m
[32m[I 2022-11-03 19:42:11,112][0m Trial 238 finished with value: 0.004498961226630757 and parameters: {'nlayers': 10, 'hidden_size': 541, 'dropout': 0.4474948484777906, 'learning_rate': 0.002864652726959503, 'batch_size': 3930}. Best is trial 183 with value: 0.004403234362602234.[0m
[32m[I 2022-11-03 19:42:27,025][0m Trial 239 finished with value: 0.004426506637900911 and parameters: {'nlayers': 9, 'hidden_size': 636, 'dropout': 0.439907907799818, 'learning_rate': 0.002615735230422296, 'batch_size': 3999}. Best is trial 183 with value: 0.004403234362602234.[0m
[32m[I 2022-11-03 19:42:40,007][0m Trial 240 finished with value: 0.004628506667871144 and parameters: {'nlayers': 8, 'hidden_size': 606, 'dropout': 0.4606772179730017, 'learning_rate': 0.0026249544663118148, 'batch_size': 3829}. Best is trial 183 with value: 0.004403234362602234.[0m
[32m[I 2022-11-03 19:42:56,571][0m Trial 241 finished with value: 0.00443773270847204 and parameters: {'nlayers': 9, 'hidden_size': 658, 'dropout': 0.4353242649282091, 'learning_rate': 0.0028289830620346914, 'batch_size': 3994}. Best is trial 183 with value: 0.004403234362602234.[0m
[32m[I 2022-11-03 19:43:13,783][0m Trial 242 finished with value: 0.004509463686596396 and parameters: {'nlayers': 9, 'hidden_size': 675, 'dropout': 0.4519419632681005, 'learning_rate': 0.003033599249443315, 'batch_size': 3934}. Best is trial 183 with value: 0.004403234362602234.[0m
[32m[I 2022-11-03 19:43:29,454][0m Trial 243 finished with value: 0.004422981507306341 and parameters: {'nlayers': 9, 'hidden_size': 628, 'dropout': 0.4383146749229481, 'learning_rate': 0.0027894408057918883, 'batch_size': 3997}. Best is trial 183 with value: 0.004403234362602234.[0m
[32m[I 2022-11-03 19:43:41,945][0m Trial 244 finished with value: 0.004500474217276887 and parameters: {'nlayers': 8, 'hidden_size': 573, 'dropout': 0.43855155823257985, 'learning_rate': 0.002808661324950612, 'batch_size': 3940}. Best is trial 183 with value: 0.004403234362602234.[0m
[32m[I 2022-11-03 19:43:53,244][0m Trial 245 finished with value: 0.004442867062097193 and parameters: {'nlayers': 9, 'hidden_size': 497, 'dropout': 0.43224900345497613, 'learning_rate': 0.0032886224466884585, 'batch_size': 3999}. Best is trial 183 with value: 0.004403234362602234.[0m
[32m[I 2022-11-03 19:44:08,947][0m Trial 246 finished with value: 0.004586457243071717 and parameters: {'nlayers': 9, 'hidden_size': 638, 'dropout': 0.43151768761905185, 'learning_rate': 0.0025855015985847283, 'batch_size': 3868}. Best is trial 183 with value: 0.004403234362602234.[0m
[32m[I 2022-11-03 19:44:21,581][0m Trial 247 finished with value: 0.004419279426336288 and parameters: {'nlayers': 9, 'hidden_size': 552, 'dropout': 0.444281411365885, 'learning_rate': 0.0027599666586363603, 'batch_size': 4000}. Best is trial 183 with value: 0.004403234362602234.[0m
[32m[I 2022-11-03 19:44:29,922][0m Trial 248 finished with value: 0.004570752312827147 and parameters: {'nlayers': 8, 'hidden_size': 434, 'dropout': 0.44325349938126374, 'learning_rate': 0.0025094825950512938, 'batch_size': 3862}. Best is trial 183 with value: 0.004403234362602234.[0m
[32m[I 2022-11-03 19:44:49,127][0m Trial 249 finished with value: 0.004453465349972248 and parameters: {'nlayers': 9, 'hidden_size': 715, 'dropout': 0.437441082011011, 'learning_rate': 0.002713926431304619, 'batch_size': 4000}. Best is trial 183 with value: 0.004403234362602234.[0m
[32m[I 2022-11-03 19:44:52,722][0m Trial 250 finished with value: 0.014604842800511778 and parameters: {'nlayers': 8, 'hidden_size': 513, 'dropout': 0.44866532017122795, 'learning_rate': 0.0023403379729716152, 'batch_size': 1212}. Best is trial 183 with value: 0.004403234362602234.[0m
[32m[I 2022-11-03 19:45:09,028][0m Trial 251 finished with value: 0.004551207307718527 and parameters: {'nlayers': 9, 'hidden_size': 653, 'dropout': 0.42797046222911445, 'learning_rate': 0.00214990015553815, 'batch_size': 3912}. Best is trial 183 with value: 0.004403234362602234.[0m
[32m[I 2022-11-03 19:45:20,864][0m Trial 252 finished with value: 0.004532304336186147 and parameters: {'nlayers': 7, 'hidden_size': 620, 'dropout': 0.472573272307491, 'learning_rate': 0.0028279471799517977, 'batch_size': 3918}. Best is trial 183 with value: 0.004403234362602234.[0m
[32m[I 2022-11-03 19:45:31,694][0m Trial 253 finished with value: 0.004637397088502583 and parameters: {'nlayers': 8, 'hidden_size': 549, 'dropout': 0.4425377839494459, 'learning_rate': 0.00255757492238102, 'batch_size': 3800}. Best is trial 183 with value: 0.004403234362602234.[0m
[32m[I 2022-11-03 19:45:38,928][0m Trial 254 finished with value: 0.004495819002511303 and parameters: {'nlayers': 6, 'hidden_size': 468, 'dropout': 0.46356839869491756, 'learning_rate': 0.0029583252589835416, 'batch_size': 3928}. Best is trial 183 with value: 0.004403234362602234.[0m
[32m[I 2022-11-03 19:45:47,135][0m Trial 255 finished with value: 0.004420814773868238 and parameters: {'nlayers': 9, 'hidden_size': 378, 'dropout': 0.4550340801297529, 'learning_rate': 0.002296446559557194, 'batch_size': 3998}. Best is trial 183 with value: 0.004403234362602234.[0m
[32m[I 2022-11-03 19:45:54,020][0m Trial 256 finished with value: 0.00461573276975439 and parameters: {'nlayers': 9, 'hidden_size': 321, 'dropout': 0.44394353269869197, 'learning_rate': 0.0024620129381629358, 'batch_size': 3851}. Best is trial 183 with value: 0.004403234362602234.[0m
[32m[I 2022-11-03 19:46:02,853][0m Trial 257 finished with value: 0.004531137181956712 and parameters: {'nlayers': 9, 'hidden_size': 413, 'dropout': 0.4504667638738493, 'learning_rate': 0.0027296587633193208, 'batch_size': 3924}. Best is trial 183 with value: 0.004403234362602234.[0m
[32m[I 2022-11-03 19:46:11,070][0m Trial 258 finished with value: 0.00444267219559912 and parameters: {'nlayers': 9, 'hidden_size': 379, 'dropout': 0.45905454927883127, 'learning_rate': 0.002321119598147559, 'batch_size': 3999}. Best is trial 183 with value: 0.004403234362602234.[0m
[32m[I 2022-11-03 19:46:27,306][0m Trial 259 finished with value: 0.004610217273838951 and parameters: {'nlayers': 8, 'hidden_size': 710, 'dropout': 0.4267479229920601, 'learning_rate': 0.004488787660066094, 'batch_size': 3851}. Best is trial 183 with value: 0.004403234362602234.[0m
[32m[I 2022-11-03 19:48:18,295][0m Trial 260 finished with value: 0.004627484192486266 and parameters: {'nlayers': 8, 'hidden_size': 2183, 'dropout': 0.4383696782481462, 'learning_rate': 0.0029992541930427027, 'batch_size': 3926}. Best is trial 183 with value: 0.004403234362602234.[0m
[32m[I 2022-11-03 19:48:29,502][0m Trial 261 finished with value: 0.004661013878390706 and parameters: {'nlayers': 9, 'hidden_size': 515, 'dropout': 0.4684409467759574, 'learning_rate': 0.0026479785065000655, 'batch_size': 3807}. Best is trial 183 with value: 0.004403234362602234.[0m
[32m[I 2022-11-03 19:48:32,803][0m Trial 262 finished with value: 0.03198260475531943 and parameters: {'nlayers': 9, 'hidden_size': 668, 'dropout': 0.4522046806215591, 'learning_rate': 0.0023662462224917965, 'batch_size': 557}. Best is trial 183 with value: 0.004403234362602234.[0m
[32m[I 2022-11-03 19:48:51,310][0m Trial 263 finished with value: 0.005651865961887084 and parameters: {'nlayers': 10, 'hidden_size': 762, 'dropout': 0.47472150834775, 'learning_rate': 0.002849447824429753, 'batch_size': 3156}. Best is trial 183 with value: 0.004403234362602234.[0m
[32m[I 2022-11-03 19:48:59,521][0m Trial 264 finished with value: 0.004565692981738622 and parameters: {'nlayers': 7, 'hidden_size': 463, 'dropout': 0.4657181982476622, 'learning_rate': 0.002186150738715646, 'batch_size': 3886}. Best is trial 183 with value: 0.004403234362602234.[0m
[32m[I 2022-11-03 19:49:14,535][0m Trial 265 finished with value: 0.004592569554385673 and parameters: {'nlayers': 10, 'hidden_size': 565, 'dropout': 0.45638010975561105, 'learning_rate': 0.005455990437040526, 'batch_size': 3932}. Best is trial 183 with value: 0.004403234362602234.[0m
[32m[I 2022-11-03 19:49:17,957][0m Trial 266 finished with value: 0.006081160225419917 and parameters: {'nlayers': 7, 'hidden_size': 237, 'dropout': 0.2747272199821721, 'learning_rate': 0.002572171312743395, 'batch_size': 2925}. Best is trial 183 with value: 0.004403234362602234.[0m
[32m[I 2022-11-03 19:50:58,894][0m Trial 267 finished with value: 0.004769956304400864 and parameters: {'nlayers': 8, 'hidden_size': 2118, 'dropout': 0.44448230224614177, 'learning_rate': 0.000499916723318335, 'batch_size': 3743}. Best is trial 183 with value: 0.004403234362602234.[0m
[32m[I 2022-11-03 19:51:14,662][0m Trial 268 finished with value: 0.004440286575868066 and parameters: {'nlayers': 9, 'hidden_size': 628, 'dropout': 0.19995949779141087, 'learning_rate': 0.003400562756550355, 'batch_size': 3997}. Best is trial 183 with value: 0.004403234362602234.[0m
[32m[I 2022-11-03 19:51:23,229][0m Trial 269 finished with value: 0.004578813225107907 and parameters: {'nlayers': 10, 'hidden_size': 369, 'dropout': 0.17326333146128037, 'learning_rate': 0.001983253922069366, 'batch_size': 3870}. Best is trial 183 with value: 0.004403234362602234.[0m
[32m[I 2022-11-03 19:51:42,608][0m Trial 270 finished with value: 0.004465652854928982 and parameters: {'nlayers': 9, 'hidden_size': 718, 'dropout': 0.47323269575753346, 'learning_rate': 0.0031115718740214846, 'batch_size': 3995}. Best is trial 183 with value: 0.004403234362602234.[0m
[32m[I 2022-11-03 19:51:45,673][0m Trial 271 finished with value: 0.004661505541194432 and parameters: {'nlayers': 8, 'hidden_size': 25, 'dropout': 0.4171736971391152, 'learning_rate': 0.0024224484518291533, 'batch_size': 3802}. Best is trial 183 with value: 0.004403234362602234.[0m
[32m[I 2022-11-03 19:51:58,077][0m Trial 272 finished with value: 0.004545712950760408 and parameters: {'nlayers': 10, 'hidden_size': 507, 'dropout': 0.46377962200325074, 'learning_rate': 0.0049560860166546535, 'batch_size': 3926}. Best is trial 183 with value: 0.004403234362602234.[0m
[32m[I 2022-11-03 19:52:09,282][0m Trial 273 finished with value: 0.00459428484938636 and parameters: {'nlayers': 7, 'hidden_size': 588, 'dropout': 0.48940234435234364, 'learning_rate': 0.002713643565183284, 'batch_size': 3867}. Best is trial 183 with value: 0.004403234362602234.[0m
[32m[I 2022-11-03 19:52:26,606][0m Trial 274 finished with value: 0.004449258044362068 and parameters: {'nlayers': 9, 'hidden_size': 676, 'dropout': 0.2501224263643044, 'learning_rate': 0.002911890916563638, 'batch_size': 4000}. Best is trial 183 with value: 0.004403234362602234.[0m
[32m[I 2022-11-03 19:52:38,705][0m Trial 275 finished with value: 0.007150199198512357 and parameters: {'nlayers': 8, 'hidden_size': 770, 'dropout': 0.4345264443433647, 'learning_rate': 0.0022215533328208957, 'batch_size': 2492}. Best is trial 183 with value: 0.004403234362602234.[0m
[32m[I 2022-11-03 19:52:39,788][0m Trial 276 finished with value: 0.061798740965379795 and parameters: {'nlayers': 6, 'hidden_size': 452, 'dropout': 0.4601299261757766, 'learning_rate': 0.0024871498058465337, 'batch_size': 284}. Best is trial 183 with value: 0.004403234362602234.[0m
[32m[I 2022-11-03 19:52:53,133][0m Trial 277 finished with value: 0.004493177165007853 and parameters: {'nlayers': 10, 'hidden_size': 542, 'dropout': 0.48045071996820804, 'learning_rate': 0.0027122656155039913, 'batch_size': 3923}. Best is trial 183 with value: 0.004403234362602234.[0m
[32m[I 2022-11-03 19:53:02,924][0m Trial 278 finished with value: 0.004695560616698671 and parameters: {'nlayers': 6, 'hidden_size': 595, 'dropout': 0.4507021707484974, 'learning_rate': 0.001840020116319733, 'batch_size': 3760}. Best is trial 183 with value: 0.004403234362602234.[0m
[32m[I 2022-11-03 19:53:21,040][0m Trial 279 finished with value: 0.004535050906732083 and parameters: {'nlayers': 10, 'hidden_size': 657, 'dropout': 0.47244098513615035, 'learning_rate': 0.003076432093943862, 'batch_size': 3929}. Best is trial 183 with value: 0.004403234362602234.[0m
[32m[I 2022-11-03 19:54:56,230][0m Trial 280 finished with value: 0.00446335345722789 and parameters: {'nlayers': 11, 'hidden_size': 1644, 'dropout': 0.4407073349863283, 'learning_rate': 0.002336813899776817, 'batch_size': 3999}. Best is trial 183 with value: 0.004403234362602234.[0m
[32m[I 2022-11-03 19:55:10,109][0m Trial 281 finished with value: 0.004634286894324419 and parameters: {'nlayers': 8, 'hidden_size': 627, 'dropout': 0.4998940618901936, 'learning_rate': 0.004298437713449251, 'batch_size': 3844}. Best is trial 183 with value: 0.004403234362602234.[0m
[32m[I 2022-11-03 19:57:26,226][0m Trial 282 finished with value: 0.004520912944875403 and parameters: {'nlayers': 9, 'hidden_size': 2289, 'dropout': 0.45358217994236577, 'learning_rate': 0.002078950503097536, 'batch_size': 3922}. Best is trial 183 with value: 0.004403234362602234.[0m
[32m[I 2022-11-03 19:57:45,232][0m Trial 283 finished with value: 0.0046069966556501465 and parameters: {'nlayers': 9, 'hidden_size': 729, 'dropout': 0.49084444431972746, 'learning_rate': 0.0028085278898156555, 'batch_size': 3846}. Best is trial 183 with value: 0.004403234362602234.[0m
[32m[I 2022-11-03 19:57:57,857][0m Trial 284 finished with value: 0.004530320081980242 and parameters: {'nlayers': 10, 'hidden_size': 516, 'dropout': 0.46654589253733575, 'learning_rate': 0.0026176909526242774, 'batch_size': 3929}. Best is trial 183 with value: 0.004403234362602234.[0m
[32m[I 2022-11-03 19:58:05,819][0m Trial 285 finished with value: 0.0044469921409397975 and parameters: {'nlayers': 7, 'hidden_size': 428, 'dropout': 0.4742345449773126, 'learning_rate': 0.0032439286484962984, 'batch_size': 3998}. Best is trial 183 with value: 0.004403234362602234.[0m
[32m[I 2022-11-03 19:58:21,129][0m Trial 286 finished with value: 0.004824907304080095 and parameters: {'nlayers': 11, 'hidden_size': 564, 'dropout': 0.45907644967145456, 'learning_rate': 0.0024497068226085926, 'batch_size': 3702}. Best is trial 183 with value: 0.004403234362602234.[0m
[32m[I 2022-11-03 20:01:23,706][0m Trial 287 finished with value: 0.004476307190546664 and parameters: {'nlayers': 12, 'hidden_size': 2220, 'dropout': 0.4225063923018687, 'learning_rate': 0.0029708394026325743, 'batch_size': 3999}. Best is trial 183 with value: 0.004403234362602234.[0m
[32m[I 2022-11-03 20:01:39,175][0m Trial 288 finished with value: 0.0046897078182222465 and parameters: {'nlayers': 8, 'hidden_size': 685, 'dropout': 0.4816181909650394, 'learning_rate': 0.0009103266245176306, 'batch_size': 3796}. Best is trial 183 with value: 0.004403234362602234.[0m
[32m[I 2022-11-03 20:02:00,982][0m Trial 289 finished with value: 0.004555443807076138 and parameters: {'nlayers': 9, 'hidden_size': 808, 'dropout': 0.28472550388211987, 'learning_rate': 0.0022462124250841363, 'batch_size': 3867}. Best is trial 183 with value: 0.004403234362602234.[0m
[32m[I 2022-11-03 20:02:39,525][0m Trial 290 finished with value: 0.004534755976544526 and parameters: {'nlayers': 23, 'hidden_size': 622, 'dropout': 0.4435873411087855, 'learning_rate': 0.0025685237190023304, 'batch_size': 3918}. Best is trial 183 with value: 0.004403234362602234.[0m
[32m[I 2022-11-03 20:02:47,926][0m Trial 291 finished with value: 0.004526940433615366 and parameters: {'nlayers': 7, 'hidden_size': 474, 'dropout': 0.4292030493174549, 'learning_rate': 0.001342328135422998, 'batch_size': 3927}. Best is trial 183 with value: 0.004403234362602234.[0m
[32m[I 2022-11-03 20:03:01,955][0m Trial 292 finished with value: 0.004722728435790419 and parameters: {'nlayers': 10, 'hidden_size': 561, 'dropout': 0.4686614391980238, 'learning_rate': 0.004051324140483993, 'batch_size': 3786}. Best is trial 183 with value: 0.004403234362602234.[0m
[32m[I 2022-11-03 20:03:10,213][0m Trial 293 finished with value: 0.004432787893114386 and parameters: {'nlayers': 11, 'hidden_size': 314, 'dropout': 0.45137940581150965, 'learning_rate': 0.0020168214936677094, 'batch_size': 3996}. Best is trial 183 with value: 0.004403234362602234.[0m
[32m[I 2022-11-03 20:03:15,256][0m Trial 294 finished with value: 0.004433230400085449 and parameters: {'nlayers': 11, 'hidden_size': 142, 'dropout': 0.4527892080678167, 'learning_rate': 0.0018743395530481416, 'batch_size': 4000}. Best is trial 183 with value: 0.004403234362602234.[0m
[32m[I 2022-11-03 20:03:22,383][0m Trial 295 finished with value: 0.004607720435529515 and parameters: {'nlayers': 11, 'hidden_size': 282, 'dropout': 0.44999609685542785, 'learning_rate': 0.0018924901873857186, 'batch_size': 3864}. Best is trial 183 with value: 0.004403234362602234.[0m
[32m[I 2022-11-03 20:03:23,478][0m Trial 296 finished with value: 0.021207081394402628 and parameters: {'nlayers': 11, 'hidden_size': 74, 'dropout': 0.45774632813086913, 'learning_rate': 0.002080856988566375, 'batch_size': 829}. Best is trial 183 with value: 0.004403234362602234.[0m
[32m[I 2022-11-03 20:03:31,633][0m Trial 297 finished with value: 0.004414517097175121 and parameters: {'nlayers': 11, 'hidden_size': 305, 'dropout': 0.44198243921451863, 'learning_rate': 0.0020017330567113846, 'batch_size': 4000}. Best is trial 183 with value: 0.004403234362602234.[0m
[32m[I 2022-11-03 20:03:38,994][0m Trial 298 finished with value: 0.004523584365297057 and parameters: {'nlayers': 12, 'hidden_size': 257, 'dropout': 0.2669238713167984, 'learning_rate': 0.0018539684371333249, 'batch_size': 3918}. Best is trial 183 with value: 0.004403234362602234.[0m
[32m[I 2022-11-03 20:03:46,887][0m Trial 299 finished with value: 0.004435433752834797 and parameters: {'nlayers': 11, 'hidden_size': 298, 'dropout': 0.28390493608181766, 'learning_rate': 0.0019949184437011228, 'batch_size': 4000}. Best is trial 183 with value: 0.004403234362602234.[0m
[32m[I 2022-11-03 20:03:51,674][0m Trial 300 finished with value: 0.004607464919667508 and parameters: {'nlayers': 12, 'hidden_size': 136, 'dropout': 0.28265949894584863, 'learning_rate': 0.0020226756027879505, 'batch_size': 3866}. Best is trial 183 with value: 0.004403234362602234.[0m
[32m[I 2022-11-03 20:03:57,543][0m Trial 301 finished with value: 0.004445390228510916 and parameters: {'nlayers': 11, 'hidden_size': 198, 'dropout': 0.2977967570891734, 'learning_rate': 0.0016893212976856616, 'batch_size': 3999}. Best is trial 183 with value: 0.004403234362602234.[0m
[32m[I 2022-11-03 20:04:03,125][0m Trial 302 finished with value: 0.004670723621782504 and parameters: {'nlayers': 11, 'hidden_size': 210, 'dropout': 0.3076681076209419, 'learning_rate': 0.002164544429553931, 'batch_size': 3800}. Best is trial 183 with value: 0.004403234362602234.[0m
