[32m[I 2022-11-04 03:16:26,235][0m Trial 2040 finished with value: 0.004446205399161012 and parameters: {'nlayers': 18, 'hidden_size': 302, 'dropout': 0.4086560267843387, 'learning_rate': 0.005336328021872205, 'batch_size': 3999}. Best is trial 1603 with value: 0.004398547172546387.[0m
[32m[I 2022-11-04 03:16:37,793][0m Trial 2041 finished with value: 0.004705725756857383 and parameters: {'nlayers': 17, 'hidden_size': 342, 'dropout': 0.47835841865212975, 'learning_rate': 0.005095155829956014, 'batch_size': 3771}. Best is trial 1603 with value: 0.004398547172546387.[0m
[32m[I 2022-11-04 03:16:43,378][0m Trial 2042 finished with value: 0.004598001767362744 and parameters: {'nlayers': 20, 'hidden_size': 94, 'dropout': 0.44287057320946627, 'learning_rate': 0.0046273236563186704, 'batch_size': 3871}. Best is trial 1603 with value: 0.004398547172546387.[0m
[32m[I 2022-11-04 03:16:52,500][0m Trial 2043 finished with value: 0.004526873146218423 and parameters: {'nlayers': 9, 'hidden_size': 418, 'dropout': 0.19594565311301165, 'learning_rate': 0.004956636249163183, 'batch_size': 3926}. Best is trial 1603 with value: 0.004398547172546387.[0m
[32m[I 2022-11-04 03:17:00,198][0m Trial 2044 finished with value: 0.004452386689281511 and parameters: {'nlayers': 21, 'hidden_size': 176, 'dropout': 0.46976857222155843, 'learning_rate': 0.0036694713181256644, 'batch_size': 3998}. Best is trial 1603 with value: 0.004398547172546387.[0m
[32m[I 2022-11-04 03:18:03,818][0m Trial 2045 finished with value: 0.004852825393861308 and parameters: {'nlayers': 19, 'hidden_size': 966, 'dropout': 0.4924906871735851, 'learning_rate': 0.003738128769285777, 'batch_size': 3824}. Best is trial 1603 with value: 0.004398547172546387.[0m
[32m[I 2022-11-04 03:18:14,237][0m Trial 2046 finished with value: 0.004421817168593406 and parameters: {'nlayers': 21, 'hidden_size': 239, 'dropout': 0.4543611624210464, 'learning_rate': 0.0042913635925894734, 'batch_size': 4000}. Best is trial 1603 with value: 0.004398547172546387.[0m
[32m[I 2022-11-04 03:18:46,250][0m Trial 2047 finished with value: 0.00476062720926165 and parameters: {'nlayers': 19, 'hidden_size': 635, 'dropout': 0.13002758441224793, 'learning_rate': 0.005132175926394477, 'batch_size': 3867}. Best is trial 1603 with value: 0.004398547172546387.[0m
[32m[I 2022-11-04 03:18:49,652][0m Trial 2048 finished with value: 0.004748243208668658 and parameters: {'nlayers': 10, 'hidden_size': 50, 'dropout': 0.4233453849070784, 'learning_rate': 0.0033020518917868174, 'batch_size': 3726}. Best is trial 1603 with value: 0.004398547172546387.[0m
[32m[I 2022-11-04 03:19:04,479][0m Trial 2049 finished with value: 0.004449088637844924 and parameters: {'nlayers': 19, 'hidden_size': 358, 'dropout': 0.18095934295568428, 'learning_rate': 0.0012722306558460624, 'batch_size': 3999}. Best is trial 1603 with value: 0.004398547172546387.[0m
[32m[I 2022-11-04 03:19:23,520][0m Trial 2050 finished with value: 0.0045275578549283215 and parameters: {'nlayers': 20, 'hidden_size': 438, 'dropout': 0.10824119291973694, 'learning_rate': 0.004282117790844143, 'batch_size': 3923}. Best is trial 1603 with value: 0.004398547172546387.[0m
[32m[I 2022-11-04 03:19:34,114][0m Trial 2051 finished with value: 0.004581783570562971 and parameters: {'nlayers': 18, 'hidden_size': 285, 'dropout': 0.4620210285413624, 'learning_rate': 0.004547335095856801, 'batch_size': 3869}. Best is trial 1603 with value: 0.004398547172546387.[0m
[32m[I 2022-11-04 03:19:38,541][0m Trial 2052 finished with value: 0.004658807424132983 and parameters: {'nlayers': 9, 'hidden_size': 155, 'dropout': 0.39303694813552736, 'learning_rate': 0.001457850829383406, 'batch_size': 3798}. Best is trial 1603 with value: 0.004398547172546387.[0m
[32m[I 2022-11-04 03:26:26,808][0m Trial 2053 finished with value: 0.005048067401383669 and parameters: {'nlayers': 19, 'hidden_size': 2826, 'dropout': 0.20669592602127232, 'learning_rate': 0.004450400965746872, 'batch_size': 3930}. Best is trial 1603 with value: 0.004398547172546387.[0m
[32m[I 2022-11-04 03:26:40,595][0m Trial 2054 finished with value: 0.004519321286041318 and parameters: {'nlayers': 18, 'hidden_size': 354, 'dropout': 0.2554932921020099, 'learning_rate': 0.005560425733711782, 'batch_size': 3930}. Best is trial 1603 with value: 0.004398547172546387.[0m
[32m[I 2022-11-04 03:27:08,575][0m Trial 2055 finished with value: 0.004601965781852977 and parameters: {'nlayers': 19, 'hidden_size': 585, 'dropout': 0.28410789427045463, 'learning_rate': 0.003837761220923384, 'batch_size': 3869}. Best is trial 1603 with value: 0.004398547172546387.[0m
[32m[I 2022-11-04 03:27:14,021][0m Trial 2056 finished with value: 0.0046683669090270994 and parameters: {'nlayers': 10, 'hidden_size': 221, 'dropout': 0.44942384531217394, 'learning_rate': 0.0034398391650400286, 'batch_size': 3795}. Best is trial 1603 with value: 0.004398547172546387.[0m
[32m[I 2022-11-04 03:27:23,996][0m Trial 2057 finished with value: 0.00452967732575289 and parameters: {'nlayers': 8, 'hidden_size': 487, 'dropout': 0.40253504772570964, 'learning_rate': 0.007537372400132631, 'batch_size': 3925}. Best is trial 1603 with value: 0.004398547172546387.[0m
[32m[I 2022-11-04 03:27:31,287][0m Trial 2058 finished with value: 0.004454729324106518 and parameters: {'nlayers': 9, 'hidden_size': 319, 'dropout': 0.4842813643046047, 'learning_rate': 0.0036234969433986963, 'batch_size': 3997}. Best is trial 1603 with value: 0.004398547172546387.[0m
[32m[I 2022-11-04 03:30:21,198][0m Trial 2059 finished with value: 0.004445646585122023 and parameters: {'nlayers': 18, 'hidden_size': 1693, 'dropout': 0.36387747440976886, 'learning_rate': 0.0034152716853318144, 'batch_size': 3999}. Best is trial 1603 with value: 0.004398547172546387.[0m
[32m[I 2022-11-04 03:30:38,214][0m Trial 2060 finished with value: 0.004599887231934015 and parameters: {'nlayers': 20, 'hidden_size': 416, 'dropout': 0.3836048245662785, 'learning_rate': 0.0031619195066852415, 'batch_size': 3842}. Best is trial 1603 with value: 0.004398547172546387.[0m
[32m[I 2022-11-04 03:30:44,069][0m Trial 2061 finished with value: 0.0044223563075065616 and parameters: {'nlayers': 16, 'hidden_size': 123, 'dropout': 0.47517736767178287, 'learning_rate': 0.0038283678397852366, 'batch_size': 4000}. Best is trial 1603 with value: 0.004398547172546387.[0m
[32m[I 2022-11-04 03:30:50,989][0m Trial 2062 finished with value: 0.004425851337073236 and parameters: {'nlayers': 10, 'hidden_size': 260, 'dropout': 0.4996146396416652, 'learning_rate': 0.003211950950063378, 'batch_size': 3999}. Best is trial 1603 with value: 0.004398547172546387.[0m
[32m[I 2022-11-04 03:30:59,101][0m Trial 2063 finished with value: 0.004580181453777246 and parameters: {'nlayers': 20, 'hidden_size': 189, 'dropout': 0.413737560005605, 'learning_rate': 0.004446244920198131, 'batch_size': 3872}. Best is trial 1603 with value: 0.004398547172546387.[0m
[32m[I 2022-11-04 03:31:07,268][0m Trial 2064 finished with value: 0.004520879985418635 and parameters: {'nlayers': 9, 'hidden_size': 380, 'dropout': 0.4356744827771192, 'learning_rate': 0.0013306095263678664, 'batch_size': 3930}. Best is trial 1603 with value: 0.004398547172546387.[0m
[32m[I 2022-11-04 03:31:17,766][0m Trial 2065 finished with value: 0.004813675251721172 and parameters: {'nlayers': 10, 'hidden_size': 476, 'dropout': 0.14505835006112647, 'learning_rate': 0.0033723572155109367, 'batch_size': 3686}. Best is trial 1603 with value: 0.004398547172546387.[0m
[32m[I 2022-11-04 03:31:31,221][0m Trial 2066 finished with value: 0.0045166814755264175 and parameters: {'nlayers': 21, 'hidden_size': 317, 'dropout': 0.20089292647881635, 'learning_rate': 0.0040024270361254145, 'batch_size': 3927}. Best is trial 1603 with value: 0.004398547172546387.[0m
[32m[I 2022-11-04 03:31:34,551][0m Trial 2067 finished with value: 0.004674731691941103 and parameters: {'nlayers': 9, 'hidden_size': 43, 'dropout': 0.4575934250591776, 'learning_rate': 0.0035227056582623592, 'batch_size': 3781}. Best is trial 1603 with value: 0.004398547172546387.[0m
[32m[I 2022-11-04 03:31:39,770][0m Trial 2068 finished with value: 0.004599145568597221 and parameters: {'nlayers': 8, 'hidden_size': 239, 'dropout': 0.17234881402094387, 'learning_rate': 0.003718696887952659, 'batch_size': 3869}. Best is trial 1603 with value: 0.004398547172546387.[0m
[32m[I 2022-11-04 03:31:55,579][0m Trial 2069 finished with value: 0.004542480532530767 and parameters: {'nlayers': 10, 'hidden_size': 608, 'dropout': 0.34719945416178166, 'learning_rate': 0.0030747588337530414, 'batch_size': 3925}. Best is trial 1603 with value: 0.004398547172546387.[0m
[32m[I 2022-11-04 03:32:56,758][0m Trial 2070 finished with value: 0.004730498018724855 and parameters: {'nlayers': 8, 'hidden_size': 1604, 'dropout': 0.46472696533368024, 'learning_rate': 0.006726037871795568, 'batch_size': 3814}. Best is trial 1603 with value: 0.004398547172546387.[0m
[32m[I 2022-11-04 03:33:05,821][0m Trial 2071 finished with value: 0.004569862202178329 and parameters: {'nlayers': 10, 'hidden_size': 400, 'dropout': 0.2164307652386897, 'learning_rate': 0.003392462144286134, 'batch_size': 3923}. Best is trial 1603 with value: 0.004398547172546387.[0m
[32m[I 2022-11-04 03:33:10,294][0m Trial 2072 finished with value: 0.004605815068958833 and parameters: {'nlayers': 11, 'hidden_size': 122, 'dropout': 0.19022081396804644, 'learning_rate': 0.0052153983851070005, 'batch_size': 3866}. Best is trial 1603 with value: 0.004398547172546387.[0m
[32m[I 2022-11-04 03:33:16,449][0m Trial 2073 finished with value: 0.004426110627175331 and parameters: {'nlayers': 8, 'hidden_size': 286, 'dropout': 0.44240831539652464, 'learning_rate': 0.0030612633370997607, 'batch_size': 3998}. Best is trial 1603 with value: 0.004398547172546387.[0m
[32m[I 2022-11-04 03:33:26,829][0m Trial 2074 finished with value: 0.004463940188288689 and parameters: {'nlayers': 7, 'hidden_size': 557, 'dropout': 0.37331298145051117, 'learning_rate': 0.006019390024131044, 'batch_size': 4000}. Best is trial 1603 with value: 0.004398547172546387.[0m
[32m[I 2022-11-04 03:33:31,895][0m Trial 2075 finished with value: 0.004591868630628903 and parameters: {'nlayers': 9, 'hidden_size': 197, 'dropout': 0.4706679749329437, 'learning_rate': 0.003242999557570738, 'batch_size': 3877}. Best is trial 1603 with value: 0.004398547172546387.[0m
[32m[I 2022-11-04 03:33:44,920][0m Trial 2076 finished with value: 0.004436045818014066 and parameters: {'nlayers': 19, 'hidden_size': 326, 'dropout': 0.16061245760919102, 'learning_rate': 0.0036668311735051588, 'batch_size': 3999}. Best is trial 1603 with value: 0.004398547172546387.[0m
[32m[I 2022-11-04 03:33:54,463][0m Trial 2077 finished with value: 0.004785171003831067 and parameters: {'nlayers': 9, 'hidden_size': 462, 'dropout': 0.49151116073780804, 'learning_rate': 0.0011081062855741708, 'batch_size': 3722}. Best is trial 1603 with value: 0.004398547172546387.[0m
[32m[I 2022-11-04 03:34:01,470][0m Trial 2078 finished with value: 0.004537025447593444 and parameters: {'nlayers': 11, 'hidden_size': 261, 'dropout': 0.4536553578761414, 'learning_rate': 0.003034457876521376, 'batch_size': 3928}. Best is trial 1603 with value: 0.004398547172546387.[0m
[32m[I 2022-11-04 03:34:10,033][0m Trial 2079 finished with value: 0.004633629147203384 and parameters: {'nlayers': 10, 'hidden_size': 369, 'dropout': 0.4282742653853152, 'learning_rate': 0.004124396469647858, 'batch_size': 3818}. Best is trial 1603 with value: 0.004398547172546387.[0m
[32m[I 2022-11-04 03:34:23,656][0m Trial 2080 finished with value: 0.004520424460709883 and parameters: {'nlayers': 7, 'hidden_size': 669, 'dropout': 0.38901415413786716, 'learning_rate': 0.0038184469415839277, 'batch_size': 3932}. Best is trial 1603 with value: 0.004398547172546387.[0m
[32m[I 2022-11-04 03:34:31,244][0m Trial 2081 finished with value: 0.004535330906035794 and parameters: {'nlayers': 20, 'hidden_size': 163, 'dropout': 0.33896639826582053, 'learning_rate': 0.001452620405404633, 'batch_size': 3925}. Best is trial 1603 with value: 0.004398547172546387.[0m
[32m[I 2022-11-04 03:34:43,467][0m Trial 2082 finished with value: 0.004453565180301666 and parameters: {'nlayers': 9, 'hidden_size': 531, 'dropout': 0.48222866201568293, 'learning_rate': 0.0034923819845234785, 'batch_size': 4000}. Best is trial 1603 with value: 0.004398547172546387.[0m
[32m[I 2022-11-04 03:34:53,521][0m Trial 2083 finished with value: 0.0046572479393024386 and parameters: {'nlayers': 11, 'hidden_size': 408, 'dropout': 0.1793427152089123, 'learning_rate': 0.0032902357334702362, 'batch_size': 3812}. Best is trial 1603 with value: 0.004398547172546387.[0m
[32m[I 2022-11-04 03:34:56,953][0m Trial 2084 finished with value: 0.007391115659801521 and parameters: {'nlayers': 18, 'hidden_size': 103, 'dropout': 0.3970893897648789, 'learning_rate': 0.002932892971170212, 'batch_size': 2412}. Best is trial 1603 with value: 0.004398547172546387.[0m
[32m[I 2022-11-04 03:35:03,526][0m Trial 2085 finished with value: 0.00472288522933903 and parameters: {'nlayers': 14, 'hidden_size': 216, 'dropout': 0.46986182844412505, 'learning_rate': 0.004554754685916996, 'batch_size': 3751}. Best is trial 1603 with value: 0.004398547172546387.[0m
[32m[I 2022-11-04 03:35:10,948][0m Trial 2086 finished with value: 0.0045812339936533285 and parameters: {'nlayers': 10, 'hidden_size': 318, 'dropout': 0.4483755360691019, 'learning_rate': 0.0035811453477123897, 'batch_size': 3875}. Best is trial 1603 with value: 0.004398547172546387.[0m
[32m[I 2022-11-04 03:35:20,731][0m Trial 2087 finished with value: 0.0045033007131817385 and parameters: {'nlayers': 8, 'hidden_size': 482, 'dropout': 0.46051174331129924, 'learning_rate': 0.0032230489983462473, 'batch_size': 3928}. Best is trial 1603 with value: 0.004398547172546387.[0m
[32m[I 2022-11-04 03:35:27,847][0m Trial 2088 finished with value: 0.004512252434025957 and parameters: {'nlayers': 11, 'hidden_size': 268, 'dropout': 0.35494189026040834, 'learning_rate': 0.0030346532375838267, 'batch_size': 3928}. Best is trial 1603 with value: 0.004398547172546387.[0m
[32m[I 2022-11-04 03:35:29,842][0m Trial 2089 finished with value: 0.009100269795078593 and parameters: {'nlayers': 22, 'hidden_size': 4, 'dropout': 0.4805398729050049, 'learning_rate': 0.003995971999045636, 'batch_size': 1940}. Best is trial 1603 with value: 0.004398547172546387.[0m
[32m[I 2022-11-04 03:35:37,369][0m Trial 2090 finished with value: 0.005138514204097202 and parameters: {'nlayers': 10, 'hidden_size': 374, 'dropout': 0.18530101060571452, 'learning_rate': 0.004306652475297009, 'batch_size': 3447}. Best is trial 1603 with value: 0.004398547172546387.[0m
[32m[I 2022-11-04 03:35:48,569][0m Trial 2091 finished with value: 0.004568378289828256 and parameters: {'nlayers': 11, 'hidden_size': 441, 'dropout': 0.1963844438195708, 'learning_rate': 0.0033353745591596876, 'batch_size': 3868}. Best is trial 1603 with value: 0.004398547172546387.[0m
[32m[I 2022-11-04 03:36:46,596][0m Trial 2092 finished with value: 0.004658995045409719 and parameters: {'nlayers': 6, 'hidden_size': 1846, 'dropout': 0.27688416282832806, 'learning_rate': 0.003700325929112499, 'batch_size': 3804}. Best is trial 1603 with value: 0.004398547172546387.[0m
[32m[I 2022-11-04 03:37:02,237][0m Trial 2093 finished with value: 0.00452398196294578 and parameters: {'nlayers': 9, 'hidden_size': 622, 'dropout': 0.43707718836462955, 'learning_rate': 0.0015287085811079098, 'batch_size': 3934}. Best is trial 1603 with value: 0.004398547172546387.[0m
[32m[I 2022-11-04 03:37:09,282][0m Trial 2094 finished with value: 0.004518800911693423 and parameters: {'nlayers': 19, 'hidden_size': 154, 'dropout': 0.41972823734998416, 'learning_rate': 0.004967376002486293, 'batch_size': 3929}. Best is trial 1603 with value: 0.004398547172546387.[0m
[32m[I 2022-11-04 03:37:18,526][0m Trial 2095 finished with value: 0.00443400814384222 and parameters: {'nlayers': 13, 'hidden_size': 310, 'dropout': 0.46094640930113706, 'learning_rate': 0.0028813166447379896, 'batch_size': 4000}. Best is trial 1603 with value: 0.004398547172546387.[0m
[32m[I 2022-11-04 03:37:24,157][0m Trial 2096 finished with value: 0.004601056169541569 and parameters: {'nlayers': 10, 'hidden_size': 218, 'dropout': 0.4092327632734737, 'learning_rate': 0.0035284194872876994, 'batch_size': 3853}. Best is trial 1603 with value: 0.004398547172546387.[0m
[32m[I 2022-11-04 03:37:27,442][0m Trial 2097 finished with value: 0.004795602168832192 and parameters: {'nlayers': 8, 'hidden_size': 77, 'dropout': 0.3818065819073945, 'learning_rate': 0.0031808840092236315, 'batch_size': 3681}. Best is trial 1603 with value: 0.004398547172546387.[0m
[32m[I 2022-11-04 03:37:39,631][0m Trial 2098 finished with value: 0.00460487737434973 and parameters: {'nlayers': 9, 'hidden_size': 545, 'dropout': 0.4920362081229028, 'learning_rate': 0.003387494535400052, 'batch_size': 3868}. Best is trial 1603 with value: 0.004398547172546387.[0m
[32m[I 2022-11-04 03:37:47,852][0m Trial 2099 finished with value: 0.004740838656585182 and parameters: {'nlayers': 11, 'hidden_size': 339, 'dropout': 0.44812162086232843, 'learning_rate': 0.0038336035795003137, 'batch_size': 3762}. Best is trial 1603 with value: 0.004398547172546387.[0m
[32m[I 2022-11-04 03:37:56,012][0m Trial 2100 finished with value: 0.004437902223890933 and parameters: {'nlayers': 14, 'hidden_size': 250, 'dropout': 0.4715802147843658, 'learning_rate': 0.0029998112777682973, 'batch_size': 3998}. Best is trial 1603 with value: 0.004398547172546387.[0m
[32m[I 2022-11-04 03:38:04,139][0m Trial 2101 finished with value: 0.004593559705724898 and parameters: {'nlayers': 8, 'hidden_size': 412, 'dropout': 0.4998919788197079, 'learning_rate': 0.0031365623301336672, 'batch_size': 3874}. Best is trial 1603 with value: 0.004398547172546387.[0m
[32m[I 2022-11-04 03:38:16,027][0m Trial 2102 finished with value: 0.004523520904753645 and parameters: {'nlayers': 10, 'hidden_size': 492, 'dropout': 0.40117324501607315, 'learning_rate': 0.0016054329924397074, 'batch_size': 3929}. Best is trial 1603 with value: 0.004398547172546387.[0m
[32m[I 2022-11-04 03:38:24,374][0m Trial 2103 finished with value: 0.004432106032967568 and parameters: {'nlayers': 13, 'hidden_size': 275, 'dropout': 0.45543242428707764, 'learning_rate': 0.0028378136654391367, 'batch_size': 4000}. Best is trial 1603 with value: 0.004398547172546387.[0m
[32m[I 2022-11-04 03:38:29,770][0m Trial 2104 finished with value: 0.0045337935967569385 and parameters: {'nlayers': 11, 'hidden_size': 175, 'dropout': 0.3700406578632828, 'learning_rate': 0.001293175785119185, 'batch_size': 3922}. Best is trial 1603 with value: 0.004398547172546387.[0m
[32m[I 2022-11-04 03:42:01,084][0m Trial 2105 finished with value: 0.004726115799562165 and parameters: {'nlayers': 9, 'hidden_size': 2952, 'dropout': 0.47673180981593816, 'learning_rate': 0.0035893349464096547, 'batch_size': 3818}. Best is trial 1603 with value: 0.004398547172546387.[0m
[32m[I 2022-11-04 03:42:09,823][0m Trial 2106 finished with value: 0.004434271611273289 and parameters: {'nlayers': 10, 'hidden_size': 361, 'dropout': 0.391711281501204, 'learning_rate': 0.0033719270976779276, 'batch_size': 4000}. Best is trial 1603 with value: 0.004398547172546387.[0m
[32m[I 2022-11-04 03:42:28,508][0m Trial 2107 finished with value: 0.004512703241373006 and parameters: {'nlayers': 12, 'hidden_size': 583, 'dropout': 0.22323015229579637, 'learning_rate': 0.003085715120952981, 'batch_size': 3932}. Best is trial 1603 with value: 0.004398547172546387.[0m
[32m[I 2022-11-04 03:42:53,743][0m Trial 2108 finished with value: 0.004416191145777702 and parameters: {'nlayers': 14, 'hidden_size': 649, 'dropout': 0.44363932727542854, 'learning_rate': 0.003893871785968499, 'batch_size': 4000}. Best is trial 1603 with value: 0.004398547172546387.[0m
[32m[I 2022-11-04 03:43:21,688][0m Trial 2109 finished with value: 0.0045912834723996375 and parameters: {'nlayers': 14, 'hidden_size': 709, 'dropout': 0.4323940909628255, 'learning_rate': 0.004105355353261929, 'batch_size': 3860}. Best is trial 1603 with value: 0.004398547172546387.[0m
[32m[I 2022-11-04 03:43:56,064][0m Trial 2110 finished with value: 0.004497943989602767 and parameters: {'nlayers': 15, 'hidden_size': 762, 'dropout': 0.18925761683957779, 'learning_rate': 0.004024036607186943, 'batch_size': 3999}. Best is trial 1603 with value: 0.004398547172546387.[0m
[32m[I 2022-11-04 03:44:24,086][0m Trial 2111 finished with value: 0.004698423180871095 and parameters: {'nlayers': 14, 'hidden_size': 730, 'dropout': 0.20484549175302516, 'learning_rate': 0.004113727275254951, 'batch_size': 3753}. Best is trial 1603 with value: 0.004398547172546387.[0m
[32m[I 2022-11-04 03:44:50,871][0m Trial 2112 finished with value: 0.004450388059020043 and parameters: {'nlayers': 14, 'hidden_size': 677, 'dropout': 0.3422414425074477, 'learning_rate': 0.004281617518865884, 'batch_size': 4000}. Best is trial 1603 with value: 0.004398547172546387.[0m
[32m[I 2022-11-04 03:45:20,419][0m Trial 2113 finished with value: 0.004625331768717791 and parameters: {'nlayers': 14, 'hidden_size': 739, 'dropout': 0.1654292271269663, 'learning_rate': 0.0038466127421421764, 'batch_size': 3860}. Best is trial 1603 with value: 0.004398547172546387.[0m
[32m[I 2022-11-04 03:45:57,071][0m Trial 2114 finished with value: 0.004593735191891435 and parameters: {'nlayers': 14, 'hidden_size': 823, 'dropout': 0.46723366656475784, 'learning_rate': 0.004014158258889419, 'batch_size': 3883}. Best is trial 1603 with value: 0.004398547172546387.[0m
