[32m[I 2022-11-04 02:22:30,260][0m Trial 1815 finished with value: 0.00450716854050623 and parameters: {'nlayers': 7, 'hidden_size': 441, 'dropout': 0.3294977829179241, 'learning_rate': 0.0024122871810667696, 'batch_size': 3935}. Best is trial 1603 with value: 0.004398547172546387.[0m
[32m[I 2022-11-04 02:22:40,473][0m Trial 1816 finished with value: 0.004657012733973955 and parameters: {'nlayers': 12, 'hidden_size': 383, 'dropout': 0.499673151446866, 'learning_rate': 0.002169796432323975, 'batch_size': 3800}. Best is trial 1603 with value: 0.004398547172546387.[0m
[32m[I 2022-11-04 02:23:38,899][0m Trial 1817 finished with value: 0.004480047042920131 and parameters: {'nlayers': 6, 'hidden_size': 1952, 'dropout': 0.2004247157599943, 'learning_rate': 0.0038558577787138715, 'batch_size': 3999}. Best is trial 1603 with value: 0.004398547172546387.[0m
[32m[I 2022-11-04 02:24:47,243][0m Trial 1818 finished with value: 0.00445364338512807 and parameters: {'nlayers': 13, 'hidden_size': 1256, 'dropout': 0.2952263225897931, 'learning_rate': 0.0019372331851721348, 'batch_size': 3999}. Best is trial 1603 with value: 0.004398547172546387.[0m
[32m[I 2022-11-04 02:24:52,643][0m Trial 1819 finished with value: 0.00453156710187078 and parameters: {'nlayers': 9, 'hidden_size': 206, 'dropout': 0.20013304912225124, 'learning_rate': 0.0016542971191701092, 'batch_size': 3927}. Best is trial 1603 with value: 0.004398547172546387.[0m
[32m[I 2022-11-04 02:25:00,097][0m Trial 1820 finished with value: 0.0046226941540409554 and parameters: {'nlayers': 10, 'hidden_size': 311, 'dropout': 0.3189694341521003, 'learning_rate': 0.003607069908747138, 'batch_size': 3867}. Best is trial 1603 with value: 0.004398547172546387.[0m
[32m[I 2022-11-04 02:25:13,945][0m Trial 1821 finished with value: 0.004673736685675883 and parameters: {'nlayers': 12, 'hidden_size': 493, 'dropout': 0.16999479621652172, 'learning_rate': 0.0030351492611712144, 'batch_size': 3803}. Best is trial 1603 with value: 0.004398547172546387.[0m
[32m[I 2022-11-04 02:25:21,346][0m Trial 1822 finished with value: 0.004456766493618488 and parameters: {'nlayers': 11, 'hidden_size': 261, 'dropout': 0.1927997420749693, 'learning_rate': 0.003948664425050038, 'batch_size': 4000}. Best is trial 1603 with value: 0.004398547172546387.[0m
[32m[I 2022-11-04 02:25:32,965][0m Trial 1823 finished with value: 0.004507839482652814 and parameters: {'nlayers': 13, 'hidden_size': 396, 'dropout': 0.1845537219235907, 'learning_rate': 0.0023257821176333646, 'batch_size': 3932}. Best is trial 1603 with value: 0.004398547172546387.[0m
[32m[I 2022-11-04 02:25:37,458][0m Trial 1824 finished with value: 0.004426059848995738 and parameters: {'nlayers': 9, 'hidden_size': 137, 'dropout': 0.3069666458086703, 'learning_rate': 0.0036617691064990154, 'batch_size': 3999}. Best is trial 1603 with value: 0.004398547172546387.[0m
[32m[I 2022-11-04 02:25:45,519][0m Trial 1825 finished with value: 0.004812513552142711 and parameters: {'nlayers': 12, 'hidden_size': 336, 'dropout': 0.17368814735519278, 'learning_rate': 0.0029601618185933895, 'batch_size': 3698}. Best is trial 1603 with value: 0.004398547172546387.[0m
[32m[I 2022-11-04 02:25:50,880][0m Trial 1826 finished with value: 0.0045618848415974545 and parameters: {'nlayers': 8, 'hidden_size': 261, 'dropout': 0.3255664976381941, 'learning_rate': 0.002111700829569626, 'batch_size': 3886}. Best is trial 1603 with value: 0.004398547172546387.[0m
[32m[I 2022-11-04 02:25:55,217][0m Trial 1827 finished with value: 0.004495819841935738 and parameters: {'nlayers': 7, 'hidden_size': 195, 'dropout': 0.2085941360673787, 'learning_rate': 0.007747753685863796, 'batch_size': 3930}. Best is trial 1603 with value: 0.004398547172546387.[0m
[32m[I 2022-11-04 02:26:05,591][0m Trial 1828 finished with value: 0.004620175604796529 and parameters: {'nlayers': 11, 'hidden_size': 423, 'dropout': 0.3233938432528753, 'learning_rate': 0.0017008689981543466, 'batch_size': 3819}. Best is trial 1603 with value: 0.004398547172546387.[0m
[32m[I 2022-11-04 02:26:08,788][0m Trial 1829 finished with value: 0.00457361763960568 and parameters: {'nlayers': 8, 'hidden_size': 67, 'dropout': 0.3020113171415932, 'learning_rate': 0.003521343230839552, 'batch_size': 3871}. Best is trial 1603 with value: 0.004398547172546387.[0m
[32m[I 2022-11-04 02:26:20,445][0m Trial 1830 finished with value: 0.004539825268928578 and parameters: {'nlayers': 10, 'hidden_size': 491, 'dropout': 0.23542951732537537, 'learning_rate': 0.004126282660623439, 'batch_size': 3926}. Best is trial 1603 with value: 0.004398547172546387.[0m
[32m[I 2022-11-04 02:26:29,166][0m Trial 1831 finished with value: 0.004432052619816751 and parameters: {'nlayers': 11, 'hidden_size': 343, 'dropout': 0.4520668345873272, 'learning_rate': 0.0031492464640072567, 'batch_size': 3999}. Best is trial 1603 with value: 0.004398547172546387.[0m
[32m[I 2022-11-04 02:28:01,946][0m Trial 1832 finished with value: 0.004435191472331663 and parameters: {'nlayers': 13, 'hidden_size': 1479, 'dropout': 0.3144710590213358, 'learning_rate': 0.004497152756827874, 'batch_size': 3998}. Best is trial 1603 with value: 0.004398547172546387.[0m
[32m[I 2022-11-04 02:28:10,225][0m Trial 1833 finished with value: 0.004440085649490356 and parameters: {'nlayers': 12, 'hidden_size': 298, 'dropout': 0.19425396626570154, 'learning_rate': 0.003735093559069455, 'batch_size': 4000}. Best is trial 1603 with value: 0.004398547172546387.[0m
[32m[I 2022-11-04 02:29:01,287][0m Trial 1834 finished with value: 0.004738804721896024 and parameters: {'nlayers': 9, 'hidden_size': 1366, 'dropout': 0.1786814111465998, 'learning_rate': 0.0018954126046488173, 'batch_size': 3740}. Best is trial 1603 with value: 0.004398547172546387.[0m
[32m[I 2022-11-04 02:29:05,504][0m Trial 1835 finished with value: 0.00573446472305708 and parameters: {'nlayers': 13, 'hidden_size': 160, 'dropout': 0.29445214603088726, 'learning_rate': 0.0024480949018029527, 'batch_size': 3088}. Best is trial 1603 with value: 0.004398547172546387.[0m
[32m[I 2022-11-04 02:29:09,366][0m Trial 1836 finished with value: 0.007577882879820942 and parameters: {'nlayers': 12, 'hidden_size': 219, 'dropout': 0.33143760701047453, 'learning_rate': 0.005853196006108917, 'batch_size': 2321}. Best is trial 1603 with value: 0.004398547172546387.[0m
[32m[I 2022-11-04 02:29:17,153][0m Trial 1837 finished with value: 0.005502770530100552 and parameters: {'nlayers': 10, 'hidden_size': 406, 'dropout': 0.4574092871588815, 'learning_rate': 0.0030122311981886545, 'batch_size': 3210}. Best is trial 1603 with value: 0.004398547172546387.[0m
[32m[I 2022-11-04 02:29:29,672][0m Trial 1838 finished with value: 0.004568620423450158 and parameters: {'nlayers': 11, 'hidden_size': 482, 'dropout': 0.4550601962347502, 'learning_rate': 0.0034723482766042067, 'batch_size': 3859}. Best is trial 1603 with value: 0.004398547172546387.[0m
[32m[I 2022-11-04 02:29:36,921][0m Trial 1839 finished with value: 0.00452675476913054 and parameters: {'nlayers': 12, 'hidden_size': 264, 'dropout': 0.19917531607531347, 'learning_rate': 0.0031698338123571025, 'batch_size': 3928}. Best is trial 1603 with value: 0.004398547172546387.[0m
[32m[I 2022-11-04 02:29:44,111][0m Trial 1840 finished with value: 0.004455236673355102 and parameters: {'nlayers': 8, 'hidden_size': 354, 'dropout': 0.18420464271403722, 'learning_rate': 0.0021325406135476034, 'batch_size': 4000}. Best is trial 1603 with value: 0.004398547172546387.[0m
[32m[I 2022-11-04 02:29:51,559][0m Trial 1841 finished with value: 0.004636851151056868 and parameters: {'nlayers': 11, 'hidden_size': 320, 'dropout': 0.1614672852244347, 'learning_rate': 0.001621791074399485, 'batch_size': 3824}. Best is trial 1603 with value: 0.004398547172546387.[0m
[32m[I 2022-11-04 02:29:56,709][0m Trial 1842 finished with value: 0.004580643501868539 and parameters: {'nlayers': 10, 'hidden_size': 199, 'dropout': 0.4994876117851714, 'learning_rate': 0.003975619325856996, 'batch_size': 3868}. Best is trial 1603 with value: 0.004398547172546387.[0m
[32m[I 2022-11-04 02:30:08,954][0m Trial 1843 finished with value: 0.004588593395427345 and parameters: {'nlayers': 13, 'hidden_size': 418, 'dropout': 0.3226621427840043, 'learning_rate': 0.004262276544578606, 'batch_size': 3919}. Best is trial 1603 with value: 0.004398547172546387.[0m
[32m[I 2022-11-04 02:30:13,163][0m Trial 1844 finished with value: 0.0046989414280705355 and parameters: {'nlayers': 9, 'hidden_size': 145, 'dropout': 0.4447952736618638, 'learning_rate': 0.002869378162710666, 'batch_size': 3757}. Best is trial 1603 with value: 0.004398547172546387.[0m
[32m[I 2022-11-04 02:30:20,878][0m Trial 1845 finished with value: 0.004563131126132805 and parameters: {'nlayers': 12, 'hidden_size': 287, 'dropout': 0.4491376641603405, 'learning_rate': 0.003350180993682424, 'batch_size': 3878}. Best is trial 1603 with value: 0.004398547172546387.[0m
[32m[I 2022-11-04 02:31:01,711][0m Trial 1846 finished with value: 0.004527012868223302 and parameters: {'nlayers': 11, 'hidden_size': 1036, 'dropout': 0.2925311271326093, 'learning_rate': 0.002583186226398923, 'batch_size': 3934}. Best is trial 1603 with value: 0.004398547172546387.[0m
[32m[I 2022-11-04 02:31:07,233][0m Trial 1847 finished with value: 0.004516643983413852 and parameters: {'nlayers': 21, 'hidden_size': 81, 'dropout': 0.2093270519857754, 'learning_rate': 0.003714037865694587, 'batch_size': 3930}. Best is trial 1603 with value: 0.004398547172546387.[0m
[32m[I 2022-11-04 02:31:21,579][0m Trial 1848 finished with value: 0.004670976582883286 and parameters: {'nlayers': 13, 'hidden_size': 488, 'dropout': 0.3116292913311053, 'learning_rate': 0.0022892380355403847, 'batch_size': 3808}. Best is trial 1603 with value: 0.004398547172546387.[0m
[32m[I 2022-11-04 02:31:29,844][0m Trial 1849 finished with value: 0.004422563657164574 and parameters: {'nlayers': 9, 'hidden_size': 377, 'dropout': 0.17099292089805873, 'learning_rate': 0.0035061297567095537, 'batch_size': 4000}. Best is trial 1603 with value: 0.004398547172546387.[0m
[32m[I 2022-11-04 02:31:37,492][0m Trial 1850 finished with value: 0.0045338402323375476 and parameters: {'nlayers': 12, 'hidden_size': 277, 'dropout': 0.30355850123950645, 'learning_rate': 0.0019471069716047887, 'batch_size': 3926}. Best is trial 1603 with value: 0.004398547172546387.[0m
[32m[I 2022-11-04 02:31:42,304][0m Trial 1851 finished with value: 0.004596047859261002 and parameters: {'nlayers': 8, 'hidden_size': 220, 'dropout': 0.18768174175737173, 'learning_rate': 0.0031539811903515767, 'batch_size': 3864}. Best is trial 1603 with value: 0.004398547172546387.[0m
[32m[I 2022-11-04 02:31:49,962][0m Trial 1852 finished with value: 0.0046944883265514145 and parameters: {'nlayers': 10, 'hidden_size': 343, 'dropout': 0.3227774385758008, 'learning_rate': 0.0029081881693643428, 'batch_size': 3795}. Best is trial 1603 with value: 0.004398547172546387.[0m
[32m[I 2022-11-04 02:31:54,861][0m Trial 1853 finished with value: 0.004573394160116873 and parameters: {'nlayers': 13, 'hidden_size': 123, 'dropout': 0.4561613588795574, 'learning_rate': 0.005249010118370608, 'batch_size': 3875}. Best is trial 1603 with value: 0.004398547172546387.[0m
[32m[I 2022-11-04 02:31:58,942][0m Trial 1854 finished with value: 0.011944760677785526 and parameters: {'nlayers': 9, 'hidden_size': 461, 'dropout': 0.17831696065194252, 'learning_rate': 0.0037606214358605772, 'batch_size': 1482}. Best is trial 1603 with value: 0.004398547172546387.[0m
[32m[I 2022-11-04 02:32:12,763][0m Trial 1855 finished with value: 0.004490152899315119 and parameters: {'nlayers': 14, 'hidden_size': 433, 'dropout': 0.4534254062467894, 'learning_rate': 0.0033173838032998287, 'batch_size': 3933}. Best is trial 1603 with value: 0.004398547172546387.[0m
[32m[I 2022-11-04 02:33:44,862][0m Trial 1856 finished with value: 0.004422557938244975 and parameters: {'nlayers': 19, 'hidden_size': 1187, 'dropout': 0.14000225774377298, 'learning_rate': 0.003026860174259328, 'batch_size': 3999}. Best is trial 1603 with value: 0.004398547172546387.[0m
[32m[I 2022-11-04 02:33:50,913][0m Trial 1857 finished with value: 0.0044993962959655074 and parameters: {'nlayers': 11, 'hidden_size': 213, 'dropout': 0.1912219757616069, 'learning_rate': 0.0018133955452557977, 'batch_size': 3924}. Best is trial 1603 with value: 0.004398547172546387.[0m
[32m[I 2022-11-04 02:33:57,438][0m Trial 1858 finished with value: 0.004742900811826485 and parameters: {'nlayers': 5, 'hidden_size': 510, 'dropout': 0.3320368218616737, 'learning_rate': 0.009213795447906308, 'batch_size': 3743}. Best is trial 1603 with value: 0.004398547172546387.[0m
[32m[I 2022-11-04 02:34:05,349][0m Trial 1859 finished with value: 0.004803718156234393 and parameters: {'nlayers': 12, 'hidden_size': 309, 'dropout': 0.4453412224383131, 'learning_rate': 0.002388214088079266, 'batch_size': 3682}. Best is trial 1603 with value: 0.004398547172546387.[0m
[32m[I 2022-11-04 02:34:14,124][0m Trial 1860 finished with value: 0.004574428874117727 and parameters: {'nlayers': 10, 'hidden_size': 379, 'dropout': 0.3170431050221958, 'learning_rate': 0.0026719385639511132, 'batch_size': 3930}. Best is trial 1603 with value: 0.004398547172546387.[0m
[32m[I 2022-11-04 02:34:17,611][0m Trial 1861 finished with value: 0.004604779484682513 and parameters: {'nlayers': 11, 'hidden_size': 53, 'dropout': 0.20163037388722288, 'learning_rate': 0.003998319763980137, 'batch_size': 3839}. Best is trial 1603 with value: 0.004398547172546387.[0m
[32m[I 2022-11-04 02:34:22,861][0m Trial 1862 finished with value: 0.004456007218295319 and parameters: {'nlayers': 7, 'hidden_size': 246, 'dropout': 0.4499813510575182, 'learning_rate': 0.0034188008617738537, 'batch_size': 3999}. Best is trial 1603 with value: 0.004398547172546387.[0m
[32m[I 2022-11-04 02:34:26,709][0m Trial 1863 finished with value: 0.004583553280219559 and parameters: {'nlayers': 8, 'hidden_size': 144, 'dropout': 0.45848183389704406, 'learning_rate': 0.0020516912150780396, 'batch_size': 3872}. Best is trial 1603 with value: 0.004398547172546387.[0m
[32m[I 2022-11-04 02:34:34,835][0m Trial 1864 finished with value: 0.00453140715333989 and parameters: {'nlayers': 10, 'hidden_size': 345, 'dropout': 0.3090215141256166, 'learning_rate': 0.001655935525364067, 'batch_size': 3936}. Best is trial 1603 with value: 0.004398547172546387.[0m
[32m[I 2022-11-04 02:37:50,199][0m Trial 1865 finished with value: 0.004425208002500364 and parameters: {'nlayers': 9, 'hidden_size': 2764, 'dropout': 0.2283617448180704, 'learning_rate': 0.0035353787544119882, 'batch_size': 3997}. Best is trial 1603 with value: 0.004398547172546387.[0m
[32m[I 2022-11-04 02:38:02,232][0m Trial 1866 finished with value: 0.004442824985600019 and parameters: {'nlayers': 12, 'hidden_size': 428, 'dropout': 0.3396531224074385, 'learning_rate': 0.0031845931501703322, 'batch_size': 3999}. Best is trial 1603 with value: 0.004398547172546387.[0m
[32m[I 2022-11-04 02:38:08,731][0m Trial 1867 finished with value: 0.004911115913222181 and parameters: {'nlayers': 12, 'hidden_size': 253, 'dropout': 0.21756619396849303, 'learning_rate': 0.0028772382075744497, 'batch_size': 3613}. Best is trial 1603 with value: 0.004398547172546387.[0m
[32m[I 2022-11-04 02:38:12,142][0m Trial 1868 finished with value: 0.004723940949368796 and parameters: {'nlayers': 13, 'hidden_size': 3, 'dropout': 0.1954547286894936, 'learning_rate': 0.0025568905494458274, 'batch_size': 3817}. Best is trial 1603 with value: 0.004398547172546387.[0m
[32m[I 2022-11-04 02:38:20,721][0m Trial 1869 finished with value: 0.0045908020120118895 and parameters: {'nlayers': 13, 'hidden_size': 303, 'dropout': 0.1803220779415193, 'learning_rate': 0.003852090267452355, 'batch_size': 3873}. Best is trial 1603 with value: 0.004398547172546387.[0m
[32m[I 2022-11-04 02:38:26,014][0m Trial 1870 finished with value: 0.004444449424743652 and parameters: {'nlayers': 10, 'hidden_size': 179, 'dropout': 0.4385283820745081, 'learning_rate': 0.0030498024369099317, 'batch_size': 4000}. Best is trial 1603 with value: 0.004398547172546387.[0m
[32m[I 2022-11-04 02:40:48,656][0m Trial 1871 finished with value: 0.004796504081796342 and parameters: {'nlayers': 11, 'hidden_size': 2174, 'dropout': 0.3290497971335263, 'learning_rate': 0.003568127324443729, 'batch_size': 3773}. Best is trial 1603 with value: 0.004398547172546387.[0m
[32m[I 2022-11-04 02:41:02,363][0m Trial 1872 finished with value: 0.00447403060644865 and parameters: {'nlayers': 11, 'hidden_size': 508, 'dropout': 0.1666009020344586, 'learning_rate': 0.0032757812023767896, 'batch_size': 4000}. Best is trial 1603 with value: 0.004398547172546387.[0m
[32m[I 2022-11-04 02:41:13,228][0m Trial 1873 finished with value: 0.004521064771350678 and parameters: {'nlayers': 12, 'hidden_size': 393, 'dropout': 0.4567494672689426, 'learning_rate': 0.0027083489959703454, 'batch_size': 3928}. Best is trial 1603 with value: 0.004398547172546387.[0m
[32m[I 2022-11-04 02:41:18,521][0m Trial 1874 finished with value: 0.00460947438939577 and parameters: {'nlayers': 8, 'hidden_size': 244, 'dropout': 0.46380814027669065, 'learning_rate': 0.002243703566878764, 'batch_size': 3865}. Best is trial 1603 with value: 0.004398547172546387.[0m
[32m[I 2022-11-04 02:41:29,033][0m Trial 1875 finished with value: 0.0045353188552958446 and parameters: {'nlayers': 14, 'hidden_size': 338, 'dropout': 0.49403852106041174, 'learning_rate': 0.004228956259875256, 'batch_size': 3927}. Best is trial 1603 with value: 0.004398547172546387.[0m
[32m[I 2022-11-04 02:41:32,996][0m Trial 1876 finished with value: 0.004544742270708388 and parameters: {'nlayers': 9, 'hidden_size': 101, 'dropout': 0.32154073346742074, 'learning_rate': 0.0018739723877093262, 'batch_size': 3927}. Best is trial 1603 with value: 0.004398547172546387.[0m
[32m[I 2022-11-04 02:41:46,431][0m Trial 1877 finished with value: 0.0046379774606991955 and parameters: {'nlayers': 13, 'hidden_size': 454, 'dropout': 0.15024254557930428, 'learning_rate': 0.0015738006474063553, 'batch_size': 3838}. Best is trial 1603 with value: 0.004398547172546387.[0m
[32m[I 2022-11-04 02:41:52,275][0m Trial 1878 finished with value: 0.004524669979265098 and parameters: {'nlayers': 12, 'hidden_size': 189, 'dropout': 0.20473366527154477, 'learning_rate': 0.0029383377156654675, 'batch_size': 3924}. Best is trial 1603 with value: 0.004398547172546387.[0m
[32m[I 2022-11-04 02:41:59,237][0m Trial 1879 finished with value: 0.004733288373627901 and parameters: {'nlayers': 11, 'hidden_size': 284, 'dropout': 0.18857342778331795, 'learning_rate': 0.003687399190851517, 'batch_size': 3764}. Best is trial 1603 with value: 0.004398547172546387.[0m
[32m[I 2022-11-04 02:42:08,529][0m Trial 1880 finished with value: 0.004571883032398839 and parameters: {'nlayers': 10, 'hidden_size': 397, 'dropout': 0.45121059392870827, 'learning_rate': 0.0032433971322477217, 'batch_size': 3875}. Best is trial 1603 with value: 0.004398547172546387.[0m
[32m[I 2022-11-04 02:42:19,309][0m Trial 1881 finished with value: 0.004494312546851073 and parameters: {'nlayers': 16, 'hidden_size': 318, 'dropout': 0.49922827309156165, 'learning_rate': 0.0038792053313189156, 'batch_size': 3924}. Best is trial 1603 with value: 0.004398547172546387.[0m
[32m[I 2022-11-04 02:42:24,635][0m Trial 1882 finished with value: 0.00443481708545222 and parameters: {'nlayers': 11, 'hidden_size': 172, 'dropout': 0.30526012342931114, 'learning_rate': 0.002487710889356705, 'batch_size': 3997}. Best is trial 1603 with value: 0.004398547172546387.[0m
[32m[I 2022-11-04 02:42:38,417][0m Trial 1883 finished with value: 0.004660938565607804 and parameters: {'nlayers': 12, 'hidden_size': 494, 'dropout': 0.2939550546060798, 'learning_rate': 0.0020435478419563533, 'batch_size': 3811}. Best is trial 1603 with value: 0.004398547172546387.[0m
[32m[I 2022-11-04 02:42:44,601][0m Trial 1884 finished with value: 0.004416834628242084 and parameters: {'nlayers': 9, 'hidden_size': 254, 'dropout': 0.4445856290543265, 'learning_rate': 0.002765279809703063, 'batch_size': 3998}. Best is trial 1603 with value: 0.004398547172546387.[0m
[32m[I 2022-11-04 02:42:49,418][0m Trial 1885 finished with value: 0.0044232416355711275 and parameters: {'nlayers': 9, 'hidden_size': 167, 'dropout': 0.4328451338310145, 'learning_rate': 0.002790041169459658, 'batch_size': 3998}. Best is trial 1603 with value: 0.004398547172546387.[0m
[32m[I 2022-11-04 02:42:53,181][0m Trial 1886 finished with value: 0.004429698579160533 and parameters: {'nlayers': 9, 'hidden_size': 65, 'dropout': 0.4383135575552085, 'learning_rate': 0.002702088344931922, 'batch_size': 3999}. Best is trial 1603 with value: 0.004398547172546387.[0m
[32m[I 2022-11-04 02:42:54,135][0m Trial 1887 finished with value: 0.0382278331505355 and parameters: {'nlayers': 8, 'hidden_size': 130, 'dropout': 0.43623152719289415, 'learning_rate': 0.002432474482394178, 'batch_size': 465}. Best is trial 1603 with value: 0.004398547172546387.[0m
[32m[I 2022-11-04 02:42:59,336][0m Trial 1888 finished with value: 0.004564833776552342 and parameters: {'nlayers': 9, 'hidden_size': 220, 'dropout': 0.4347477232942251, 'learning_rate': 0.002538406890368517, 'batch_size': 3871}. Best is trial 1603 with value: 0.004398547172546387.[0m
[32m[I 2022-11-04 02:43:03,572][0m Trial 1889 finished with value: 0.004598344628800412 and parameters: {'nlayers': 9, 'hidden_size': 133, 'dropout': 0.4428117331914273, 'learning_rate': 0.0027063447341850793, 'batch_size': 3871}. Best is trial 1603 with value: 0.004398547172546387.[0m
