[32m[I 2022-11-04 07:51:19,300][0m Trial 2940 finished with value: 0.004453467920422554 and parameters: {'nlayers': 20, 'hidden_size': 299, 'dropout': 0.3776469794204027, 'learning_rate': 0.002413931207211278, 'batch_size': 4000}. Best is trial 1603 with value: 0.004398547172546387.[0m
[32m[I 2022-11-04 07:51:32,199][0m Trial 2941 finished with value: 0.004584614477448603 and parameters: {'nlayers': 10, 'hidden_size': 544, 'dropout': 0.4699251979865702, 'learning_rate': 0.0020056617000377666, 'batch_size': 3867}. Best is trial 1603 with value: 0.004398547172546387.[0m
[32m[I 2022-11-04 07:51:39,496][0m Trial 2942 finished with value: 0.004519346076497354 and parameters: {'nlayers': 9, 'hidden_size': 337, 'dropout': 0.3077313917146881, 'learning_rate': 0.002519331002227873, 'batch_size': 3929}. Best is trial 1603 with value: 0.004398547172546387.[0m
[32m[I 2022-11-04 07:51:55,487][0m Trial 2943 finished with value: 0.005749363881898427 and parameters: {'nlayers': 22, 'hidden_size': 426, 'dropout': 0.34606535708529595, 'learning_rate': 0.007812265874408336, 'batch_size': 3095}. Best is trial 1603 with value: 0.004398547172546387.[0m
[32m[I 2022-11-04 07:52:00,561][0m Trial 2944 finished with value: 0.004648386424893886 and parameters: {'nlayers': 8, 'hidden_size': 229, 'dropout': 0.3610379674579225, 'learning_rate': 0.002713224878681304, 'batch_size': 3817}. Best is trial 1603 with value: 0.004398547172546387.[0m
[32m[I 2022-11-04 07:52:09,061][0m Trial 2945 finished with value: 0.004530276353197202 and parameters: {'nlayers': 10, 'hidden_size': 359, 'dropout': 0.3260435867796611, 'learning_rate': 0.0023050390295963276, 'batch_size': 3929}. Best is trial 1603 with value: 0.004398547172546387.[0m
[32m[I 2022-11-04 07:52:19,823][0m Trial 2946 finished with value: 0.004552726798756107 and parameters: {'nlayers': 9, 'hidden_size': 486, 'dropout': 0.30041553330228427, 'learning_rate': 0.002924143726925247, 'batch_size': 3925}. Best is trial 1603 with value: 0.004398547172546387.[0m
[32m[I 2022-11-04 07:52:25,564][0m Trial 2947 finished with value: 0.004594455255309833 and parameters: {'nlayers': 9, 'hidden_size': 248, 'dropout': 0.45960894708818867, 'learning_rate': 0.0015980259481131, 'batch_size': 3861}. Best is trial 1603 with value: 0.004398547172546387.[0m
[32m[I 2022-11-04 07:53:47,101][0m Trial 2948 finished with value: 0.004708833795792198 and parameters: {'nlayers': 7, 'hidden_size': 2078, 'dropout': 0.34072355707896806, 'learning_rate': 0.004824864780167085, 'batch_size': 3788}. Best is trial 1603 with value: 0.004398547172546387.[0m
[32m[I 2022-11-04 07:53:54,673][0m Trial 2949 finished with value: 0.004428947158157825 and parameters: {'nlayers': 21, 'hidden_size': 176, 'dropout': 0.35215299882938883, 'learning_rate': 0.0021268517175392406, 'batch_size': 4000}. Best is trial 1603 with value: 0.004398547172546387.[0m
[32m[I 2022-11-04 07:54:09,975][0m Trial 2950 finished with value: 0.004447208043485023 and parameters: {'nlayers': 10, 'hidden_size': 567, 'dropout': 0.2873350226740007, 'learning_rate': 0.0018011800202508929, 'batch_size': 3999}. Best is trial 1603 with value: 0.004398547172546387.[0m
[32m[I 2022-11-04 07:54:15,159][0m Trial 2951 finished with value: 0.004627157856740826 and parameters: {'nlayers': 6, 'hidden_size': 300, 'dropout': 0.47985308718841163, 'learning_rate': 0.0008410060787969485, 'batch_size': 3869}. Best is trial 1603 with value: 0.004398547172546387.[0m
[32m[I 2022-11-04 07:54:22,620][0m Trial 2952 finished with value: 0.004420345769759624 and parameters: {'nlayers': 8, 'hidden_size': 372, 'dropout': 0.3216288875107688, 'learning_rate': 0.0004868541492345288, 'batch_size': 3999}. Best is trial 1603 with value: 0.004398547172546387.[0m
[32m[I 2022-11-04 07:54:28,718][0m Trial 2953 finished with value: 0.016819750142615286 and parameters: {'nlayers': 19, 'hidden_size': 440, 'dropout': 0.3348578695492667, 'learning_rate': 0.0025340413245290606, 'batch_size': 1059}. Best is trial 1603 with value: 0.004398547172546387.[0m
[32m[I 2022-11-04 07:54:32,966][0m Trial 2954 finished with value: 0.004497602915472805 and parameters: {'nlayers': 10, 'hidden_size': 122, 'dropout': 0.465105477967155, 'learning_rate': 0.0019690739115648423, 'batch_size': 3932}. Best is trial 1603 with value: 0.004398547172546387.[0m
[32m[I 2022-11-04 07:55:37,698][0m Trial 2955 finished with value: 0.00470483340005557 and parameters: {'nlayers': 9, 'hidden_size': 1519, 'dropout': 0.36636344144232486, 'learning_rate': 0.005247828051392037, 'batch_size': 3873}. Best is trial 1603 with value: 0.004398547172546387.[0m
[32m[I 2022-11-04 07:55:49,513][0m Trial 2956 finished with value: 0.004767636982180613 and parameters: {'nlayers': 20, 'hidden_size': 291, 'dropout': 0.34762833761207446, 'learning_rate': 0.0027013631836978577, 'batch_size': 3753}. Best is trial 1603 with value: 0.004398547172546387.[0m
[32m[I 2022-11-04 07:56:09,418][0m Trial 2957 finished with value: 0.004516677463745152 and parameters: {'nlayers': 17, 'hidden_size': 511, 'dropout': 0.31496391234435617, 'learning_rate': 0.0022725471993911488, 'batch_size': 3919}. Best is trial 1603 with value: 0.004398547172546387.[0m
[32m[I 2022-11-04 07:56:14,890][0m Trial 2958 finished with value: 0.004611026624957731 and parameters: {'nlayers': 9, 'hidden_size': 229, 'dropout': 0.23369219278375128, 'learning_rate': 0.0028832888995595713, 'batch_size': 3833}. Best is trial 1603 with value: 0.004398547172546387.[0m
[32m[I 2022-11-04 07:56:22,133][0m Trial 2959 finished with value: 0.004535369330524822 and parameters: {'nlayers': 8, 'hidden_size': 358, 'dropout': 0.38169731072638635, 'learning_rate': 0.002078631478709713, 'batch_size': 3931}. Best is trial 1603 with value: 0.004398547172546387.[0m
[32m[I 2022-11-04 07:56:24,906][0m Trial 2960 finished with value: 0.004524483256559695 and parameters: {'nlayers': 1, 'hidden_size': 442, 'dropout': 0.4693732433659414, 'learning_rate': 0.0017650407697616555, 'batch_size': 3929}. Best is trial 1603 with value: 0.004398547172546387.[0m
[32m[I 2022-11-04 07:57:09,463][0m Trial 2961 finished with value: 0.004448926360883186 and parameters: {'nlayers': 18, 'hidden_size': 781, 'dropout': 0.2449504064437161, 'learning_rate': 0.0015750136559831633, 'batch_size': 3999}. Best is trial 1603 with value: 0.004398547172546387.[0m
[32m[I 2022-11-04 07:57:24,872][0m Trial 2962 finished with value: 0.004397486247122288 and parameters: {'nlayers': 10, 'hidden_size': 577, 'dropout': 0.4536899066172924, 'learning_rate': 0.0024297631204854616, 'batch_size': 4000}. Best is trial 2962 with value: 0.004397486247122288.[0m
[32m[I 2022-11-04 07:57:40,318][0m Trial 2963 finished with value: 0.004892812073148348 and parameters: {'nlayers': 10, 'hidden_size': 613, 'dropout': 0.46746211007627697, 'learning_rate': 0.0024767878481716573, 'batch_size': 3617}. Best is trial 2962 with value: 0.004397486247122288.[0m
[32m[I 2022-11-04 07:57:56,809][0m Trial 2964 finished with value: 0.004633653368957403 and parameters: {'nlayers': 10, 'hidden_size': 640, 'dropout': 0.4557936848029771, 'learning_rate': 0.002650421682575265, 'batch_size': 3808}. Best is trial 2962 with value: 0.004397486247122288.[0m
[32m[I 2022-11-04 07:58:12,625][0m Trial 2965 finished with value: 0.004573142357397992 and parameters: {'nlayers': 10, 'hidden_size': 602, 'dropout': 0.46403503592185424, 'learning_rate': 0.002693488989736681, 'batch_size': 3866}. Best is trial 2962 with value: 0.004397486247122288.[0m
[32m[I 2022-11-04 07:58:31,414][0m Trial 2966 finished with value: 0.004452897153794765 and parameters: {'nlayers': 10, 'hidden_size': 661, 'dropout': 0.46248407028408034, 'learning_rate': 0.0025218505604191117, 'batch_size': 4000}. Best is trial 2962 with value: 0.004397486247122288.[0m
[32m[I 2022-11-04 07:58:33,382][0m Trial 2967 finished with value: 0.1065571602568569 and parameters: {'nlayers': 10, 'hidden_size': 585, 'dropout': 0.4512361095386297, 'learning_rate': 0.002615806416843827, 'batch_size': 166}. Best is trial 2962 with value: 0.004397486247122288.[0m
[32m[I 2022-11-04 07:58:52,657][0m Trial 2968 finished with value: 0.004791264197765253 and parameters: {'nlayers': 10, 'hidden_size': 716, 'dropout': 0.45519725918331855, 'learning_rate': 0.0028930660335412728, 'batch_size': 3705}. Best is trial 2962 with value: 0.004397486247122288.[0m
[32m[I 2022-11-04 07:59:08,300][0m Trial 2969 finished with value: 0.004497164587912684 and parameters: {'nlayers': 10, 'hidden_size': 593, 'dropout': 0.4594576229488184, 'learning_rate': 0.0027372193145552177, 'batch_size': 3931}. Best is trial 2962 with value: 0.004397486247122288.[0m
[32m[I 2022-11-04 07:59:26,473][0m Trial 2970 finished with value: 0.004601497982823571 and parameters: {'nlayers': 10, 'hidden_size': 661, 'dropout': 0.4574960353496598, 'learning_rate': 0.0025258767082198463, 'batch_size': 3870}. Best is trial 2962 with value: 0.004397486247122288.[0m
[32m[I 2022-11-04 07:59:41,056][0m Trial 2971 finished with value: 0.004525098354270073 and parameters: {'nlayers': 10, 'hidden_size': 561, 'dropout': 0.45055128003789, 'learning_rate': 0.002367768899372925, 'batch_size': 3923}. Best is trial 2962 with value: 0.004397486247122288.[0m
[32m[I 2022-11-04 07:59:57,498][0m Trial 2972 finished with value: 0.0046648135949684975 and parameters: {'nlayers': 11, 'hidden_size': 586, 'dropout': 0.45294866079783536, 'learning_rate': 0.002817660032025123, 'batch_size': 3805}. Best is trial 2962 with value: 0.004397486247122288.[0m
[32m[I 2022-11-04 08:00:17,324][0m Trial 2973 finished with value: 0.004547363839357955 and parameters: {'nlayers': 10, 'hidden_size': 687, 'dropout': 0.4490197069460292, 'learning_rate': 0.0023540982649750642, 'batch_size': 3934}. Best is trial 2962 with value: 0.004397486247122288.[0m
[32m[I 2022-11-04 08:00:34,484][0m Trial 2974 finished with value: 0.006063361637593941 and parameters: {'nlayers': 11, 'hidden_size': 736, 'dropout': 0.4498313926400547, 'learning_rate': 0.0026722348296092683, 'batch_size': 2934}. Best is trial 2962 with value: 0.004397486247122288.[0m
[32m[I 2022-11-04 08:00:52,614][0m Trial 2975 finished with value: 0.0044355011209845545 and parameters: {'nlayers': 10, 'hidden_size': 645, 'dropout': 0.4557975562362658, 'learning_rate': 0.0029033182599519686, 'batch_size': 4000}. Best is trial 2962 with value: 0.004397486247122288.[0m
[32m[I 2022-11-04 08:01:09,008][0m Trial 2976 finished with value: 0.004594250476375743 and parameters: {'nlayers': 11, 'hidden_size': 574, 'dropout': 0.4559090318769887, 'learning_rate': 0.0025709976026092084, 'batch_size': 3865}. Best is trial 2962 with value: 0.004397486247122288.[0m
[32m[I 2022-11-04 08:01:34,390][0m Trial 2977 finished with value: 0.004682446417524791 and parameters: {'nlayers': 10, 'hidden_size': 806, 'dropout': 0.4494895213058464, 'learning_rate': 0.0029195296019529464, 'batch_size': 3798}. Best is trial 2962 with value: 0.004397486247122288.[0m
[32m[I 2022-11-04 08:01:49,207][0m Trial 2978 finished with value: 0.004514489485200043 and parameters: {'nlayers': 11, 'hidden_size': 552, 'dropout': 0.46147124401327133, 'learning_rate': 0.0025007151414140477, 'batch_size': 3925}. Best is trial 2962 with value: 0.004397486247122288.[0m
[32m[I 2022-11-04 08:02:06,648][0m Trial 2979 finished with value: 0.004622433266261541 and parameters: {'nlayers': 10, 'hidden_size': 643, 'dropout': 0.47145409023559653, 'learning_rate': 0.0026790378906272573, 'batch_size': 3871}. Best is trial 2962 with value: 0.004397486247122288.[0m
[32m[I 2022-11-04 08:02:12,575][0m Trial 2980 finished with value: 0.030894123004919918 and parameters: {'nlayers': 11, 'hidden_size': 691, 'dropout': 0.4576461560097939, 'learning_rate': 0.002775778410923415, 'batch_size': 579}. Best is trial 2962 with value: 0.004397486247122288.[0m
[32m[I 2022-11-04 08:02:27,144][0m Trial 2981 finished with value: 0.004515592948448024 and parameters: {'nlayers': 10, 'hidden_size': 564, 'dropout': 0.4426423966622882, 'learning_rate': 0.002721456629955666, 'batch_size': 3929}. Best is trial 2962 with value: 0.004397486247122288.[0m
[32m[I 2022-11-04 08:02:44,392][0m Trial 2982 finished with value: 0.004436835862696171 and parameters: {'nlayers': 10, 'hidden_size': 626, 'dropout': 0.4499651499415397, 'learning_rate': 0.002385343537951842, 'batch_size': 4000}. Best is trial 2962 with value: 0.004397486247122288.[0m
[32m[I 2022-11-04 08:02:59,017][0m Trial 2983 finished with value: 0.00467092991505481 and parameters: {'nlayers': 11, 'hidden_size': 557, 'dropout': 0.4671435995024328, 'learning_rate': 0.0028935860633376082, 'batch_size': 3783}. Best is trial 2962 with value: 0.004397486247122288.[0m
[32m[I 2022-11-04 08:03:11,739][0m Trial 2984 finished with value: 0.004527921585520361 and parameters: {'nlayers': 10, 'hidden_size': 516, 'dropout': 0.44487335616008167, 'learning_rate': 0.0024812912771202326, 'batch_size': 3925}. Best is trial 2962 with value: 0.004397486247122288.[0m
[32m[I 2022-11-04 08:03:33,602][0m Trial 2985 finished with value: 0.004766490569963077 and parameters: {'nlayers': 11, 'hidden_size': 717, 'dropout': 0.4721550749989361, 'learning_rate': 0.00235244787183859, 'batch_size': 3732}. Best is trial 2962 with value: 0.004397486247122288.[0m
[32m[I 2022-11-04 08:03:49,940][0m Trial 2986 finished with value: 0.004626998480267431 and parameters: {'nlayers': 10, 'hidden_size': 611, 'dropout': 0.4594919413319678, 'learning_rate': 0.002955238439857245, 'batch_size': 3884}. Best is trial 2962 with value: 0.004397486247122288.[0m
[32m[I 2022-11-04 08:04:04,168][0m Trial 2987 finished with value: 0.004501074074788858 and parameters: {'nlayers': 11, 'hidden_size': 540, 'dropout': 0.4535525394580258, 'learning_rate': 0.0026499004414963674, 'batch_size': 3930}. Best is trial 2962 with value: 0.004397486247122288.[0m
[32m[I 2022-11-04 08:04:20,313][0m Trial 2988 finished with value: 0.0044515224173665045 and parameters: {'nlayers': 10, 'hidden_size': 594, 'dropout': 0.47685372763008843, 'learning_rate': 0.002908763812211329, 'batch_size': 4000}. Best is trial 2962 with value: 0.004397486247122288.[0m
[32m[I 2022-11-04 08:04:41,382][0m Trial 2989 finished with value: 0.004623450181063484 and parameters: {'nlayers': 11, 'hidden_size': 700, 'dropout': 0.4594432922103223, 'learning_rate': 0.002272577359011966, 'batch_size': 3825}. Best is trial 2962 with value: 0.004397486247122288.[0m
[32m[I 2022-11-04 08:04:54,311][0m Trial 2990 finished with value: 0.0045387792095633 and parameters: {'nlayers': 10, 'hidden_size': 532, 'dropout': 0.4670093107860872, 'learning_rate': 0.0007005310246752496, 'batch_size': 3928}. Best is trial 2962 with value: 0.004397486247122288.[0m
[32m[I 2022-11-04 08:05:17,009][0m Trial 2991 finished with value: 0.004643505127199235 and parameters: {'nlayers': 10, 'hidden_size': 766, 'dropout': 0.4409487939213147, 'learning_rate': 3.3835662732297064e-05, 'batch_size': 3875}. Best is trial 2962 with value: 0.004397486247122288.[0m
[32m[I 2022-11-04 08:05:30,454][0m Trial 2992 finished with value: 0.004639875760743204 and parameters: {'nlayers': 11, 'hidden_size': 520, 'dropout': 0.4655620647548017, 'learning_rate': 0.0025597725953949656, 'batch_size': 3816}. Best is trial 2962 with value: 0.004397486247122288.[0m
[32m[I 2022-11-04 08:05:49,336][0m Trial 2993 finished with value: 0.004476205154802549 and parameters: {'nlayers': 10, 'hidden_size': 667, 'dropout': 0.4485552097355946, 'learning_rate': 0.0024244305869943277, 'batch_size': 3933}. Best is trial 2962 with value: 0.004397486247122288.[0m
[32m[I 2022-11-04 08:06:04,583][0m Trial 2994 finished with value: 0.004509251974447196 and parameters: {'nlayers': 10, 'hidden_size': 579, 'dropout': 0.48440209213115737, 'learning_rate': 0.002866558121206517, 'batch_size': 3928}. Best is trial 2962 with value: 0.004397486247122288.[0m
[32m[I 2022-11-04 08:06:32,807][0m Trial 2995 finished with value: 0.004774994737142922 and parameters: {'nlayers': 11, 'hidden_size': 835, 'dropout': 0.47182697253527345, 'learning_rate': 0.0023056868345001876, 'batch_size': 3734}. Best is trial 2962 with value: 0.004397486247122288.[0m
[32m[I 2022-11-04 08:07:07,962][0m Trial 2996 finished with value: 0.0046135600401748045 and parameters: {'nlayers': 9, 'hidden_size': 1084, 'dropout': 0.46236205996949564, 'learning_rate': 0.0026825797787089194, 'batch_size': 3864}. Best is trial 2962 with value: 0.004397486247122288.[0m
[32m[I 2022-11-04 08:07:26,343][0m Trial 2997 finished with value: 0.004528737801281526 and parameters: {'nlayers': 10, 'hidden_size': 661, 'dropout': 0.45347682402733225, 'learning_rate': 0.004756788339524237, 'batch_size': 3927}. Best is trial 2962 with value: 0.004397486247122288.[0m
[32m[I 2022-11-04 08:07:45,215][0m Trial 2998 finished with value: 0.004442502324597243 and parameters: {'nlayers': 11, 'hidden_size': 626, 'dropout': 0.10938972471630592, 'learning_rate': 0.0008835165888831209, 'batch_size': 3999}. Best is trial 2962 with value: 0.004397486247122288.[0m
