[32m[I 2022-11-04 01:59:39,786][0m Trial 1665 finished with value: 0.004619308513012165 and parameters: {'nlayers': 9, 'hidden_size': 881, 'dropout': 0.3340770401681414, 'learning_rate': 0.0036376766119538377, 'batch_size': 3859}. Best is trial 1603 with value: 0.004398547172546387.[0m
[32m[I 2022-11-04 01:59:44,832][0m Trial 1666 finished with value: 0.0045160879312277444 and parameters: {'nlayers': 7, 'hidden_size': 241, 'dropout': 0.3621673812840195, 'learning_rate': 0.005033620356387839, 'batch_size': 3930}. Best is trial 1603 with value: 0.004398547172546387.[0m
[32m[I 2022-11-04 01:59:50,625][0m Trial 1667 finished with value: 0.0052670931954181335 and parameters: {'nlayers': 8, 'hidden_size': 350, 'dropout': 0.3218262597241081, 'learning_rate': 0.0031445837528812333, 'batch_size': 3367}. Best is trial 1603 with value: 0.004398547172546387.[0m
[32m[I 2022-11-04 01:59:56,006][0m Trial 1668 finished with value: 0.004416719995439053 and parameters: {'nlayers': 12, 'hidden_size': 159, 'dropout': 0.18535813903535145, 'learning_rate': 0.0039772764256694555, 'batch_size': 4000}. Best is trial 1603 with value: 0.004398547172546387.[0m
[32m[I 2022-11-04 02:00:00,750][0m Trial 1669 finished with value: 0.004522114923961525 and parameters: {'nlayers': 13, 'hidden_size': 102, 'dropout': 0.19942171991585322, 'learning_rate': 0.0034845155015489813, 'batch_size': 3934}. Best is trial 1603 with value: 0.004398547172546387.[0m
[32m[I 2022-11-04 02:00:05,344][0m Trial 1670 finished with value: 0.00463918001790831 and parameters: {'nlayers': 12, 'hidden_size': 124, 'dropout': 0.20562880083427754, 'learning_rate': 0.003863808797430247, 'batch_size': 3806}. Best is trial 1603 with value: 0.004398547172546387.[0m
[32m[I 2022-11-04 02:00:10,057][0m Trial 1671 finished with value: 0.004499615906638003 and parameters: {'nlayers': 13, 'hidden_size': 110, 'dropout': 0.18522719699106993, 'learning_rate': 0.003679750995463821, 'batch_size': 3931}. Best is trial 1603 with value: 0.004398547172546387.[0m
[32m[I 2022-11-04 02:00:14,624][0m Trial 1672 finished with value: 0.004612683545642319 and parameters: {'nlayers': 12, 'hidden_size': 119, 'dropout': 0.16848874206777564, 'learning_rate': 0.00329757685821917, 'batch_size': 3851}. Best is trial 1603 with value: 0.004398547172546387.[0m
[32m[I 2022-11-04 02:00:19,312][0m Trial 1673 finished with value: 0.0047708823876355284 and parameters: {'nlayers': 13, 'hidden_size': 118, 'dropout': 0.1711863963021718, 'learning_rate': 0.003081501173025688, 'batch_size': 3720}. Best is trial 1603 with value: 0.004398547172546387.[0m
[32m[I 2022-11-04 02:00:25,132][0m Trial 1674 finished with value: 0.004529983668867925 and parameters: {'nlayers': 12, 'hidden_size': 200, 'dropout': 0.1808517258202211, 'learning_rate': 0.003524541467649877, 'batch_size': 3934}. Best is trial 1603 with value: 0.004398547172546387.[0m
[32m[I 2022-11-04 02:00:28,372][0m Trial 1675 finished with value: 0.0045278046732184175 and parameters: {'nlayers': 4, 'hidden_size': 134, 'dropout': 0.19031181357318316, 'learning_rate': 0.003921305472298471, 'batch_size': 3931}. Best is trial 1603 with value: 0.004398547172546387.[0m
[32m[I 2022-11-04 02:00:34,228][0m Trial 1676 finished with value: 0.004615142655211693 and parameters: {'nlayers': 13, 'hidden_size': 189, 'dropout': 0.15926826343264686, 'learning_rate': 0.0033456486701063026, 'batch_size': 3852}. Best is trial 1603 with value: 0.004398547172546387.[0m
[32m[I 2022-11-04 02:00:39,452][0m Trial 1677 finished with value: 0.004413721246483149 and parameters: {'nlayers': 12, 'hidden_size': 156, 'dropout': 0.21779841471821876, 'learning_rate': 0.0017108848008821188, 'batch_size': 3997}. Best is trial 1603 with value: 0.004398547172546387.[0m
[32m[I 2022-11-04 02:00:43,847][0m Trial 1678 finished with value: 0.004685442069145373 and parameters: {'nlayers': 13, 'hidden_size': 106, 'dropout': 0.17560156161561655, 'learning_rate': 0.001367563952326457, 'batch_size': 3795}. Best is trial 1603 with value: 0.004398547172546387.[0m
[32m[I 2022-11-04 02:00:48,278][0m Trial 1679 finished with value: 0.004434221823433747 and parameters: {'nlayers': 13, 'hidden_size': 84, 'dropout': 0.16482856662010525, 'learning_rate': 0.001718230175919194, 'batch_size': 3998}. Best is trial 1603 with value: 0.004398547172546387.[0m
[32m[I 2022-11-04 02:00:53,599][0m Trial 1680 finished with value: 0.004434860642699375 and parameters: {'nlayers': 12, 'hidden_size': 153, 'dropout': 0.17882401268286138, 'learning_rate': 0.0015848401394699685, 'batch_size': 3998}. Best is trial 1603 with value: 0.004398547172546387.[0m
[32m[I 2022-11-04 02:00:57,706][0m Trial 1681 finished with value: 0.004588459218147815 and parameters: {'nlayers': 13, 'hidden_size': 76, 'dropout': 0.18760648878598296, 'learning_rate': 0.0016407182758962546, 'batch_size': 3858}. Best is trial 1603 with value: 0.004398547172546387.[0m
[32m[I 2022-11-04 02:01:01,859][0m Trial 1682 finished with value: 0.004508152297058047 and parameters: {'nlayers': 12, 'hidden_size': 82, 'dropout': 0.18007971186406802, 'learning_rate': 0.0014054148394334349, 'batch_size': 3931}. Best is trial 1603 with value: 0.004398547172546387.[0m
[32m[I 2022-11-04 02:01:05,878][0m Trial 1683 finished with value: 0.004602663690287292 and parameters: {'nlayers': 13, 'hidden_size': 71, 'dropout': 0.19442573546560976, 'learning_rate': 0.0015133865166346407, 'batch_size': 3873}. Best is trial 1603 with value: 0.004398547172546387.[0m
[32m[I 2022-11-04 02:01:11,194][0m Trial 1684 finished with value: 0.00443916005641222 and parameters: {'nlayers': 12, 'hidden_size': 153, 'dropout': 0.19512299461691288, 'learning_rate': 0.001172832772127336, 'batch_size': 4000}. Best is trial 1603 with value: 0.004398547172546387.[0m
[32m[I 2022-11-04 02:01:14,753][0m Trial 1685 finished with value: 0.004750531373032914 and parameters: {'nlayers': 14, 'hidden_size': 26, 'dropout': 0.23268459148886114, 'learning_rate': 0.0015577043318280312, 'batch_size': 3739}. Best is trial 1603 with value: 0.004398547172546387.[0m
[32m[I 2022-11-04 02:01:19,724][0m Trial 1686 finished with value: 0.004417503033655176 and parameters: {'nlayers': 12, 'hidden_size': 136, 'dropout': 0.20756534710637223, 'learning_rate': 0.0017075773490098753, 'batch_size': 3998}. Best is trial 1603 with value: 0.004398547172546387.[0m
[32m[I 2022-11-04 02:01:23,244][0m Trial 1687 finished with value: 0.005840876793869255 and parameters: {'nlayers': 13, 'hidden_size': 109, 'dropout': 0.19013455182118538, 'learning_rate': 0.001780311915481086, 'batch_size': 3031}. Best is trial 1603 with value: 0.004398547172546387.[0m
[32m[I 2022-11-04 02:01:26,551][0m Trial 1688 finished with value: 0.0045064308371417635 and parameters: {'nlayers': 12, 'hidden_size': 32, 'dropout': 0.20631873120538952, 'learning_rate': 0.001409829676090596, 'batch_size': 3928}. Best is trial 1603 with value: 0.004398547172546387.[0m
[32m[I 2022-11-04 02:01:30,750][0m Trial 1689 finished with value: 0.004583536969270272 and parameters: {'nlayers': 13, 'hidden_size': 84, 'dropout': 0.21940491124165054, 'learning_rate': 0.0017088723213519088, 'batch_size': 3864}. Best is trial 1603 with value: 0.004398547172546387.[0m
[32m[I 2022-11-04 02:01:35,077][0m Trial 1690 finished with value: 0.004432821800077838 and parameters: {'nlayers': 14, 'hidden_size': 61, 'dropout': 0.1946880662484523, 'learning_rate': 0.0013060103001996187, 'batch_size': 3998}. Best is trial 1603 with value: 0.004398547172546387.[0m
[32m[I 2022-11-04 02:01:38,352][0m Trial 1691 finished with value: 0.004674048336334409 and parameters: {'nlayers': 12, 'hidden_size': 11, 'dropout': 0.21332871111081625, 'learning_rate': 0.0018103882858186134, 'batch_size': 3804}. Best is trial 1603 with value: 0.004398547172546387.[0m
[32m[I 2022-11-04 02:01:43,547][0m Trial 1692 finished with value: 0.004453441558047574 and parameters: {'nlayers': 13, 'hidden_size': 136, 'dropout': 0.19785026630848798, 'learning_rate': 0.0018408850257945377, 'batch_size': 3999}. Best is trial 1603 with value: 0.004398547172546387.[0m
[32m[I 2022-11-04 02:01:48,331][0m Trial 1693 finished with value: 0.004525763032083609 and parameters: {'nlayers': 12, 'hidden_size': 136, 'dropout': 0.21231191303841887, 'learning_rate': 0.001747086705500565, 'batch_size': 3920}. Best is trial 1603 with value: 0.004398547172546387.[0m
[32m[I 2022-11-04 02:01:52,168][0m Trial 1694 finished with value: 0.004573726920296048 and parameters: {'nlayers': 12, 'hidden_size': 59, 'dropout': 0.1985171710655609, 'learning_rate': 0.001435181971279516, 'batch_size': 3873}. Best is trial 1603 with value: 0.004398547172546387.[0m
[32m[I 2022-11-04 02:01:57,511][0m Trial 1695 finished with value: 0.004504935369918234 and parameters: {'nlayers': 13, 'hidden_size': 150, 'dropout': 0.17885293493843238, 'learning_rate': 0.0017712733472799945, 'batch_size': 3934}. Best is trial 1603 with value: 0.004398547172546387.[0m
[32m[I 2022-11-04 02:02:02,935][0m Trial 1696 finished with value: 0.004670502366458816 and parameters: {'nlayers': 14, 'hidden_size': 158, 'dropout': 0.21965042593387, 'learning_rate': 0.001579886891167029, 'batch_size': 3792}. Best is trial 1603 with value: 0.004398547172546387.[0m
[32m[I 2022-11-04 02:02:07,905][0m Trial 1697 finished with value: 0.00452648759403777 and parameters: {'nlayers': 12, 'hidden_size': 142, 'dropout': 0.2058886791910712, 'learning_rate': 0.0014782594447216855, 'batch_size': 3931}. Best is trial 1603 with value: 0.004398547172546387.[0m
[32m[I 2022-11-04 02:02:11,843][0m Trial 1698 finished with value: 0.004414882398182286 and parameters: {'nlayers': 13, 'hidden_size': 36, 'dropout': 0.19104279110086067, 'learning_rate': 0.0016312572108679645, 'batch_size': 3999}. Best is trial 1603 with value: 0.004398547172546387.[0m
[32m[I 2022-11-04 02:02:15,199][0m Trial 1699 finished with value: 0.004652547500633017 and parameters: {'nlayers': 12, 'hidden_size': 7, 'dropout': 0.17092496743621735, 'learning_rate': 0.0017076652580498668, 'batch_size': 3871}. Best is trial 1603 with value: 0.004398547172546387.[0m
[32m[I 2022-11-04 02:02:19,591][0m Trial 1700 finished with value: 0.004963064187049064 and parameters: {'nlayers': 19, 'hidden_size': 57, 'dropout': 0.17805165106477522, 'learning_rate': 0.001887097411611179, 'batch_size': 3571}. Best is trial 1603 with value: 0.004398547172546387.[0m
[32m[I 2022-11-04 02:02:23,745][0m Trial 1701 finished with value: 0.004752354020707959 and parameters: {'nlayers': 12, 'hidden_size': 100, 'dropout': 0.1862245139994816, 'learning_rate': 0.0013462471735188894, 'batch_size': 3716}. Best is trial 1603 with value: 0.004398547172546387.[0m
[32m[I 2022-11-04 02:02:28,923][0m Trial 1702 finished with value: 0.004435046814382076 and parameters: {'nlayers': 12, 'hidden_size': 137, 'dropout': 0.19160407342499827, 'learning_rate': 0.0015862454732324702, 'batch_size': 4000}. Best is trial 1603 with value: 0.004398547172546387.[0m
[32m[I 2022-11-04 02:02:32,351][0m Trial 1703 finished with value: 0.004582884180215613 and parameters: {'nlayers': 12, 'hidden_size': 56, 'dropout': 0.20351551108115642, 'learning_rate': 0.0013043918509822543, 'batch_size': 3863}. Best is trial 1603 with value: 0.004398547172546387.[0m
[32m[I 2022-11-04 02:02:36,270][0m Trial 1704 finished with value: 0.004500490373934195 and parameters: {'nlayers': 13, 'hidden_size': 49, 'dropout': 0.18488495044013384, 'learning_rate': 0.00159759862718761, 'batch_size': 3930}. Best is trial 1603 with value: 0.004398547172546387.[0m
[32m[I 2022-11-04 02:02:40,481][0m Trial 1705 finished with value: 0.004447104543946808 and parameters: {'nlayers': 13, 'hidden_size': 68, 'dropout': 0.19849428050572224, 'learning_rate': 0.0016904814732702279, 'batch_size': 3999}. Best is trial 1603 with value: 0.004398547172546387.[0m
[32m[I 2022-11-04 02:02:44,046][0m Trial 1706 finished with value: 0.004678915703258977 and parameters: {'nlayers': 12, 'hidden_size': 34, 'dropout': 0.1838590058035576, 'learning_rate': 0.001466524214471133, 'batch_size': 3796}. Best is trial 1603 with value: 0.004398547172546387.[0m
[32m[I 2022-11-04 02:02:47,695][0m Trial 1707 finished with value: 0.004594758665466111 and parameters: {'nlayers': 13, 'hidden_size': 29, 'dropout': 0.18735019958060012, 'learning_rate': 0.001199773049659694, 'batch_size': 3867}. Best is trial 1603 with value: 0.004398547172546387.[0m
[32m[I 2022-11-04 02:02:51,541][0m Trial 1708 finished with value: 0.004502640335886562 and parameters: {'nlayers': 12, 'hidden_size': 57, 'dropout': 0.19048589087352946, 'learning_rate': 0.0018762005184997993, 'batch_size': 3926}. Best is trial 1603 with value: 0.004398547172546387.[0m
[32m[I 2022-11-04 02:02:55,912][0m Trial 1709 finished with value: 0.004453612312674523 and parameters: {'nlayers': 12, 'hidden_size': 93, 'dropout': 0.2111754081524178, 'learning_rate': 0.0017563983352092442, 'batch_size': 4000}. Best is trial 1603 with value: 0.004398547172546387.[0m
[32m[I 2022-11-04 02:02:57,883][0m Trial 1710 finished with value: 0.006477799500427107 and parameters: {'nlayers': 8, 'hidden_size': 44, 'dropout': 0.19800275854055954, 'learning_rate': 0.0015488430449705516, 'batch_size': 2740}. Best is trial 1603 with value: 0.004398547172546387.[0m
[32m[I 2022-11-04 02:03:01,019][0m Trial 1711 finished with value: 0.004779851272732566 and parameters: {'nlayers': 12, 'hidden_size': 2, 'dropout': 0.19218500910618738, 'learning_rate': 0.0013133676655996574, 'batch_size': 3928}. Best is trial 1603 with value: 0.004398547172546387.[0m
[32m[I 2022-11-04 02:03:04,317][0m Trial 1712 finished with value: 0.004685140046018459 and parameters: {'nlayers': 7, 'hidden_size': 112, 'dropout': 0.1852113334593159, 'learning_rate': 0.0016906978072021594, 'batch_size': 3806}. Best is trial 1603 with value: 0.004398547172546387.[0m
[32m[I 2022-11-04 02:03:07,264][0m Trial 1713 finished with value: 0.008810519606723109 and parameters: {'nlayers': 17, 'hidden_size': 117, 'dropout': 0.1967462669913613, 'learning_rate': 0.001993121635366509, 'batch_size': 2003}. Best is trial 1603 with value: 0.004398547172546387.[0m
[32m[I 2022-11-04 02:03:11,697][0m Trial 1714 finished with value: 0.0044579601037377055 and parameters: {'nlayers': 13, 'hidden_size': 85, 'dropout': 0.1995043635595795, 'learning_rate': 0.0019282290157899248, 'batch_size': 3998}. Best is trial 1603 with value: 0.004398547172546387.[0m
[32m[I 2022-11-04 02:03:15,192][0m Trial 1715 finished with value: 0.004627045348929816 and parameters: {'nlayers': 12, 'hidden_size': 23, 'dropout': 0.20462872120897527, 'learning_rate': 0.0011955049305751113, 'batch_size': 3869}. Best is trial 1603 with value: 0.004398547172546387.[0m
[32m[I 2022-11-04 02:03:18,715][0m Trial 1716 finished with value: 0.004552679206791645 and parameters: {'nlayers': 13, 'hidden_size': 9, 'dropout': 0.2140536193990182, 'learning_rate': 0.0014262967777499698, 'batch_size': 3916}. Best is trial 1603 with value: 0.004398547172546387.[0m
[32m[I 2022-11-04 02:03:25,315][0m Trial 1717 finished with value: 0.0047934403719448885 and parameters: {'nlayers': 17, 'hidden_size': 177, 'dropout': 0.1889684186353687, 'learning_rate': 0.0016225876507975153, 'batch_size': 3704}. Best is trial 1603 with value: 0.004398547172546387.[0m
[32m[I 2022-11-04 02:03:29,866][0m Trial 1718 finished with value: 0.00448810029964583 and parameters: {'nlayers': 12, 'hidden_size': 115, 'dropout': 0.20555772896069327, 'learning_rate': 0.001901736852379619, 'batch_size': 3928}. Best is trial 1603 with value: 0.004398547172546387.[0m
[32m[I 2022-11-04 02:03:33,543][0m Trial 1719 finished with value: 0.004668457347492711 and parameters: {'nlayers': 6, 'hidden_size': 164, 'dropout': 0.17352225921998324, 'learning_rate': 0.0016712471830381266, 'batch_size': 3808}. Best is trial 1603 with value: 0.004398547172546387.[0m
[32m[I 2022-11-04 02:03:40,637][0m Trial 1720 finished with value: 0.004404362193284318 and parameters: {'nlayers': 18, 'hidden_size': 169, 'dropout': 0.190498636020648, 'learning_rate': 0.0017735499057138944, 'batch_size': 3999}. Best is trial 1603 with value: 0.004398547172546387.[0m
[32m[I 2022-11-04 02:03:47,871][0m Trial 1721 finished with value: 0.004556893563849075 and parameters: {'nlayers': 18, 'hidden_size': 183, 'dropout': 0.20196893807847907, 'learning_rate': 0.0018686025253296134, 'batch_size': 3874}. Best is trial 1603 with value: 0.004398547172546387.[0m
[32m[I 2022-11-04 02:03:54,821][0m Trial 1722 finished with value: 0.0045411749278096054 and parameters: {'nlayers': 20, 'hidden_size': 147, 'dropout': 0.17364816091838692, 'learning_rate': 0.0018834450376232553, 'batch_size': 3917}. Best is trial 1603 with value: 0.004398547172546387.[0m
[32m[I 2022-11-04 02:04:02,474][0m Trial 1723 finished with value: 0.0047279106950721935 and parameters: {'nlayers': 19, 'hidden_size': 195, 'dropout': 0.15021333235455098, 'learning_rate': 0.001493840330489772, 'batch_size': 3769}. Best is trial 1603 with value: 0.004398547172546387.[0m
[32m[I 2022-11-04 02:04:07,086][0m Trial 1724 finished with value: 0.004421329982578754 and parameters: {'nlayers': 8, 'hidden_size': 181, 'dropout': 0.17285936553424722, 'learning_rate': 0.0019695422229088137, 'batch_size': 4000}. Best is trial 1603 with value: 0.004398547172546387.[0m
[32m[I 2022-11-04 02:04:13,104][0m Trial 1725 finished with value: 0.0044446269571781155 and parameters: {'nlayers': 20, 'hidden_size': 106, 'dropout': 0.18085899177043496, 'learning_rate': 0.0019370838164763282, 'batch_size': 4000}. Best is trial 1603 with value: 0.004398547172546387.[0m
[32m[I 2022-11-04 02:04:21,230][0m Trial 1726 finished with value: 0.004590174967216977 and parameters: {'nlayers': 22, 'hidden_size': 192, 'dropout': 0.18128267181225027, 'learning_rate': 0.0017292912063018862, 'batch_size': 3868}. Best is trial 1603 with value: 0.004398547172546387.[0m
[32m[I 2022-11-04 02:04:28,371][0m Trial 1727 finished with value: 0.0045342482038134525 and parameters: {'nlayers': 18, 'hidden_size': 192, 'dropout': 0.1902490425580239, 'learning_rate': 0.0015662539020690825, 'batch_size': 3926}. Best is trial 1603 with value: 0.004398547172546387.[0m
[32m[I 2022-11-04 02:04:33,508][0m Trial 1728 finished with value: 0.004449074813561846 and parameters: {'nlayers': 9, 'hidden_size': 202, 'dropout': 0.1658665994425039, 'learning_rate': 0.0020354996617369995, 'batch_size': 3999}. Best is trial 1603 with value: 0.004398547172546387.[0m
[32m[I 2022-11-04 02:04:37,940][0m Trial 1729 finished with value: 0.0046501518266291175 and parameters: {'nlayers': 9, 'hidden_size': 175, 'dropout': 0.18178781415622658, 'learning_rate': 0.001041441385234389, 'batch_size': 3808}. Best is trial 1603 with value: 0.004398547172546387.[0m
[32m[I 2022-11-04 02:04:39,821][0m Trial 1730 finished with value: 0.017020448768772366 and parameters: {'nlayers': 19, 'hidden_size': 73, 'dropout': 0.19059163843130983, 'learning_rate': 0.0017770635955162387, 'batch_size': 1035}. Best is trial 1603 with value: 0.004398547172546387.[0m
[32m[I 2022-11-04 02:04:43,809][0m Trial 1731 finished with value: 0.004588562724020411 and parameters: {'nlayers': 18, 'hidden_size': 11, 'dropout': 0.1889231519261089, 'learning_rate': 0.0014632148896265638, 'batch_size': 3874}. Best is trial 1603 with value: 0.004398547172546387.[0m
[32m[I 2022-11-04 02:04:51,736][0m Trial 1732 finished with value: 0.004505119738279181 and parameters: {'nlayers': 20, 'hidden_size': 188, 'dropout': 0.18174318991313893, 'learning_rate': 0.0012851548482639475, 'batch_size': 3931}. Best is trial 1603 with value: 0.004398547172546387.[0m
[32m[I 2022-11-04 02:05:00,317][0m Trial 1733 finished with value: 0.004551825684527516 and parameters: {'nlayers': 21, 'hidden_size': 194, 'dropout': 0.17320263112869794, 'learning_rate': 0.002039875338839656, 'batch_size': 3928}. Best is trial 1603 with value: 0.004398547172546387.[0m
[32m[I 2022-11-04 02:05:08,116][0m Trial 1734 finished with value: 0.004873524553885706 and parameters: {'nlayers': 18, 'hidden_size': 221, 'dropout': 0.18550337746856396, 'learning_rate': 0.0017627006297106932, 'batch_size': 3644}. Best is trial 1603 with value: 0.004398547172546387.[0m
[32m[I 2022-11-04 02:05:14,174][0m Trial 1735 finished with value: 0.00445036512221298 and parameters: {'nlayers': 19, 'hidden_size': 116, 'dropout': 0.19518423978084423, 'learning_rate': 0.0020332503576854792, 'batch_size': 3999}. Best is trial 1603 with value: 0.004398547172546387.[0m
[32m[I 2022-11-04 02:05:20,025][0m Trial 1736 finished with value: 0.004463790483772755 and parameters: {'nlayers': 21, 'hidden_size': 93, 'dropout': 0.1673259198416543, 'learning_rate': 0.0015633117357374297, 'batch_size': 4000}. Best is trial 1603 with value: 0.004398547172546387.[0m
[32m[I 2022-11-04 02:05:26,763][0m Trial 1737 finished with value: 0.004670068238752953 and parameters: {'nlayers': 19, 'hidden_size': 159, 'dropout': 0.196640404763027, 'learning_rate': 0.0013363594452276322, 'batch_size': 3814}. Best is trial 1603 with value: 0.004398547172546387.[0m
[32m[I 2022-11-04 02:05:32,137][0m Trial 1738 finished with value: 0.004610965376414299 and parameters: {'nlayers': 18, 'hidden_size': 99, 'dropout': 0.17487038396900725, 'learning_rate': 0.0016175467373269877, 'batch_size': 3859}. Best is trial 1603 with value: 0.004398547172546387.[0m
[32m[I 2022-11-04 02:05:41,371][0m Trial 1739 finished with value: 0.004543230328391094 and parameters: {'nlayers': 21, 'hidden_size': 222, 'dropout': 0.1563821980852272, 'learning_rate': 0.0019621042348033743, 'batch_size': 3927}. Best is trial 1603 with value: 0.004398547172546387.[0m
