[32m[I 2022-11-03 18:51:30,553][0m Trial 151 finished with value: 0.004507319739277092 and parameters: {'nlayers': 6, 'hidden_size': 538, 'dropout': 0.48649385701253295, 'learning_rate': 0.0019765024842658555, 'batch_size': 3939}. Best is trial 31 with value: 0.004418185732147476.[0m
[32m[I 2022-11-03 18:51:36,326][0m Trial 152 finished with value: 0.004463542342365147 and parameters: {'nlayers': 7, 'hidden_size': 287, 'dropout': 0.4683969299916073, 'learning_rate': 0.0015941183693348418, 'batch_size': 3992}. Best is trial 31 with value: 0.004418185732147476.[0m
[32m[I 2022-11-03 18:51:42,503][0m Trial 153 finished with value: 0.00460918890615849 and parameters: {'nlayers': 5, 'hidden_size': 433, 'dropout': 0.47668755854720246, 'learning_rate': 0.0024457367788227723, 'batch_size': 3866}. Best is trial 31 with value: 0.004418185732147476.[0m
[32m[I 2022-11-03 18:52:19,639][0m Trial 154 finished with value: 0.004465998907137037 and parameters: {'nlayers': 5, 'hidden_size': 1559, 'dropout': 0.34511370596490876, 'learning_rate': 0.001106363462027519, 'batch_size': 3990}. Best is trial 31 with value: 0.004418185732147476.[0m
[32m[I 2022-11-03 18:52:39,590][0m Trial 155 finished with value: 0.004716996882683803 and parameters: {'nlayers': 8, 'hidden_size': 832, 'dropout': 0.3290511738917103, 'learning_rate': 0.002712067803729225, 'batch_size': 3758}. Best is trial 31 with value: 0.004418185732147476.[0m
[32m[I 2022-11-03 18:54:34,267][0m Trial 156 finished with value: 0.004458932451095027 and parameters: {'nlayers': 11, 'hidden_size': 1828, 'dropout': 0.4991226886782913, 'learning_rate': 0.0023178966603325337, 'batch_size': 3998}. Best is trial 31 with value: 0.004418185732147476.[0m
[32m[I 2022-11-03 18:54:40,941][0m Trial 157 finished with value: 0.004583053369150502 and parameters: {'nlayers': 3, 'hidden_size': 693, 'dropout': 0.39053716470597766, 'learning_rate': 0.00172074590323219, 'batch_size': 3901}. Best is trial 31 with value: 0.004418185732147476.[0m
[32m[I 2022-11-03 18:54:50,642][0m Trial 158 finished with value: 0.00466204266243101 and parameters: {'nlayers': 6, 'hidden_size': 581, 'dropout': 0.35652605169598556, 'learning_rate': 0.0021088009544090965, 'batch_size': 3814}. Best is trial 31 with value: 0.004418185732147476.[0m
[32m[I 2022-11-03 18:55:05,091][0m Trial 159 finished with value: 0.00486134270310565 and parameters: {'nlayers': 7, 'hidden_size': 742, 'dropout': 0.475736312897628, 'learning_rate': 0.00260252301065731, 'batch_size': 3655}. Best is trial 31 with value: 0.004418185732147476.[0m
[32m[I 2022-11-03 18:57:09,484][0m Trial 160 finished with value: 0.004435979910194874 and parameters: {'nlayers': 9, 'hidden_size': 2152, 'dropout': 0.40165374663393394, 'learning_rate': 0.0038230468491674916, 'batch_size': 4000}. Best is trial 31 with value: 0.004418185732147476.[0m
[32m[I 2022-11-03 18:58:54,772][0m Trial 161 finished with value: 0.004512950651284276 and parameters: {'nlayers': 9, 'hidden_size': 1949, 'dropout': 0.37724737892099897, 'learning_rate': 0.0041440041486172224, 'batch_size': 3998}. Best is trial 31 with value: 0.004418185732147476.[0m
[32m[I 2022-11-03 19:01:13,542][0m Trial 162 finished with value: 0.004540021050354985 and parameters: {'nlayers': 10, 'hidden_size': 2161, 'dropout': 0.4077203721401042, 'learning_rate': 0.0038265330701406993, 'batch_size': 3904}. Best is trial 31 with value: 0.004418185732147476.[0m
[32m[I 2022-11-03 19:03:04,424][0m Trial 163 finished with value: 0.004573545030727508 and parameters: {'nlayers': 8, 'hidden_size': 2185, 'dropout': 0.4001335260608433, 'learning_rate': 0.009365644075057362, 'batch_size': 3925}. Best is trial 31 with value: 0.004418185732147476.[0m
[32m[I 2022-11-03 19:05:45,769][0m Trial 164 finished with value: 0.004598980494571575 and parameters: {'nlayers': 11, 'hidden_size': 2234, 'dropout': 0.36618937582474714, 'learning_rate': 0.0035644294751546223, 'batch_size': 3848}. Best is trial 31 with value: 0.004418185732147476.[0m
[32m[I 2022-11-03 19:06:14,199][0m Trial 165 finished with value: 0.0046989515172012756 and parameters: {'nlayers': 9, 'hidden_size': 927, 'dropout': 0.45796546002644534, 'learning_rate': 0.004430332990604891, 'batch_size': 3788}. Best is trial 31 with value: 0.004418185732147476.[0m
[32m[I 2022-11-03 19:08:56,809][0m Trial 166 finished with value: 0.0045013813078403474 and parameters: {'nlayers': 10, 'hidden_size': 2315, 'dropout': 0.4886819798667922, 'learning_rate': 0.0038308452413353677, 'batch_size': 4000}. Best is trial 31 with value: 0.004418185732147476.[0m
[32m[I 2022-11-03 19:10:51,866][0m Trial 167 finished with value: 0.004536421515531058 and parameters: {'nlayers': 7, 'hidden_size': 2428, 'dropout': 0.3862413803353835, 'learning_rate': 0.002881036302025785, 'batch_size': 3914}. Best is trial 31 with value: 0.004418185732147476.[0m
[32m[I 2022-11-03 19:11:02,265][0m Trial 168 finished with value: 0.004637290243056489 and parameters: {'nlayers': 8, 'hidden_size': 524, 'dropout': 0.4117393717030995, 'learning_rate': 0.004743008610023891, 'batch_size': 3843}. Best is trial 31 with value: 0.004418185732147476.[0m
[32m[I 2022-11-03 19:12:11,824][0m Trial 169 finished with value: 0.004792518289529675 and parameters: {'nlayers': 6, 'hidden_size': 2092, 'dropout': 0.465849419041358, 'learning_rate': 0.001343491292832771, 'batch_size': 3724}. Best is trial 31 with value: 0.004418185732147476.[0m
[32m[I 2022-11-03 19:16:43,116][0m Trial 170 finished with value: 0.004527769509430107 and parameters: {'nlayers': 12, 'hidden_size': 2758, 'dropout': 0.34706751738354097, 'learning_rate': 0.0019045909055306494, 'batch_size': 3919}. Best is trial 31 with value: 0.004418185732147476.[0m
[32m[I 2022-11-03 19:16:59,149][0m Trial 171 finished with value: 0.00441875291789267 and parameters: {'nlayers': 9, 'hidden_size': 636, 'dropout': 0.4534139854041314, 'learning_rate': 0.0029473165872592713, 'batch_size': 3997}. Best is trial 31 with value: 0.004418185732147476.[0m
[32m[I 2022-11-03 19:17:16,982][0m Trial 172 finished with value: 0.004502463069829074 and parameters: {'nlayers': 10, 'hidden_size': 643, 'dropout': 0.4354167545220801, 'learning_rate': 0.006615123729809603, 'batch_size': 3938}. Best is trial 31 with value: 0.004418185732147476.[0m
[32m[I 2022-11-03 19:17:31,926][0m Trial 173 finished with value: 0.004476571618154306 and parameters: {'nlayers': 9, 'hidden_size': 602, 'dropout': 0.4447819435314043, 'learning_rate': 0.0025068492541499374, 'batch_size': 3999}. Best is trial 31 with value: 0.004418185732147476.[0m
[32m[I 2022-11-03 19:17:54,195][0m Trial 174 finished with value: 0.00467763972426186 and parameters: {'nlayers': 9, 'hidden_size': 782, 'dropout': 0.45433618248086866, 'learning_rate': 0.0030368557222933733, 'batch_size': 3814}. Best is trial 31 with value: 0.004418185732147476.[0m
[32m[I 2022-11-03 19:18:33,551][0m Trial 175 finished with value: 0.008497647060012638 and parameters: {'nlayers': 11, 'hidden_size': 1435, 'dropout': 0.4753286437283428, 'learning_rate': 0.0034127533150795837, 'batch_size': 2114}. Best is trial 31 with value: 0.004418185732147476.[0m
[32m[I 2022-11-03 19:18:43,922][0m Trial 176 finished with value: 0.004457030139863491 and parameters: {'nlayers': 8, 'hidden_size': 497, 'dropout': 0.3727333332878416, 'learning_rate': 0.0022904494190643995, 'batch_size': 4000}. Best is trial 31 with value: 0.004418185732147476.[0m
[32m[I 2022-11-03 19:19:01,219][0m Trial 177 finished with value: 0.004568728454875014 and parameters: {'nlayers': 9, 'hidden_size': 692, 'dropout': 0.4229719561433312, 'learning_rate': 0.0027435639454433908, 'batch_size': 3886}. Best is trial 31 with value: 0.004418185732147476.[0m
[32m[I 2022-11-03 19:19:12,150][0m Trial 178 finished with value: 0.012788125138351883 and parameters: {'nlayers': 10, 'hidden_size': 866, 'dropout': 0.3931587543125894, 'learning_rate': 0.003981896283011871, 'batch_size': 1449}. Best is trial 31 with value: 0.004418185732147476.[0m
[32m[I 2022-11-03 19:19:19,777][0m Trial 179 finished with value: 0.004587149015237526 and parameters: {'nlayers': 7, 'hidden_size': 432, 'dropout': 0.46471264646182264, 'learning_rate': 0.0036491205443507173, 'batch_size': 3873}. Best is trial 31 with value: 0.004418185732147476.[0m
[32m[I 2022-11-03 19:21:22,155][0m Trial 180 finished with value: 0.0047597048868733005 and parameters: {'nlayers': 11, 'hidden_size': 1952, 'dropout': 0.4817236581348344, 'learning_rate': 0.002524529909728887, 'batch_size': 3779}. Best is trial 31 with value: 0.004418185732147476.[0m
[32m[I 2022-11-03 19:21:38,074][0m Trial 181 finished with value: 0.004467161782085896 and parameters: {'nlayers': 9, 'hidden_size': 630, 'dropout': 0.4484633141752939, 'learning_rate': 0.003134393899245467, 'batch_size': 4000}. Best is trial 31 with value: 0.004418185732147476.[0m
[32m[I 2022-11-03 19:21:57,653][0m Trial 182 finished with value: 0.004508263270867667 and parameters: {'nlayers': 10, 'hidden_size': 683, 'dropout': 0.4591076709633786, 'learning_rate': 0.0029767163573924285, 'batch_size': 3937}. Best is trial 31 with value: 0.004418185732147476.[0m
[32m[I 2022-11-03 19:22:08,867][0m Trial 183 finished with value: 0.004403234362602234 and parameters: {'nlayers': 8, 'hidden_size': 541, 'dropout': 0.47035127679661465, 'learning_rate': 0.0028001736817453, 'batch_size': 4000}. Best is trial 183 with value: 0.004403234362602234.[0m
[32m[I 2022-11-03 19:22:20,172][0m Trial 184 finished with value: 0.0045351141341486755 and parameters: {'nlayers': 8, 'hidden_size': 560, 'dropout': 0.47029896360971385, 'learning_rate': 0.0033111392229728236, 'batch_size': 3920}. Best is trial 183 with value: 0.004403234362602234.[0m
[32m[I 2022-11-03 19:23:55,453][0m Trial 185 finished with value: 0.004587776572501511 and parameters: {'nlayers': 8, 'hidden_size': 2033, 'dropout': 0.4892218162130648, 'learning_rate': 0.002758062374483118, 'batch_size': 3856}. Best is trial 183 with value: 0.004403234362602234.[0m
[32m[I 2022-11-03 19:24:11,963][0m Trial 186 finished with value: 0.004512907060853333 and parameters: {'nlayers': 7, 'hidden_size': 770, 'dropout': 0.4029946200194091, 'learning_rate': 0.002236482189860052, 'batch_size': 3928}. Best is trial 183 with value: 0.004403234362602234.[0m
[32m[I 2022-11-03 19:24:20,201][0m Trial 187 finished with value: 0.0046407390788494604 and parameters: {'nlayers': 7, 'hidden_size': 472, 'dropout': 0.3808949642258413, 'learning_rate': 0.002009207247089242, 'batch_size': 3812}. Best is trial 183 with value: 0.004403234362602234.[0m
[32m[I 2022-11-03 19:24:26,644][0m Trial 188 finished with value: 0.004536451284935875 and parameters: {'nlayers': 6, 'hidden_size': 399, 'dropout': 0.35436547779957234, 'learning_rate': 0.004164168616448336, 'batch_size': 3921}. Best is trial 183 with value: 0.004403234362602234.[0m
[32m[I 2022-11-03 19:24:40,801][0m Trial 189 finished with value: 0.00441846092750681 and parameters: {'nlayers': 10, 'hidden_size': 556, 'dropout': 0.47900450941947925, 'learning_rate': 0.002383072888195255, 'batch_size': 3999}. Best is trial 183 with value: 0.004403234362602234.[0m
[32m[I 2022-11-03 19:24:51,137][0m Trial 190 finished with value: 0.004767594421791494 and parameters: {'nlayers': 8, 'hidden_size': 532, 'dropout': 0.47914331315515124, 'learning_rate': 0.0025638058671762385, 'batch_size': 3732}. Best is trial 183 with value: 0.004403234362602234.[0m
[32m[I 2022-11-03 19:25:08,407][0m Trial 191 finished with value: 0.004449047280574757 and parameters: {'nlayers': 10, 'hidden_size': 621, 'dropout': 0.46703916082675395, 'learning_rate': 0.002372385142756357, 'batch_size': 3997}. Best is trial 183 with value: 0.004403234362602234.[0m
[32m[I 2022-11-03 19:25:25,193][0m Trial 192 finished with value: 0.00443614237755537 and parameters: {'nlayers': 10, 'hidden_size': 605, 'dropout': 0.4883981886131726, 'learning_rate': 0.002328236711417163, 'batch_size': 4000}. Best is trial 183 with value: 0.004403234362602234.[0m
[32m[I 2022-11-03 19:25:42,479][0m Trial 193 finished with value: 0.004569866111921592 and parameters: {'nlayers': 11, 'hidden_size': 598, 'dropout': 0.4905933482528577, 'learning_rate': 0.0027658183877250623, 'batch_size': 3867}. Best is trial 183 with value: 0.004403234362602234.[0m
[32m[I 2022-11-03 19:26:00,357][0m Trial 194 finished with value: 0.004552941309531388 and parameters: {'nlayers': 9, 'hidden_size': 700, 'dropout': 0.47990243186834614, 'learning_rate': 0.0021532114530285937, 'batch_size': 3913}. Best is trial 183 with value: 0.004403234362602234.[0m
[32m[I 2022-11-03 19:26:16,761][0m Trial 195 finished with value: 0.004524675082105612 and parameters: {'nlayers': 12, 'hidden_size': 558, 'dropout': 0.485064556656601, 'learning_rate': 0.0018605596213692533, 'batch_size': 3933}. Best is trial 183 with value: 0.004403234362602234.[0m
[32m[I 2022-11-03 19:26:27,832][0m Trial 196 finished with value: 0.004589230891230945 and parameters: {'nlayers': 10, 'hidden_size': 470, 'dropout': 0.49873267670921206, 'learning_rate': 0.002462627453897283, 'batch_size': 3847}. Best is trial 183 with value: 0.004403234362602234.[0m
[32m[I 2022-11-03 19:26:47,272][0m Trial 197 finished with value: 0.004453888637598051 and parameters: {'nlayers': 9, 'hidden_size': 730, 'dropout': 0.4740008008498098, 'learning_rate': 0.0015993139490555763, 'batch_size': 3999}. Best is trial 183 with value: 0.004403234362602234.[0m
[32m[I 2022-11-03 19:27:07,213][0m Trial 198 finished with value: 0.0047270010452225225 and parameters: {'nlayers': 8, 'hidden_size': 809, 'dropout': 0.49271507257708574, 'learning_rate': 0.002891346624264638, 'batch_size': 3791}. Best is trial 183 with value: 0.004403234362602234.[0m
[32m[I 2022-11-03 19:27:27,910][0m Trial 199 finished with value: 0.004505515265361676 and parameters: {'nlayers': 11, 'hidden_size': 669, 'dropout': 0.3673856697115793, 'learning_rate': 0.0023529124228429707, 'batch_size': 3931}. Best is trial 183 with value: 0.004403234362602234.[0m
[32m[I 2022-11-03 19:27:40,939][0m Trial 200 finished with value: 0.006505938987023965 and parameters: {'nlayers': 14, 'hidden_size': 543, 'dropout': 0.47407542736138125, 'learning_rate': 0.0026188554444455075, 'batch_size': 2748}. Best is trial 183 with value: 0.004403234362602234.[0m
[32m[I 2022-11-03 19:27:58,441][0m Trial 201 finished with value: 0.00444464736607386 and parameters: {'nlayers': 10, 'hidden_size': 629, 'dropout': 0.46524109028457894, 'learning_rate': 0.0020874201186451783, 'batch_size': 3998}. Best is trial 183 with value: 0.004403234362602234.[0m
[32m[I 2022-11-03 19:28:14,918][0m Trial 202 finished with value: 0.004435269062257613 and parameters: {'nlayers': 10, 'hidden_size': 609, 'dropout': 0.4668594567220077, 'learning_rate': 0.0021614002185259243, 'batch_size': 3994}. Best is trial 183 with value: 0.004403234362602234.[0m
[32m[I 2022-11-03 19:28:31,988][0m Trial 203 finished with value: 0.004594202247552548 and parameters: {'nlayers': 10, 'hidden_size': 636, 'dropout': 0.1946923911226311, 'learning_rate': 0.0021025607776085616, 'batch_size': 3867}. Best is trial 183 with value: 0.004403234362602234.[0m
[32m[I 2022-11-03 19:28:54,168][0m Trial 204 finished with value: 0.004486972811255316 and parameters: {'nlayers': 10, 'hidden_size': 753, 'dropout': 0.46764761917148284, 'learning_rate': 0.0022587386796890886, 'batch_size': 3945}. Best is trial 183 with value: 0.004403234362602234.[0m
[32m[I 2022-11-03 19:29:07,674][0m Trial 205 finished with value: 0.004610287756616813 and parameters: {'nlayers': 9, 'hidden_size': 578, 'dropout': 0.45977074621939434, 'learning_rate': 0.0025603756725798947, 'batch_size': 3855}. Best is trial 183 with value: 0.004403234362602234.[0m
[32m[I 2022-11-03 19:29:28,162][0m Trial 206 finished with value: 0.00446082068234682 and parameters: {'nlayers': 11, 'hidden_size': 668, 'dropout': 0.46559520765688905, 'learning_rate': 0.0016981684255838899, 'batch_size': 4000}. Best is trial 183 with value: 0.004403234362602234.[0m
[32m[I 2022-11-03 19:29:40,776][0m Trial 207 finished with value: 0.004539524637547994 and parameters: {'nlayers': 10, 'hidden_size': 515, 'dropout': 0.36073213337096743, 'learning_rate': 0.0028552219904752125, 'batch_size': 3906}. Best is trial 183 with value: 0.004403234362602234.[0m
[32m[I 2022-11-03 19:29:58,621][0m Trial 208 finished with value: 0.004438767994607652 and parameters: {'nlayers': 11, 'hidden_size': 604, 'dropout': 0.4831392646757919, 'learning_rate': 0.002083011336445845, 'batch_size': 3996}. Best is trial 183 with value: 0.004403234362602234.[0m
[32m[I 2022-11-03 19:30:53,402][0m Trial 209 finished with value: 0.004646919695098256 and parameters: {'nlayers': 12, 'hidden_size': 1193, 'dropout': 0.48445580798528964, 'learning_rate': 0.002383111317956049, 'batch_size': 3810}. Best is trial 183 with value: 0.004403234362602234.[0m
[32m[I 2022-11-03 19:31:15,864][0m Trial 210 finished with value: 0.004517560735511975 and parameters: {'nlayers': 11, 'hidden_size': 716, 'dropout': 0.47696977863469425, 'learning_rate': 0.0014191689840089275, 'batch_size': 3924}. Best is trial 183 with value: 0.004403234362602234.[0m
[32m[I 2022-11-03 19:31:31,292][0m Trial 211 finished with value: 0.004447318303555175 and parameters: {'nlayers': 9, 'hidden_size': 607, 'dropout': 0.4592049186109566, 'learning_rate': 0.002164158399863653, 'batch_size': 3990}. Best is trial 183 with value: 0.004403234362602234.[0m
[32m[I 2022-11-03 19:31:48,483][0m Trial 212 finished with value: 0.004444552215004015 and parameters: {'nlayers': 11, 'hidden_size': 588, 'dropout': 0.48356894983801724, 'learning_rate': 0.0019715680968585766, 'batch_size': 3997}. Best is trial 183 with value: 0.004403234362602234.[0m
[32m[I 2022-11-03 19:31:54,739][0m Trial 213 finished with value: 0.010073484835976905 and parameters: {'nlayers': 11, 'hidden_size': 509, 'dropout': 0.4866057412924762, 'learning_rate': 0.001010635554588071, 'batch_size': 1760}. Best is trial 183 with value: 0.004403234362602234.[0m
[32m[I 2022-11-03 19:32:10,992][0m Trial 214 finished with value: 0.004568117348758416 and parameters: {'nlayers': 11, 'hidden_size': 580, 'dropout': 0.48238604047936257, 'learning_rate': 0.0018807968819365241, 'batch_size': 3882}. Best is trial 183 with value: 0.004403234362602234.[0m
[32m[I 2022-11-03 19:32:36,331][0m Trial 215 finished with value: 0.004528611822550748 and parameters: {'nlayers': 10, 'hidden_size': 810, 'dropout': 0.3887796115300134, 'learning_rate': 0.0027099191214143923, 'batch_size': 3928}. Best is trial 183 with value: 0.004403234362602234.[0m
[32m[I 2022-11-03 19:32:56,990][0m Trial 216 finished with value: 0.0044434904515609115 and parameters: {'nlayers': 11, 'hidden_size': 680, 'dropout': 0.3365415817637277, 'learning_rate': 0.0024521014632318807, 'batch_size': 3999}. Best is trial 183 with value: 0.004403234362602234.[0m
[32m[I 2022-11-03 19:33:19,765][0m Trial 217 finished with value: 0.00462142470716471 and parameters: {'nlayers': 12, 'hidden_size': 704, 'dropout': 0.11046111534831465, 'learning_rate': 0.002479792073716883, 'batch_size': 3853}. Best is trial 183 with value: 0.004403234362602234.[0m
[32m[I 2022-11-03 19:33:43,528][0m Trial 218 finished with value: 0.004528310806865478 and parameters: {'nlayers': 7, 'hidden_size': 993, 'dropout': 0.3765163700545195, 'learning_rate': 0.003129480774073677, 'batch_size': 3924}. Best is trial 183 with value: 0.004403234362602234.[0m
[32m[I 2022-11-03 19:34:10,942][0m Trial 219 finished with value: 0.004752268023652094 and parameters: {'nlayers': 10, 'hidden_size': 873, 'dropout': 0.3517382639126668, 'learning_rate': 0.0022703744311710922, 'batch_size': 3757}. Best is trial 183 with value: 0.004403234362602234.[0m
[32m[I 2022-11-03 19:34:40,223][0m Trial 220 finished with value: 0.004721382862545666 and parameters: {'nlayers': 17, 'hidden_size': 660, 'dropout': 0.3478527811611476, 'learning_rate': 0.0026705014543292665, 'batch_size': 3860}. Best is trial 183 with value: 0.004403234362602234.[0m
[32m[I 2022-11-03 19:34:57,099][0m Trial 221 finished with value: 0.0044322632079553375 and parameters: {'nlayers': 11, 'hidden_size': 574, 'dropout': 0.471451874481541, 'learning_rate': 0.001961502464123261, 'batch_size': 3991}. Best is trial 183 with value: 0.004403234362602234.[0m
[32m[I 2022-11-03 19:35:11,412][0m Trial 222 finished with value: 0.004450864223113262 and parameters: {'nlayers': 13, 'hidden_size': 473, 'dropout': 0.3605980265624395, 'learning_rate': 0.0024553406181298805, 'batch_size': 3997}. Best is trial 183 with value: 0.004403234362602234.[0m
[32m[I 2022-11-03 19:36:15,495][0m Trial 223 finished with value: 0.004576089707287875 and parameters: {'nlayers': 11, 'hidden_size': 1353, 'dropout': 0.3389934543534192, 'learning_rate': 0.0016740664011383258, 'batch_size': 3916}. Best is trial 183 with value: 0.004403234362602234.[0m
[32m[I 2022-11-03 19:36:35,158][0m Trial 224 finished with value: 0.005831844813330879 and parameters: {'nlayers': 12, 'hidden_size': 732, 'dropout': 0.33738089460914467, 'learning_rate': 0.0022892929657695933, 'batch_size': 3043}. Best is trial 183 with value: 0.004403234362602234.[0m
[32m[I 2022-11-03 19:36:49,114][0m Trial 225 finished with value: 0.004407251288200272 and parameters: {'nlayers': 11, 'hidden_size': 528, 'dropout': 0.47414048173708284, 'learning_rate': 0.0029448461914487693, 'batch_size': 3998}. Best is trial 183 with value: 0.004403234362602234.[0m
[32m[I 2022-11-03 19:37:10,626][0m Trial 226 finished with value: 0.004506022573702499 and parameters: {'nlayers': 12, 'hidden_size': 653, 'dropout': 0.477167083528112, 'learning_rate': 0.0029530409409406584, 'batch_size': 3923}. Best is trial 183 with value: 0.004403234362602234.[0m
