[32m[I 2022-11-04 02:43:05,118][0m Trial 1890 finished with value: 0.022109045619421668 and parameters: {'nlayers': 9, 'hidden_size': 216, 'dropout': 0.4442591611049082, 'learning_rate': 0.002775196626197102, 'batch_size': 808}. Best is trial 1603 with value: 0.004398547172546387.[0m
[32m[I 2022-11-04 02:43:08,821][0m Trial 1891 finished with value: 0.0045486594241138135 and parameters: {'nlayers': 9, 'hidden_size': 73, 'dropout': 0.4481072162462009, 'learning_rate': 0.0028578455219073202, 'batch_size': 3919}. Best is trial 1603 with value: 0.004398547172546387.[0m
[32m[I 2022-11-04 02:43:13,895][0m Trial 1892 finished with value: 0.0048171943341954 and parameters: {'nlayers': 8, 'hidden_size': 246, 'dropout': 0.4448461099125372, 'learning_rate': 0.0023183075930163664, 'batch_size': 3682}. Best is trial 1603 with value: 0.004398547172546387.[0m
[32m[I 2022-11-04 02:43:19,244][0m Trial 1893 finished with value: 0.004439618602395058 and parameters: {'nlayers': 9, 'hidden_size': 202, 'dropout': 0.44219524413412514, 'learning_rate': 0.0024785009116600584, 'batch_size': 4000}. Best is trial 1603 with value: 0.004398547172546387.[0m
[32m[I 2022-11-04 02:43:22,912][0m Trial 1894 finished with value: 0.004654894728323578 and parameters: {'nlayers': 8, 'hidden_size': 128, 'dropout': 0.44757709937411905, 'learning_rate': 0.0026115119886175897, 'batch_size': 3792}. Best is trial 1603 with value: 0.004398547172546387.[0m
[32m[I 2022-11-04 02:43:29,094][0m Trial 1895 finished with value: 0.004528083418085962 and parameters: {'nlayers': 9, 'hidden_size': 261, 'dropout': 0.4379555613192541, 'learning_rate': 0.002986053904319577, 'batch_size': 3923}. Best is trial 1603 with value: 0.004398547172546387.[0m
[32m[I 2022-11-04 02:43:33,013][0m Trial 1896 finished with value: 0.004629029767412868 and parameters: {'nlayers': 9, 'hidden_size': 113, 'dropout': 0.4508141045098571, 'learning_rate': 0.002614105493428599, 'batch_size': 3823}. Best is trial 1603 with value: 0.004398547172546387.[0m
[32m[I 2022-11-04 02:43:37,602][0m Trial 1897 finished with value: 0.004513545639653453 and parameters: {'nlayers': 8, 'hidden_size': 182, 'dropout': 0.45566253995196326, 'learning_rate': 0.0028124084779514776, 'batch_size': 3924}. Best is trial 1603 with value: 0.004398547172546387.[0m
[32m[I 2022-11-04 02:43:39,484][0m Trial 1898 finished with value: 0.025061612166306254 and parameters: {'nlayers': 10, 'hidden_size': 260, 'dropout': 0.4350507309949195, 'learning_rate': 0.0029788494232372816, 'batch_size': 707}. Best is trial 1603 with value: 0.004398547172546387.[0m
[32m[I 2022-11-04 02:44:11,679][0m Trial 1899 finished with value: 0.004493580065667629 and parameters: {'nlayers': 9, 'hidden_size': 998, 'dropout': 0.45311341501531993, 'learning_rate': 0.0028857599124291512, 'batch_size': 4000}. Best is trial 1603 with value: 0.004398547172546387.[0m
[32m[I 2022-11-04 02:44:24,814][0m Trial 1900 finished with value: 0.004777078724547521 and parameters: {'nlayers': 10, 'hidden_size': 549, 'dropout': 0.4609702896272442, 'learning_rate': 0.0023965656715070833, 'batch_size': 3725}. Best is trial 1603 with value: 0.004398547172546387.[0m
[32m[I 2022-11-04 02:44:28,370][0m Trial 1901 finished with value: 0.004593931302370414 and parameters: {'nlayers': 10, 'hidden_size': 54, 'dropout': 0.4295207085677728, 'learning_rate': 0.003030820079497892, 'batch_size': 3865}. Best is trial 1603 with value: 0.004398547172546387.[0m
[32m[I 2022-11-04 02:44:51,444][0m Trial 1902 finished with value: 0.004539300216376584 and parameters: {'nlayers': 2, 'hidden_size': 2676, 'dropout': 0.442576631596653, 'learning_rate': 0.002595098950115961, 'batch_size': 3927}. Best is trial 1603 with value: 0.004398547172546387.[0m
[32m[I 2022-11-04 02:44:56,335][0m Trial 1903 finished with value: 0.004446425976589877 and parameters: {'nlayers': 8, 'hidden_size': 179, 'dropout': 0.4586492067470973, 'learning_rate': 0.00310287263843147, 'batch_size': 3999}. Best is trial 1603 with value: 0.004398547172546387.[0m
[32m[I 2022-11-04 02:44:58,521][0m Trial 1904 finished with value: 0.014042772212118472 and parameters: {'nlayers': 8, 'hidden_size': 266, 'dropout': 0.45138503398238555, 'learning_rate': 0.002701984676626043, 'batch_size': 1272}. Best is trial 1603 with value: 0.004398547172546387.[0m
[32m[I 2022-11-04 02:45:05,164][0m Trial 1905 finished with value: 0.004591639601165492 and parameters: {'nlayers': 9, 'hidden_size': 294, 'dropout': 0.44614831827888124, 'learning_rate': 0.0028296539778032486, 'batch_size': 3873}. Best is trial 1603 with value: 0.004398547172546387.[0m
[32m[I 2022-11-04 02:45:10,068][0m Trial 1906 finished with value: 0.00444371694623008 and parameters: {'nlayers': 7, 'hidden_size': 217, 'dropout': 0.4614990658153508, 'learning_rate': 0.0022058360982824994, 'batch_size': 3999}. Best is trial 1603 with value: 0.004398547172546387.[0m
[32m[I 2022-11-04 02:45:17,773][0m Trial 1907 finished with value: 0.00463637639402719 and parameters: {'nlayers': 9, 'hidden_size': 362, 'dropout': 0.4539630514346704, 'learning_rate': 0.0031016873875582373, 'batch_size': 3820}. Best is trial 1603 with value: 0.004398547172546387.[0m
[32m[I 2022-11-04 02:45:30,914][0m Trial 1908 finished with value: 0.004538825873146855 and parameters: {'nlayers': 10, 'hidden_size': 533, 'dropout': 0.4393099108942552, 'learning_rate': 0.0023712597311893015, 'batch_size': 3922}. Best is trial 1603 with value: 0.004398547172546387.[0m
[32m[I 2022-11-04 02:45:34,120][0m Trial 1909 finished with value: 0.004522733672880647 and parameters: {'nlayers': 10, 'hidden_size': 4, 'dropout': 0.427944257047689, 'learning_rate': 0.002913382777218357, 'batch_size': 3929}. Best is trial 1603 with value: 0.004398547172546387.[0m
[32m[I 2022-11-04 02:45:44,050][0m Trial 1910 finished with value: 0.0044283397676468375 and parameters: {'nlayers': 9, 'hidden_size': 445, 'dropout': 0.24774910769318642, 'learning_rate': 0.0026211553694971863, 'batch_size': 3999}. Best is trial 1603 with value: 0.004398547172546387.[0m
[32m[I 2022-11-04 02:45:48,151][0m Trial 1911 finished with value: 0.0046768098605286645 and parameters: {'nlayers': 8, 'hidden_size': 168, 'dropout': 0.4617712916410848, 'learning_rate': 0.009604573826389115, 'batch_size': 3787}. Best is trial 1603 with value: 0.004398547172546387.[0m
[32m[I 2022-11-04 02:45:55,669][0m Trial 1912 finished with value: 0.004561256957195871 and parameters: {'nlayers': 10, 'hidden_size': 318, 'dropout': 0.4507628200296279, 'learning_rate': 0.003103554131560302, 'batch_size': 3869}. Best is trial 1603 with value: 0.004398547172546387.[0m
[32m[I 2022-11-04 02:45:59,937][0m Trial 1913 finished with value: 0.004430750899016857 and parameters: {'nlayers': 9, 'hidden_size': 117, 'dropout': 0.44004582888723015, 'learning_rate': 0.002207354356901685, 'batch_size': 4000}. Best is trial 1603 with value: 0.004398547172546387.[0m
[32m[I 2022-11-04 02:46:10,482][0m Trial 1914 finished with value: 0.004506647002016489 and parameters: {'nlayers': 8, 'hidden_size': 520, 'dropout': 0.4659322165336536, 'learning_rate': 0.002750085706714505, 'batch_size': 3924}. Best is trial 1603 with value: 0.004398547172546387.[0m
[32m[I 2022-11-04 02:46:18,761][0m Trial 1915 finished with value: 0.004747606415480853 and parameters: {'nlayers': 17, 'hidden_size': 237, 'dropout': 0.3580666963028458, 'learning_rate': 0.003116336432157907, 'batch_size': 3740}. Best is trial 1603 with value: 0.004398547172546387.[0m
[32m[I 2022-11-04 02:46:26,738][0m Trial 1916 finished with value: 0.004514630450405842 and parameters: {'nlayers': 9, 'hidden_size': 384, 'dropout': 0.4570696527161817, 'learning_rate': 0.007037340497713201, 'batch_size': 3927}. Best is trial 1603 with value: 0.004398547172546387.[0m
[32m[I 2022-11-04 02:46:33,789][0m Trial 1917 finished with value: 0.004584659499291498 and parameters: {'nlayers': 10, 'hidden_size': 296, 'dropout': 0.4656938642184065, 'learning_rate': 0.0025015512135907565, 'batch_size': 3858}. Best is trial 1603 with value: 0.004398547172546387.[0m
[32m[I 2022-11-04 02:46:44,629][0m Trial 1918 finished with value: 0.004538413696228319 and parameters: {'nlayers': 10, 'hidden_size': 449, 'dropout': 0.4436547870645131, 'learning_rate': 0.0032601191897186467, 'batch_size': 3925}. Best is trial 1603 with value: 0.004398547172546387.[0m
[32m[I 2022-11-04 02:46:51,145][0m Trial 1919 finished with value: 0.00464602145145209 and parameters: {'nlayers': 7, 'hidden_size': 369, 'dropout': 0.4293218656775122, 'learning_rate': 0.0029597271925983913, 'batch_size': 3811}. Best is trial 1603 with value: 0.004398547172546387.[0m
[32m[I 2022-11-04 02:46:56,907][0m Trial 1920 finished with value: 0.004516943570575291 and parameters: {'nlayers': 9, 'hidden_size': 243, 'dropout': 0.18685578018097498, 'learning_rate': 0.0020546161894120637, 'batch_size': 3919}. Best is trial 1603 with value: 0.004398547172546387.[0m
[32m[I 2022-11-04 02:47:00,803][0m Trial 1921 finished with value: 0.004504842709292578 and parameters: {'nlayers': 8, 'hidden_size': 107, 'dropout': 0.48977595108461297, 'learning_rate': 0.0027686470293731944, 'batch_size': 3926}. Best is trial 1603 with value: 0.004398547172546387.[0m
[32m[I 2022-11-04 02:47:06,166][0m Trial 1922 finished with value: 0.0044289581267110524 and parameters: {'nlayers': 10, 'hidden_size': 183, 'dropout': 0.44807843086496046, 'learning_rate': 0.002242850603301672, 'batch_size': 3999}. Best is trial 1603 with value: 0.004398547172546387.[0m
[32m[I 2022-11-04 02:47:29,611][0m Trial 1923 finished with value: 0.004649265662719077 and parameters: {'nlayers': 20, 'hidden_size': 518, 'dropout': 0.17596739426057695, 'learning_rate': 0.003302291921555035, 'batch_size': 3829}. Best is trial 1603 with value: 0.004398547172546387.[0m
[32m[I 2022-11-04 02:47:36,784][0m Trial 1924 finished with value: 0.004578597367257304 and parameters: {'nlayers': 9, 'hidden_size': 330, 'dropout': 0.19809382312633253, 'learning_rate': 0.003003635830596203, 'batch_size': 3863}. Best is trial 1603 with value: 0.004398547172546387.[0m
[32m[I 2022-11-04 02:47:46,538][0m Trial 1925 finished with value: 0.004728898131627861 and parameters: {'nlayers': 10, 'hidden_size': 421, 'dropout': 0.46748176676162695, 'learning_rate': 0.0018831688720502547, 'batch_size': 3747}. Best is trial 1603 with value: 0.004398547172546387.[0m
[32m[I 2022-11-04 02:47:52,542][0m Trial 1926 finished with value: 0.0044170718143569975 and parameters: {'nlayers': 8, 'hidden_size': 275, 'dropout': 0.1551008667630102, 'learning_rate': 0.0025452249902858113, 'batch_size': 3999}. Best is trial 1603 with value: 0.004398547172546387.[0m
[32m[I 2022-11-04 02:47:58,325][0m Trial 1927 finished with value: 0.004428900541678522 and parameters: {'nlayers': 11, 'hidden_size': 194, 'dropout': 0.45947607504922566, 'learning_rate': 0.0033086919828563544, 'batch_size': 3999}. Best is trial 1603 with value: 0.004398547172546387.[0m
[32m[I 2022-11-04 02:48:06,709][0m Trial 1928 finished with value: 0.004586330565612138 and parameters: {'nlayers': 10, 'hidden_size': 355, 'dropout': 0.453936599070974, 'learning_rate': 0.00290543961485249, 'batch_size': 3867}. Best is trial 1603 with value: 0.004398547172546387.[0m
[32m[I 2022-11-04 02:48:17,162][0m Trial 1929 finished with value: 0.004523006511882027 and parameters: {'nlayers': 9, 'hidden_size': 473, 'dropout': 0.43524864237710253, 'learning_rate': 0.0017358436086522297, 'batch_size': 3927}. Best is trial 1603 with value: 0.004398547172546387.[0m
[32m[I 2022-11-04 02:48:21,034][0m Trial 1930 finished with value: 0.004507280027147285 and parameters: {'nlayers': 11, 'hidden_size': 62, 'dropout': 0.21060558706049226, 'learning_rate': 0.0031851631999547892, 'batch_size': 3929}. Best is trial 1603 with value: 0.004398547172546387.[0m
[32m[I 2022-11-04 02:48:26,055][0m Trial 1931 finished with value: 0.004918830060680475 and parameters: {'nlayers': 7, 'hidden_size': 286, 'dropout': 0.4996485790483281, 'learning_rate': 0.002726848354752231, 'batch_size': 3597}. Best is trial 1603 with value: 0.004398547172546387.[0m
[32m[I 2022-11-04 02:48:30,861][0m Trial 1932 finished with value: 0.004648172066377312 and parameters: {'nlayers': 8, 'hidden_size': 211, 'dropout': 0.4665558765679494, 'learning_rate': 0.002294983836501982, 'batch_size': 3815}. Best is trial 1603 with value: 0.004398547172546387.[0m
[32m[I 2022-11-04 02:48:36,989][0m Trial 1933 finished with value: 0.007148981106314753 and parameters: {'nlayers': 10, 'hidden_size': 397, 'dropout': 0.36869359102816895, 'learning_rate': 0.0031114211167361603, 'batch_size': 2493}. Best is trial 1603 with value: 0.004398547172546387.[0m
[32m[I 2022-11-04 02:48:53,216][0m Trial 1934 finished with value: 0.004530716239799064 and parameters: {'nlayers': 11, 'hidden_size': 565, 'dropout': 0.18232958254072645, 'learning_rate': 0.001560727951814258, 'batch_size': 3928}. Best is trial 1603 with value: 0.004398547172546387.[0m
[32m[I 2022-11-04 02:51:03,193][0m Trial 1935 finished with value: 0.0045827873029972745 and parameters: {'nlayers': 9, 'hidden_size': 2393, 'dropout': 0.1710126070794729, 'learning_rate': 0.0025038535125587315, 'batch_size': 3867}. Best is trial 1603 with value: 0.004398547172546387.[0m
[32m[I 2022-11-04 02:51:07,614][0m Trial 1936 finished with value: 0.004722535895692217 and parameters: {'nlayers': 11, 'hidden_size': 127, 'dropout': 0.46256583026238474, 'learning_rate': 0.003416027582610676, 'batch_size': 3758}. Best is trial 1603 with value: 0.004398547172546387.[0m
[32m[I 2022-11-04 02:51:14,839][0m Trial 1937 finished with value: 0.0045197628848178805 and parameters: {'nlayers': 9, 'hidden_size': 323, 'dropout': 0.4904583025378088, 'learning_rate': 0.0020828879664081396, 'batch_size': 3928}. Best is trial 1603 with value: 0.004398547172546387.[0m
[32m[I 2022-11-04 02:51:27,056][0m Trial 1938 finished with value: 0.004498831686945658 and parameters: {'nlayers': 10, 'hidden_size': 493, 'dropout': 0.19096734683490368, 'learning_rate': 0.0028135066181117128, 'batch_size': 3929}. Best is trial 1603 with value: 0.004398547172546387.[0m
[32m[I 2022-11-04 02:51:32,609][0m Trial 1939 finished with value: 0.004661265146944981 and parameters: {'nlayers': 9, 'hidden_size': 244, 'dropout': 0.4714428964456837, 'learning_rate': 0.0029779232945931003, 'batch_size': 3812}. Best is trial 1603 with value: 0.004398547172546387.[0m
[32m[I 2022-11-04 02:51:39,076][0m Trial 1940 finished with value: 0.004837977473452411 and parameters: {'nlayers': 18, 'hidden_size': 159, 'dropout': 0.44687485912488784, 'learning_rate': 0.003332716919190236, 'batch_size': 3668}. Best is trial 1603 with value: 0.004398547172546387.[0m
[32m[I 2022-11-04 02:51:47,507][0m Trial 1941 finished with value: 0.004526753719829724 and parameters: {'nlayers': 8, 'hidden_size': 418, 'dropout': 0.4233411037543843, 'learning_rate': 0.003165513373909942, 'batch_size': 3930}. Best is trial 1603 with value: 0.004398547172546387.[0m
[32m[I 2022-11-04 02:51:56,881][0m Trial 1942 finished with value: 0.004438080497086048 and parameters: {'nlayers': 11, 'hidden_size': 354, 'dropout': 0.4551170213394406, 'learning_rate': 0.0020067712079384534, 'batch_size': 4000}. Best is trial 1603 with value: 0.004398547172546387.[0m
[32m[I 2022-11-04 02:52:03,877][0m Trial 1943 finished with value: 0.004564786046828256 and parameters: {'nlayers': 10, 'hidden_size': 292, 'dropout': 0.44027254216126616, 'learning_rate': 0.002360561900763223, 'batch_size': 3863}. Best is trial 1603 with value: 0.004398547172546387.[0m
[32m[I 2022-11-04 02:52:18,041][0m Trial 1944 finished with value: 0.004505954642984319 and parameters: {'nlayers': 11, 'hidden_size': 536, 'dropout': 0.47170836001741845, 'learning_rate': 0.0018151628068601541, 'batch_size': 3927}. Best is trial 1603 with value: 0.004398547172546387.[0m
[32m[I 2022-11-04 02:52:24,069][0m Trial 1945 finished with value: 0.004434051678859335 and parameters: {'nlayers': 10, 'hidden_size': 226, 'dropout': 0.19573396314722535, 'learning_rate': 0.0026592493502079094, 'batch_size': 3998}. Best is trial 1603 with value: 0.004398547172546387.[0m
[32m[I 2022-11-04 02:52:33,015][0m Trial 1946 finished with value: 0.004601953134998996 and parameters: {'nlayers': 8, 'hidden_size': 455, 'dropout': 0.4568389390049176, 'learning_rate': 0.0034665432303269336, 'batch_size': 3858}. Best is trial 1603 with value: 0.004398547172546387.[0m
[32m[I 2022-11-04 02:54:14,379][0m Trial 1947 finished with value: 0.004866622571042556 and parameters: {'nlayers': 11, 'hidden_size': 1762, 'dropout': 0.4800807623812513, 'learning_rate': 0.002986837692046758, 'batch_size': 3793}. Best is trial 1603 with value: 0.004398547172546387.[0m
[32m[I 2022-11-04 02:54:22,374][0m Trial 1948 finished with value: 0.004537842835251454 and parameters: {'nlayers': 9, 'hidden_size': 358, 'dropout': 0.3581373042951701, 'learning_rate': 0.0014183186360923826, 'batch_size': 3921}. Best is trial 1603 with value: 0.004398547172546387.[0m
[32m[I 2022-11-04 02:54:25,772][0m Trial 1949 finished with value: 0.004609634976494693 and parameters: {'nlayers': 8, 'hidden_size': 74, 'dropout': 0.4907981707875609, 'learning_rate': 0.0032523321772684717, 'batch_size': 3853}. Best is trial 1603 with value: 0.004398547172546387.[0m
[32m[I 2022-11-04 02:54:32,166][0m Trial 1950 finished with value: 0.0045391566033095125 and parameters: {'nlayers': 9, 'hidden_size': 285, 'dropout': 0.4495067779682506, 'learning_rate': 0.0028322102918667525, 'batch_size': 3929}. Best is trial 1603 with value: 0.004398547172546387.[0m
[32m[I 2022-11-04 02:54:36,490][0m Trial 1951 finished with value: 0.004434121231878957 and parameters: {'nlayers': 7, 'hidden_size': 169, 'dropout': 0.20471561292157747, 'learning_rate': 0.001657571053974361, 'batch_size': 3999}. Best is trial 1603 with value: 0.004398547172546387.[0m
[32m[I 2022-11-04 02:54:52,301][0m Trial 1952 finished with value: 0.004737397287299926 and parameters: {'nlayers': 11, 'hidden_size': 571, 'dropout': 0.4324823503462455, 'learning_rate': 0.002475302324087181, 'batch_size': 3740}. Best is trial 1603 with value: 0.004398547172546387.[0m
[32m[I 2022-11-04 02:55:00,194][0m Trial 1953 finished with value: 0.005339563397122294 and parameters: {'nlayers': 10, 'hidden_size': 395, 'dropout': 0.24209791263218783, 'learning_rate': 0.002148532909389537, 'batch_size': 3310}. Best is trial 1603 with value: 0.004398547172546387.[0m
[32m[I 2022-11-04 02:55:07,471][0m Trial 1954 finished with value: 0.004448927843919484 and parameters: {'nlayers': 12, 'hidden_size': 254, 'dropout': 0.4649205144065906, 'learning_rate': 0.003403204565577667, 'batch_size': 3999}. Best is trial 1603 with value: 0.004398547172546387.[0m
[32m[I 2022-11-04 02:55:18,230][0m Trial 1955 finished with value: 0.004611409835503884 and parameters: {'nlayers': 10, 'hidden_size': 460, 'dropout': 0.18196811405664232, 'learning_rate': 0.0031461296657840183, 'batch_size': 3857}. Best is trial 1603 with value: 0.004398547172546387.[0m
[32m[I 2022-11-04 02:55:21,758][0m Trial 1956 finished with value: 0.00949198273448353 and parameters: {'nlayers': 22, 'hidden_size': 110, 'dropout': 0.4496512947267917, 'learning_rate': 0.0028965589307265826, 'batch_size': 1872}. Best is trial 1603 with value: 0.004398547172546387.[0m
[32m[I 2022-11-04 02:55:30,153][0m Trial 1957 finished with value: 0.004433086942350227 and parameters: {'nlayers': 11, 'hidden_size': 318, 'dropout': 0.350095013842514, 'learning_rate': 0.002585638073671354, 'batch_size': 3998}. Best is trial 1603 with value: 0.004398547172546387.[0m
[32m[I 2022-11-04 02:55:35,288][0m Trial 1958 finished with value: 0.004592826766970237 and parameters: {'nlayers': 9, 'hidden_size': 224, 'dropout': 0.22152457689219268, 'learning_rate': 0.0031164579619697734, 'batch_size': 3872}. Best is trial 1603 with value: 0.004398547172546387.[0m
[32m[I 2022-11-04 02:55:46,112][0m Trial 1959 finished with value: 0.004452349163591862 and parameters: {'nlayers': 8, 'hidden_size': 518, 'dropout': 0.36743371883823817, 'learning_rate': 0.0019102599489291463, 'batch_size': 4000}. Best is trial 1603 with value: 0.004398547172546387.[0m
[32m[I 2022-11-04 02:56:05,995][0m Trial 1960 finished with value: 0.004425779215991497 and parameters: {'nlayers': 24, 'hidden_size': 389, 'dropout': 0.45938261792034374, 'learning_rate': 0.0034405001252976264, 'batch_size': 4000}. Best is trial 1603 with value: 0.004398547172546387.[0m
[32m[I 2022-11-04 02:56:11,753][0m Trial 1961 finished with value: 0.004521779884957964 and parameters: {'nlayers': 12, 'hidden_size': 183, 'dropout': 0.4859063146314637, 'learning_rate': 0.002730490325890054, 'batch_size': 3925}. Best is trial 1603 with value: 0.004398547172546387.[0m
[32m[I 2022-11-04 02:56:19,546][0m Trial 1962 finished with value: 0.004678958329116013 and parameters: {'nlayers': 11, 'hidden_size': 311, 'dropout': 0.4731320377660877, 'learning_rate': 0.0022780093247072326, 'batch_size': 3793}. Best is trial 1603 with value: 0.004398547172546387.[0m
[32m[I 2022-11-04 02:56:47,692][0m Trial 1963 finished with value: 0.004433841884479013 and parameters: {'nlayers': 9, 'hidden_size': 921, 'dropout': 0.4430062519015102, 'learning_rate': 0.0017397899492101509, 'batch_size': 3999}. Best is trial 1603 with value: 0.004398547172546387.[0m
[32m[I 2022-11-04 02:56:50,959][0m Trial 1964 finished with value: 0.004539661175919649 and parameters: {'nlayers': 10, 'hidden_size': 6, 'dropout': 0.18807794302271688, 'learning_rate': 0.003031421418387048, 'batch_size': 3923}. Best is trial 1603 with value: 0.004398547172546387.[0m
