[32m[I 2022-11-04 05:08:27,958][0m Trial 2415 finished with value: 0.0047074887864012585 and parameters: {'nlayers': 15, 'hidden_size': 659, 'dropout': 0.3225852708028482, 'learning_rate': 0.00193710950896131, 'batch_size': 3871}. Best is trial 1603 with value: 0.004398547172546387.[0m
[32m[I 2022-11-04 05:08:52,650][0m Trial 2416 finished with value: 0.004482110604643822 and parameters: {'nlayers': 11, 'hidden_size': 760, 'dropout': 0.4735920147528847, 'learning_rate': 0.004080630338605515, 'batch_size': 4000}. Best is trial 1603 with value: 0.004398547172546387.[0m
[32m[I 2022-11-04 05:09:02,996][0m Trial 2417 finished with value: 0.004526494953043149 and parameters: {'nlayers': 8, 'hidden_size': 515, 'dropout': 0.44500813041037773, 'learning_rate': 0.005603623440474504, 'batch_size': 3921}. Best is trial 1603 with value: 0.004398547172546387.[0m
[32m[I 2022-11-04 05:09:11,738][0m Trial 2418 finished with value: 0.004434656552970409 and parameters: {'nlayers': 10, 'hidden_size': 359, 'dropout': 0.347190527528505, 'learning_rate': 0.0029250444578801087, 'batch_size': 4000}. Best is trial 1603 with value: 0.004398547172546387.[0m
[32m[I 2022-11-04 05:09:19,422][0m Trial 2419 finished with value: 0.004519050405977214 and parameters: {'nlayers': 12, 'hidden_size': 273, 'dropout': 0.45878909594759376, 'learning_rate': 0.0033235589589174163, 'batch_size': 3928}. Best is trial 1603 with value: 0.004398547172546387.[0m
[32m[I 2022-11-04 05:09:24,607][0m Trial 2420 finished with value: 0.004605318245331384 and parameters: {'nlayers': 13, 'hidden_size': 172, 'dropout': 0.48114054913606596, 'learning_rate': 0.0037735748747388955, 'batch_size': 3831}. Best is trial 1603 with value: 0.004398547172546387.[0m
[32m[I 2022-11-04 05:09:35,068][0m Trial 2421 finished with value: 0.004745130834806959 and parameters: {'nlayers': 11, 'hidden_size': 441, 'dropout': 0.3877198460469673, 'learning_rate': 0.003144384975472783, 'batch_size': 3731}. Best is trial 1603 with value: 0.004398547172546387.[0m
[32m[I 2022-11-04 05:09:38,974][0m Trial 2422 finished with value: 0.00453671618829583 and parameters: {'nlayers': 14, 'hidden_size': 80, 'dropout': 0.4240827972018475, 'learning_rate': 0.0020942737239626284, 'batch_size': 3929}. Best is trial 1603 with value: 0.004398547172546387.[0m
[32m[I 2022-11-04 05:09:44,951][0m Trial 2423 finished with value: 0.004595177054004457 and parameters: {'nlayers': 8, 'hidden_size': 309, 'dropout': 0.4374904490822059, 'learning_rate': 0.0027310626859017918, 'batch_size': 3867}. Best is trial 1603 with value: 0.004398547172546387.[0m
[32m[I 2022-11-04 05:09:50,410][0m Trial 2424 finished with value: 0.00453064564922455 and parameters: {'nlayers': 9, 'hidden_size': 231, 'dropout': 0.19264120126358994, 'learning_rate': 0.0035994800397230547, 'batch_size': 3932}. Best is trial 1603 with value: 0.004398547172546387.[0m
[32m[I 2022-11-04 05:11:33,521][0m Trial 2425 finished with value: 0.004456185363233089 and parameters: {'nlayers': 13, 'hidden_size': 1570, 'dropout': 0.4678197067747223, 'learning_rate': 0.002413270336943959, 'batch_size': 4000}. Best is trial 1603 with value: 0.004398547172546387.[0m
[32m[I 2022-11-04 05:11:49,575][0m Trial 2426 finished with value: 0.00442733121663332 and parameters: {'nlayers': 12, 'hidden_size': 560, 'dropout': 0.4512305532525153, 'learning_rate': 0.0034254455784957, 'batch_size': 4000}. Best is trial 1603 with value: 0.004398547172546387.[0m
[32m[I 2022-11-04 05:11:57,735][0m Trial 2427 finished with value: 0.004661915475700348 and parameters: {'nlayers': 10, 'hidden_size': 373, 'dropout': 0.17421076183169742, 'learning_rate': 0.004654827102729483, 'batch_size': 3815}. Best is trial 1603 with value: 0.004398547172546387.[0m
[32m[I 2022-11-04 05:12:08,380][0m Trial 2428 finished with value: 0.004583962873262909 and parameters: {'nlayers': 9, 'hidden_size': 497, 'dropout': 0.31439569675372536, 'learning_rate': 0.0017570817163310313, 'batch_size': 3874}. Best is trial 1603 with value: 0.004398547172546387.[0m
[32m[I 2022-11-04 05:12:18,907][0m Trial 2429 finished with value: 0.004428178586065769 and parameters: {'nlayers': 11, 'hidden_size': 413, 'dropout': 0.4872172498606785, 'learning_rate': 0.004297345545546551, 'batch_size': 4000}. Best is trial 1603 with value: 0.004398547172546387.[0m
[32m[I 2022-11-04 05:12:42,489][0m Trial 2430 finished with value: 0.004508356346928581 and parameters: {'nlayers': 12, 'hidden_size': 712, 'dropout': 0.3971874394336502, 'learning_rate': 0.0030721106821737596, 'batch_size': 3926}. Best is trial 1603 with value: 0.004398547172546387.[0m
[32m[I 2022-11-04 05:12:46,829][0m Trial 2431 finished with value: 0.00466474082404148 and parameters: {'nlayers': 10, 'hidden_size': 156, 'dropout': 0.3780745015064427, 'learning_rate': 0.003918498177700926, 'batch_size': 3805}. Best is trial 1603 with value: 0.004398547172546387.[0m
[32m[I 2022-11-04 05:12:59,629][0m Trial 2432 finished with value: 0.004557462608724978 and parameters: {'nlayers': 23, 'hidden_size': 289, 'dropout': 0.4764453573504017, 'learning_rate': 0.0028738584656538744, 'batch_size': 3873}. Best is trial 1603 with value: 0.004398547172546387.[0m
[32m[I 2022-11-04 05:13:06,769][0m Trial 2433 finished with value: 0.0045004978510563 and parameters: {'nlayers': 13, 'hidden_size': 244, 'dropout': 0.3042005599743048, 'learning_rate': 0.0032634029514460724, 'batch_size': 3930}. Best is trial 1603 with value: 0.004398547172546387.[0m
[32m[I 2022-11-04 05:16:22,882][0m Trial 2434 finished with value: 0.004556551120199844 and parameters: {'nlayers': 11, 'hidden_size': 2524, 'dropout': 0.44526284402515187, 'learning_rate': 0.009228910560212099, 'batch_size': 3926}. Best is trial 1603 with value: 0.004398547172546387.[0m
[32m[I 2022-11-04 05:16:30,498][0m Trial 2435 finished with value: 0.004664770776249974 and parameters: {'nlayers': 10, 'hidden_size': 335, 'dropout': 0.46051496569150135, 'learning_rate': 0.002645282251831034, 'batch_size': 3798}. Best is trial 1603 with value: 0.004398547172546387.[0m
[32m[I 2022-11-04 05:16:45,792][0m Trial 2436 finished with value: 0.004415488743907244 and parameters: {'nlayers': 9, 'hidden_size': 611, 'dropout': 0.3296858346821155, 'learning_rate': 0.0015233051295034956, 'batch_size': 3999}. Best is trial 1603 with value: 0.004398547172546387.[0m
[32m[I 2022-11-04 05:17:02,083][0m Trial 2437 finished with value: 0.004408722096426721 and parameters: {'nlayers': 9, 'hidden_size': 631, 'dropout': 0.362682226364945, 'learning_rate': 0.0010977155402826738, 'batch_size': 3999}. Best is trial 1603 with value: 0.004398547172546387.[0m
[32m[I 2022-11-04 05:17:18,698][0m Trial 2438 finished with value: 0.0044054435417056085 and parameters: {'nlayers': 9, 'hidden_size': 657, 'dropout': 0.334038415268625, 'learning_rate': 0.0005587275795078282, 'batch_size': 4000}. Best is trial 1603 with value: 0.004398547172546387.[0m
[32m[I 2022-11-04 05:17:33,202][0m Trial 2439 finished with value: 0.004780395616114589 and parameters: {'nlayers': 9, 'hidden_size': 607, 'dropout': 0.33418663656777453, 'learning_rate': 0.0008123145040670916, 'batch_size': 3716}. Best is trial 1603 with value: 0.004398547172546387.[0m
[32m[I 2022-11-04 05:17:44,410][0m Trial 2440 finished with value: 0.007178273053478686 and parameters: {'nlayers': 9, 'hidden_size': 704, 'dropout': 0.3315489753221268, 'learning_rate': 0.001237969851040241, 'batch_size': 2481}. Best is trial 1603 with value: 0.004398547172546387.[0m
[32m[I 2022-11-04 05:18:00,306][0m Trial 2441 finished with value: 0.004570503125089595 and parameters: {'nlayers': 9, 'hidden_size': 646, 'dropout': 0.33723625074426233, 'learning_rate': 0.000703805920180083, 'batch_size': 3866}. Best is trial 1603 with value: 0.004398547172546387.[0m
[32m[I 2022-11-04 05:18:22,579][0m Trial 2442 finished with value: 0.004448857329785824 and parameters: {'nlayers': 9, 'hidden_size': 781, 'dropout': 0.3397248067707157, 'learning_rate': 0.0009927814540095605, 'batch_size': 4000}. Best is trial 1603 with value: 0.004398547172546387.[0m
[32m[I 2022-11-04 05:18:36,112][0m Trial 2443 finished with value: 0.0049275048416798604 and parameters: {'nlayers': 9, 'hidden_size': 597, 'dropout': 0.33163466055215096, 'learning_rate': 0.0010381873735836413, 'batch_size': 3619}. Best is trial 1603 with value: 0.004398547172546387.[0m
[32m[I 2022-11-04 05:18:53,922][0m Trial 2444 finished with value: 0.004529899597289518 and parameters: {'nlayers': 9, 'hidden_size': 691, 'dropout': 0.34238386141491406, 'learning_rate': 0.0005633348078304423, 'batch_size': 3923}. Best is trial 1603 with value: 0.004398547172546387.[0m
[32m[I 2022-11-04 05:19:12,257][0m Trial 2445 finished with value: 0.004596365946691391 and parameters: {'nlayers': 9, 'hidden_size': 709, 'dropout': 0.3263134462224659, 'learning_rate': 0.00014990640487711046, 'batch_size': 3872}. Best is trial 1603 with value: 0.004398547172546387.[0m
[32m[I 2022-11-04 05:19:29,007][0m Trial 2446 finished with value: 0.004477089188992977 and parameters: {'nlayers': 9, 'hidden_size': 654, 'dropout': 0.3472974920086176, 'learning_rate': 0.0006582252560731407, 'batch_size': 4000}. Best is trial 1603 with value: 0.004398547172546387.[0m
[32m[I 2022-11-04 05:19:44,682][0m Trial 2447 finished with value: 0.00470224376130692 and parameters: {'nlayers': 9, 'hidden_size': 664, 'dropout': 0.32897940423334165, 'learning_rate': 0.0009820472816374352, 'batch_size': 3771}. Best is trial 1603 with value: 0.004398547172546387.[0m
[32m[I 2022-11-04 05:19:59,330][0m Trial 2448 finished with value: 0.004570671001928627 and parameters: {'nlayers': 9, 'hidden_size': 598, 'dropout': 0.3258601108314998, 'learning_rate': 0.0002949045737473082, 'batch_size': 3932}. Best is trial 1603 with value: 0.004398547172546387.[0m
[32m[I 2022-11-04 05:20:19,057][0m Trial 2449 finished with value: 0.004598441600491127 and parameters: {'nlayers': 9, 'hidden_size': 743, 'dropout': 0.33800219421064814, 'learning_rate': 0.00048400934003586435, 'batch_size': 3865}. Best is trial 1603 with value: 0.004398547172546387.[0m
[32m[I 2022-11-04 05:20:36,646][0m Trial 2450 finished with value: 0.004421844534575939 and parameters: {'nlayers': 9, 'hidden_size': 678, 'dropout': 0.3409512737114725, 'learning_rate': 0.00022107572925943316, 'batch_size': 4000}. Best is trial 1603 with value: 0.004398547172546387.[0m
[32m[I 2022-11-04 05:20:52,418][0m Trial 2451 finished with value: 0.004542093221672694 and parameters: {'nlayers': 9, 'hidden_size': 644, 'dropout': 0.35019632625099334, 'learning_rate': 0.0006973148940756942, 'batch_size': 3923}. Best is trial 1603 with value: 0.004398547172546387.[0m
[32m[I 2022-11-04 05:21:10,518][0m Trial 2452 finished with value: 0.004711743631248195 and parameters: {'nlayers': 9, 'hidden_size': 713, 'dropout': 0.3317746028709938, 'learning_rate': 0.0005037157687740016, 'batch_size': 3824}. Best is trial 1603 with value: 0.004398547172546387.[0m
[32m[I 2022-11-04 05:21:29,965][0m Trial 2453 finished with value: 0.004482518595290245 and parameters: {'nlayers': 9, 'hidden_size': 727, 'dropout': 0.3460697189247837, 'learning_rate': 0.0008962106630564211, 'batch_size': 3930}. Best is trial 1603 with value: 0.004398547172546387.[0m
[32m[I 2022-11-04 05:21:45,375][0m Trial 2454 finished with value: 0.0045168191566399285 and parameters: {'nlayers': 9, 'hidden_size': 640, 'dropout': 0.3297774419834302, 'learning_rate': 0.00029115533157550195, 'batch_size': 3927}. Best is trial 1603 with value: 0.004398547172546387.[0m
[32m[I 2022-11-04 05:21:51,975][0m Trial 2455 finished with value: 0.012211600564946207 and parameters: {'nlayers': 9, 'hidden_size': 674, 'dropout': 0.3516369114579083, 'learning_rate': 0.0005851586774333128, 'batch_size': 1459}. Best is trial 1603 with value: 0.004398547172546387.[0m
[32m[I 2022-11-04 05:22:04,638][0m Trial 2456 finished with value: 0.0047582673423422995 and parameters: {'nlayers': 9, 'hidden_size': 576, 'dropout': 0.33914287652226294, 'learning_rate': 0.0006764700785763774, 'batch_size': 3736}. Best is trial 1603 with value: 0.004398547172546387.[0m
[32m[I 2022-11-04 05:22:19,967][0m Trial 2457 finished with value: 0.0046019652808557635 and parameters: {'nlayers': 9, 'hidden_size': 634, 'dropout': 0.3237908103995315, 'learning_rate': 5.824308929148125e-05, 'batch_size': 3851}. Best is trial 1603 with value: 0.004398547172546387.[0m
[32m[I 2022-11-04 05:22:34,450][0m Trial 2458 finished with value: 0.004613026190715231 and parameters: {'nlayers': 9, 'hidden_size': 590, 'dropout': 0.32373755865873494, 'learning_rate': 0.0004354623143122177, 'batch_size': 3925}. Best is trial 1603 with value: 0.004398547172546387.[0m
[32m[I 2022-11-04 05:22:55,492][0m Trial 2459 finished with value: 0.004469024129211903 and parameters: {'nlayers': 9, 'hidden_size': 759, 'dropout': 0.3583917340511263, 'learning_rate': 0.0004913944077334276, 'batch_size': 4000}. Best is trial 1603 with value: 0.004398547172546387.[0m
[32m[I 2022-11-04 05:23:12,756][0m Trial 2460 finished with value: 0.004674148526743207 and parameters: {'nlayers': 10, 'hidden_size': 650, 'dropout': 0.334887461461695, 'learning_rate': 0.0010422907500030974, 'batch_size': 3813}. Best is trial 1603 with value: 0.004398547172546387.[0m
[32m[I 2022-11-04 05:23:31,480][0m Trial 2461 finished with value: 0.004564719121715112 and parameters: {'nlayers': 9, 'hidden_size': 711, 'dropout': 0.34170055343118655, 'learning_rate': 0.0003356995743991508, 'batch_size': 3922}. Best is trial 1603 with value: 0.004398547172546387.[0m
[32m[I 2022-11-04 05:23:48,106][0m Trial 2462 finished with value: 0.004584758796824828 and parameters: {'nlayers': 10, 'hidden_size': 625, 'dropout': 0.3196113555580377, 'learning_rate': 0.0009149273744735577, 'batch_size': 3874}. Best is trial 1603 with value: 0.004398547172546387.[0m
[32m[I 2022-11-04 05:24:04,750][0m Trial 2463 finished with value: 0.0045214597960464824 and parameters: {'nlayers': 9, 'hidden_size': 661, 'dropout': 0.34560952327504874, 'learning_rate': 0.0009399132720145284, 'batch_size': 3930}. Best is trial 1603 with value: 0.004398547172546387.[0m
[32m[I 2022-11-04 05:24:19,033][0m Trial 2464 finished with value: 0.004764896883091456 and parameters: {'nlayers': 9, 'hidden_size': 612, 'dropout': 0.3327688555199872, 'learning_rate': 0.0002660458501155022, 'batch_size': 3763}. Best is trial 1603 with value: 0.004398547172546387.[0m
[32m[I 2022-11-04 05:24:35,283][0m Trial 2465 finished with value: 0.004575852437536846 and parameters: {'nlayers': 10, 'hidden_size': 611, 'dropout': 0.35049803918603595, 'learning_rate': 0.001117470505948038, 'batch_size': 3870}. Best is trial 1603 with value: 0.004398547172546387.[0m
[32m[I 2022-11-04 05:24:54,666][0m Trial 2466 finished with value: 0.004547782299288799 and parameters: {'nlayers': 10, 'hidden_size': 686, 'dropout': 0.3429363795530394, 'learning_rate': 0.0013659748176338203, 'batch_size': 3922}. Best is trial 1603 with value: 0.004398547172546387.[0m
[32m[I 2022-11-04 05:25:12,029][0m Trial 2467 finished with value: 0.004631094513796913 and parameters: {'nlayers': 9, 'hidden_size': 700, 'dropout': 0.33011618577987645, 'learning_rate': 0.0011707215444590022, 'batch_size': 3826}. Best is trial 1603 with value: 0.004398547172546387.[0m
[32m[I 2022-11-04 05:25:35,060][0m Trial 2468 finished with value: 0.004429288677871227 and parameters: {'nlayers': 10, 'hidden_size': 764, 'dropout': 0.3358580102274938, 'learning_rate': 0.0006804327318251954, 'batch_size': 4000}. Best is trial 1603 with value: 0.004398547172546387.[0m
[32m[I 2022-11-04 05:25:49,298][0m Trial 2469 finished with value: 0.004511152597154197 and parameters: {'nlayers': 9, 'hidden_size': 585, 'dropout': 0.3523780421759611, 'learning_rate': 0.001082500358901771, 'batch_size': 3931}. Best is trial 1603 with value: 0.004398547172546387.[0m
[32m[I 2022-11-04 05:26:03,675][0m Trial 2470 finished with value: 0.00459554317638332 and parameters: {'nlayers': 10, 'hidden_size': 568, 'dropout': 0.324355552298472, 'learning_rate': 0.0009216304309477731, 'batch_size': 3862}. Best is trial 1603 with value: 0.004398547172546387.[0m
[32m[I 2022-11-04 05:26:21,163][0m Trial 2471 finished with value: 0.004516700322041229 and parameters: {'nlayers': 10, 'hidden_size': 641, 'dropout': 0.31797150631291865, 'learning_rate': 0.000630283406488688, 'batch_size': 3929}. Best is trial 1603 with value: 0.004398547172546387.[0m
[32m[I 2022-11-04 05:26:38,798][0m Trial 2472 finished with value: 0.004918106244035409 and parameters: {'nlayers': 9, 'hidden_size': 721, 'dropout': 0.35547019502973237, 'learning_rate': 0.000650258384727772, 'batch_size': 3663}. Best is trial 1603 with value: 0.004398547172546387.[0m
[32m[I 2022-11-04 05:26:52,821][0m Trial 2473 finished with value: 0.004668221198691861 and parameters: {'nlayers': 9, 'hidden_size': 590, 'dropout': 0.343890567482914, 'learning_rate': 0.00013195841382006442, 'batch_size': 3806}. Best is trial 1603 with value: 0.004398547172546387.[0m
[32m[I 2022-11-04 05:27:11,279][0m Trial 2474 finished with value: 0.0045086042527350675 and parameters: {'nlayers': 10, 'hidden_size': 662, 'dropout': 0.31889089877561944, 'learning_rate': 0.0012262831019935704, 'batch_size': 3937}. Best is trial 1603 with value: 0.004398547172546387.[0m
[32m[I 2022-11-04 05:27:24,507][0m Trial 2475 finished with value: 0.004537954085601667 and parameters: {'nlayers': 9, 'hidden_size': 564, 'dropout': 0.3326468554684154, 'learning_rate': 0.0007992854982136534, 'batch_size': 3934}. Best is trial 1603 with value: 0.004398547172546387.[0m
[32m[I 2022-11-04 05:27:43,995][0m Trial 2476 finished with value: 0.004597202117250842 and parameters: {'nlayers': 8, 'hidden_size': 785, 'dropout': 0.35627415607949064, 'learning_rate': 0.0009629232300600536, 'batch_size': 3857}. Best is trial 1603 with value: 0.004398547172546387.[0m
[32m[I 2022-11-04 05:28:02,059][0m Trial 2477 finished with value: 0.004451362616898388 and parameters: {'nlayers': 9, 'hidden_size': 686, 'dropout': 0.3414526588766644, 'learning_rate': 0.0012598909119244917, 'batch_size': 3999}. Best is trial 1603 with value: 0.004398547172546387.[0m
[32m[I 2022-11-04 05:28:18,442][0m Trial 2478 finished with value: 0.00474482171021857 and parameters: {'nlayers': 10, 'hidden_size': 622, 'dropout': 0.32480192034049776, 'learning_rate': 0.001150947602362675, 'batch_size': 3732}. Best is trial 1603 with value: 0.004398547172546387.[0m
[32m[I 2022-11-04 05:28:29,824][0m Trial 2479 finished with value: 0.004533877853404728 and parameters: {'nlayers': 8, 'hidden_size': 552, 'dropout': 0.3323713280267254, 'learning_rate': 0.0011637973549928188, 'batch_size': 3926}. Best is trial 1603 with value: 0.004398547172546387.[0m
[32m[I 2022-11-04 05:28:46,378][0m Trial 2480 finished with value: 0.004625572537889286 and parameters: {'nlayers': 10, 'hidden_size': 619, 'dropout': 0.3607621448122219, 'learning_rate': 0.0005859980244725086, 'batch_size': 3822}. Best is trial 1603 with value: 0.004398547172546387.[0m
[32m[I 2022-11-04 05:28:58,929][0m Trial 2481 finished with value: 0.00747869763709447 and parameters: {'nlayers': 10, 'hidden_size': 709, 'dropout': 0.34206263239387863, 'learning_rate': 0.0009464309762503136, 'batch_size': 2362}. Best is trial 1603 with value: 0.004398547172546387.[0m
[32m[I 2022-11-04 05:29:11,432][0m Trial 2482 finished with value: 0.00454621831150716 and parameters: {'nlayers': 9, 'hidden_size': 552, 'dropout': 0.34607828351614195, 'learning_rate': 0.00038327564033395836, 'batch_size': 3924}. Best is trial 1603 with value: 0.004398547172546387.[0m
[32m[I 2022-11-04 05:29:29,554][0m Trial 2483 finished with value: 0.00459635393326137 and parameters: {'nlayers': 8, 'hidden_size': 763, 'dropout': 0.3223952761678482, 'learning_rate': 0.0006922742354857469, 'batch_size': 3868}. Best is trial 1603 with value: 0.004398547172546387.[0m
[32m[I 2022-11-04 05:29:47,249][0m Trial 2484 finished with value: 0.00458839880082103 and parameters: {'nlayers': 10, 'hidden_size': 637, 'dropout': 0.3612382667597572, 'learning_rate': 0.0002957770076247814, 'batch_size': 3929}. Best is trial 1603 with value: 0.004398547172546387.[0m
[32m[I 2022-11-04 05:30:01,740][0m Trial 2485 finished with value: 0.004454337036231066 and parameters: {'nlayers': 9, 'hidden_size': 575, 'dropout': 0.33701304393807374, 'learning_rate': 0.0013007908937894973, 'batch_size': 3999}. Best is trial 1603 with value: 0.004398547172546387.[0m
[32m[I 2022-11-04 05:30:14,612][0m Trial 2486 finished with value: 0.004415863302124924 and parameters: {'nlayers': 9, 'hidden_size': 546, 'dropout': 0.3178161469846533, 'learning_rate': 0.0013728469074793849, 'batch_size': 3998}. Best is trial 1603 with value: 0.004398547172546387.[0m
[32m[I 2022-11-04 05:30:26,275][0m Trial 2487 finished with value: 0.0044409598169355404 and parameters: {'nlayers': 9, 'hidden_size': 510, 'dropout': 0.3138321080762077, 'learning_rate': 0.0013279175036247917, 'batch_size': 3998}. Best is trial 1603 with value: 0.004398547172546387.[0m
[32m[I 2022-11-04 05:30:37,785][0m Trial 2488 finished with value: 0.004708076312517291 and parameters: {'nlayers': 9, 'hidden_size': 536, 'dropout': 0.3174842697057734, 'learning_rate': 0.0011010723063690636, 'batch_size': 3769}. Best is trial 1603 with value: 0.004398547172546387.[0m
[32m[I 2022-11-04 05:30:49,559][0m Trial 2489 finished with value: 0.004590861462721007 and parameters: {'nlayers': 9, 'hidden_size': 530, 'dropout': 0.3208115157083076, 'learning_rate': 0.0013008697854751056, 'batch_size': 3869}. Best is trial 1603 with value: 0.004398547172546387.[0m
