[32m[I 2022-11-03 20:04:12,066][0m Trial 303 finished with value: 0.004525742364865915 and parameters: {'nlayers': 12, 'hidden_size': 324, 'dropout': 0.27820078265108966, 'learning_rate': 0.001767004078035261, 'batch_size': 3922}. Best is trial 183 with value: 0.004403234362602234.[0m
[32m[I 2022-11-03 20:04:17,354][0m Trial 304 finished with value: 0.004506534980033717 and parameters: {'nlayers': 11, 'hidden_size': 184, 'dropout': 0.2898099038403361, 'learning_rate': 0.008402571302444754, 'batch_size': 3927}. Best is trial 183 with value: 0.004403234362602234.[0m
[32m[I 2022-11-03 20:04:25,608][0m Trial 305 finished with value: 0.004595462238633788 and parameters: {'nlayers': 12, 'hidden_size': 307, 'dropout': 0.4447980445312732, 'learning_rate': 0.00204010753675086, 'batch_size': 3850}. Best is trial 183 with value: 0.004403234362602234.[0m
[32m[I 2022-11-03 20:04:35,872][0m Trial 306 finished with value: 0.004448466767007676 and parameters: {'nlayers': 11, 'hidden_size': 391, 'dropout': 0.26793337493214026, 'learning_rate': 0.006248888442107288, 'batch_size': 3998}. Best is trial 183 with value: 0.004403234362602234.[0m
[32m[I 2022-11-03 20:04:44,396][0m Trial 307 finished with value: 0.00451362811249209 and parameters: {'nlayers': 11, 'hidden_size': 327, 'dropout': 0.4542514835847553, 'learning_rate': 0.002276503359897707, 'batch_size': 3924}. Best is trial 183 with value: 0.004403234362602234.[0m
[32m[I 2022-11-03 20:04:50,692][0m Trial 308 finished with value: 0.004769631484844561 and parameters: {'nlayers': 10, 'hidden_size': 275, 'dropout': 0.4629243135169825, 'learning_rate': 0.0018737094128274854, 'batch_size': 3712}. Best is trial 183 with value: 0.004403234362602234.[0m
[32m[I 2022-11-03 20:04:55,020][0m Trial 309 finished with value: 0.004590908031607144 and parameters: {'nlayers': 10, 'hidden_size': 129, 'dropout': 0.4510756497955992, 'learning_rate': 0.005203298671374638, 'batch_size': 3854}. Best is trial 183 with value: 0.004403234362602234.[0m
[32m[I 2022-11-03 20:05:04,419][0m Trial 310 finished with value: 0.004504549698627386 and parameters: {'nlayers': 11, 'hidden_size': 370, 'dropout': 0.4415362692384192, 'learning_rate': 0.0014672068871275884, 'batch_size': 3937}. Best is trial 183 with value: 0.004403234362602234.[0m
[32m[I 2022-11-03 20:05:13,284][0m Trial 311 finished with value: 0.004707462985419372 and parameters: {'nlayers': 11, 'hidden_size': 363, 'dropout': 0.45877101320746644, 'learning_rate': 0.0022566615508549984, 'batch_size': 3791}. Best is trial 183 with value: 0.004403234362602234.[0m
[32m[I 2022-11-03 20:09:19,120][0m Trial 312 finished with value: 0.004516775339737378 and parameters: {'nlayers': 10, 'hidden_size': 2889, 'dropout': 0.46713177912808246, 'learning_rate': 0.002110438624685254, 'batch_size': 3994}. Best is trial 183 with value: 0.004403234362602234.[0m
[32m[I 2022-11-03 20:09:30,626][0m Trial 313 finished with value: 0.0045690646163577455 and parameters: {'nlayers': 12, 'hidden_size': 418, 'dropout': 0.4468427113080593, 'learning_rate': 0.00236253920827226, 'batch_size': 3878}. Best is trial 183 with value: 0.004403234362602234.[0m
[32m[I 2022-11-03 20:09:36,412][0m Trial 314 finished with value: 0.004521633699840429 and parameters: {'nlayers': 13, 'hidden_size': 172, 'dropout': 0.4773023441728028, 'learning_rate': 0.0019692076444021663, 'batch_size': 3920}. Best is trial 183 with value: 0.004403234362602234.[0m
[32m[I 2022-11-03 20:09:42,219][0m Trial 315 finished with value: 0.0045196625308369575 and parameters: {'nlayers': 10, 'hidden_size': 221, 'dropout': 0.2790762977626552, 'learning_rate': 0.004684263943430487, 'batch_size': 3932}. Best is trial 183 with value: 0.004403234362602234.[0m
[32m[I 2022-11-03 20:09:49,463][0m Trial 316 finished with value: 0.004426068253815174 and parameters: {'nlayers': 11, 'hidden_size': 258, 'dropout': 0.43680633765801286, 'learning_rate': 0.0016999977581714674, 'batch_size': 4000}. Best is trial 183 with value: 0.004403234362602234.[0m
[32m[I 2022-11-03 20:09:58,633][0m Trial 317 finished with value: 0.0044674590975046155 and parameters: {'nlayers': 11, 'hidden_size': 346, 'dropout': 0.43338965113052047, 'learning_rate': 0.0018390948151364712, 'batch_size': 4000}. Best is trial 183 with value: 0.004403234362602234.[0m
[32m[I 2022-11-03 20:10:02,559][0m Trial 318 finished with value: 0.010464039448425437 and parameters: {'nlayers': 12, 'hidden_size': 313, 'dropout': 0.43688416017779125, 'learning_rate': 0.0015465368466980377, 'batch_size': 1702}. Best is trial 183 with value: 0.004403234362602234.[0m
[32m[I 2022-11-03 20:10:06,636][0m Trial 319 finished with value: 0.004667345911827909 and parameters: {'nlayers': 11, 'hidden_size': 103, 'dropout': 0.4518039721323464, 'learning_rate': 0.001115903314712124, 'batch_size': 3808}. Best is trial 183 with value: 0.004403234362602234.[0m
[32m[I 2022-11-03 20:10:12,162][0m Trial 320 finished with value: 0.004417498397075754 and parameters: {'nlayers': 10, 'hidden_size': 190, 'dropout': 0.41401534234472626, 'learning_rate': 0.0015879088951121904, 'batch_size': 3998}. Best is trial 183 with value: 0.004403234362602234.[0m
[32m[I 2022-11-03 20:10:19,029][0m Trial 321 finished with value: 0.004619133778107472 and parameters: {'nlayers': 11, 'hidden_size': 258, 'dropout': 0.40699563738510636, 'learning_rate': 0.0017656704011847265, 'batch_size': 3861}. Best is trial 183 with value: 0.004403234362602234.[0m
[32m[I 2022-11-03 20:10:23,694][0m Trial 322 finished with value: 0.004717292142378613 and parameters: {'nlayers': 10, 'hidden_size': 169, 'dropout': 0.4153690203625491, 'learning_rate': 0.0015569836746320192, 'batch_size': 3749}. Best is trial 183 with value: 0.004403234362602234.[0m
[32m[I 2022-11-03 20:10:27,312][0m Trial 323 finished with value: 0.004536704288706802 and parameters: {'nlayers': 10, 'hidden_size': 44, 'dropout': 0.39458848706331734, 'learning_rate': 0.0011611646435022046, 'batch_size': 3923}. Best is trial 183 with value: 0.004403234362602234.[0m
[32m[I 2022-11-03 20:10:34,321][0m Trial 324 finished with value: 0.0044448250159621235 and parameters: {'nlayers': 11, 'hidden_size': 247, 'dropout': 0.4275802648645353, 'learning_rate': 0.0014092179086459616, 'batch_size': 4000}. Best is trial 183 with value: 0.004403234362602234.[0m
[32m[I 2022-11-03 20:10:39,322][0m Trial 325 finished with value: 0.004583947420367369 and parameters: {'nlayers': 12, 'hidden_size': 139, 'dropout': 0.4245670400380303, 'learning_rate': 0.0038382751198778858, 'batch_size': 3859}. Best is trial 183 with value: 0.004403234362602234.[0m
[32m[I 2022-11-03 20:10:47,034][0m Trial 326 finished with value: 0.004533827707163849 and parameters: {'nlayers': 11, 'hidden_size': 290, 'dropout': 0.4004507039532204, 'learning_rate': 0.001941789405821994, 'batch_size': 3926}. Best is trial 183 with value: 0.004403234362602234.[0m
[32m[I 2022-11-03 20:10:56,031][0m Trial 327 finished with value: 0.004831488570249198 and parameters: {'nlayers': 10, 'hidden_size': 416, 'dropout': 0.44280101771683644, 'learning_rate': 0.0016194142402294108, 'batch_size': 3668}. Best is trial 183 with value: 0.004403234362602234.[0m
[32m[I 2022-11-03 20:11:01,659][0m Trial 328 finished with value: 0.004615859454874896 and parameters: {'nlayers': 10, 'hidden_size': 226, 'dropout': 0.41522782499901895, 'learning_rate': 0.0017288383043375006, 'batch_size': 3827}. Best is trial 183 with value: 0.004403234362602234.[0m
[32m[I 2022-11-03 20:13:13,742][0m Trial 329 finished with value: 0.008418518518193386 and parameters: {'nlayers': 12, 'hidden_size': 2593, 'dropout': 0.43854716422626383, 'learning_rate': 0.002525159533484459, 'batch_size': 2151}. Best is trial 183 with value: 0.004403234362602234.[0m
[32m[I 2022-11-03 20:13:18,991][0m Trial 330 finished with value: 0.004405946418862845 and parameters: {'nlayers': 9, 'hidden_size': 189, 'dropout': 0.45512188930718944, 'learning_rate': 0.001999607890702422, 'batch_size': 3999}. Best is trial 183 with value: 0.004403234362602234.[0m
[32m[I 2022-11-03 20:13:23,396][0m Trial 331 finished with value: 0.004495112982024138 and parameters: {'nlayers': 11, 'hidden_size': 103, 'dropout': 0.4566535921458372, 'learning_rate': 0.0012569567764847693, 'batch_size': 3934}. Best is trial 183 with value: 0.004403234362602234.[0m
[32m[I 2022-11-03 20:13:30,224][0m Trial 332 finished with value: 0.004573110038611932 and parameters: {'nlayers': 9, 'hidden_size': 314, 'dropout': 0.44865063124879717, 'learning_rate': 0.0019701374810098347, 'batch_size': 3870}. Best is trial 183 with value: 0.004403234362602234.[0m
[32m[I 2022-11-03 20:13:36,589][0m Trial 333 finished with value: 0.0044315903521859965 and parameters: {'nlayers': 11, 'hidden_size': 221, 'dropout': 0.46423623956987337, 'learning_rate': 0.0015725002902137028, 'batch_size': 3999}. Best is trial 183 with value: 0.004403234362602234.[0m
[32m[I 2022-11-03 20:13:41,144][0m Trial 334 finished with value: 0.004744510094324748 and parameters: {'nlayers': 10, 'hidden_size': 155, 'dropout': 0.4569694792983877, 'learning_rate': 0.0015098192334395506, 'batch_size': 3750}. Best is trial 183 with value: 0.004403234362602234.[0m
[32m[I 2022-11-03 20:13:45,185][0m Trial 335 finished with value: 0.0045037977872364136 and parameters: {'nlayers': 10, 'hidden_size': 87, 'dropout': 0.46773089477292434, 'learning_rate': 0.0013222769883370652, 'batch_size': 3922}. Best is trial 183 with value: 0.004403234362602234.[0m
[32m[I 2022-11-03 20:13:50,478][0m Trial 336 finished with value: 0.004596788001251813 and parameters: {'nlayers': 9, 'hidden_size': 221, 'dropout': 0.45943670579387264, 'learning_rate': 0.0017888780533245933, 'batch_size': 3863}. Best is trial 183 with value: 0.004403234362602234.[0m
[32m[I 2022-11-03 20:13:53,672][0m Trial 337 finished with value: 0.0045270994514204155 and parameters: {'nlayers': 11, 'hidden_size': 8, 'dropout': 0.4460836281482101, 'learning_rate': 0.0015523912236455458, 'batch_size': 3929}. Best is trial 183 with value: 0.004403234362602234.[0m
[32m[I 2022-11-03 20:13:59,391][0m Trial 338 finished with value: 0.004425480317163241 and parameters: {'nlayers': 12, 'hidden_size': 165, 'dropout': 0.4631617811296494, 'learning_rate': 0.0016955846167249781, 'batch_size': 3999}. Best is trial 183 with value: 0.004403234362602234.[0m
[32m[I 2022-11-03 20:14:05,228][0m Trial 339 finished with value: 0.004674787649288107 and parameters: {'nlayers': 13, 'hidden_size': 183, 'dropout': 0.43489254714768066, 'learning_rate': 0.0007942174202692596, 'batch_size': 3802}. Best is trial 183 with value: 0.004403234362602234.[0m
[32m[I 2022-11-03 20:14:09,530][0m Trial 340 finished with value: 0.00443799350934365 and parameters: {'nlayers': 12, 'hidden_size': 76, 'dropout': 0.4622042166911018, 'learning_rate': 0.001712903158433129, 'batch_size': 3998}. Best is trial 183 with value: 0.004403234362602234.[0m
[32m[I 2022-11-03 20:14:14,693][0m Trial 341 finished with value: 0.004591922750768735 and parameters: {'nlayers': 12, 'hidden_size': 156, 'dropout': 0.44896080992661996, 'learning_rate': 0.0013056118845537808, 'batch_size': 3870}. Best is trial 183 with value: 0.004403234362602234.[0m
[32m[I 2022-11-03 20:14:21,801][0m Trial 342 finished with value: 0.004504300646355048 and parameters: {'nlayers': 12, 'hidden_size': 244, 'dropout': 0.45233093733395024, 'learning_rate': 0.001484749218452556, 'batch_size': 3932}. Best is trial 183 with value: 0.004403234362602234.[0m
[32m[I 2022-11-03 20:14:29,134][0m Trial 343 finished with value: 0.004434040584712139 and parameters: {'nlayers': 13, 'hidden_size': 233, 'dropout': 0.4415108123944392, 'learning_rate': 0.0016858536841275285, 'batch_size': 3997}. Best is trial 183 with value: 0.004403234362602234.[0m
[32m[I 2022-11-03 20:14:34,045][0m Trial 344 finished with value: 0.0046925526920449795 and parameters: {'nlayers': 11, 'hidden_size': 163, 'dropout': 0.46646196838364995, 'learning_rate': 0.0058222244928032366, 'batch_size': 3780}. Best is trial 183 with value: 0.004403234362602234.[0m
[32m[I 2022-11-03 20:14:42,972][0m Trial 345 finished with value: 0.004597024384703131 and parameters: {'nlayers': 11, 'hidden_size': 360, 'dropout': 0.43078068971489875, 'learning_rate': 0.0010575577081432918, 'batch_size': 3870}. Best is trial 183 with value: 0.004403234362602234.[0m
[32m[I 2022-11-03 20:14:49,227][0m Trial 346 finished with value: 0.004541151231264478 and parameters: {'nlayers': 9, 'hidden_size': 266, 'dropout': 0.46175670570873334, 'learning_rate': 0.0024302539284583075, 'batch_size': 3923}. Best is trial 183 with value: 0.004403234362602234.[0m
[32m[I 2022-11-03 20:14:54,240][0m Trial 347 finished with value: 0.004420452637802395 and parameters: {'nlayers': 12, 'hidden_size': 121, 'dropout': 0.4544500208874214, 'learning_rate': 0.0016697611121645388, 'batch_size': 3999}. Best is trial 183 with value: 0.004403234362602234.[0m
[32m[I 2022-11-03 20:14:57,964][0m Trial 348 finished with value: 0.004816308202663606 and parameters: {'nlayers': 13, 'hidden_size': 80, 'dropout': 0.4419524212184994, 'learning_rate': 0.0015837757735521628, 'batch_size': 3699}. Best is trial 183 with value: 0.004403234362602234.[0m
[32m[I 2022-11-03 20:15:10,776][0m Trial 349 finished with value: 0.004519876430644659 and parameters: {'nlayers': 12, 'hidden_size': 464, 'dropout': 0.4742498755959401, 'learning_rate': 0.0012174891529771398, 'batch_size': 3924}. Best is trial 183 with value: 0.004403234362602234.[0m
[32m[I 2022-11-03 20:15:16,589][0m Trial 350 finished with value: 0.004656277251274839 and parameters: {'nlayers': 12, 'hidden_size': 206, 'dropout': 0.4617405996535164, 'learning_rate': 0.0026679002594544887, 'batch_size': 3815}. Best is trial 183 with value: 0.004403234362602234.[0m
[32m[I 2022-11-03 20:15:24,835][0m Trial 351 finished with value: 0.004453694701194763 and parameters: {'nlayers': 9, 'hidden_size': 372, 'dropout': 0.4541161388293016, 'learning_rate': 0.0021895880064133006, 'batch_size': 4000}. Best is trial 183 with value: 0.004403234362602234.[0m
[32m[I 2022-11-03 20:15:37,884][0m Trial 352 finished with value: 0.004573790068478929 and parameters: {'nlayers': 12, 'hidden_size': 475, 'dropout': 0.4219314590945719, 'learning_rate': 0.001384031315047808, 'batch_size': 3880}. Best is trial 183 with value: 0.004403234362602234.[0m
[32m[I 2022-11-03 20:15:39,977][0m Trial 353 finished with value: 0.009195643148610794 and parameters: {'nlayers': 11, 'hidden_size': 111, 'dropout': 0.47122021197829084, 'learning_rate': 0.0017089380397014228, 'batch_size': 1922}. Best is trial 183 with value: 0.004403234362602234.[0m
[32m[I 2022-11-03 20:15:46,203][0m Trial 354 finished with value: 0.004518323772736178 and parameters: {'nlayers': 8, 'hidden_size': 293, 'dropout': 0.4472626872766717, 'learning_rate': 0.002478573909097525, 'batch_size': 3930}. Best is trial 183 with value: 0.004403234362602234.[0m
[32m[I 2022-11-03 20:15:54,283][0m Trial 355 finished with value: 0.004646121620819831 and parameters: {'nlayers': 9, 'hidden_size': 400, 'dropout': 0.4352123382383727, 'learning_rate': 0.0026721498022450967, 'batch_size': 3820}. Best is trial 183 with value: 0.004403234362602234.[0m
[32m[I 2022-11-03 20:16:06,600][0m Trial 356 finished with value: 0.004547409161443654 and parameters: {'nlayers': 10, 'hidden_size': 501, 'dropout': 0.46058342235173494, 'learning_rate': 0.0028963849396269705, 'batch_size': 3929}. Best is trial 183 with value: 0.004403234362602234.[0m
[32m[I 2022-11-03 20:16:12,434][0m Trial 357 finished with value: 0.004441261351153288 and parameters: {'nlayers': 11, 'hidden_size': 191, 'dropout': 0.47423112956378316, 'learning_rate': 0.0020905771801492242, 'batch_size': 3997}. Best is trial 183 with value: 0.004403234362602234.[0m
[32m[I 2022-11-03 20:16:25,123][0m Trial 358 finished with value: 0.004417030960321426 and parameters: {'nlayers': 12, 'hidden_size': 441, 'dropout': 0.4546315492799292, 'learning_rate': 0.002324170615642087, 'batch_size': 4000}. Best is trial 183 with value: 0.004403234362602234.[0m
[32m[I 2022-11-03 20:16:36,992][0m Trial 359 finished with value: 0.005158523877872995 and parameters: {'nlayers': 13, 'hidden_size': 413, 'dropout': 0.44587908908005697, 'learning_rate': 0.009754000072393996, 'batch_size': 3865}. Best is trial 183 with value: 0.004403234362602234.[0m
[32m[I 2022-11-03 20:16:46,480][0m Trial 360 finished with value: 0.0047411243810513625 and parameters: {'nlayers': 13, 'hidden_size': 346, 'dropout': 0.43175863428388056, 'learning_rate': 0.0019485032340473606, 'batch_size': 3745}. Best is trial 183 with value: 0.004403234362602234.[0m
[32m[I 2022-11-03 20:16:59,472][0m Trial 361 finished with value: 0.004528214501279538 and parameters: {'nlayers': 12, 'hidden_size': 480, 'dropout': 0.4546825858298069, 'learning_rate': 0.0022946958910409166, 'batch_size': 3932}. Best is trial 183 with value: 0.004403234362602234.[0m
[32m[I 2022-11-03 20:18:52,006][0m Trial 362 finished with value: 0.004726840367812182 and parameters: {'nlayers': 12, 'hidden_size': 1747, 'dropout': 0.4396987155916893, 'learning_rate': 0.0016354599302300901, 'batch_size': 3863}. Best is trial 183 with value: 0.004403234362602234.[0m
[32m[I 2022-11-03 20:19:00,804][0m Trial 363 finished with value: 0.004486561834857537 and parameters: {'nlayers': 8, 'hidden_size': 439, 'dropout': 0.46795406119391203, 'learning_rate': 0.0031587386280111564, 'batch_size': 3941}. Best is trial 183 with value: 0.004403234362602234.[0m
[32m[I 2022-11-03 20:19:12,232][0m Trial 364 finished with value: 0.004644037803890889 and parameters: {'nlayers': 9, 'hidden_size': 538, 'dropout': 0.45383320172475977, 'learning_rate': 0.0028433016804895847, 'batch_size': 3807}. Best is trial 183 with value: 0.004403234362602234.[0m
[32m[I 2022-11-03 20:19:19,649][0m Trial 365 finished with value: 0.004495488030292774 and parameters: {'nlayers': 12, 'hidden_size': 272, 'dropout': 0.46318247577392513, 'learning_rate': 0.0034765209999065368, 'batch_size': 3933}. Best is trial 183 with value: 0.004403234362602234.[0m
[32m[I 2022-11-03 20:19:32,085][0m Trial 366 finished with value: 0.004590004021803661 and parameters: {'nlayers': 10, 'hidden_size': 514, 'dropout': 0.4465886094422928, 'learning_rate': 0.0019134986309720897, 'batch_size': 3879}. Best is trial 183 with value: 0.004403234362602234.[0m
[32m[I 2022-11-03 20:19:41,212][0m Trial 367 finished with value: 0.0044407321958689835 and parameters: {'nlayers': 11, 'hidden_size': 350, 'dropout': 0.4277012196404353, 'learning_rate': 0.0022105385312635654, 'batch_size': 3996}. Best is trial 183 with value: 0.004403234362602234.[0m
[32m[I 2022-11-03 20:19:46,960][0m Trial 368 finished with value: 0.004453627510986786 and parameters: {'nlayers': 9, 'hidden_size': 225, 'dropout': 0.4770206102144376, 'learning_rate': 0.001424840880740456, 'batch_size': 3998}. Best is trial 183 with value: 0.004403234362602234.[0m
[32m[I 2022-11-03 20:19:50,387][0m Trial 369 finished with value: 0.0046869924483638956 and parameters: {'nlayers': 10, 'hidden_size': 61, 'dropout': 0.45516952885906603, 'learning_rate': 0.0009842878339111551, 'batch_size': 3790}. Best is trial 183 with value: 0.004403234362602234.[0m
[32m[I 2022-11-03 20:20:06,457][0m Trial 370 finished with value: 0.004580444649584645 and parameters: {'nlayers': 12, 'hidden_size': 559, 'dropout': 0.43912104692853715, 'learning_rate': 0.0006034076129849193, 'batch_size': 3876}. Best is trial 183 with value: 0.004403234362602234.[0m
[32m[I 2022-11-03 20:20:15,117][0m Trial 371 finished with value: 0.0044470342086838765 and parameters: {'nlayers': 8, 'hidden_size': 418, 'dropout': 0.4631900126650512, 'learning_rate': 0.0025796843804336183, 'batch_size': 3996}. Best is trial 183 with value: 0.004403234362602234.[0m
[32m[I 2022-11-03 20:20:22,450][0m Trial 372 finished with value: 0.004971083802983173 and parameters: {'nlayers': 11, 'hidden_size': 317, 'dropout': 0.3848750938809207, 'learning_rate': 0.0018018235829346033, 'batch_size': 3594}. Best is trial 183 with value: 0.004403234362602234.[0m
[32m[I 2022-11-03 20:24:03,130][0m Trial 373 finished with value: 0.004605456517667187 and parameters: {'nlayers': 10, 'hidden_size': 2756, 'dropout': 0.4489703111065319, 'learning_rate': 0.002402663094346534, 'batch_size': 3920}. Best is trial 183 with value: 0.004403234362602234.[0m
[32m[I 2022-11-03 20:24:10,133][0m Trial 374 finished with value: 0.004575024530125431 and parameters: {'nlayers': 20, 'hidden_size': 149, 'dropout': 0.4721006298421885, 'learning_rate': 0.00299012921690453, 'batch_size': 3857}. Best is trial 183 with value: 0.004403234362602234.[0m
[32m[I 2022-11-03 20:24:21,355][0m Trial 375 finished with value: 0.004458323091253631 and parameters: {'nlayers': 9, 'hidden_size': 489, 'dropout': 0.41861800379087827, 'learning_rate': 0.0020281775702010348, 'batch_size': 3998}. Best is trial 183 with value: 0.004403234362602234.[0m
[32m[I 2022-11-03 20:24:38,298][0m Trial 376 finished with value: 0.004432562880218029 and parameters: {'nlayers': 11, 'hidden_size': 573, 'dropout': 0.4587720437139579, 'learning_rate': 0.007121459145964451, 'batch_size': 4000}. Best is trial 183 with value: 0.004403234362602234.[0m
[32m[I 2022-11-03 20:24:49,838][0m Trial 377 finished with value: 0.004724226842442863 and parameters: {'nlayers': 8, 'hidden_size': 572, 'dropout': 0.4660849082051269, 'learning_rate': 0.002709096112615698, 'batch_size': 3759}. Best is trial 183 with value: 0.004403234362602234.[0m
[32m[I 2022-11-03 20:25:10,460][0m Trial 378 finished with value: 0.004498803860000731 and parameters: {'nlayers': 13, 'hidden_size': 612, 'dropout': 0.4793365405971575, 'learning_rate': 0.007426763328356895, 'batch_size': 3926}. Best is trial 183 with value: 0.004403234362602234.[0m
