[32m[I 2022-11-04 00:17:40,562][0m Trial 1289 finished with value: 0.0045238909286012 and parameters: {'nlayers': 10, 'hidden_size': 550, 'dropout': 0.47800945242141724, 'learning_rate': 0.0027969469625573717, 'batch_size': 3932}. Best is trial 183 with value: 0.004403234362602234.[0m
[32m[I 2022-11-04 00:17:50,410][0m Trial 1290 finished with value: 0.008721001381459443 and parameters: {'nlayers': 11, 'hidden_size': 623, 'dropout': 0.4613447305410845, 'learning_rate': 0.0033711269754645645, 'batch_size': 2070}. Best is trial 183 with value: 0.004403234362602234.[0m
[32m[I 2022-11-04 00:18:03,262][0m Trial 1291 finished with value: 0.004745902496573134 and parameters: {'nlayers': 13, 'hidden_size': 457, 'dropout': 0.372825522541327, 'learning_rate': 0.0029696253779447398, 'batch_size': 3754}. Best is trial 183 with value: 0.004403234362602234.[0m
[32m[I 2022-11-04 00:18:11,624][0m Trial 1292 finished with value: 0.004442028593217927 and parameters: {'nlayers': 12, 'hidden_size': 308, 'dropout': 0.38562077780155274, 'learning_rate': 0.0026577844519093, 'batch_size': 3998}. Best is trial 183 with value: 0.004403234362602234.[0m
[32m[I 2022-11-04 00:18:22,617][0m Trial 1293 finished with value: 0.00445719445219753 and parameters: {'nlayers': 5, 'hidden_size': 725, 'dropout': 0.48720263684829057, 'learning_rate': 0.0023159198388186027, 'batch_size': 3999}. Best is trial 183 with value: 0.004403234362602234.[0m
[32m[I 2022-11-04 00:18:25,759][0m Trial 1294 finished with value: 0.020540646415341784 and parameters: {'nlayers': 12, 'hidden_size': 393, 'dropout': 0.35478704317120435, 'learning_rate': 0.003181909455532382, 'batch_size': 864}. Best is trial 183 with value: 0.004403234362602234.[0m
[32m[I 2022-11-04 00:18:30,667][0m Trial 1295 finished with value: 0.0046286548785401576 and parameters: {'nlayers': 3, 'hidden_size': 551, 'dropout': 0.4527597010503414, 'learning_rate': 0.0028398318027060164, 'batch_size': 3856}. Best is trial 183 with value: 0.004403234362602234.[0m
[32m[I 2022-11-04 00:18:39,046][0m Trial 1296 finished with value: 0.004562140110845536 and parameters: {'nlayers': 14, 'hidden_size': 286, 'dropout': 0.4188151346764987, 'learning_rate': 0.00201415066242229, 'batch_size': 3876}. Best is trial 183 with value: 0.004403234362602234.[0m
[32m[I 2022-11-04 00:18:50,053][0m Trial 1297 finished with value: 0.004439148724079132 and parameters: {'nlayers': 10, 'hidden_size': 462, 'dropout': 0.46948132567112294, 'learning_rate': 0.0034364143876909996, 'batch_size': 4000}. Best is trial 183 with value: 0.004403234362602234.[0m
[32m[I 2022-11-04 00:19:09,860][0m Trial 1298 finished with value: 0.004519064054367649 and parameters: {'nlayers': 11, 'hidden_size': 666, 'dropout': 0.3958431441504299, 'learning_rate': 0.002462274180288361, 'batch_size': 3925}. Best is trial 183 with value: 0.004403234362602234.[0m
[32m[I 2022-11-04 00:19:17,531][0m Trial 1299 finished with value: 0.004636427424136737 and parameters: {'nlayers': 10, 'hidden_size': 351, 'dropout': 0.48063389476858753, 'learning_rate': 0.0029900617190465367, 'batch_size': 3823}. Best is trial 183 with value: 0.004403234362602234.[0m
[32m[I 2022-11-04 00:19:30,677][0m Trial 1300 finished with value: 0.004538463242779766 and parameters: {'nlayers': 11, 'hidden_size': 512, 'dropout': 0.25696212137893315, 'learning_rate': 0.002212271490129743, 'batch_size': 3919}. Best is trial 183 with value: 0.004403234362602234.[0m
[32m[I 2022-11-04 00:23:49,389][0m Trial 1301 finished with value: 0.004603427170473422 and parameters: {'nlayers': 12, 'hidden_size': 2846, 'dropout': 0.4599383240247618, 'learning_rate': 0.002672876783696038, 'batch_size': 3865}. Best is trial 183 with value: 0.004403234362602234.[0m
[32m[I 2022-11-04 00:24:08,967][0m Trial 1302 finished with value: 0.004539243626558125 and parameters: {'nlayers': 13, 'hidden_size': 600, 'dropout': 0.40764861637138944, 'learning_rate': 0.003186202657609617, 'batch_size': 3928}. Best is trial 183 with value: 0.004403234362602234.[0m
[32m[I 2022-11-04 00:24:19,700][0m Trial 1303 finished with value: 0.004435128356707937 and parameters: {'nlayers': 11, 'hidden_size': 424, 'dropout': 0.472726876332779, 'learning_rate': 0.0017180880500579476, 'batch_size': 3998}. Best is trial 183 with value: 0.004403234362602234.[0m
[32m[I 2022-11-04 00:24:25,755][0m Trial 1304 finished with value: 0.00470124575147422 and parameters: {'nlayers': 10, 'hidden_size': 263, 'dropout': 0.19141161995152603, 'learning_rate': 0.0028801584148997225, 'batch_size': 3782}. Best is trial 183 with value: 0.004403234362602234.[0m
[32m[I 2022-11-04 00:24:34,426][0m Trial 1305 finished with value: 0.004585864550702074 and parameters: {'nlayers': 12, 'hidden_size': 338, 'dropout': 0.4513519540994031, 'learning_rate': 0.003452581849168879, 'batch_size': 3864}. Best is trial 183 with value: 0.004403234362602234.[0m
[32m[I 2022-11-04 00:24:49,779][0m Trial 1306 finished with value: 0.004413234126302534 and parameters: {'nlayers': 13, 'hidden_size': 509, 'dropout': 0.389525678803297, 'learning_rate': 0.003071684405988078, 'batch_size': 3999}. Best is trial 183 with value: 0.004403234362602234.[0m
[32m[I 2022-11-04 00:25:06,851][0m Trial 1307 finished with value: 0.004517359914769983 and parameters: {'nlayers': 14, 'hidden_size': 525, 'dropout': 0.3771015811073927, 'learning_rate': 0.003170264255686159, 'batch_size': 3941}. Best is trial 183 with value: 0.004403234362602234.[0m
[32m[I 2022-11-04 00:25:22,751][0m Trial 1308 finished with value: 0.004438766183540743 and parameters: {'nlayers': 14, 'hidden_size': 496, 'dropout': 0.3673985443749988, 'learning_rate': 0.003071948786143531, 'batch_size': 3999}. Best is trial 183 with value: 0.004403234362602234.[0m
[32m[I 2022-11-04 00:25:42,021][0m Trial 1309 finished with value: 0.004817660609070136 and parameters: {'nlayers': 14, 'hidden_size': 579, 'dropout': 0.38658441396640325, 'learning_rate': 0.003314628020105483, 'batch_size': 3675}. Best is trial 183 with value: 0.004403234362602234.[0m
[32m[I 2022-11-04 00:25:57,311][0m Trial 1310 finished with value: 0.004444366328418255 and parameters: {'nlayers': 13, 'hidden_size': 497, 'dropout': 0.3916320910291102, 'learning_rate': 0.002970092835393727, 'batch_size': 4000}. Best is trial 183 with value: 0.004403234362602234.[0m
[32m[I 2022-11-04 00:26:16,740][0m Trial 1311 finished with value: 0.004607457356747347 and parameters: {'nlayers': 13, 'hidden_size': 583, 'dropout': 0.38877679596190395, 'learning_rate': 0.0032823029948644057, 'batch_size': 3871}. Best is trial 183 with value: 0.004403234362602234.[0m
[32m[I 2022-11-04 00:26:31,721][0m Trial 1312 finished with value: 0.004702374081709206 and parameters: {'nlayers': 14, 'hidden_size': 483, 'dropout': 0.3837024806449305, 'learning_rate': 0.002799375179035233, 'batch_size': 3763}. Best is trial 183 with value: 0.004403234362602234.[0m
[32m[I 2022-11-04 00:26:44,585][0m Trial 1313 finished with value: 0.004485855949959642 and parameters: {'nlayers': 13, 'hidden_size': 447, 'dropout': 0.3966420670099147, 'learning_rate': 0.0030746424616404843, 'batch_size': 3929}. Best is trial 183 with value: 0.004403234362602234.[0m
[32m[I 2022-11-04 00:27:09,122][0m Trial 1314 finished with value: 0.004638639083950283 and parameters: {'nlayers': 15, 'hidden_size': 634, 'dropout': 0.37938575652118683, 'learning_rate': 0.0034806930983555784, 'batch_size': 3859}. Best is trial 183 with value: 0.004403234362602234.[0m
[32m[I 2022-11-04 00:27:26,317][0m Trial 1315 finished with value: 0.004499756738664658 and parameters: {'nlayers': 13, 'hidden_size': 546, 'dropout': 0.3890730350404056, 'learning_rate': 0.002726988856264897, 'batch_size': 3936}. Best is trial 183 with value: 0.004403234362602234.[0m
[32m[I 2022-11-04 00:27:40,099][0m Trial 1316 finished with value: 0.004425245483209563 and parameters: {'nlayers': 14, 'hidden_size': 444, 'dropout': 0.40090838460685524, 'learning_rate': 0.002936202599992913, 'batch_size': 3999}. Best is trial 183 with value: 0.004403234362602234.[0m
[32m[I 2022-11-04 00:27:51,379][0m Trial 1317 finished with value: 0.00459748439974599 and parameters: {'nlayers': 13, 'hidden_size': 402, 'dropout': 0.40391965990338446, 'learning_rate': 0.0032008979141988736, 'batch_size': 3850}. Best is trial 183 with value: 0.004403234362602234.[0m
[32m[I 2022-11-04 00:28:07,587][0m Trial 1318 finished with value: 0.0045159659945916255 and parameters: {'nlayers': 13, 'hidden_size': 530, 'dropout': 0.3751118194864002, 'learning_rate': 0.0028867821657793716, 'batch_size': 3928}. Best is trial 183 with value: 0.004403234362602234.[0m
[32m[I 2022-11-04 00:28:23,811][0m Trial 1319 finished with value: 0.004741882945099158 and parameters: {'nlayers': 10, 'hidden_size': 622, 'dropout': 0.3899672785056302, 'learning_rate': 0.0026119061814566307, 'batch_size': 3797}. Best is trial 183 with value: 0.004403234362602234.[0m
[32m[I 2022-11-04 00:28:41,038][0m Trial 1320 finished with value: 0.0046401703293964475 and parameters: {'nlayers': 9, 'hidden_size': 690, 'dropout': 0.3973028827205738, 'learning_rate': 0.0033421436353738873, 'batch_size': 3928}. Best is trial 183 with value: 0.004403234362602234.[0m
[32m[I 2022-11-04 00:28:52,367][0m Trial 1321 finished with value: 0.004597670195476864 and parameters: {'nlayers': 13, 'hidden_size': 404, 'dropout': 0.3658768620823084, 'learning_rate': 0.0031422989841137575, 'batch_size': 3855}. Best is trial 183 with value: 0.004403234362602234.[0m
[32m[I 2022-11-04 00:29:12,244][0m Trial 1322 finished with value: 0.004546228541450103 and parameters: {'nlayers': 15, 'hidden_size': 558, 'dropout': 0.40398913486277466, 'learning_rate': 0.003583257155499945, 'batch_size': 3933}. Best is trial 183 with value: 0.004403234362602234.[0m
[32m[I 2022-11-04 00:29:22,826][0m Trial 1323 finished with value: 0.0047748530744138986 and parameters: {'nlayers': 10, 'hidden_size': 479, 'dropout': 0.38297340115820955, 'learning_rate': 0.006919932131688482, 'batch_size': 3749}. Best is trial 183 with value: 0.004403234362602234.[0m
[32m[I 2022-11-04 00:29:43,539][0m Trial 1324 finished with value: 0.004424661248922348 and parameters: {'nlayers': 9, 'hidden_size': 759, 'dropout': 0.41401174249826167, 'learning_rate': 0.0025398571584098312, 'batch_size': 4000}. Best is trial 183 with value: 0.004403234362602234.[0m
[32m[I 2022-11-04 00:30:05,748][0m Trial 1325 finished with value: 0.004591864751896007 and parameters: {'nlayers': 14, 'hidden_size': 607, 'dropout': 0.39567386023517653, 'learning_rate': 0.0030395985568586604, 'batch_size': 3876}. Best is trial 183 with value: 0.004403234362602234.[0m
[32m[I 2022-11-04 00:30:21,914][0m Trial 1326 finished with value: 0.004447796123270453 and parameters: {'nlayers': 13, 'hidden_size': 514, 'dropout': 0.3780798684624396, 'learning_rate': 0.0027499053971174804, 'batch_size': 3999}. Best is trial 183 with value: 0.004403234362602234.[0m
[32m[I 2022-11-04 00:30:30,760][0m Trial 1327 finished with value: 0.004509689571963119 and parameters: {'nlayers': 10, 'hidden_size': 386, 'dropout': 0.4108428857233941, 'learning_rate': 0.00292590747057276, 'batch_size': 3926}. Best is trial 183 with value: 0.004403234362602234.[0m
[32m[I 2022-11-04 00:30:47,941][0m Trial 1328 finished with value: 0.004407418805618649 and parameters: {'nlayers': 9, 'hidden_size': 669, 'dropout': 0.3872653170586676, 'learning_rate': 0.0034450354503817557, 'batch_size': 3999}. Best is trial 183 with value: 0.004403234362602234.[0m
[32m[I 2022-11-04 00:31:09,843][0m Trial 1329 finished with value: 0.004624463683942591 and parameters: {'nlayers': 9, 'hidden_size': 816, 'dropout': 0.3764236112253067, 'learning_rate': 0.003686343364842838, 'batch_size': 3830}. Best is trial 183 with value: 0.004403234362602234.[0m
[32m[I 2022-11-04 00:31:28,036][0m Trial 1330 finished with value: 0.0046241694774913095 and parameters: {'nlayers': 9, 'hidden_size': 721, 'dropout': 0.3457934207762339, 'learning_rate': 0.003647048092610134, 'batch_size': 3876}. Best is trial 183 with value: 0.004403234362602234.[0m
[32m[I 2022-11-04 00:31:41,006][0m Trial 1331 finished with value: 0.007620883485745056 and parameters: {'nlayers': 9, 'hidden_size': 786, 'dropout': 0.3713560361823639, 'learning_rate': 0.0034703538578936296, 'batch_size': 2335}. Best is trial 183 with value: 0.004403234362602234.[0m
[32m[I 2022-11-04 00:31:56,124][0m Trial 1332 finished with value: 0.004729039175373895 and parameters: {'nlayers': 9, 'hidden_size': 650, 'dropout': 0.3829494135298213, 'learning_rate': 0.0038073999806237397, 'batch_size': 3755}. Best is trial 183 with value: 0.004403234362602234.[0m
[32m[I 2022-11-04 00:32:12,836][0m Trial 1333 finished with value: 0.005018148682990449 and parameters: {'nlayers': 9, 'hidden_size': 718, 'dropout': 0.3818117923674442, 'learning_rate': 0.0035104692341316546, 'batch_size': 3534}. Best is trial 183 with value: 0.004403234362602234.[0m
[32m[I 2022-11-04 00:32:32,782][0m Trial 1334 finished with value: 0.005354404998027062 and parameters: {'nlayers': 9, 'hidden_size': 834, 'dropout': 0.358675299282277, 'learning_rate': 0.003590781222069315, 'batch_size': 3314}. Best is trial 183 with value: 0.004403234362602234.[0m
[32m[I 2022-11-04 00:32:49,572][0m Trial 1335 finished with value: 0.00443410100787878 and parameters: {'nlayers': 9, 'hidden_size': 676, 'dropout': 0.3600569435680319, 'learning_rate': 0.0033892332152627644, 'batch_size': 4000}. Best is trial 183 with value: 0.004403234362602234.[0m
[32m[I 2022-11-04 00:33:08,976][0m Trial 1336 finished with value: 0.004530276826992157 and parameters: {'nlayers': 9, 'hidden_size': 756, 'dropout': 0.36777903793710626, 'learning_rate': 0.0037074410448988625, 'batch_size': 3925}. Best is trial 183 with value: 0.004403234362602234.[0m
[32m[I 2022-11-04 00:33:26,180][0m Trial 1337 finished with value: 0.004660169898728566 and parameters: {'nlayers': 10, 'hidden_size': 647, 'dropout': 0.386187403950866, 'learning_rate': 0.0034112223589732042, 'batch_size': 3811}. Best is trial 183 with value: 0.004403234362602234.[0m
[32m[I 2022-11-04 00:33:43,668][0m Trial 1338 finished with value: 0.00454008223326236 and parameters: {'nlayers': 9, 'hidden_size': 698, 'dropout': 0.39251649088670304, 'learning_rate': 0.0035100529667951184, 'batch_size': 3927}. Best is trial 183 with value: 0.004403234362602234.[0m
[32m[I 2022-11-04 00:33:55,377][0m Trial 1339 finished with value: 0.00487947383752236 and parameters: {'nlayers': 8, 'hidden_size': 590, 'dropout': 0.38957778796866055, 'learning_rate': 0.003302661644684361, 'batch_size': 3640}. Best is trial 183 with value: 0.004403234362602234.[0m
[32m[I 2022-11-04 00:34:24,986][0m Trial 1340 finished with value: 0.004523234321812915 and parameters: {'nlayers': 10, 'hidden_size': 906, 'dropout': 0.400400233623493, 'learning_rate': 0.003830292146271813, 'batch_size': 3925}. Best is trial 183 with value: 0.004403234362602234.[0m
[32m[I 2022-11-04 00:34:51,336][0m Trial 1341 finished with value: 0.004589391948027612 and parameters: {'nlayers': 16, 'hidden_size': 656, 'dropout': 0.3692802353120715, 'learning_rate': 0.003300369129352967, 'batch_size': 3861}. Best is trial 183 with value: 0.004403234362602234.[0m
[32m[I 2022-11-04 00:35:06,850][0m Trial 1342 finished with value: 0.0045312383445867774 and parameters: {'nlayers': 10, 'hidden_size': 587, 'dropout': 0.48798879716407395, 'learning_rate': 0.003302857335330661, 'batch_size': 3933}. Best is trial 183 with value: 0.004403234362602234.[0m
[32m[I 2022-11-04 00:35:23,664][0m Trial 1343 finished with value: 0.004679945916383402 and parameters: {'nlayers': 8, 'hidden_size': 753, 'dropout': 0.3773169692765547, 'learning_rate': 0.0036621198076156524, 'batch_size': 3809}. Best is trial 183 with value: 0.004403234362602234.[0m
[32m[I 2022-11-04 00:35:39,143][0m Trial 1344 finished with value: 0.004537380620833429 and parameters: {'nlayers': 9, 'hidden_size': 623, 'dropout': 0.3938752224684902, 'learning_rate': 0.0032122644254369303, 'batch_size': 3939}. Best is trial 183 with value: 0.004403234362602234.[0m
[32m[I 2022-11-04 00:35:45,809][0m Trial 1345 finished with value: 0.010654231102199145 and parameters: {'nlayers': 8, 'hidden_size': 693, 'dropout': 0.3879664045692129, 'learning_rate': 0.003156964963566275, 'batch_size': 1676}. Best is trial 183 with value: 0.004403234362602234.[0m
[32m[I 2022-11-04 00:35:57,741][0m Trial 1346 finished with value: 0.004594774818075322 and parameters: {'nlayers': 9, 'hidden_size': 552, 'dropout': 0.49992871222647317, 'learning_rate': 0.003514204971573821, 'batch_size': 3869}. Best is trial 183 with value: 0.004403234362602234.[0m
[32m[I 2022-11-04 00:36:14,749][0m Trial 1347 finished with value: 0.004531680203987507 and parameters: {'nlayers': 10, 'hidden_size': 633, 'dropout': 0.478653200133206, 'learning_rate': 0.003419513262100493, 'batch_size': 3933}. Best is trial 183 with value: 0.004403234362602234.[0m
[32m[I 2022-11-04 00:36:26,991][0m Trial 1348 finished with value: 0.004762938023569494 and parameters: {'nlayers': 9, 'hidden_size': 564, 'dropout': 0.3733737694001065, 'learning_rate': 0.003139405491456732, 'batch_size': 3741}. Best is trial 183 with value: 0.004403234362602234.[0m
[32m[I 2022-11-04 00:36:45,699][0m Trial 1349 finished with value: 0.0046483171562497596 and parameters: {'nlayers': 10, 'hidden_size': 686, 'dropout': 0.40136413070501537, 'learning_rate': 0.003963274704706506, 'batch_size': 3868}. Best is trial 183 with value: 0.004403234362602234.[0m
[32m[I 2022-11-04 00:36:56,001][0m Trial 1350 finished with value: 0.004516802547659627 and parameters: {'nlayers': 8, 'hidden_size': 515, 'dropout': 0.4195546805143498, 'learning_rate': 0.0036301947550510297, 'batch_size': 3921}. Best is trial 183 with value: 0.004403234362602234.[0m
[32m[I 2022-11-04 00:37:10,637][0m Trial 1351 finished with value: 0.004462399597609595 and parameters: {'nlayers': 9, 'hidden_size': 602, 'dropout': 0.3851176960593198, 'learning_rate': 0.0032691257522430507, 'batch_size': 3995}. Best is trial 183 with value: 0.004403234362602234.[0m
[32m[I 2022-11-04 00:37:14,639][0m Trial 1352 finished with value: 0.014089691063648538 and parameters: {'nlayers': 10, 'hidden_size': 484, 'dropout': 0.4070564776786476, 'learning_rate': 0.0030519898512739916, 'batch_size': 1264}. Best is trial 183 with value: 0.004403234362602234.[0m
[32m[I 2022-11-04 00:37:32,512][0m Trial 1353 finished with value: 0.004674979429867936 and parameters: {'nlayers': 8, 'hidden_size': 767, 'dropout': 0.49322529892868516, 'learning_rate': 0.0034546109185465547, 'batch_size': 3812}. Best is trial 183 with value: 0.004403234362602234.[0m
[32m[I 2022-11-04 00:37:45,767][0m Trial 1354 finished with value: 0.004512164311840501 and parameters: {'nlayers': 9, 'hidden_size': 563, 'dropout': 0.3461843541014181, 'learning_rate': 0.003085972170117737, 'batch_size': 3934}. Best is trial 183 with value: 0.004403234362602234.[0m
[32m[I 2022-11-04 00:38:03,873][0m Trial 1355 finished with value: 0.004607035653676261 and parameters: {'nlayers': 10, 'hidden_size': 670, 'dropout': 0.4683057399159594, 'learning_rate': 0.0032727666314125736, 'batch_size': 3866}. Best is trial 183 with value: 0.004403234362602234.[0m
[32m[I 2022-11-04 00:38:07,505][0m Trial 1356 finished with value: 0.012757314230714526 and parameters: {'nlayers': 8, 'hidden_size': 509, 'dropout': 0.36415943523588074, 'learning_rate': 0.0037792605213871435, 'batch_size': 1400}. Best is trial 183 with value: 0.004403234362602234.[0m
[32m[I 2022-11-04 00:38:14,522][0m Trial 1357 finished with value: 0.017666443530655287 and parameters: {'nlayers': 10, 'hidden_size': 832, 'dropout': 0.4825078245226773, 'learning_rate': 0.002996475147037399, 'batch_size': 1006}. Best is trial 183 with value: 0.004403234362602234.[0m
[32m[I 2022-11-04 00:38:24,564][0m Trial 1358 finished with value: 0.004451699746916644 and parameters: {'nlayers': 9, 'hidden_size': 449, 'dropout': 0.38328705859298334, 'learning_rate': 0.0035597440681369515, 'batch_size': 3997}. Best is trial 183 with value: 0.004403234362602234.[0m
[32m[I 2022-11-04 00:38:41,815][0m Trial 1359 finished with value: 0.004461718540127261 and parameters: {'nlayers': 10, 'hidden_size': 627, 'dropout': 0.3923561975112286, 'learning_rate': 0.00326883652362064, 'batch_size': 3999}. Best is trial 183 with value: 0.004403234362602234.[0m
[32m[I 2022-11-04 00:38:49,840][0m Trial 1360 finished with value: 0.006945883915637703 and parameters: {'nlayers': 9, 'hidden_size': 555, 'dropout': 0.3984262828022065, 'learning_rate': 0.0024290700084929648, 'batch_size': 2559}. Best is trial 183 with value: 0.004403234362602234.[0m
[32m[I 2022-11-04 00:39:05,657][0m Trial 1361 finished with value: 0.004663985271466373 and parameters: {'nlayers': 11, 'hidden_size': 579, 'dropout': 0.41339242928250447, 'learning_rate': 0.0028406575806733544, 'batch_size': 3810}. Best is trial 183 with value: 0.004403234362602234.[0m
[32m[I 2022-11-04 00:39:15,628][0m Trial 1362 finished with value: 0.004508395372804839 and parameters: {'nlayers': 8, 'hidden_size': 505, 'dropout': 0.47811430340715894, 'learning_rate': 0.003025213036214121, 'batch_size': 3929}. Best is trial 183 with value: 0.004403234362602234.[0m
[32m[I 2022-11-04 00:39:25,904][0m Trial 1363 finished with value: 0.0044555541184773464 and parameters: {'nlayers': 10, 'hidden_size': 431, 'dropout': 0.18325350869333634, 'learning_rate': 0.0026041851425160738, 'batch_size': 3997}. Best is trial 183 with value: 0.004403234362602234.[0m
[32m[I 2022-11-04 00:39:40,859][0m Trial 1364 finished with value: 0.004797104816619869 and parameters: {'nlayers': 8, 'hidden_size': 720, 'dropout': 0.4651755456950397, 'learning_rate': 0.0034539120254419645, 'batch_size': 3698}. Best is trial 183 with value: 0.004403234362602234.[0m
