[32m[I 2022-11-03 22:57:28,393][0m Trial 987 finished with value: 0.004586999394705014 and parameters: {'nlayers': 12, 'hidden_size': 366, 'dropout': 0.44258704050530673, 'learning_rate': 0.0023121238647708276, 'batch_size': 3855}. Best is trial 183 with value: 0.004403234362602234.[0m
[32m[I 2022-11-03 22:57:37,430][0m Trial 988 finished with value: 0.004418823899717078 and parameters: {'nlayers': 8, 'hidden_size': 455, 'dropout': 0.41123581864990216, 'learning_rate': 0.00287785858817203, 'batch_size': 3998}. Best is trial 183 with value: 0.004403234362602234.[0m
[32m[I 2022-11-03 22:57:45,692][0m Trial 989 finished with value: 0.004792440381198517 and parameters: {'nlayers': 7, 'hidden_size': 505, 'dropout': 0.4022332813701472, 'learning_rate': 0.002940404665720107, 'batch_size': 3695}. Best is trial 183 with value: 0.004403234362602234.[0m
[32m[I 2022-11-03 22:57:58,459][0m Trial 990 finished with value: 0.004448558978736401 and parameters: {'nlayers': 8, 'hidden_size': 582, 'dropout': 0.405929378824732, 'learning_rate': 0.003210715042528597, 'batch_size': 4000}. Best is trial 183 with value: 0.004403234362602234.[0m
[32m[I 2022-11-03 22:58:08,534][0m Trial 991 finished with value: 0.004429317362606525 and parameters: {'nlayers': 8, 'hidden_size': 485, 'dropout': 0.4136379933887999, 'learning_rate': 0.002902688805333265, 'batch_size': 4000}. Best is trial 183 with value: 0.004403234362602234.[0m
[32m[I 2022-11-03 22:58:16,039][0m Trial 992 finished with value: 0.004583190149081148 and parameters: {'nlayers': 7, 'hidden_size': 448, 'dropout': 0.4133187085875192, 'learning_rate': 0.003038262754236102, 'batch_size': 3872}. Best is trial 183 with value: 0.004403234362602234.[0m
[32m[I 2022-11-03 22:58:29,632][0m Trial 993 finished with value: 0.0045158606966995965 and parameters: {'nlayers': 8, 'hidden_size': 615, 'dropout': 0.39658844995518705, 'learning_rate': 0.0034332480269600903, 'batch_size': 3917}. Best is trial 183 with value: 0.004403234362602234.[0m
[32m[I 2022-11-03 22:58:38,877][0m Trial 994 finished with value: 0.004657786945600862 and parameters: {'nlayers': 7, 'hidden_size': 536, 'dropout': 0.402332339340988, 'learning_rate': 0.0028214867449528544, 'batch_size': 3817}. Best is trial 183 with value: 0.004403234362602234.[0m
[32m[I 2022-11-03 22:58:54,983][0m Trial 995 finished with value: 0.00451671275682842 and parameters: {'nlayers': 8, 'hidden_size': 699, 'dropout': 0.40531372095552065, 'learning_rate': 0.003187870000980465, 'batch_size': 3934}. Best is trial 183 with value: 0.004403234362602234.[0m
[32m[I 2022-11-03 22:59:07,450][0m Trial 996 finished with value: 0.004556020455701011 and parameters: {'nlayers': 9, 'hidden_size': 557, 'dropout': 0.4136541236635879, 'learning_rate': 0.0026843390782866757, 'batch_size': 3920}. Best is trial 183 with value: 0.004403234362602234.[0m
[32m[I 2022-11-03 22:59:15,712][0m Trial 997 finished with value: 0.004681661187676763 and parameters: {'nlayers': 8, 'hidden_size': 448, 'dropout': 0.39233779960756415, 'learning_rate': 0.0029968685299520867, 'batch_size': 3799}. Best is trial 183 with value: 0.004403234362602234.[0m
[32m[I 2022-11-03 22:59:29,579][0m Trial 998 finished with value: 0.004559109446596657 and parameters: {'nlayers': 8, 'hidden_size': 622, 'dropout': 0.41259089541767247, 'learning_rate': 0.0027770772073565423, 'batch_size': 3931}. Best is trial 183 with value: 0.004403234362602234.[0m
[32m[I 2022-11-03 22:59:38,984][0m Trial 999 finished with value: 0.004436211422085762 and parameters: {'nlayers': 8, 'hidden_size': 463, 'dropout': 0.38289692516341794, 'learning_rate': 0.0032532927705569547, 'batch_size': 4000}. Best is trial 183 with value: 0.004403234362602234.[0m
[32m[I 2022-11-03 22:59:48,224][0m Trial 1000 finished with value: 0.004596695619489043 and parameters: {'nlayers': 7, 'hidden_size': 523, 'dropout': 0.3986325605004013, 'learning_rate': 0.007225468635458115, 'batch_size': 3872}. Best is trial 183 with value: 0.004403234362602234.[0m
[32m[I 2022-11-03 22:59:52,788][0m Trial 1001 finished with value: 0.004424694180488587 and parameters: {'nlayers': 12, 'hidden_size': 120, 'dropout': 0.4205188489114319, 'learning_rate': 0.0029186516592865676, 'batch_size': 4000}. Best is trial 183 with value: 0.004403234362602234.[0m
[32m[I 2022-11-03 23:00:07,743][0m Trial 1002 finished with value: 0.004761873482066257 and parameters: {'nlayers': 8, 'hidden_size': 686, 'dropout': 0.47844349681007836, 'learning_rate': 0.0027389648473234813, 'batch_size': 3745}. Best is trial 183 with value: 0.004403234362602234.[0m
[32m[I 2022-11-03 23:00:16,205][0m Trial 1003 finished with value: 0.0045784210167913965 and parameters: {'nlayers': 9, 'hidden_size': 408, 'dropout': 0.38605033749640794, 'learning_rate': 0.003437999158334494, 'batch_size': 3862}. Best is trial 183 with value: 0.004403234362602234.[0m
[32m[I 2022-11-03 23:00:35,073][0m Trial 1004 finished with value: 0.004521594188203627 and parameters: {'nlayers': 7, 'hidden_size': 849, 'dropout': 0.4880386600262587, 'learning_rate': 0.0031013913031837943, 'batch_size': 3924}. Best is trial 183 with value: 0.004403234362602234.[0m
[32m[I 2022-11-03 23:00:47,516][0m Trial 1005 finished with value: 0.004516770245161372 and parameters: {'nlayers': 8, 'hidden_size': 579, 'dropout': 0.40888765406796573, 'learning_rate': 0.0026039638710073387, 'batch_size': 3930}. Best is trial 183 with value: 0.004403234362602234.[0m
[32m[I 2022-11-03 23:00:49,698][0m Trial 1006 finished with value: 0.02910975915820975 and parameters: {'nlayers': 9, 'hidden_size': 410, 'dropout': 0.4669615220508141, 'learning_rate': 0.0036829917266317427, 'batch_size': 608}. Best is trial 183 with value: 0.004403234362602234.[0m
[32m[I 2022-11-03 23:00:56,156][0m Trial 1007 finished with value: 0.004649697648147419 and parameters: {'nlayers': 12, 'hidden_size': 231, 'dropout': 0.39152038170467557, 'learning_rate': 0.0029275648881911713, 'batch_size': 3814}. Best is trial 183 with value: 0.004403234362602234.[0m
[32m[I 2022-11-03 23:00:59,961][0m Trial 1008 finished with value: 0.0044603412167433945 and parameters: {'nlayers': 6, 'hidden_size': 152, 'dropout': 0.4069772658476046, 'learning_rate': 0.0009386510574755673, 'batch_size': 3999}. Best is trial 183 with value: 0.004403234362602234.[0m
[32m[I 2022-11-03 23:01:03,095][0m Trial 1009 finished with value: 0.004597524125032474 and parameters: {'nlayers': 8, 'hidden_size': 46, 'dropout': 0.42582364618599483, 'learning_rate': 0.0032795968228493564, 'batch_size': 3860}. Best is trial 183 with value: 0.004403234362602234.[0m
[32m[I 2022-11-03 23:01:15,382][0m Trial 1010 finished with value: 0.0048451132372867595 and parameters: {'nlayers': 11, 'hidden_size': 500, 'dropout': 0.35440627107197104, 'learning_rate': 0.0027384278113857553, 'batch_size': 3664}. Best is trial 183 with value: 0.004403234362602234.[0m
[32m[I 2022-11-03 23:01:21,874][0m Trial 1011 finished with value: 0.004501479984487736 and parameters: {'nlayers': 9, 'hidden_size': 304, 'dropout': 0.45714184634430033, 'learning_rate': 0.003097143761803075, 'batch_size': 3912}. Best is trial 183 with value: 0.004403234362602234.[0m
[32m[I 2022-11-03 23:01:42,399][0m Trial 1012 finished with value: 0.00450501606335068 and parameters: {'nlayers': 12, 'hidden_size': 648, 'dropout': 0.3684317408142315, 'learning_rate': 0.0025888942180273197, 'batch_size': 3927}. Best is trial 183 with value: 0.004403234362602234.[0m
[32m[I 2022-11-03 23:01:47,694][0m Trial 1013 finished with value: 0.004750240411819638 and parameters: {'nlayers': 11, 'hidden_size': 202, 'dropout': 0.39632836094521867, 'learning_rate': 0.00283040667968769, 'batch_size': 3739}. Best is trial 183 with value: 0.004403234362602234.[0m
[32m[I 2022-11-03 23:02:04,749][0m Trial 1014 finished with value: 0.004619676309407856 and parameters: {'nlayers': 8, 'hidden_size': 748, 'dropout': 0.37878073759422276, 'learning_rate': 0.00801256351020353, 'batch_size': 3853}. Best is trial 183 with value: 0.004403234362602234.[0m
[32m[I 2022-11-03 23:02:13,341][0m Trial 1015 finished with value: 0.004449598703639635 and parameters: {'nlayers': 9, 'hidden_size': 389, 'dropout': 0.41805726466570964, 'learning_rate': 0.003464295843109964, 'batch_size': 3998}. Best is trial 183 with value: 0.004403234362602234.[0m
[32m[I 2022-11-03 23:02:25,265][0m Trial 1016 finished with value: 0.00452351754309566 and parameters: {'nlayers': 11, 'hidden_size': 461, 'dropout': 0.4716800027073326, 'learning_rate': 0.0038754429281571095, 'batch_size': 3932}. Best is trial 183 with value: 0.004403234362602234.[0m
[32m[I 2022-11-03 23:02:32,823][0m Trial 1017 finished with value: 0.004680185239900259 and parameters: {'nlayers': 12, 'hidden_size': 287, 'dropout': 0.4603705526153814, 'learning_rate': 0.0030310754192431786, 'batch_size': 3801}. Best is trial 183 with value: 0.004403234362602234.[0m
[32m[I 2022-11-03 23:02:37,016][0m Trial 1018 finished with value: 0.004507462034572298 and parameters: {'nlayers': 11, 'hidden_size': 104, 'dropout': 0.39847527541144445, 'learning_rate': 0.0014678185370758281, 'batch_size': 3932}. Best is trial 183 with value: 0.004403234362602234.[0m
[32m[I 2022-11-03 23:02:54,844][0m Trial 1019 finished with value: 0.004579247495295069 and parameters: {'nlayers': 12, 'hidden_size': 582, 'dropout': 0.4092445255776641, 'learning_rate': 0.0025218237508852336, 'batch_size': 3861}. Best is trial 183 with value: 0.004403234362602234.[0m
[32m[I 2022-11-03 23:03:00,066][0m Trial 1020 finished with value: 0.00453375946943927 and parameters: {'nlayers': 8, 'hidden_size': 238, 'dropout': 0.4842153991871348, 'learning_rate': 0.0026876674211260476, 'batch_size': 3925}. Best is trial 183 with value: 0.004403234362602234.[0m
[32m[I 2022-11-03 23:03:06,998][0m Trial 1021 finished with value: 0.004497528273136893 and parameters: {'nlayers': 9, 'hidden_size': 313, 'dropout': 0.45876220920937083, 'learning_rate': 0.004191749615122655, 'batch_size': 3934}. Best is trial 183 with value: 0.004403234362602234.[0m
[32m[I 2022-11-03 23:03:11,926][0m Trial 1022 finished with value: 0.004711937047905883 and parameters: {'nlayers': 11, 'hidden_size': 163, 'dropout': 0.45172546052957274, 'learning_rate': 0.002972872684100418, 'batch_size': 3779}. Best is trial 183 with value: 0.004403234362602234.[0m
[32m[I 2022-11-03 23:03:19,114][0m Trial 1023 finished with value: 0.004433475362082437 and parameters: {'nlayers': 7, 'hidden_size': 389, 'dropout': 0.3876389066506237, 'learning_rate': 0.0031714715660700697, 'batch_size': 3997}. Best is trial 183 with value: 0.004403234362602234.[0m
[32m[I 2022-11-03 23:03:30,562][0m Trial 1024 finished with value: 0.00456747422697872 and parameters: {'nlayers': 9, 'hidden_size': 522, 'dropout': 0.4219715500553388, 'learning_rate': 0.0024588373074727627, 'batch_size': 3868}. Best is trial 183 with value: 0.004403234362602234.[0m
[32m[I 2022-11-03 23:03:40,594][0m Trial 1025 finished with value: 0.008876757932590558 and parameters: {'nlayers': 12, 'hidden_size': 610, 'dropout': 0.40203927136024264, 'learning_rate': 0.0028191444210944145, 'batch_size': 2002}. Best is trial 183 with value: 0.004403234362602234.[0m
[32m[I 2022-11-03 23:03:52,100][0m Trial 1026 finished with value: 0.004412326433563805 and parameters: {'nlayers': 11, 'hidden_size': 446, 'dropout': 0.46661653366948347, 'learning_rate': 0.0033285937835645526, 'batch_size': 3999}. Best is trial 183 with value: 0.004403234362602234.[0m
[32m[I 2022-11-03 23:04:03,398][0m Trial 1027 finished with value: 0.004524513143747856 and parameters: {'nlayers': 10, 'hidden_size': 477, 'dropout': 0.4733147959850927, 'learning_rate': 0.0035830790462256018, 'batch_size': 3935}. Best is trial 183 with value: 0.004403234362602234.[0m
[32m[I 2022-11-03 23:04:09,237][0m Trial 1028 finished with value: 0.013478151194084301 and parameters: {'nlayers': 12, 'hidden_size': 531, 'dropout': 0.4776890441680882, 'learning_rate': 0.0034638971549627905, 'batch_size': 1307}. Best is trial 183 with value: 0.004403234362602234.[0m
[32m[I 2022-11-03 23:04:18,195][0m Trial 1029 finished with value: 0.004626825133151043 and parameters: {'nlayers': 8, 'hidden_size': 470, 'dropout': 0.4691538490702949, 'learning_rate': 0.0033746806484913016, 'batch_size': 3834}. Best is trial 183 with value: 0.004403234362602234.[0m
[32m[I 2022-11-03 23:04:29,304][0m Trial 1030 finished with value: 0.004505649114207294 and parameters: {'nlayers': 11, 'hidden_size': 427, 'dropout': 0.46376634971285835, 'learning_rate': 0.0038476779191569123, 'batch_size': 3929}. Best is trial 183 with value: 0.004403234362602234.[0m
[32m[I 2022-11-03 23:04:40,564][0m Trial 1031 finished with value: 0.004421336899288064 and parameters: {'nlayers': 9, 'hidden_size': 500, 'dropout': 0.48285088059539805, 'learning_rate': 0.003303880882658584, 'batch_size': 3997}. Best is trial 183 with value: 0.004403234362602234.[0m
[32m[I 2022-11-03 23:04:53,422][0m Trial 1032 finished with value: 0.004603981214905378 and parameters: {'nlayers': 10, 'hidden_size': 539, 'dropout': 0.4636802461888495, 'learning_rate': 0.00570224464506496, 'batch_size': 3859}. Best is trial 183 with value: 0.004403234362602234.[0m
[32m[I 2022-11-03 23:05:00,773][0m Trial 1033 finished with value: 0.0044305462608222905 and parameters: {'nlayers': 6, 'hidden_size': 450, 'dropout': 0.4752355269936895, 'learning_rate': 0.003533060915150596, 'batch_size': 3998}. Best is trial 183 with value: 0.004403234362602234.[0m
[32m[I 2022-11-03 23:05:18,935][0m Trial 1034 finished with value: 0.0047246724628635115 and parameters: {'nlayers': 11, 'hidden_size': 644, 'dropout': 0.4700537917572569, 'learning_rate': 0.0036414579105541497, 'batch_size': 3761}. Best is trial 183 with value: 0.004403234362602234.[0m
[32m[I 2022-11-03 23:05:31,829][0m Trial 1035 finished with value: 0.00441530767083168 and parameters: {'nlayers': 8, 'hidden_size': 588, 'dropout': 0.4532854162062668, 'learning_rate': 0.003286616994697051, 'batch_size': 4000}. Best is trial 183 with value: 0.004403234362602234.[0m
[32m[I 2022-11-03 23:05:42,158][0m Trial 1036 finished with value: 0.004584485676036567 and parameters: {'nlayers': 8, 'hidden_size': 522, 'dropout': 0.4657517508815113, 'learning_rate': 0.003383431638762968, 'batch_size': 3869}. Best is trial 183 with value: 0.004403234362602234.[0m
[32m[I 2022-11-03 23:05:53,448][0m Trial 1037 finished with value: 0.004547773477802704 and parameters: {'nlayers': 7, 'hidden_size': 596, 'dropout': 0.45802330373806455, 'learning_rate': 0.0032599495440952084, 'batch_size': 3924}. Best is trial 183 with value: 0.004403234362602234.[0m
[32m[I 2022-11-03 23:06:01,783][0m Trial 1038 finished with value: 0.00442600866407156 and parameters: {'nlayers': 7, 'hidden_size': 457, 'dropout': 0.45809667066750537, 'learning_rate': 0.0037226219959083807, 'batch_size': 4000}. Best is trial 183 with value: 0.004403234362602234.[0m
[32m[I 2022-11-03 23:06:11,490][0m Trial 1039 finished with value: 0.004665847212623736 and parameters: {'nlayers': 7, 'hidden_size': 546, 'dropout': 0.4800001175988781, 'learning_rate': 0.003487086866587477, 'batch_size': 3810}. Best is trial 183 with value: 0.004403234362602234.[0m
[32m[I 2022-11-03 23:06:23,049][0m Trial 1040 finished with value: 0.004440226152539253 and parameters: {'nlayers': 7, 'hidden_size': 583, 'dropout': 0.45275459913620564, 'learning_rate': 0.00330048129644369, 'batch_size': 4000}. Best is trial 183 with value: 0.004403234362602234.[0m
[32m[I 2022-11-03 23:06:30,577][0m Trial 1041 finished with value: 0.004832736552739822 and parameters: {'nlayers': 8, 'hidden_size': 413, 'dropout': 0.4652677109498009, 'learning_rate': 0.0032296555228555944, 'batch_size': 3656}. Best is trial 183 with value: 0.004403234362602234.[0m
[32m[I 2022-11-03 23:06:40,206][0m Trial 1042 finished with value: 0.004579784454329956 and parameters: {'nlayers': 8, 'hidden_size': 484, 'dropout': 0.48815507190543495, 'learning_rate': 0.0036575527808675973, 'batch_size': 3876}. Best is trial 183 with value: 0.004403234362602234.[0m
[32m[I 2022-11-03 23:06:51,602][0m Trial 1043 finished with value: 0.004493719150029416 and parameters: {'nlayers': 8, 'hidden_size': 558, 'dropout': 0.46999359446584926, 'learning_rate': 0.0031798601533676515, 'batch_size': 3935}. Best is trial 183 with value: 0.004403234362602234.[0m
[32m[I 2022-11-03 23:07:03,124][0m Trial 1044 finished with value: 0.004567302250825119 and parameters: {'nlayers': 12, 'hidden_size': 419, 'dropout': 0.4589484998476926, 'learning_rate': 0.003803612621937919, 'batch_size': 3866}. Best is trial 183 with value: 0.004403234362602234.[0m
[32m[I 2022-11-03 23:07:17,383][0m Trial 1045 finished with value: 0.004753627421602182 and parameters: {'nlayers': 12, 'hidden_size': 513, 'dropout': 0.4747719143529684, 'learning_rate': 0.003144648556791188, 'batch_size': 3749}. Best is trial 183 with value: 0.004403234362602234.[0m
[32m[I 2022-11-03 23:07:24,766][0m Trial 1046 finished with value: 0.004548712089547798 and parameters: {'nlayers': 8, 'hidden_size': 377, 'dropout': 0.4528535141365119, 'learning_rate': 0.0034170361687400927, 'batch_size': 3929}. Best is trial 183 with value: 0.004403234362602234.[0m
[32m[I 2022-11-03 23:07:40,548][0m Trial 1047 finished with value: 0.004518723245188784 and parameters: {'nlayers': 11, 'hidden_size': 562, 'dropout': 0.46623191793237956, 'learning_rate': 0.0030635840703762667, 'batch_size': 3930}. Best is trial 183 with value: 0.004403234362602234.[0m
[32m[I 2022-11-03 23:07:48,980][0m Trial 1048 finished with value: 0.004441564473108747 and parameters: {'nlayers': 7, 'hidden_size': 467, 'dropout': 0.45554023916358594, 'learning_rate': 0.003581246236148562, 'batch_size': 3998}. Best is trial 183 with value: 0.004403234362602234.[0m
[32m[I 2022-11-03 23:08:03,038][0m Trial 1049 finished with value: 0.004616757516289006 and parameters: {'nlayers': 8, 'hidden_size': 650, 'dropout': 0.4802156000224289, 'learning_rate': 0.0033697888631698705, 'batch_size': 3835}. Best is trial 183 with value: 0.004403234362602234.[0m
[32m[I 2022-11-03 23:08:22,220][0m Trial 1050 finished with value: 0.0044387717281588615 and parameters: {'nlayers': 12, 'hidden_size': 595, 'dropout': 0.4633796497473649, 'learning_rate': 0.0030373512933704115, 'batch_size': 3999}. Best is trial 183 with value: 0.004403234362602234.[0m
[32m[I 2022-11-03 23:08:32,449][0m Trial 1051 finished with value: 0.004474515438079834 and parameters: {'nlayers': 11, 'hidden_size': 399, 'dropout': 0.4495138856348053, 'learning_rate': 0.004090830068916018, 'batch_size': 4000}. Best is trial 183 with value: 0.004403234362602234.[0m
[32m[I 2022-11-03 23:09:44,068][0m Trial 1052 finished with value: 0.0046168853387921266 and parameters: {'nlayers': 12, 'hidden_size': 1359, 'dropout': 0.4580400239750622, 'learning_rate': 0.0032101980745911267, 'batch_size': 3874}. Best is trial 183 with value: 0.004403234362602234.[0m
[32m[I 2022-11-03 23:09:47,954][0m Trial 1053 finished with value: 0.011656632878833485 and parameters: {'nlayers': 11, 'hidden_size': 366, 'dropout': 0.4720289874918844, 'learning_rate': 0.00351612704849068, 'batch_size': 1526}. Best is trial 183 with value: 0.004403234362602234.[0m
[32m[I 2022-11-03 23:09:56,494][0m Trial 1054 finished with value: 0.004665444498790897 and parameters: {'nlayers': 7, 'hidden_size': 487, 'dropout': 0.4897369931737238, 'learning_rate': 0.003075006940891551, 'batch_size': 3795}. Best is trial 183 with value: 0.004403234362602234.[0m
[32m[I 2022-11-03 23:10:04,991][0m Trial 1055 finished with value: 0.004528169847074797 and parameters: {'nlayers': 8, 'hidden_size': 427, 'dropout': 0.44861853702242926, 'learning_rate': 0.0033223605664272657, 'batch_size': 3929}. Best is trial 183 with value: 0.004403234362602234.[0m
[32m[I 2022-11-03 23:10:19,624][0m Trial 1056 finished with value: 0.004582547481768641 and parameters: {'nlayers': 11, 'hidden_size': 545, 'dropout': 0.36079990204066464, 'learning_rate': 0.003815410592697958, 'batch_size': 3876}. Best is trial 183 with value: 0.004403234362602234.[0m
[32m[I 2022-11-03 23:11:01,046][0m Trial 1057 finished with value: 0.004904524306547215 and parameters: {'nlayers': 6, 'hidden_size': 1555, 'dropout': 0.4582648394116097, 'learning_rate': 0.0029564437342273725, 'batch_size': 3713}. Best is trial 183 with value: 0.004403234362602234.[0m
[32m[I 2022-11-03 23:11:08,401][0m Trial 1058 finished with value: 0.00450368962661988 and parameters: {'nlayers': 9, 'hidden_size': 342, 'dropout': 0.33035989869381444, 'learning_rate': 0.0031642401692668757, 'batch_size': 3926}. Best is trial 183 with value: 0.004403234362602234.[0m
[32m[I 2022-11-03 23:12:34,771][0m Trial 1059 finished with value: 0.004697718234936229 and parameters: {'nlayers': 10, 'hidden_size': 1692, 'dropout': 0.46743592532888406, 'learning_rate': 0.003548279637576096, 'batch_size': 3808}. Best is trial 183 with value: 0.004403234362602234.[0m
[32m[I 2022-11-03 23:12:47,675][0m Trial 1060 finished with value: 0.004505640318477598 and parameters: {'nlayers': 11, 'hidden_size': 485, 'dropout': 0.448723549931731, 'learning_rate': 0.002932249694742359, 'batch_size': 3922}. Best is trial 183 with value: 0.004403234362602234.[0m
[32m[I 2022-11-03 23:13:08,249][0m Trial 1061 finished with value: 0.004624046608267431 and parameters: {'nlayers': 12, 'hidden_size': 638, 'dropout': 0.47840926028138175, 'learning_rate': 0.0033202272171030402, 'batch_size': 3876}. Best is trial 183 with value: 0.004403234362602234.[0m
[32m[I 2022-11-03 23:13:15,167][0m Trial 1062 finished with value: 0.0044649255878034385 and parameters: {'nlayers': 8, 'hidden_size': 337, 'dropout': 0.456276112378595, 'learning_rate': 0.003091147351031164, 'batch_size': 3998}. Best is trial 183 with value: 0.004403234362602234.[0m
