[32m[I 2022-11-03 23:56:03,832][0m Trial 1214 finished with value: 0.004438974650748583 and parameters: {'nlayers': 7, 'hidden_size': 723, 'dropout': 0.499194061824174, 'learning_rate': 0.0035963379542586584, 'batch_size': 3999}. Best is trial 183 with value: 0.004403234362602234.[0m
[32m[I 2022-11-03 23:56:14,371][0m Trial 1215 finished with value: 0.004607686337168419 and parameters: {'nlayers': 10, 'hidden_size': 462, 'dropout': 0.29717472585802795, 'learning_rate': 0.004193850415064329, 'batch_size': 3864}. Best is trial 183 with value: 0.004403234362602234.[0m
[32m[I 2022-11-03 23:56:18,241][0m Trial 1216 finished with value: 0.005565359302012846 and parameters: {'nlayers': 12, 'hidden_size': 148, 'dropout': 0.48531967537808557, 'learning_rate': 0.0031918323692037105, 'batch_size': 3177}. Best is trial 183 with value: 0.004403234362602234.[0m
[32m[I 2022-11-03 23:56:20,391][0m Trial 1217 finished with value: 0.03485043944087938 and parameters: {'nlayers': 8, 'hidden_size': 547, 'dropout': 0.46553356012074487, 'learning_rate': 0.002657697710981537, 'batch_size': 514}. Best is trial 183 with value: 0.004403234362602234.[0m
[32m[I 2022-11-03 23:56:23,205][0m Trial 1218 finished with value: 0.023993682973638356 and parameters: {'nlayers': 13, 'hidden_size': 362, 'dropout': 0.43069771348605096, 'learning_rate': 0.0028695408260867926, 'batch_size': 743}. Best is trial 183 with value: 0.004403234362602234.[0m
[32m[I 2022-11-03 23:56:38,643][0m Trial 1219 finished with value: 0.004513332727093372 and parameters: {'nlayers': 9, 'hidden_size': 656, 'dropout': 0.4717833650719721, 'learning_rate': 0.00246967259969815, 'batch_size': 3923}. Best is trial 183 with value: 0.004403234362602234.[0m
[32m[I 2022-11-03 23:56:45,550][0m Trial 1220 finished with value: 0.004707664970503155 and parameters: {'nlayers': 12, 'hidden_size': 261, 'dropout': 0.4559074280582979, 'learning_rate': 0.0033151777174673064, 'batch_size': 3771}. Best is trial 183 with value: 0.004403234362602234.[0m
[32m[I 2022-11-03 23:56:55,453][0m Trial 1221 finished with value: 0.004519535672458272 and parameters: {'nlayers': 10, 'hidden_size': 427, 'dropout': 0.2120027532291684, 'learning_rate': 0.0030721835930011664, 'batch_size': 3928}. Best is trial 183 with value: 0.004403234362602234.[0m
[32m[I 2022-11-03 23:56:59,755][0m Trial 1222 finished with value: 0.004650333600845416 and parameters: {'nlayers': 7, 'hidden_size': 211, 'dropout': 0.45016315971068727, 'learning_rate': 0.002800801046335998, 'batch_size': 3827}. Best is trial 183 with value: 0.004403234362602234.[0m
[32m[I 2022-11-03 23:57:13,407][0m Trial 1223 finished with value: 0.004513367824683089 and parameters: {'nlayers': 11, 'hidden_size': 521, 'dropout': 0.414627250177809, 'learning_rate': 0.00354981516481115, 'batch_size': 3929}. Best is trial 183 with value: 0.004403234362602234.[0m
[32m[I 2022-11-03 23:57:17,172][0m Trial 1224 finished with value: 0.004452166027592313 and parameters: {'nlayers': 8, 'hidden_size': 115, 'dropout': 0.39124826957385045, 'learning_rate': 0.002914295312315869, 'batch_size': 3999}. Best is trial 183 with value: 0.004403234362602234.[0m
[32m[I 2022-11-03 23:57:25,548][0m Trial 1225 finished with value: 0.0045659935296012396 and parameters: {'nlayers': 12, 'hidden_size': 323, 'dropout': 0.4051586774183884, 'learning_rate': 0.0026129869335582553, 'batch_size': 3876}. Best is trial 183 with value: 0.004403234362602234.[0m
[32m[I 2022-11-03 23:57:39,637][0m Trial 1226 finished with value: 0.004524901824552977 and parameters: {'nlayers': 9, 'hidden_size': 589, 'dropout': 0.4444190265399733, 'learning_rate': 0.0018185288470110043, 'batch_size': 3923}. Best is trial 183 with value: 0.004403234362602234.[0m
[32m[I 2022-11-03 23:57:43,989][0m Trial 1227 finished with value: 0.009557379379852604 and parameters: {'nlayers': 11, 'hidden_size': 377, 'dropout': 0.36873499851515334, 'learning_rate': 0.003406988369645566, 'batch_size': 1874}. Best is trial 183 with value: 0.004403234362602234.[0m
[32m[I 2022-11-03 23:57:59,077][0m Trial 1228 finished with value: 0.004673824947860958 and parameters: {'nlayers': 14, 'hidden_size': 486, 'dropout': 0.46040035210679864, 'learning_rate': 0.003131054341553222, 'batch_size': 3805}. Best is trial 183 with value: 0.004403234362602234.[0m
[32m[I 2022-11-03 23:58:27,604][0m Trial 1229 finished with value: 0.004498172933426781 and parameters: {'nlayers': 10, 'hidden_size': 869, 'dropout': 0.4863977233332016, 'learning_rate': 0.0023726381806704073, 'batch_size': 3998}. Best is trial 183 with value: 0.004403234362602234.[0m
[32m[I 2022-11-03 23:58:35,447][0m Trial 1230 finished with value: 0.004443273350596428 and parameters: {'nlayers': 13, 'hidden_size': 276, 'dropout': 0.4738314094305942, 'learning_rate': 0.0027146356727812144, 'batch_size': 4000}. Best is trial 183 with value: 0.004403234362602234.[0m
[32m[I 2022-11-04 00:02:07,042][0m Trial 1231 finished with value: 0.004655754099279303 and parameters: {'nlayers': 11, 'hidden_size': 2719, 'dropout': 0.38161200908688, 'learning_rate': 0.002972544732738575, 'batch_size': 3868}. Best is trial 183 with value: 0.004403234362602234.[0m
[32m[I 2022-11-04 00:02:22,556][0m Trial 1232 finished with value: 0.0047792531941221504 and parameters: {'nlayers': 9, 'hidden_size': 661, 'dropout': 0.424516404527174, 'learning_rate': 0.0033050464432006644, 'batch_size': 3713}. Best is trial 183 with value: 0.004403234362602234.[0m
[32m[I 2022-11-04 00:02:50,683][0m Trial 1233 finished with value: 0.004513428445747106 and parameters: {'nlayers': 12, 'hidden_size': 774, 'dropout': 0.33222787946486404, 'learning_rate': 0.003758548848605632, 'batch_size': 3929}. Best is trial 183 with value: 0.004403234362602234.[0m
[32m[I 2022-11-04 00:02:55,409][0m Trial 1234 finished with value: 0.004521231008127631 and parameters: {'nlayers': 10, 'hidden_size': 167, 'dropout': 0.43889049128440544, 'learning_rate': 0.0063172990620828625, 'batch_size': 3933}. Best is trial 183 with value: 0.004403234362602234.[0m
[32m[I 2022-11-04 00:02:58,484][0m Trial 1235 finished with value: 0.004622079797024685 and parameters: {'nlayers': 8, 'hidden_size': 58, 'dropout': 0.10981684675261394, 'learning_rate': 0.0025100129402728334, 'batch_size': 3817}. Best is trial 183 with value: 0.004403234362602234.[0m
[32m[I 2022-11-04 00:03:14,349][0m Trial 1236 finished with value: 0.004495928639370673 and parameters: {'nlayers': 12, 'hidden_size': 552, 'dropout': 0.4658563006674745, 'learning_rate': 0.00203684634453212, 'batch_size': 3930}. Best is trial 183 with value: 0.004403234362602234.[0m
[32m[I 2022-11-04 00:03:22,261][0m Trial 1237 finished with value: 0.004429695553468388 and parameters: {'nlayers': 11, 'hidden_size': 311, 'dropout': 0.3985730526972301, 'learning_rate': 0.003133433315554255, 'batch_size': 3999}. Best is trial 183 with value: 0.004403234362602234.[0m
[32m[I 2022-11-04 00:03:31,177][0m Trial 1238 finished with value: 0.004589124282880387 and parameters: {'nlayers': 9, 'hidden_size': 422, 'dropout': 0.4539940016448938, 'learning_rate': 0.002777394810220954, 'batch_size': 3861}. Best is trial 183 with value: 0.004403234362602234.[0m
[32m[I 2022-11-04 00:03:37,648][0m Trial 1239 finished with value: 0.004423826269805431 and parameters: {'nlayers': 13, 'hidden_size': 214, 'dropout': 0.4474963394527306, 'learning_rate': 0.0035692806535997886, 'batch_size': 4000}. Best is trial 183 with value: 0.004403234362602234.[0m
[32m[I 2022-11-04 00:03:48,749][0m Trial 1240 finished with value: 0.004727923509568302 and parameters: {'nlayers': 10, 'hidden_size': 481, 'dropout': 0.3123586371740906, 'learning_rate': 0.002956839363397459, 'batch_size': 3753}. Best is trial 183 with value: 0.004403234362602234.[0m
[32m[I 2022-11-04 00:04:05,294][0m Trial 1241 finished with value: 0.004577531409510038 and parameters: {'nlayers': 11, 'hidden_size': 600, 'dropout': 0.35046871212474684, 'learning_rate': 0.0016251637979925826, 'batch_size': 3870}. Best is trial 183 with value: 0.004403234362602234.[0m
[32m[I 2022-11-04 00:04:12,544][0m Trial 1242 finished with value: 0.0045100113412476555 and parameters: {'nlayers': 8, 'hidden_size': 379, 'dropout': 0.4766476199704409, 'learning_rate': 0.002375421900210465, 'batch_size': 3935}. Best is trial 183 with value: 0.004403234362602234.[0m
[32m[I 2022-11-04 00:04:17,344][0m Trial 1243 finished with value: 0.004604374608082801 and parameters: {'nlayers': 7, 'hidden_size': 254, 'dropout': 0.4625382756527921, 'learning_rate': 0.004925587338108532, 'batch_size': 3864}. Best is trial 183 with value: 0.004403234362602234.[0m
[32m[I 2022-11-04 00:04:41,634][0m Trial 1244 finished with value: 0.004521791932538535 and parameters: {'nlayers': 12, 'hidden_size': 724, 'dropout': 0.36091509895718726, 'learning_rate': 0.003415689575229173, 'batch_size': 3927}. Best is trial 183 with value: 0.004403234362602234.[0m
[32m[I 2022-11-04 00:06:05,337][0m Trial 1245 finished with value: 0.0044683262556791305 and parameters: {'nlayers': 10, 'hidden_size': 1622, 'dropout': 0.2342515418582022, 'learning_rate': 0.004023138307360696, 'batch_size': 4000}. Best is trial 183 with value: 0.004403234362602234.[0m
[32m[I 2022-11-04 00:06:18,731][0m Trial 1246 finished with value: 0.004689238384538757 and parameters: {'nlayers': 11, 'hidden_size': 530, 'dropout': 0.4297145661159735, 'learning_rate': 0.0026595040065659475, 'batch_size': 3796}. Best is trial 183 with value: 0.004403234362602234.[0m
[32m[I 2022-11-04 00:06:27,906][0m Trial 1247 finished with value: 0.004494484240860658 and parameters: {'nlayers': 9, 'hidden_size': 440, 'dropout': 0.3915855190848901, 'learning_rate': 0.008433035197125675, 'batch_size': 3928}. Best is trial 183 with value: 0.004403234362602234.[0m
[32m[I 2022-11-04 00:06:32,677][0m Trial 1248 finished with value: 0.004587628396718329 and parameters: {'nlayers': 12, 'hidden_size': 138, 'dropout': 0.41431214017202467, 'learning_rate': 0.0028771002603453135, 'batch_size': 3863}. Best is trial 183 with value: 0.004403234362602234.[0m
[32m[I 2022-11-04 00:06:39,903][0m Trial 1249 finished with value: 0.004906014975398936 and parameters: {'nlayers': 11, 'hidden_size': 322, 'dropout': 0.44000498573034896, 'learning_rate': 0.003173749198346249, 'batch_size': 3607}. Best is trial 183 with value: 0.004403234362602234.[0m
[32m[I 2022-11-04 00:06:53,602][0m Trial 1250 finished with value: 0.004507538796138861 and parameters: {'nlayers': 8, 'hidden_size': 622, 'dropout': 0.48191107707264386, 'learning_rate': 0.0018783765256447742, 'batch_size': 3928}. Best is trial 183 with value: 0.004403234362602234.[0m
[32m[I 2022-11-04 00:06:58,141][0m Trial 1251 finished with value: 0.005852898649076228 and parameters: {'nlayers': 13, 'hidden_size': 208, 'dropout': 0.3744399235630933, 'learning_rate': 0.002213249662998455, 'batch_size': 3036}. Best is trial 183 with value: 0.004403234362602234.[0m
[32m[I 2022-11-04 00:07:05,371][0m Trial 1252 finished with value: 0.004746659644636285 and parameters: {'nlayers': 9, 'hidden_size': 366, 'dropout': 0.4019599195592532, 'learning_rate': 0.0030546130149056937, 'batch_size': 3735}. Best is trial 183 with value: 0.004403234362602234.[0m
[32m[I 2022-11-04 00:07:08,751][0m Trial 1253 finished with value: 0.004634188484220885 and parameters: {'nlayers': 10, 'hidden_size': 76, 'dropout': 0.4564589136057474, 'learning_rate': 0.0025841190775682883, 'batch_size': 3816}. Best is trial 183 with value: 0.004403234362602234.[0m
[32m[I 2022-11-04 00:07:27,373][0m Trial 1254 finished with value: 0.004417571441837405 and parameters: {'nlayers': 14, 'hidden_size': 546, 'dropout': 0.46532528345360546, 'learning_rate': 0.003278795578334502, 'batch_size': 3998}. Best is trial 183 with value: 0.004403234362602234.[0m
[32m[I 2022-11-04 00:07:44,522][0m Trial 1255 finished with value: 0.004509031294866373 and parameters: {'nlayers': 13, 'hidden_size': 551, 'dropout': 0.470094611856176, 'learning_rate': 0.0031737095373642553, 'batch_size': 3930}. Best is trial 183 with value: 0.004403234362602234.[0m
[32m[I 2022-11-04 00:08:05,728][0m Trial 1256 finished with value: 0.004577087209537826 and parameters: {'nlayers': 15, 'hidden_size': 577, 'dropout': 0.47472331854700445, 'learning_rate': 0.0028130448195528702, 'batch_size': 3868}. Best is trial 183 with value: 0.004403234362602234.[0m
[32m[I 2022-11-04 00:08:28,344][0m Trial 1257 finished with value: 0.004528990433532365 and parameters: {'nlayers': 13, 'hidden_size': 639, 'dropout': 0.47236584803341736, 'learning_rate': 0.0030324569082066668, 'batch_size': 3920}. Best is trial 183 with value: 0.004403234362602234.[0m
[32m[I 2022-11-04 00:08:45,323][0m Trial 1258 finished with value: 0.004529001044182527 and parameters: {'nlayers': 15, 'hidden_size': 500, 'dropout': 0.4826332318852868, 'learning_rate': 0.0028417294497921704, 'batch_size': 3926}. Best is trial 183 with value: 0.004403234362602234.[0m
[32m[I 2022-11-04 00:09:13,524][0m Trial 1259 finished with value: 0.004446790129199751 and parameters: {'nlayers': 15, 'hidden_size': 684, 'dropout': 0.46740449794260824, 'learning_rate': 0.0032568529561802745, 'batch_size': 3998}. Best is trial 183 with value: 0.004403234362602234.[0m
[32m[I 2022-11-04 00:09:32,303][0m Trial 1260 finished with value: 0.004433809369802475 and parameters: {'nlayers': 14, 'hidden_size': 553, 'dropout': 0.46496730928005053, 'learning_rate': 0.00294667628188591, 'batch_size': 4000}. Best is trial 183 with value: 0.004403234362602234.[0m
[32m[I 2022-11-04 00:09:46,172][0m Trial 1261 finished with value: 0.0046517130889390645 and parameters: {'nlayers': 14, 'hidden_size': 458, 'dropout': 0.48783042616405803, 'learning_rate': 0.0026357404523662375, 'batch_size': 3800}. Best is trial 183 with value: 0.004403234362602234.[0m
[32m[I 2022-11-04 00:10:08,318][0m Trial 1262 finished with value: 0.004616424085072817 and parameters: {'nlayers': 15, 'hidden_size': 608, 'dropout': 0.4634087945625545, 'learning_rate': 0.0031231784529519063, 'batch_size': 3848}. Best is trial 183 with value: 0.004403234362602234.[0m
[32m[I 2022-11-04 00:10:24,279][0m Trial 1263 finished with value: 0.004429444301781222 and parameters: {'nlayers': 14, 'hidden_size': 481, 'dropout': 0.4762354580216591, 'learning_rate': 0.002505519219328, 'batch_size': 3999}. Best is trial 183 with value: 0.004403234362602234.[0m
[32m[I 2022-11-04 00:10:41,082][0m Trial 1264 finished with value: 0.00451282908645626 and parameters: {'nlayers': 14, 'hidden_size': 528, 'dropout': 0.46656024213866204, 'learning_rate': 0.002782970595553506, 'batch_size': 3926}. Best is trial 183 with value: 0.004403234362602234.[0m
[32m[I 2022-11-04 00:11:04,547][0m Trial 1265 finished with value: 0.0045904498398227035 and parameters: {'nlayers': 14, 'hidden_size': 641, 'dropout': 0.4805478934552935, 'learning_rate': 0.0033042641973604725, 'batch_size': 3873}. Best is trial 183 with value: 0.004403234362602234.[0m
[32m[I 2022-11-04 00:11:24,288][0m Trial 1266 finished with value: 0.004421883931783594 and parameters: {'nlayers': 13, 'hidden_size': 582, 'dropout': 0.49202651348686827, 'learning_rate': 0.0030185884256340436, 'batch_size': 3999}. Best is trial 183 with value: 0.004403234362602234.[0m
[32m[I 2022-11-04 00:11:40,271][0m Trial 1267 finished with value: 0.004761479431585108 and parameters: {'nlayers': 15, 'hidden_size': 494, 'dropout': 0.4608356298111453, 'learning_rate': 0.002362530355657307, 'batch_size': 3711}. Best is trial 183 with value: 0.004403234362602234.[0m
[32m[I 2022-11-04 00:11:52,436][0m Trial 1268 finished with value: 0.004665402634184665 and parameters: {'nlayers': 13, 'hidden_size': 433, 'dropout': 0.471239799329757, 'learning_rate': 0.002130597552065597, 'batch_size': 3795}. Best is trial 183 with value: 0.004403234362602234.[0m
[32m[I 2022-11-04 00:12:17,324][0m Trial 1269 finished with value: 0.004588541867257642 and parameters: {'nlayers': 14, 'hidden_size': 680, 'dropout': 0.3854529108560712, 'learning_rate': 0.0027571599545516082, 'batch_size': 3872}. Best is trial 183 with value: 0.004403234362602234.[0m
[32m[I 2022-11-04 00:12:34,778][0m Trial 1270 finished with value: 0.004530656828885161 and parameters: {'nlayers': 14, 'hidden_size': 535, 'dropout': 0.40774088770152817, 'learning_rate': 0.003262362784925675, 'batch_size': 3932}. Best is trial 183 with value: 0.004403234362602234.[0m
[32m[I 2022-11-04 00:12:47,987][0m Trial 1271 finished with value: 0.004489075593339584 and parameters: {'nlayers': 15, 'hidden_size': 414, 'dropout': 0.45738240937089636, 'learning_rate': 0.002969967492992682, 'batch_size': 3932}. Best is trial 183 with value: 0.004403234362602234.[0m
[32m[I 2022-11-04 00:13:16,949][0m Trial 1272 finished with value: 0.004439777308745693 and parameters: {'nlayers': 14, 'hidden_size': 721, 'dropout': 0.3378061843017557, 'learning_rate': 0.002588556206684669, 'batch_size': 3999}. Best is trial 183 with value: 0.004403234362602234.[0m
[32m[I 2022-11-04 00:13:33,960][0m Trial 1273 finished with value: 0.0046715406331376864 and parameters: {'nlayers': 12, 'hidden_size': 567, 'dropout': 0.4769083520244068, 'learning_rate': 0.003131971831006812, 'batch_size': 3805}. Best is trial 183 with value: 0.004403234362602234.[0m
[32m[I 2022-11-04 00:13:48,531][0m Trial 1274 finished with value: 0.0046041529348566515 and parameters: {'nlayers': 12, 'hidden_size': 519, 'dropout': 0.39447322001923785, 'learning_rate': 0.0075972539942941696, 'batch_size': 3872}. Best is trial 183 with value: 0.004403234362602234.[0m
[32m[I 2022-11-04 00:14:07,927][0m Trial 1275 finished with value: 0.004437650419771671 and parameters: {'nlayers': 11, 'hidden_size': 638, 'dropout': 0.46970358180885774, 'learning_rate': 0.0018753805371960076, 'batch_size': 4000}. Best is trial 183 with value: 0.004403234362602234.[0m
[32m[I 2022-11-04 00:14:21,379][0m Trial 1276 finished with value: 0.0045374670586028655 and parameters: {'nlayers': 14, 'hidden_size': 439, 'dropout': 0.22282334457310304, 'learning_rate': 0.0034114752031550026, 'batch_size': 3927}. Best is trial 183 with value: 0.004403234362602234.[0m
[32m[I 2022-11-04 00:14:42,872][0m Trial 1277 finished with value: 0.0045399732220075765 and parameters: {'nlayers': 14, 'hidden_size': 598, 'dropout': 0.4567371856991644, 'learning_rate': 0.005966114614773811, 'batch_size': 3928}. Best is trial 183 with value: 0.004403234362602234.[0m
[32m[I 2022-11-04 00:14:52,011][0m Trial 1278 finished with value: 0.004715832817949291 and parameters: {'nlayers': 12, 'hidden_size': 363, 'dropout': 0.4997337873595174, 'learning_rate': 0.0028310652010724684, 'batch_size': 3744}. Best is trial 183 with value: 0.004403234362602234.[0m
[32m[I 2022-11-04 00:15:28,958][0m Trial 1279 finished with value: 0.004598794932318499 and parameters: {'nlayers': 16, 'hidden_size': 780, 'dropout': 0.48533357799006327, 'learning_rate': 0.005410185179585212, 'batch_size': 3862}. Best is trial 183 with value: 0.004403234362602234.[0m
[32m[I 2022-11-04 00:15:42,643][0m Trial 1280 finished with value: 0.004515161385202104 and parameters: {'nlayers': 13, 'hidden_size': 471, 'dropout': 0.3807381793978821, 'learning_rate': 0.0016914173723611356, 'batch_size': 3925}. Best is trial 183 with value: 0.004403234362602234.[0m
[32m[I 2022-11-04 00:15:52,625][0m Trial 1281 finished with value: 0.004444406718015671 and parameters: {'nlayers': 11, 'hidden_size': 396, 'dropout': 0.4025875472782589, 'learning_rate': 0.00242021897831923, 'batch_size': 4000}. Best is trial 183 with value: 0.004403234362602234.[0m
[32m[I 2022-11-04 00:16:07,585][0m Trial 1282 finished with value: 0.004439048267900944 and parameters: {'nlayers': 12, 'hidden_size': 515, 'dropout': 0.45974920466077035, 'learning_rate': 0.002959098428051896, 'batch_size': 4000}. Best is trial 183 with value: 0.004403234362602234.[0m
[32m[I 2022-11-04 00:16:34,318][0m Trial 1283 finished with value: 0.004657156988391726 and parameters: {'nlayers': 15, 'hidden_size': 675, 'dropout': 0.4677306462206852, 'learning_rate': 0.0026766147659563542, 'batch_size': 3810}. Best is trial 183 with value: 0.004403234362602234.[0m
[32m[I 2022-11-04 00:16:49,316][0m Trial 1284 finished with value: 0.004600044989610481 and parameters: {'nlayers': 10, 'hidden_size': 588, 'dropout': 0.24382123095707967, 'learning_rate': 0.002093214617761941, 'batch_size': 3876}. Best is trial 183 with value: 0.004403234362602234.[0m
[32m[I 2022-11-04 00:16:58,516][0m Trial 1285 finished with value: 0.004528060346332306 and parameters: {'nlayers': 13, 'hidden_size': 340, 'dropout': 0.40919843918461574, 'learning_rate': 0.0032507030237441717, 'batch_size': 3919}. Best is trial 183 with value: 0.004403234362602234.[0m
[32m[I 2022-11-04 00:17:10,183][0m Trial 1286 finished with value: 0.004532189845007754 and parameters: {'nlayers': 11, 'hidden_size': 472, 'dropout': 0.39447562634812794, 'learning_rate': 0.003076249368349341, 'batch_size': 3931}. Best is trial 183 with value: 0.004403234362602234.[0m
[32m[I 2022-11-04 00:17:17,584][0m Trial 1287 finished with value: 0.00482896533690996 and parameters: {'nlayers': 12, 'hidden_size': 289, 'dropout': 0.32621663270268997, 'learning_rate': 0.002507373430180761, 'batch_size': 3682}. Best is trial 183 with value: 0.004403234362602234.[0m
[32m[I 2022-11-04 00:17:27,143][0m Trial 1288 finished with value: 0.0046747257715752675 and parameters: {'nlayers': 11, 'hidden_size': 397, 'dropout': 0.45136592625140376, 'learning_rate': 0.0014849856934264982, 'batch_size': 3815}. Best is trial 183 with value: 0.004403234362602234.[0m
