[32m[I 2022-11-03 18:03:14,132][0m Trial 75 finished with value: 0.004599363699111272 and parameters: {'nlayers': 9, 'hidden_size': 814, 'dropout': 0.38422378791766204, 'learning_rate': 0.0013360511787162777, 'batch_size': 3892}. Best is trial 31 with value: 0.004418185732147476.[0m
[32m[I 2022-11-03 18:03:26,491][0m Trial 76 finished with value: 0.00444394694440898 and parameters: {'nlayers': 10, 'hidden_size': 487, 'dropout': 0.41545481242649746, 'learning_rate': 0.0023097714254921103, 'batch_size': 3998}. Best is trial 31 with value: 0.004418185732147476.[0m
[32m[I 2022-11-03 18:03:38,531][0m Trial 77 finished with value: 0.004690868103362452 and parameters: {'nlayers': 10, 'hidden_size': 509, 'dropout': 0.41909048939663673, 'learning_rate': 0.0023730065558966685, 'batch_size': 3785}. Best is trial 31 with value: 0.004418185732147476.[0m
[32m[I 2022-11-03 18:03:46,130][0m Trial 78 finished with value: 0.005387528669331861 and parameters: {'nlayers': 11, 'hidden_size': 358, 'dropout': 0.3658977877598573, 'learning_rate': 0.002783117088565167, 'batch_size': 3299}. Best is trial 31 with value: 0.004418185732147476.[0m
[32m[I 2022-11-03 18:04:07,258][0m Trial 79 finished with value: 0.005011534996650318 and parameters: {'nlayers': 12, 'hidden_size': 704, 'dropout': 0.41424161641056406, 'learning_rate': 0.003282059859230374, 'batch_size': 3567}. Best is trial 31 with value: 0.004418185732147476.[0m
[32m[I 2022-11-03 18:04:30,669][0m Trial 80 finished with value: 0.004929249036250236 and parameters: {'nlayers': 8, 'hidden_size': 909, 'dropout': 0.3949067458876124, 'learning_rate': 0.004130777783532766, 'batch_size': 3661}. Best is trial 31 with value: 0.004418185732147476.[0m
[32m[I 2022-11-03 18:05:10,671][0m Trial 81 finished with value: 0.004460877018884821 and parameters: {'nlayers': 10, 'hidden_size': 1067, 'dropout': 0.46259581632869406, 'learning_rate': 0.0020082816352842213, 'batch_size': 3993}. Best is trial 31 with value: 0.004418185732147476.[0m
[32m[I 2022-11-03 18:05:51,905][0m Trial 82 finished with value: 0.004741284690282491 and parameters: {'nlayers': 10, 'hidden_size': 1121, 'dropout': 0.46603363384899404, 'learning_rate': 0.002139642817855994, 'batch_size': 3835}. Best is trial 31 with value: 0.004418185732147476.[0m
[32m[I 2022-11-03 18:06:07,990][0m Trial 83 finished with value: 0.004451680007400933 and parameters: {'nlayers': 9, 'hidden_size': 633, 'dropout': 0.4524542034288933, 'learning_rate': 0.002958554202553341, 'batch_size': 3996}. Best is trial 31 with value: 0.004418185732147476.[0m
[32m[I 2022-11-03 18:06:12,021][0m Trial 84 finished with value: 0.004733969363869663 and parameters: {'nlayers': 9, 'hidden_size': 126, 'dropout': 0.4258406389669043, 'learning_rate': 0.002921920219687488, 'batch_size': 3762}. Best is trial 31 with value: 0.004418185732147476.[0m
[32m[I 2022-11-03 18:06:15,222][0m Trial 85 finished with value: 0.008908383480458698 and parameters: {'nlayers': 6, 'hidden_size': 412, 'dropout': 0.4458134942484969, 'learning_rate': 0.003663158788562907, 'batch_size': 1978}. Best is trial 31 with value: 0.004418185732147476.[0m
[32m[I 2022-11-03 18:06:30,236][0m Trial 86 finished with value: 0.004582976289986642 and parameters: {'nlayers': 11, 'hidden_size': 551, 'dropout': 0.40651012652439233, 'learning_rate': 0.0019277266573146023, 'batch_size': 3879}. Best is trial 31 with value: 0.004418185732147476.[0m
[32m[I 2022-11-03 18:06:43,304][0m Trial 87 finished with value: 0.0044283448139886255 and parameters: {'nlayers': 7, 'hidden_size': 650, 'dropout': 0.3743474743661254, 'learning_rate': 0.0025574748953213554, 'batch_size': 3987}. Best is trial 31 with value: 0.004418185732147476.[0m
[32m[I 2022-11-03 18:06:48,476][0m Trial 88 finished with value: 0.0116949310017137 and parameters: {'nlayers': 7, 'hidden_size': 655, 'dropout': 0.37161945301230725, 'learning_rate': 0.002524320653071383, 'batch_size': 1511}. Best is trial 31 with value: 0.004418185732147476.[0m
[32m[I 2022-11-03 18:06:54,133][0m Trial 89 finished with value: 0.004819272585217218 and parameters: {'nlayers': 8, 'hidden_size': 286, 'dropout': 0.38852736299883495, 'learning_rate': 0.0030753609983358637, 'batch_size': 3694}. Best is trial 31 with value: 0.004418185732147476.[0m
[32m[I 2022-11-03 18:07:00,684][0m Trial 90 finished with value: 0.005032837628030953 and parameters: {'nlayers': 6, 'hidden_size': 474, 'dropout': 0.35780820916328565, 'learning_rate': 0.0034419178507907266, 'batch_size': 3519}. Best is trial 31 with value: 0.004418185732147476.[0m
[32m[I 2022-11-03 18:07:25,582][0m Trial 91 finished with value: 0.004454081602913174 and parameters: {'nlayers': 10, 'hidden_size': 781, 'dropout': 0.3156815443777067, 'learning_rate': 0.002304203114729402, 'batch_size': 3994}. Best is trial 31 with value: 0.004418185732147476.[0m
[32m[I 2022-11-03 18:07:47,878][0m Trial 92 finished with value: 0.004576496080225343 and parameters: {'nlayers': 9, 'hidden_size': 803, 'dropout': 0.31190331486751177, 'learning_rate': 0.002674977521548009, 'batch_size': 3876}. Best is trial 31 with value: 0.004418185732147476.[0m
[32m[I 2022-11-03 18:08:14,657][0m Trial 93 finished with value: 0.004535725018937296 and parameters: {'nlayers': 9, 'hidden_size': 890, 'dropout': 0.3400369516150567, 'learning_rate': 0.0023030771101916377, 'batch_size': 3913}. Best is trial 31 with value: 0.004418185732147476.[0m
[32m[I 2022-11-03 18:08:39,020][0m Trial 94 finished with value: 0.004733581357615711 and parameters: {'nlayers': 12, 'hidden_size': 732, 'dropout': 0.3214749035491148, 'learning_rate': 0.0038488092790103343, 'batch_size': 3801}. Best is trial 31 with value: 0.004418185732147476.[0m
[32m[I 2022-11-03 18:08:52,218][0m Trial 95 finished with value: 0.004437421530141912 and parameters: {'nlayers': 7, 'hidden_size': 658, 'dropout': 0.3505748980185028, 'learning_rate': 0.003011134969469032, 'batch_size': 3994}. Best is trial 31 with value: 0.004418185732147476.[0m
[32m[I 2022-11-03 18:09:01,657][0m Trial 96 finished with value: 0.004530300144091891 and parameters: {'nlayers': 5, 'hidden_size': 646, 'dropout': 0.35007314149131646, 'learning_rate': 0.004566658075039722, 'batch_size': 3919}. Best is trial 31 with value: 0.004418185732147476.[0m
[32m[I 2022-11-03 18:09:18,349][0m Trial 97 finished with value: 0.004784589672140215 and parameters: {'nlayers': 11, 'hidden_size': 591, 'dropout': 0.30122102585916793, 'learning_rate': 0.0030463253071987962, 'batch_size': 3697}. Best is trial 31 with value: 0.004418185732147476.[0m
[32m[I 2022-11-03 18:09:27,243][0m Trial 98 finished with value: 0.004683480323824745 and parameters: {'nlayers': 7, 'hidden_size': 509, 'dropout': 0.37066056981659984, 'learning_rate': 0.005036315617004276, 'batch_size': 3787}. Best is trial 31 with value: 0.004418185732147476.[0m
[32m[I 2022-11-03 18:09:30,275][0m Trial 99 finished with value: 0.006797780691556346 and parameters: {'nlayers': 4, 'hidden_size': 411, 'dropout': 0.38077882195436, 'learning_rate': 0.002596213668372798, 'batch_size': 2627}. Best is trial 31 with value: 0.004418185732147476.[0m
[32m[I 2022-11-03 18:09:58,055][0m Trial 100 finished with value: 0.004441978589210787 and parameters: {'nlayers': 10, 'hidden_size': 852, 'dropout': 0.35971634208258524, 'learning_rate': 0.0016655198938903373, 'batch_size': 3999}. Best is trial 31 with value: 0.004418185732147476.[0m
[32m[I 2022-11-03 18:10:21,193][0m Trial 101 finished with value: 0.00450337593976689 and parameters: {'nlayers': 10, 'hidden_size': 766, 'dropout': 0.34292149161376057, 'learning_rate': 0.001756710023696888, 'batch_size': 3928}. Best is trial 31 with value: 0.004418185732147476.[0m
[32m[I 2022-11-03 18:10:23,316][0m Trial 102 finished with value: 0.5455975795493406 and parameters: {'nlayers': 13, 'hidden_size': 944, 'dropout': 0.3641762078474176, 'learning_rate': 0.001429248468739101, 'batch_size': 34}. Best is trial 31 with value: 0.004418185732147476.[0m
[32m[I 2022-11-03 18:10:45,764][0m Trial 103 finished with value: 0.0044307559504657085 and parameters: {'nlayers': 8, 'hidden_size': 845, 'dropout': 0.39105998372015266, 'learning_rate': 0.0011276176761038663, 'batch_size': 3992}. Best is trial 31 with value: 0.004418185732147476.[0m
[32m[I 2022-11-03 18:11:08,248][0m Trial 104 finished with value: 0.004654396668263559 and parameters: {'nlayers': 8, 'hidden_size': 854, 'dropout': 0.38787738397251037, 'learning_rate': 0.003483102402595331, 'batch_size': 3824}. Best is trial 31 with value: 0.004418185732147476.[0m
[32m[I 2022-11-03 18:11:10,373][0m Trial 105 finished with value: 0.08036147680927495 and parameters: {'nlayers': 9, 'hidden_size': 674, 'dropout': 0.40647175838663774, 'learning_rate': 0.0011208038739170928, 'batch_size': 244}. Best is trial 31 with value: 0.004418185732147476.[0m
[32m[I 2022-11-03 18:11:20,860][0m Trial 106 finished with value: 0.004858762108001099 and parameters: {'nlayers': 7, 'hidden_size': 594, 'dropout': 0.35624757429543236, 'learning_rate': 0.0015138665498355241, 'batch_size': 3627}. Best is trial 31 with value: 0.004418185732147476.[0m
[32m[I 2022-11-03 18:11:49,618][0m Trial 107 finished with value: 0.004537374154590518 and parameters: {'nlayers': 8, 'hidden_size': 1017, 'dropout': 0.42052939448500665, 'learning_rate': 0.0011846130792352834, 'batch_size': 3911}. Best is trial 31 with value: 0.004418185732147476.[0m
[32m[I 2022-11-03 18:12:06,303][0m Trial 108 finished with value: 0.0044526187479496 and parameters: {'nlayers': 6, 'hidden_size': 842, 'dropout': 0.39786540836945805, 'learning_rate': 0.003233679343171746, 'batch_size': 4000}. Best is trial 31 with value: 0.004418185732147476.[0m
[32m[I 2022-11-03 18:12:18,077][0m Trial 109 finished with value: 0.004794568788376855 and parameters: {'nlayers': 11, 'hidden_size': 474, 'dropout': 0.3758501304260366, 'learning_rate': 0.0003395092875637313, 'batch_size': 3737}. Best is trial 31 with value: 0.004418185732147476.[0m
[32m[I 2022-11-03 18:12:25,880][0m Trial 110 finished with value: 0.004648273402773393 and parameters: {'nlayers': 9, 'hidden_size': 362, 'dropout': 0.39193897555266005, 'learning_rate': 0.0029207737205635305, 'batch_size': 3826}. Best is trial 31 with value: 0.004418185732147476.[0m
[32m[I 2022-11-03 18:12:42,987][0m Trial 111 finished with value: 0.004546915942972357 and parameters: {'nlayers': 6, 'hidden_size': 862, 'dropout': 0.3981689643539259, 'learning_rate': 0.0032961546442217514, 'batch_size': 3916}. Best is trial 31 with value: 0.004418185732147476.[0m
[32m[I 2022-11-03 18:12:51,612][0m Trial 112 finished with value: 0.004470385168374245 and parameters: {'nlayers': 4, 'hidden_size': 698, 'dropout': 0.4390952534546482, 'learning_rate': 0.0025237813202602364, 'batch_size': 3972}. Best is trial 31 with value: 0.004418185732147476.[0m
[32m[I 2022-11-03 18:12:55,480][0m Trial 113 finished with value: 0.020056214150307432 and parameters: {'nlayers': 5, 'hidden_size': 920, 'dropout': 0.40937499509343256, 'learning_rate': 0.003837804132171391, 'batch_size': 896}. Best is trial 31 with value: 0.004418185732147476.[0m
[32m[I 2022-11-03 18:13:04,293][0m Trial 114 finished with value: 0.004452403185810251 and parameters: {'nlayers': 6, 'hidden_size': 542, 'dropout': 0.4861094616371385, 'learning_rate': 0.003185704528634239, 'batch_size': 3991}. Best is trial 31 with value: 0.004418185732147476.[0m
[32m[I 2022-11-03 18:13:14,982][0m Trial 115 finished with value: 0.004620839841421116 and parameters: {'nlayers': 7, 'hidden_size': 565, 'dropout': 0.48956572807402166, 'learning_rate': 0.002135019565129047, 'batch_size': 3837}. Best is trial 31 with value: 0.004418185732147476.[0m
[32m[I 2022-11-03 18:13:27,883][0m Trial 116 finished with value: 0.0047664808704226385 and parameters: {'nlayers': 8, 'hidden_size': 614, 'dropout': 0.4523408137780297, 'learning_rate': 0.0017295541965757584, 'batch_size': 3717}. Best is trial 31 with value: 0.004418185732147476.[0m
[32m[I 2022-11-03 18:13:30,795][0m Trial 117 finished with value: 0.004540266718871762 and parameters: {'nlayers': 1, 'hidden_size': 758, 'dropout': 0.4843329363263372, 'learning_rate': 0.0028038143100993017, 'batch_size': 3908}. Best is trial 31 with value: 0.004418185732147476.[0m
[32m[I 2022-11-03 18:13:51,898][0m Trial 118 finished with value: 0.004996910193020724 and parameters: {'nlayers': 12, 'hidden_size': 691, 'dropout': 0.3792274080032766, 'learning_rate': 0.0040903006278859635, 'batch_size': 3559}. Best is trial 31 with value: 0.004418185732147476.[0m
[32m[I 2022-11-03 18:16:25,482][0m Trial 119 finished with value: 0.004424109347164631 and parameters: {'nlayers': 10, 'hidden_size': 2247, 'dropout': 0.4703493596928444, 'learning_rate': 0.004307921709802891, 'batch_size': 4000}. Best is trial 31 with value: 0.004418185732147476.[0m
[32m[I 2022-11-03 18:18:58,876][0m Trial 120 finished with value: 0.004718983750444508 and parameters: {'nlayers': 11, 'hidden_size': 2167, 'dropout': 0.4712023853094176, 'learning_rate': 0.004337806407985404, 'batch_size': 3770}. Best is trial 31 with value: 0.004418185732147476.[0m
[32m[I 2022-11-03 18:21:07,680][0m Trial 121 finished with value: 0.004449873752789546 and parameters: {'nlayers': 10, 'hidden_size': 2056, 'dropout': 0.4550560112107997, 'learning_rate': 0.003631631057307866, 'batch_size': 3999}. Best is trial 31 with value: 0.004418185732147476.[0m
[32m[I 2022-11-03 18:23:53,001][0m Trial 122 finished with value: 0.004602139016859009 and parameters: {'nlayers': 10, 'hidden_size': 2350, 'dropout': 0.4303597316095292, 'learning_rate': 0.004016485530736274, 'batch_size': 3852}. Best is trial 31 with value: 0.004418185732147476.[0m
[32m[I 2022-11-03 18:25:52,039][0m Trial 123 finished with value: 0.004869588558139697 and parameters: {'nlayers': 10, 'hidden_size': 2069, 'dropout': 0.45648765607339364, 'learning_rate': 0.003595484315490052, 'batch_size': 3660}. Best is trial 31 with value: 0.004418185732147476.[0m
[32m[I 2022-11-03 18:28:02,938][0m Trial 124 finished with value: 0.004578605956076351 and parameters: {'nlayers': 9, 'hidden_size': 2218, 'dropout': 0.24266239701967496, 'learning_rate': 0.0046180115002118025, 'batch_size': 3895}. Best is trial 31 with value: 0.004418185732147476.[0m
[32m[I 2022-11-03 18:31:25,198][0m Trial 125 finished with value: 0.0047219767164221795 and parameters: {'nlayers': 12, 'hidden_size': 2367, 'dropout': 0.4993648146910661, 'learning_rate': 0.005040390225734014, 'batch_size': 3791}. Best is trial 31 with value: 0.004418185732147476.[0m
[32m[I 2022-11-03 18:34:40,470][0m Trial 126 finished with value: 0.004514191697597018 and parameters: {'nlayers': 11, 'hidden_size': 2428, 'dropout': 0.47859041668252544, 'learning_rate': 0.004279243987664036, 'batch_size': 3932}. Best is trial 31 with value: 0.004418185732147476.[0m
[32m[I 2022-11-03 18:36:15,443][0m Trial 127 finished with value: 0.004599648724914031 and parameters: {'nlayers': 9, 'hidden_size': 1886, 'dropout': 0.21709892335987663, 'learning_rate': 0.0019922952600446705, 'batch_size': 3846}. Best is trial 31 with value: 0.004418185732147476.[0m
[32m[I 2022-11-03 18:39:19,845][0m Trial 128 finished with value: 0.00477153526626098 and parameters: {'nlayers': 10, 'hidden_size': 2530, 'dropout': 0.44912762282100827, 'learning_rate': 0.0037089434950823485, 'batch_size': 3714}. Best is trial 31 with value: 0.004418185732147476.[0m
[32m[I 2022-11-03 18:41:40,587][0m Trial 129 finished with value: 0.004484958171844482 and parameters: {'nlayers': 11, 'hidden_size': 2040, 'dropout': 0.35233889432246773, 'learning_rate': 0.003456097649669368, 'batch_size': 4000}. Best is trial 31 with value: 0.004418185732147476.[0m
[32m[I 2022-11-03 18:43:39,143][0m Trial 130 finished with value: 0.004569620549842756 and parameters: {'nlayers': 8, 'hidden_size': 2253, 'dropout': 0.4363667086706833, 'learning_rate': 0.007531993574216639, 'batch_size': 3999}. Best is trial 31 with value: 0.004418185732147476.[0m
[32m[I 2022-11-03 18:45:09,697][0m Trial 131 finished with value: 0.004573907486829468 and parameters: {'nlayers': 7, 'hidden_size': 2117, 'dropout': 0.33612610068692234, 'learning_rate': 0.003003981167729476, 'batch_size': 3909}. Best is trial 31 with value: 0.004418185732147476.[0m
[32m[I 2022-11-03 18:47:05,170][0m Trial 132 finished with value: 0.004797463656416657 and parameters: {'nlayers': 10, 'hidden_size': 2000, 'dropout': 0.47253820770383853, 'learning_rate': 0.0031530426291894453, 'batch_size': 3785}. Best is trial 31 with value: 0.004418185732147476.[0m
[32m[I 2022-11-03 18:47:21,508][0m Trial 133 finished with value: 0.004514735342739981 and parameters: {'nlayers': 13, 'hidden_size': 525, 'dropout': 0.3646459530663407, 'learning_rate': 0.0023901929266471134, 'batch_size': 3931}. Best is trial 31 with value: 0.004418185732147476.[0m
[32m[I 2022-11-03 18:47:32,066][0m Trial 134 finished with value: 0.0044305366437176995 and parameters: {'nlayers': 9, 'hidden_size': 465, 'dropout': 0.46495562962630693, 'learning_rate': 0.0025599699907239938, 'batch_size': 3999}. Best is trial 31 with value: 0.004418185732147476.[0m
[32m[I 2022-11-03 18:47:37,223][0m Trial 135 finished with value: 0.004618259875670723 and parameters: {'nlayers': 9, 'hidden_size': 206, 'dropout': 0.45865969715765686, 'learning_rate': 0.00262477337159229, 'batch_size': 3841}. Best is trial 31 with value: 0.004418185732147476.[0m
[32m[I 2022-11-03 18:47:48,370][0m Trial 136 finished with value: 0.004892794725453314 and parameters: {'nlayers': 11, 'hidden_size': 463, 'dropout': 0.46347593538875065, 'learning_rate': 0.0017984780672616074, 'batch_size': 3628}. Best is trial 31 with value: 0.004418185732147476.[0m
[32m[I 2022-11-03 18:48:06,552][0m Trial 137 finished with value: 0.004539982444794892 and parameters: {'nlayers': 10, 'hidden_size': 651, 'dropout': 0.42086189617096637, 'learning_rate': 0.002236451312713136, 'batch_size': 3910}. Best is trial 31 with value: 0.004418185732147476.[0m
[32m[I 2022-11-03 18:48:23,768][0m Trial 138 finished with value: 0.004786310659177994 and parameters: {'nlayers': 8, 'hidden_size': 749, 'dropout': 0.3822561770852734, 'learning_rate': 0.0008097569852043253, 'batch_size': 3739}. Best is trial 31 with value: 0.004418185732147476.[0m
[32m[I 2022-11-03 18:48:31,365][0m Trial 139 finished with value: 0.004627257183314051 and parameters: {'nlayers': 9, 'hidden_size': 351, 'dropout': 0.4701489098642811, 'learning_rate': 0.002882713226273409, 'batch_size': 3853}. Best is trial 31 with value: 0.004418185732147476.[0m
[32m[I 2022-11-03 18:48:44,265][0m Trial 140 finished with value: 0.0074896615798641375 and parameters: {'nlayers': 12, 'hidden_size': 645, 'dropout': 0.36060728214131055, 'learning_rate': 0.0013089806763253388, 'batch_size': 2384}. Best is trial 31 with value: 0.004418185732147476.[0m
[32m[I 2022-11-03 18:49:48,589][0m Trial 141 finished with value: 0.004486745872294395 and parameters: {'nlayers': 7, 'hidden_size': 1734, 'dropout': 0.4807412411721305, 'learning_rate': 0.0033207346393874246, 'batch_size': 3990}. Best is trial 31 with value: 0.004418185732147476.[0m
[32m[I 2022-11-03 18:49:57,450][0m Trial 142 finished with value: 0.004438637462789883 and parameters: {'nlayers': 6, 'hidden_size': 542, 'dropout': 0.48498836110705706, 'learning_rate': 0.0026988962520880376, 'batch_size': 3992}. Best is trial 31 with value: 0.004418185732147476.[0m
[32m[I 2022-11-03 18:50:17,536][0m Trial 143 finished with value: 0.004559322129178163 and parameters: {'nlayers': 8, 'hidden_size': 805, 'dropout': 0.44500645084975554, 'learning_rate': 0.0026631819764539825, 'batch_size': 3913}. Best is trial 31 with value: 0.004418185732147476.[0m
[32m[I 2022-11-03 18:50:33,301][0m Trial 144 finished with value: 0.004658267670960851 and parameters: {'nlayers': 10, 'hidden_size': 591, 'dropout': 0.3711323271840482, 'learning_rate': 0.0023972337191640702, 'batch_size': 3798}. Best is trial 31 with value: 0.004418185732147476.[0m
[32m[I 2022-11-03 18:50:47,753][0m Trial 145 finished with value: 0.004436348967392204 and parameters: {'nlayers': 7, 'hidden_size': 697, 'dropout': 0.4914051625541262, 'learning_rate': 0.0021205079873753913, 'batch_size': 3994}. Best is trial 31 with value: 0.004418185732147476.[0m
[32m[I 2022-11-03 18:50:53,831][0m Trial 146 finished with value: 0.004448697719910229 and parameters: {'nlayers': 5, 'hidden_size': 411, 'dropout': 0.49333147282849155, 'learning_rate': 0.001919955433757452, 'batch_size': 3999}. Best is trial 31 with value: 0.004418185732147476.[0m
[32m[I 2022-11-03 18:50:59,595][0m Trial 147 finished with value: 0.004611232705553126 and parameters: {'nlayers': 5, 'hidden_size': 393, 'dropout': 0.49601364311073604, 'learning_rate': 0.00205950700387233, 'batch_size': 3864}. Best is trial 31 with value: 0.004418185732147476.[0m
[32m[I 2022-11-03 18:51:04,843][0m Trial 148 finished with value: 0.004771253448175018 and parameters: {'nlayers': 6, 'hidden_size': 324, 'dropout': 0.48252401717362486, 'learning_rate': 0.0018109459656996316, 'batch_size': 3719}. Best is trial 31 with value: 0.004418185732147476.[0m
[32m[I 2022-11-03 18:51:13,331][0m Trial 149 finished with value: 0.004534309807405329 and parameters: {'nlayers': 7, 'hidden_size': 480, 'dropout': 0.494022366676919, 'learning_rate': 0.0015164981349483175, 'batch_size': 3919}. Best is trial 31 with value: 0.004418185732147476.[0m
[32m[I 2022-11-03 18:51:21,870][0m Trial 150 finished with value: 0.004643600565752267 and parameters: {'nlayers': 4, 'hidden_size': 720, 'dropout': 0.49245650465030133, 'learning_rate': 0.0021795402388478935, 'batch_size': 3819}. Best is trial 31 with value: 0.004418185732147476.[0m
