environment: line 10: __conda_exe: command not found
# conda environments:
#
torch_env             *  /home/DAVIDSON/alalkadhim.visitor/.conda/envs/torch_env
base                     /home/DAVIDSON/alalkadhim.visitor/software/miniconda3

[32m[I 2022-11-03 16:51:44,709][0m A new study created in memory with name: no-name-8687e46c-ce9b-43ff-9ca3-7a0f09b51192[0m
[32m[I 2022-11-03 16:52:00,937][0m Trial 0 finished with value: 0.005899418781796769 and parameters: {'nlayers': 13, 'hidden_size': 566, 'dropout': 0.19837559974906835, 'learning_rate': 0.0032950599617581153, 'batch_size': 3085}. Best is trial 0 with value: 0.005899418781796769.[0m
[32m[I 2022-11-03 16:53:06,411][0m Trial 1 finished with value: 0.01287506504282767 and parameters: {'nlayers': 12, 'hidden_size': 2137, 'dropout': 0.2919264272037684, 'learning_rate': 0.0038838432775729864, 'batch_size': 1448}. Best is trial 0 with value: 0.005899418781796769.[0m
[32m[I 2022-11-03 16:53:09,750][0m Trial 2 finished with value: 0.02797570689792008 and parameters: {'nlayers': 5, 'hidden_size': 993, 'dropout': 0.25944409221544273, 'learning_rate': 6.101871641177013e-05, 'batch_size': 641}. Best is trial 0 with value: 0.005899418781796769.[0m
[32m[I 2022-11-03 16:54:08,268][0m Trial 3 finished with value: 0.004726385530524366 and parameters: {'nlayers': 20, 'hidden_size': 881, 'dropout': 0.1539118299177143, 'learning_rate': 0.009727693426564741, 'batch_size': 3810}. Best is trial 3 with value: 0.004726385530524366.[0m
[32m[I 2022-11-03 16:56:07,641][0m Trial 4 finished with value: 0.005848741474006532 and parameters: {'nlayers': 18, 'hidden_size': 1573, 'dropout': 0.21060751573253508, 'learning_rate': 0.004920453519766537, 'batch_size': 3221}. Best is trial 3 with value: 0.004726385530524366.[0m
[32m[I 2022-11-03 16:56:37,918][0m Trial 5 finished with value: 0.029089602718659496 and parameters: {'nlayers': 15, 'hidden_size': 1791, 'dropout': 0.20378389107554118, 'learning_rate': 0.007423786920152672, 'batch_size': 654}. Best is trial 3 with value: 0.004726385530524366.[0m
[32m[I 2022-11-03 16:56:40,764][0m Trial 6 finished with value: 0.005776683267436446 and parameters: {'nlayers': 1, 'hidden_size': 1502, 'dropout': 0.34116253753640546, 'learning_rate': 0.007837487297480648, 'batch_size': 3087}. Best is trial 3 with value: 0.004726385530524366.[0m
[32m[I 2022-11-03 16:56:45,908][0m Trial 7 finished with value: 0.004953459798793274 and parameters: {'nlayers': 20, 'hidden_size': 55, 'dropout': 0.3629029894212511, 'learning_rate': 0.00209558791378164, 'batch_size': 3602}. Best is trial 3 with value: 0.004726385530524366.[0m
[32m[I 2022-11-03 16:56:59,131][0m Trial 8 finished with value: 0.005600954755936074 and parameters: {'nlayers': 5, 'hidden_size': 899, 'dropout': 0.4142112946624068, 'learning_rate': 0.003884454939631024, 'batch_size': 3204}. Best is trial 3 with value: 0.004726385530524366.[0m
[32m[I 2022-11-03 16:57:03,255][0m Trial 9 finished with value: 0.01698033296384216 and parameters: {'nlayers': 2, 'hidden_size': 1872, 'dropout': 0.1958642119597944, 'learning_rate': 0.006467291166003987, 'batch_size': 1073}. Best is trial 3 with value: 0.004726385530524366.[0m
[32m[I 2022-11-03 17:02:23,864][0m Trial 10 finished with value: 0.007765033046058083 and parameters: {'nlayers': 23, 'hidden_size': 2790, 'dropout': 0.10263499544756796, 'learning_rate': 0.00940361553729587, 'batch_size': 2294}. Best is trial 3 with value: 0.004726385530524366.[0m
[32m[I 2022-11-03 17:02:34,122][0m Trial 11 finished with value: 0.004593077197139027 and parameters: {'nlayers': 24, 'hidden_size': 200, 'dropout': 0.44829667814168417, 'learning_rate': 0.0010332619416862192, 'batch_size': 3866}. Best is trial 11 with value: 0.004593077197139027.[0m
[32m[I 2022-11-03 17:02:42,991][0m Trial 12 finished with value: 0.0046115628260084965 and parameters: {'nlayers': 23, 'hidden_size': 147, 'dropout': 0.4896499841479737, 'learning_rate': 0.00010097157002391343, 'batch_size': 3876}. Best is trial 11 with value: 0.004593077197139027.[0m
[32m[I 2022-11-03 17:02:47,466][0m Trial 13 finished with value: 0.007864023774225942 and parameters: {'nlayers': 24, 'hidden_size': 119, 'dropout': 0.4861790331851488, 'learning_rate': 0.0003369577456881002, 'batch_size': 2248}. Best is trial 11 with value: 0.004593077197139027.[0m
[32m[I 2022-11-03 17:03:14,587][0m Trial 14 finished with value: 0.0044885328462619545 and parameters: {'nlayers': 24, 'hidden_size': 488, 'dropout': 0.4947172848008947, 'learning_rate': 0.0016556699428142028, 'batch_size': 3949}. Best is trial 14 with value: 0.0044885328462619545.[0m
[32m[I 2022-11-03 17:03:28,915][0m Trial 15 finished with value: 0.007046575563200459 and parameters: {'nlayers': 17, 'hidden_size': 521, 'dropout': 0.4329533145836377, 'learning_rate': 0.0018347006930309448, 'batch_size': 2534}. Best is trial 14 with value: 0.0044885328462619545.[0m
[32m[I 2022-11-03 17:03:29,906][0m Trial 16 finished with value: 0.40647199749946594 and parameters: {'nlayers': 9, 'hidden_size': 483, 'dropout': 0.42779326676594615, 'learning_rate': 0.0018158101305216488, 'batch_size': 51}. Best is trial 14 with value: 0.0044885328462619545.[0m
[32m[I 2022-11-03 17:05:09,665][0m Trial 17 finished with value: 0.00531339448697893 and parameters: {'nlayers': 21, 'hidden_size': 1162, 'dropout': 0.38398291054986355, 'learning_rate': 0.0024675012094934035, 'batch_size': 3985}. Best is trial 14 with value: 0.0044885328462619545.[0m
[32m[I 2022-11-03 17:05:21,081][0m Trial 18 finished with value: 0.0062451906560248545 and parameters: {'nlayers': 17, 'hidden_size': 422, 'dropout': 0.473019732677821, 'learning_rate': 0.0011945768921228176, 'batch_size': 2826}. Best is trial 14 with value: 0.0044885328462619545.[0m
[32m[I 2022-11-03 17:06:14,261][0m Trial 19 finished with value: 0.011119355975078935 and parameters: {'nlayers': 21, 'hidden_size': 1238, 'dropout': 0.44883496767196873, 'learning_rate': 0.004844492803201844, 'batch_size': 1785}. Best is trial 14 with value: 0.0044885328462619545.[0m
[32m[I 2022-11-03 17:13:25,331][0m Trial 20 finished with value: 0.004953478975750529 and parameters: {'nlayers': 24, 'hidden_size': 2544, 'dropout': 0.33540396204365003, 'learning_rate': 0.003025575291669655, 'batch_size': 3609}. Best is trial 14 with value: 0.0044885328462619545.[0m
[32m[I 2022-11-03 17:13:29,383][0m Trial 21 finished with value: 0.005050833863871438 and parameters: {'nlayers': 22, 'hidden_size': 17, 'dropout': 0.4996146166731603, 'learning_rate': 0.0006517107471525601, 'batch_size': 3500}. Best is trial 14 with value: 0.0044885328462619545.[0m
[32m[I 2022-11-03 17:13:41,988][0m Trial 22 finished with value: 0.004699089732326445 and parameters: {'nlayers': 24, 'hidden_size': 276, 'dropout': 0.46075915090530956, 'learning_rate': 0.0012681278574078053, 'batch_size': 3782}. Best is trial 14 with value: 0.0044885328462619545.[0m
[32m[I 2022-11-03 17:14:05,619][0m Trial 23 finished with value: 0.0066229965530823325 and parameters: {'nlayers': 19, 'hidden_size': 666, 'dropout': 0.4027771553573432, 'learning_rate': 0.0010123437196625674, 'batch_size': 2675}. Best is trial 14 with value: 0.0044885328462619545.[0m
[32m[I 2022-11-03 17:14:17,593][0m Trial 24 finished with value: 0.0052175730353193435 and parameters: {'nlayers': 22, 'hidden_size': 305, 'dropout': 0.49467640186888207, 'learning_rate': 0.00013421652700569423, 'batch_size': 3409}. Best is trial 14 with value: 0.0044885328462619545.[0m
[32m[I 2022-11-03 17:14:51,999][0m Trial 25 finished with value: 0.004469395671016449 and parameters: {'nlayers': 15, 'hidden_size': 735, 'dropout': 0.45963099504134536, 'learning_rate': 0.0026554751021606307, 'batch_size': 3985}. Best is trial 25 with value: 0.004469395671016449.[0m
[32m[I 2022-11-03 17:15:12,183][0m Trial 26 finished with value: 0.004439735300699074 and parameters: {'nlayers': 11, 'hidden_size': 647, 'dropout': 0.39151469485718216, 'learning_rate': 0.00278776801719097, 'batch_size': 3995}. Best is trial 26 with value: 0.004439735300699074.[0m
[32m[I 2022-11-03 17:15:27,034][0m Trial 27 finished with value: 0.006186453577264172 and parameters: {'nlayers': 10, 'hidden_size': 707, 'dropout': 0.38655039926357654, 'learning_rate': 0.0058318281495420374, 'batch_size': 2854}. Best is trial 26 with value: 0.004439735300699074.[0m
[32m[I 2022-11-03 17:16:07,890][0m Trial 28 finished with value: 0.00445408645035208 and parameters: {'nlayers': 8, 'hidden_size': 1227, 'dropout': 0.3285090589607439, 'learning_rate': 0.0027930427641304485, 'batch_size': 3998}. Best is trial 26 with value: 0.004439735300699074.[0m
[32m[I 2022-11-03 17:17:02,742][0m Trial 29 finished with value: 0.005202760301958355 and parameters: {'nlayers': 13, 'hidden_size': 1190, 'dropout': 0.3065218475041109, 'learning_rate': 0.003319930785305984, 'batch_size': 3412}. Best is trial 26 with value: 0.004439735300699074.[0m
[32m[I 2022-11-03 17:17:36,046][0m Trial 30 finished with value: 0.006109599202912204 and parameters: {'nlayers': 8, 'hidden_size': 1325, 'dropout': 0.26190740003929197, 'learning_rate': 0.0029183684984996337, 'batch_size': 2916}. Best is trial 26 with value: 0.004439735300699074.[0m
[32m[I 2022-11-03 17:17:59,946][0m Trial 31 finished with value: 0.004418185732147476 and parameters: {'nlayers': 11, 'hidden_size': 732, 'dropout': 0.35981631483999005, 'learning_rate': 0.004045470235461915, 'batch_size': 3996}. Best is trial 31 with value: 0.004418185732147476.[0m
[32m[I 2022-11-03 17:18:24,400][0m Trial 32 finished with value: 0.004995406339813142 and parameters: {'nlayers': 11, 'hidden_size': 778, 'dropout': 0.32455675645360504, 'learning_rate': 0.004534534285448106, 'batch_size': 3536}. Best is trial 31 with value: 0.004418185732147476.[0m
[32m[I 2022-11-03 17:19:20,953][0m Trial 33 finished with value: 0.006184750102587555 and parameters: {'nlayers': 15, 'hidden_size': 1073, 'dropout': 0.36142922196512606, 'learning_rate': 0.003910686528892258, 'batch_size': 3691}. Best is trial 31 with value: 0.004418185732147476.[0m
[32m[I 2022-11-03 17:19:41,495][0m Trial 34 finished with value: 0.005254294575944458 and parameters: {'nlayers': 7, 'hidden_size': 978, 'dropout': 0.2774627049418117, 'learning_rate': 0.0033981239163912505, 'batch_size': 3363}. Best is trial 31 with value: 0.004418185732147476.[0m
[32m[I 2022-11-03 17:19:53,035][0m Trial 35 finished with value: 0.00997282757262778 and parameters: {'nlayers': 12, 'hidden_size': 722, 'dropout': 0.30427347204697675, 'learning_rate': 0.002546562148494683, 'batch_size': 1787}. Best is trial 31 with value: 0.004418185732147476.[0m
[32m[I 2022-11-03 17:21:53,656][0m Trial 36 finished with value: 0.006295864525668807 and parameters: {'nlayers': 14, 'hidden_size': 1631, 'dropout': 0.365593912787075, 'learning_rate': 0.004266651527948073, 'batch_size': 3953}. Best is trial 31 with value: 0.004418185732147476.[0m
[32m[I 2022-11-03 17:22:23,217][0m Trial 37 finished with value: 0.005568119765517494 and parameters: {'nlayers': 6, 'hidden_size': 1403, 'dropout': 0.3966099482945589, 'learning_rate': 0.00538903711474146, 'batch_size': 3207}. Best is trial 31 with value: 0.004418185732147476.[0m
[32m[I 2022-11-03 17:22:50,835][0m Trial 38 finished with value: 0.004784298979368493 and parameters: {'nlayers': 11, 'hidden_size': 824, 'dropout': 0.23501424028280732, 'learning_rate': 0.002429607271446234, 'batch_size': 3710}. Best is trial 31 with value: 0.004418185732147476.[0m
[32m[I 2022-11-03 17:23:53,713][0m Trial 39 finished with value: 0.004443304017186165 and parameters: {'nlayers': 15, 'hidden_size': 1079, 'dropout': 0.34869045860346914, 'learning_rate': 0.003612930366759349, 'batch_size': 4000}. Best is trial 31 with value: 0.004418185732147476.[0m
[32m[I 2022-11-03 17:25:11,364][0m Trial 40 finished with value: 0.005740094931132547 and parameters: {'nlayers': 9, 'hidden_size': 1894, 'dropout': 0.34706593735036373, 'learning_rate': 0.0036560759198062593, 'batch_size': 3107}. Best is trial 31 with value: 0.004418185732147476.[0m
[32m[I 2022-11-03 17:26:03,748][0m Trial 41 finished with value: 0.004800873703526375 and parameters: {'nlayers': 14, 'hidden_size': 1013, 'dropout': 0.31269864097026556, 'learning_rate': 0.004368042321543173, 'batch_size': 3990}. Best is trial 31 with value: 0.004418185732147476.[0m
[32m[I 2022-11-03 17:26:50,518][0m Trial 42 finished with value: 0.004822704492947539 and parameters: {'nlayers': 16, 'hidden_size': 892, 'dropout': 0.28628595198320617, 'learning_rate': 0.003051735923269576, 'batch_size': 3683}. Best is trial 31 with value: 0.004418185732147476.[0m
[32m[I 2022-11-03 17:26:59,549][0m Trial 43 finished with value: 0.005380377794864333 and parameters: {'nlayers': 3, 'hidden_size': 1051, 'dropout': 0.3760751812902948, 'learning_rate': 0.00533398914210566, 'batch_size': 3333}. Best is trial 31 with value: 0.004418185732147476.[0m
[32m[I 2022-11-03 17:27:16,920][0m Trial 44 finished with value: 0.004764181196324906 and parameters: {'nlayers': 11, 'hidden_size': 617, 'dropout': 0.41317237388461775, 'learning_rate': 0.003933813291528952, 'batch_size': 3759}. Best is trial 31 with value: 0.004418185732147476.[0m
[32m[I 2022-11-03 17:28:28,088][0m Trial 45 finished with value: 0.006909777120141264 and parameters: {'nlayers': 13, 'hidden_size': 1351, 'dropout': 0.34109019841840954, 'learning_rate': 0.002667725165677076, 'batch_size': 3556}. Best is trial 31 with value: 0.004418185732147476.[0m
[32m[I 2022-11-03 17:30:45,588][0m Trial 46 finished with value: 0.004638090462445407 and parameters: {'nlayers': 15, 'hidden_size': 1709, 'dropout': 0.3202673757996924, 'learning_rate': 0.0021976994698179905, 'batch_size': 3847}. Best is trial 31 with value: 0.004418185732147476.[0m
[32m[I 2022-11-03 17:31:14,136][0m Trial 47 finished with value: 0.005884296063520199 and parameters: {'nlayers': 12, 'hidden_size': 890, 'dropout': 0.3550189449714226, 'learning_rate': 0.0065358668248542895, 'batch_size': 3017}. Best is trial 31 with value: 0.004418185732147476.[0m
[32m[I 2022-11-03 17:31:20,564][0m Trial 48 finished with value: 0.005425583943496227 and parameters: {'nlayers': 9, 'hidden_size': 362, 'dropout': 0.4287687407953067, 'learning_rate': 0.0034338037077746367, 'batch_size': 3262}. Best is trial 31 with value: 0.004418185732147476.[0m
[32m[I 2022-11-03 17:31:28,735][0m Trial 49 finished with value: 0.015107002998552015 and parameters: {'nlayers': 4, 'hidden_size': 1446, 'dropout': 0.37449029153637364, 'learning_rate': 0.008555114239100974, 'batch_size': 1240}. Best is trial 31 with value: 0.004418185732147476.[0m
[32m[I 2022-11-03 17:32:55,011][0m Trial 50 finished with value: 0.004438032483005261 and parameters: {'nlayers': 7, 'hidden_size': 2031, 'dropout': 0.14290914396669366, 'learning_rate': 0.0015611410215178236, 'batch_size': 3999}. Best is trial 31 with value: 0.004418185732147476.[0m
[32m[I 2022-11-03 17:34:42,548][0m Trial 51 finished with value: 0.0045720828078694665 and parameters: {'nlayers': 7, 'hidden_size': 2286, 'dropout': 0.13103211737159356, 'learning_rate': 0.002215922178931063, 'batch_size': 3988}. Best is trial 31 with value: 0.004418185732147476.[0m
[32m[I 2022-11-03 17:36:47,819][0m Trial 52 finished with value: 0.004656130003941575 and parameters: {'nlayers': 10, 'hidden_size': 2076, 'dropout': 0.23308074037866305, 'learning_rate': 0.0013859479495439428, 'batch_size': 3834}. Best is trial 31 with value: 0.004418185732147476.[0m
[32m[I 2022-11-03 17:36:56,050][0m Trial 53 finished with value: 0.004894467562379635 and parameters: {'nlayers': 6, 'hidden_size': 553, 'dropout': 0.17339153095254609, 'learning_rate': 0.0018726789203889118, 'batch_size': 3633}. Best is trial 31 with value: 0.004418185732147476.[0m
[32m[I 2022-11-03 17:38:59,311][0m Trial 54 finished with value: 0.004708631050978172 and parameters: {'nlayers': 8, 'hidden_size': 2353, 'dropout': 0.39998552108384433, 'learning_rate': 0.002824319445481693, 'batch_size': 3776}. Best is trial 31 with value: 0.004418185732147476.[0m
[32m[I 2022-11-03 17:40:32,002][0m Trial 55 finished with value: 0.005413012636010901 and parameters: {'nlayers': 14, 'hidden_size': 1524, 'dropout': 0.2905025645037306, 'learning_rate': 0.0040942487139602034, 'batch_size': 3501}. Best is trial 31 with value: 0.004418185732147476.[0m
[32m[I 2022-11-03 17:40:44,920][0m Trial 56 finished with value: 0.03717382037751028 and parameters: {'nlayers': 17, 'hidden_size': 1134, 'dropout': 0.3285352160156933, 'learning_rate': 0.004731227440286972, 'batch_size': 535}. Best is trial 31 with value: 0.004418185732147476.[0m
[32m[I 2022-11-03 17:45:01,125][0m Trial 57 finished with value: 0.004626818228102959 and parameters: {'nlayers': 10, 'hidden_size': 2923, 'dropout': 0.45339960640881993, 'learning_rate': 0.0015916142103219386, 'batch_size': 3843}. Best is trial 31 with value: 0.004418185732147476.[0m
[32m[I 2022-11-03 17:46:39,720][0m Trial 58 finished with value: 0.004470991325810705 and parameters: {'nlayers': 18, 'hidden_size': 1262, 'dropout': 0.13099483835753595, 'learning_rate': 0.0006754997745445539, 'batch_size': 3971}. Best is trial 31 with value: 0.004418185732147476.[0m
[32m[I 2022-11-03 17:48:41,826][0m Trial 59 finished with value: 0.007713260004491789 and parameters: {'nlayers': 16, 'hidden_size': 1980, 'dropout': 0.4746373391265766, 'learning_rate': 0.0035752165441144596, 'batch_size': 2332}. Best is trial 31 with value: 0.004418185732147476.[0m
[32m[I 2022-11-03 17:50:06,075][0m Trial 60 finished with value: 0.004921338628998119 and parameters: {'nlayers': 5, 'hidden_size': 2617, 'dropout': 0.43669148411903247, 'learning_rate': 0.0031211250586332295, 'batch_size': 3620}. Best is trial 31 with value: 0.004418185732147476.[0m
[32m[I 2022-11-03 17:51:47,335][0m Trial 61 finished with value: 0.004541812673681902 and parameters: {'nlayers': 19, 'hidden_size': 1262, 'dropout': 0.10046288956891489, 'learning_rate': 0.000682261587251323, 'batch_size': 3893}. Best is trial 31 with value: 0.004418185732147476.[0m
[32m[I 2022-11-03 17:52:28,257][0m Trial 62 finished with value: 0.0044994363319948785 and parameters: {'nlayers': 16, 'hidden_size': 812, 'dropout': 0.140900841111305, 'learning_rate': 0.0009250830570121686, 'batch_size': 3975}. Best is trial 31 with value: 0.004418185732147476.[0m
[32m[I 2022-11-03 17:54:00,563][0m Trial 63 finished with value: 0.004905243284464583 and parameters: {'nlayers': 18, 'hidden_size': 1276, 'dropout': 0.12302465920129076, 'learning_rate': 0.0019144578980379706, 'batch_size': 3741}. Best is trial 31 with value: 0.004418185732147476.[0m
[32m[I 2022-11-03 17:54:24,515][0m Trial 64 finished with value: 0.005185278776569055 and parameters: {'nlayers': 8, 'hidden_size': 978, 'dropout': 0.16739841639944653, 'learning_rate': 0.00045334209471723907, 'batch_size': 3436}. Best is trial 31 with value: 0.004418185732147476.[0m
[32m[I 2022-11-03 17:55:18,868][0m Trial 65 finished with value: 0.004635554693439276 and parameters: {'nlayers': 13, 'hidden_size': 1126, 'dropout': 0.18263308483153454, 'learning_rate': 0.0015599288709088597, 'batch_size': 3837}. Best is trial 31 with value: 0.004418185732147476.[0m
[32m[I 2022-11-03 17:57:32,453][0m Trial 66 finished with value: 0.004552558817722657 and parameters: {'nlayers': 15, 'hidden_size': 1666, 'dropout': 0.15620875049967234, 'learning_rate': 0.0020987579877256588, 'batch_size': 3996}. Best is trial 31 with value: 0.004418185732147476.[0m
[32m[I 2022-11-03 17:57:51,976][0m Trial 67 finished with value: 0.00493655166066477 and parameters: {'nlayers': 12, 'hidden_size': 639, 'dropout': 0.3491018055784164, 'learning_rate': 0.0024448052284360903, 'batch_size': 3588}. Best is trial 31 with value: 0.004418185732147476.[0m
[32m[I 2022-11-03 17:58:08,502][0m Trial 68 finished with value: 0.004784019087600296 and parameters: {'nlayers': 19, 'hidden_size': 432, 'dropout': 0.11561913341484449, 'learning_rate': 0.003711545160259821, 'batch_size': 3707}. Best is trial 31 with value: 0.004418185732147476.[0m
[32m[I 2022-11-03 18:01:13,777][0m Trial 69 finished with value: 0.005360928445969946 and parameters: {'nlayers': 18, 'hidden_size': 1807, 'dropout': 0.2718031052215203, 'learning_rate': 0.003216734806170885, 'batch_size': 3879}. Best is trial 31 with value: 0.004418185732147476.[0m
[32m[I 2022-11-03 18:01:34,501][0m Trial 70 finished with value: 0.005170355349796386 and parameters: {'nlayers': 7, 'hidden_size': 969, 'dropout': 0.3329809263263119, 'learning_rate': 0.002773206635322803, 'batch_size': 3454}. Best is trial 31 with value: 0.004418185732147476.[0m
[32m[I 2022-11-03 18:01:44,531][0m Trial 71 finished with value: 0.004517917164484822 and parameters: {'nlayers': 21, 'hidden_size': 229, 'dropout': 0.47969548883517144, 'learning_rate': 0.001665899972108118, 'batch_size': 3923}. Best is trial 31 with value: 0.004418185732147476.[0m
[32m[I 2022-11-03 18:02:08,541][0m Trial 72 finished with value: 0.0044328242391347885 and parameters: {'nlayers': 11, 'hidden_size': 752, 'dropout': 0.4601405615187775, 'learning_rate': 0.0024524391756080175, 'batch_size': 4000}. Best is trial 31 with value: 0.004418185732147476.[0m
[32m[I 2022-11-03 18:02:30,383][0m Trial 73 finished with value: 0.004728599215798639 and parameters: {'nlayers': 11, 'hidden_size': 736, 'dropout': 0.4638979707284487, 'learning_rate': 0.000862843072028502, 'batch_size': 3754}. Best is trial 31 with value: 0.004418185732147476.[0m
[32m[I 2022-11-03 18:02:50,942][0m Trial 74 finished with value: 0.004910392980394185 and parameters: {'nlayers': 14, 'hidden_size': 591, 'dropout': 0.4426091334052888, 'learning_rate': 1.552528342130331e-05, 'batch_size': 3628}. Best is trial 31 with value: 0.004418185732147476.[0m
