[32m[I 2022-11-04 01:01:32,602][0m Trial 1440 finished with value: 0.004644828242364588 and parameters: {'nlayers': 15, 'hidden_size': 818, 'dropout': 0.3339652877114359, 'learning_rate': 0.0038822876643899835, 'batch_size': 3821}. Best is trial 183 with value: 0.004403234362602234.[0m
[32m[I 2022-11-04 01:01:39,725][0m Trial 1441 finished with value: 0.004509484241231574 and parameters: {'nlayers': 13, 'hidden_size': 247, 'dropout': 0.3225893578715059, 'learning_rate': 0.004149590910297463, 'batch_size': 3927}. Best is trial 183 with value: 0.004403234362602234.[0m
[32m[I 2022-11-04 01:01:50,376][0m Trial 1442 finished with value: 0.004630405533859395 and parameters: {'nlayers': 12, 'hidden_size': 414, 'dropout': 0.26413588223934725, 'learning_rate': 0.004113781362065351, 'batch_size': 3867}. Best is trial 183 with value: 0.004403234362602234.[0m
[32m[I 2022-11-04 01:04:19,867][0m Trial 1443 finished with value: 0.004602443839503755 and parameters: {'nlayers': 11, 'hidden_size': 2235, 'dropout': 0.28379861651345323, 'learning_rate': 0.00363747212699892, 'batch_size': 3927}. Best is trial 183 with value: 0.004403234362602234.[0m
[32m[I 2022-11-04 01:04:27,751][0m Trial 1444 finished with value: 0.004690761540212649 and parameters: {'nlayers': 12, 'hidden_size': 316, 'dropout': 0.358599822094142, 'learning_rate': 0.0034342683308974235, 'batch_size': 3767}. Best is trial 183 with value: 0.004403234362602234.[0m
[32m[I 2022-11-04 01:04:36,962][0m Trial 1445 finished with value: 0.004568254441570625 and parameters: {'nlayers': 13, 'hidden_size': 339, 'dropout': 0.3001117174130414, 'learning_rate': 0.003334368466335526, 'batch_size': 3863}. Best is trial 183 with value: 0.004403234362602234.[0m
[32m[I 2022-11-04 01:04:42,647][0m Trial 1446 finished with value: 0.004501573923342347 and parameters: {'nlayers': 11, 'hidden_size': 214, 'dropout': 0.32633118779235676, 'learning_rate': 0.004001157670963043, 'batch_size': 3932}. Best is trial 183 with value: 0.004403234362602234.[0m
[32m[I 2022-11-04 01:04:56,478][0m Trial 1447 finished with value: 0.004472090109340425 and parameters: {'nlayers': 14, 'hidden_size': 439, 'dropout': 0.3061849448145821, 'learning_rate': 0.00362912604736621, 'batch_size': 3998}. Best is trial 183 with value: 0.004403234362602234.[0m
[32m[I 2022-11-04 01:05:04,353][0m Trial 1448 finished with value: 0.004495016020976254 and parameters: {'nlayers': 12, 'hidden_size': 289, 'dropout': 0.28069415910117373, 'learning_rate': 0.003309661220740778, 'batch_size': 3930}. Best is trial 183 with value: 0.004403234362602234.[0m
[32m[I 2022-11-04 01:05:15,160][0m Trial 1449 finished with value: 0.0046102439697182935 and parameters: {'nlayers': 13, 'hidden_size': 391, 'dropout': 0.2803118784975546, 'learning_rate': 0.0037563796795110297, 'batch_size': 3829}. Best is trial 183 with value: 0.004403234362602234.[0m
[32m[I 2022-11-04 01:05:21,343][0m Trial 1450 finished with value: 0.004533103562298544 and parameters: {'nlayers': 11, 'hidden_size': 237, 'dropout': 0.3543134989489538, 'learning_rate': 0.0033676127360855956, 'batch_size': 3933}. Best is trial 183 with value: 0.004403234362602234.[0m
[32m[I 2022-11-04 01:05:43,012][0m Trial 1451 finished with value: 0.004826774450379204 and parameters: {'nlayers': 12, 'hidden_size': 694, 'dropout': 0.31798558216052136, 'learning_rate': 0.003191161523220493, 'batch_size': 3687}. Best is trial 183 with value: 0.004403234362602234.[0m
[32m[I 2022-11-04 01:05:56,131][0m Trial 1452 finished with value: 0.004691524804422318 and parameters: {'nlayers': 14, 'hidden_size': 441, 'dropout': 0.3491468320001733, 'learning_rate': 0.003511810535051489, 'batch_size': 3802}. Best is trial 183 with value: 0.004403234362602234.[0m
[32m[I 2022-11-04 01:06:20,454][0m Trial 1453 finished with value: 0.004596380127868225 and parameters: {'nlayers': 11, 'hidden_size': 764, 'dropout': 0.27187279997070296, 'learning_rate': 0.00970383468061068, 'batch_size': 3931}. Best is trial 183 with value: 0.004403234362602234.[0m
[32m[I 2022-11-04 01:06:29,031][0m Trial 1454 finished with value: 0.00461113266646862 and parameters: {'nlayers': 13, 'hidden_size': 319, 'dropout': 0.3479210856980687, 'learning_rate': 0.003909635024998203, 'batch_size': 3856}. Best is trial 183 with value: 0.004403234362602234.[0m
[32m[I 2022-11-04 01:07:03,477][0m Trial 1455 finished with value: 0.004455158444078597 and parameters: {'nlayers': 12, 'hidden_size': 896, 'dropout': 0.3380474448597353, 'learning_rate': 0.0032807030646712773, 'batch_size': 3996}. Best is trial 183 with value: 0.004403234362602234.[0m
[32m[I 2022-11-04 01:07:12,364][0m Trial 1456 finished with value: 0.004600856442605296 and parameters: {'nlayers': 11, 'hidden_size': 378, 'dropout': 0.34393317379602795, 'learning_rate': 0.003187046540290163, 'batch_size': 3875}. Best is trial 183 with value: 0.004403234362602234.[0m
[32m[I 2022-11-04 01:07:25,987][0m Trial 1457 finished with value: 0.004553138792666467 and parameters: {'nlayers': 13, 'hidden_size': 470, 'dropout': 0.2956028231883794, 'learning_rate': 0.0035582403471295224, 'batch_size': 3930}. Best is trial 183 with value: 0.004403234362602234.[0m
[32m[I 2022-11-04 01:07:33,665][0m Trial 1458 finished with value: 0.004418386030447545 and parameters: {'nlayers': 12, 'hidden_size': 282, 'dropout': 0.47833679723480615, 'learning_rate': 0.003352816162635015, 'batch_size': 3999}. Best is trial 183 with value: 0.004403234362602234.[0m
[32m[I 2022-11-04 01:07:38,755][0m Trial 1459 finished with value: 0.00603270113750848 and parameters: {'nlayers': 12, 'hidden_size': 243, 'dropout': 0.4913094503874559, 'learning_rate': 0.0036843797855957688, 'batch_size': 2952}. Best is trial 183 with value: 0.004403234362602234.[0m
[32m[I 2022-11-04 01:07:44,540][0m Trial 1460 finished with value: 0.0047404975840993355 and parameters: {'nlayers': 12, 'hidden_size': 213, 'dropout': 0.48768374743353615, 'learning_rate': 0.003828642730987773, 'batch_size': 3758}. Best is trial 183 with value: 0.004403234362602234.[0m
[32m[I 2022-11-04 01:07:52,210][0m Trial 1461 finished with value: 0.004428791157901287 and parameters: {'nlayers': 12, 'hidden_size': 282, 'dropout': 0.49162579864565625, 'learning_rate': 0.0035842600776340595, 'batch_size': 4000}. Best is trial 183 with value: 0.004403234362602234.[0m
[32m[I 2022-11-04 01:07:57,398][0m Trial 1462 finished with value: 0.004941889876746017 and parameters: {'nlayers': 12, 'hidden_size': 198, 'dropout': 0.4780783445553183, 'learning_rate': 0.003407857696964218, 'batch_size': 3593}. Best is trial 183 with value: 0.004403234362602234.[0m
[32m[I 2022-11-04 01:08:03,007][0m Trial 1463 finished with value: 0.006297989728602957 and parameters: {'nlayers': 13, 'hidden_size': 285, 'dropout': 0.4831750365507634, 'learning_rate': 0.0034700608122008843, 'batch_size': 2820}. Best is trial 183 with value: 0.004403234362602234.[0m
[32m[I 2022-11-04 01:08:11,121][0m Trial 1464 finished with value: 0.004444165926153703 and parameters: {'nlayers': 12, 'hidden_size': 294, 'dropout': 0.4856050509113346, 'learning_rate': 0.0037225603191807077, 'batch_size': 3999}. Best is trial 183 with value: 0.004403234362602234.[0m
[32m[I 2022-11-04 01:08:17,394][0m Trial 1465 finished with value: 0.004421768747270107 and parameters: {'nlayers': 12, 'hidden_size': 223, 'dropout': 0.48943089824691915, 'learning_rate': 0.0035948166014804573, 'batch_size': 4000}. Best is trial 183 with value: 0.004403234362602234.[0m
[32m[I 2022-11-04 01:08:26,285][0m Trial 1466 finished with value: 0.004569376093192243 and parameters: {'nlayers': 13, 'hidden_size': 323, 'dropout': 0.4812128604813657, 'learning_rate': 0.004078142558896784, 'batch_size': 3876}. Best is trial 183 with value: 0.004403234362602234.[0m
[32m[I 2022-11-04 01:08:35,299][0m Trial 1467 finished with value: 0.004528080655139975 and parameters: {'nlayers': 12, 'hidden_size': 351, 'dropout': 0.47861670001998285, 'learning_rate': 0.003392140965483119, 'batch_size': 3927}. Best is trial 183 with value: 0.004403234362602234.[0m
[32m[I 2022-11-04 01:08:36,222][0m Trial 1468 finished with value: 0.09630398631720019 and parameters: {'nlayers': 11, 'hidden_size': 190, 'dropout': 0.47391291872561486, 'learning_rate': 0.0038871956044180802, 'batch_size': 191}. Best is trial 183 with value: 0.004403234362602234.[0m
[32m[I 2022-11-04 01:08:42,996][0m Trial 1469 finished with value: 0.004428113019594582 and parameters: {'nlayers': 12, 'hidden_size': 256, 'dropout': 0.49534768093205034, 'learning_rate': 0.004945596293631236, 'batch_size': 3999}. Best is trial 183 with value: 0.004403234362602234.[0m
[32m[I 2022-11-04 01:08:53,291][0m Trial 1470 finished with value: 0.004426571428775787 and parameters: {'nlayers': 13, 'hidden_size': 353, 'dropout': 0.48272416501674265, 'learning_rate': 0.0032778303910563915, 'batch_size': 4000}. Best is trial 183 with value: 0.004403234362602234.[0m
[32m[I 2022-11-04 01:08:58,273][0m Trial 1471 finished with value: 0.004671212030090284 and parameters: {'nlayers': 11, 'hidden_size': 179, 'dropout': 0.4986670082879221, 'learning_rate': 0.0033561750965505396, 'batch_size': 3803}. Best is trial 183 with value: 0.004403234362602234.[0m
[32m[I 2022-11-04 01:09:05,635][0m Trial 1472 finished with value: 0.00455466195883438 and parameters: {'nlayers': 12, 'hidden_size': 285, 'dropout': 0.3691197912791585, 'learning_rate': 0.004280596947858729, 'batch_size': 3885}. Best is trial 183 with value: 0.004403234362602234.[0m
[32m[I 2022-11-04 01:09:13,385][0m Trial 1473 finished with value: 0.00442711935546524 and parameters: {'nlayers': 13, 'hidden_size': 258, 'dropout': 0.26578640541361326, 'learning_rate': 0.003602526149968028, 'batch_size': 3999}. Best is trial 183 with value: 0.004403234362602234.[0m
[32m[I 2022-11-04 01:09:22,330][0m Trial 1474 finished with value: 0.004608435402558044 and parameters: {'nlayers': 11, 'hidden_size': 382, 'dropout': 0.329082577144714, 'learning_rate': 0.0032442312919007967, 'batch_size': 3865}. Best is trial 183 with value: 0.004403234362602234.[0m
[32m[I 2022-11-04 01:09:30,609][0m Trial 1475 finished with value: 0.004711918550715458 and parameters: {'nlayers': 12, 'hidden_size': 334, 'dropout': 0.47324874669870853, 'learning_rate': 0.0037792910981804665, 'batch_size': 3753}. Best is trial 183 with value: 0.004403234362602234.[0m
[32m[I 2022-11-04 01:09:42,745][0m Trial 1476 finished with value: 0.004526934183808091 and parameters: {'nlayers': 14, 'hidden_size': 402, 'dropout': 0.3399925196361354, 'learning_rate': 0.0035144404101492698, 'batch_size': 3932}. Best is trial 183 with value: 0.004403234362602234.[0m
[32m[I 2022-11-04 01:09:48,603][0m Trial 1477 finished with value: 0.004623738227714419 and parameters: {'nlayers': 13, 'hidden_size': 201, 'dropout': 0.4829999349703746, 'learning_rate': 0.003155764751207289, 'batch_size': 3820}. Best is trial 183 with value: 0.004403234362602234.[0m
[32m[I 2022-11-04 01:09:55,023][0m Trial 1478 finished with value: 0.005651474664253848 and parameters: {'nlayers': 11, 'hidden_size': 327, 'dropout': 0.4714750812687436, 'learning_rate': 0.002021741494953453, 'batch_size': 3136}. Best is trial 183 with value: 0.004403234362602234.[0m
[32m[I 2022-11-04 01:10:04,729][0m Trial 1479 finished with value: 0.004529073853401622 and parameters: {'nlayers': 12, 'hidden_size': 383, 'dropout': 0.36552205891885997, 'learning_rate': 0.003370254298294038, 'batch_size': 3925}. Best is trial 183 with value: 0.004403234362602234.[0m
[32m[I 2022-11-04 01:10:11,618][0m Trial 1480 finished with value: 0.004489570431105806 and parameters: {'nlayers': 11, 'hidden_size': 283, 'dropout': 0.3315238740710207, 'learning_rate': 0.003146347004983736, 'batch_size': 3927}. Best is trial 183 with value: 0.004403234362602234.[0m
[32m[I 2022-11-04 01:10:17,500][0m Trial 1481 finished with value: 0.004432750012046488 and parameters: {'nlayers': 12, 'hidden_size': 195, 'dropout': 0.4716310510093312, 'learning_rate': 0.004534330445185458, 'batch_size': 3999}. Best is trial 183 with value: 0.004403234362602234.[0m
[32m[I 2022-11-04 01:10:27,300][0m Trial 1482 finished with value: 0.004597747979098803 and parameters: {'nlayers': 11, 'hidden_size': 409, 'dropout': 0.47784591080712135, 'learning_rate': 0.004029962366010047, 'batch_size': 3869}. Best is trial 183 with value: 0.004403234362602234.[0m
[32m[I 2022-11-04 01:10:35,977][0m Trial 1483 finished with value: 0.0046856368164811795 and parameters: {'nlayers': 13, 'hidden_size': 328, 'dropout': 0.311589115641439, 'learning_rate': 0.0034685655659865006, 'batch_size': 3803}. Best is trial 183 with value: 0.004403234362602234.[0m
[32m[I 2022-11-04 01:10:43,341][0m Trial 1484 finished with value: 0.0044308128387339565 and parameters: {'nlayers': 13, 'hidden_size': 250, 'dropout': 0.4896835847434272, 'learning_rate': 0.0036791103579350746, 'batch_size': 3999}. Best is trial 183 with value: 0.004403234362602234.[0m
[32m[I 2022-11-04 01:10:53,626][0m Trial 1485 finished with value: 0.00514050343795382 and parameters: {'nlayers': 12, 'hidden_size': 444, 'dropout': 0.4685141212763639, 'learning_rate': 0.003203919156686686, 'batch_size': 3444}. Best is trial 183 with value: 0.004403234362602234.[0m
[32m[I 2022-11-04 01:11:02,852][0m Trial 1486 finished with value: 0.00442310305469243 and parameters: {'nlayers': 11, 'hidden_size': 371, 'dropout': 0.4832892257902005, 'learning_rate': 0.003063022365195355, 'batch_size': 3999}. Best is trial 183 with value: 0.004403234362602234.[0m
[32m[I 2022-11-04 01:11:09,555][0m Trial 1487 finished with value: 0.004580559085389917 and parameters: {'nlayers': 11, 'hidden_size': 274, 'dropout': 0.2284060842123985, 'learning_rate': 0.007316008399416514, 'batch_size': 3873}. Best is trial 183 with value: 0.004403234362602234.[0m
[32m[I 2022-11-04 01:14:25,866][0m Trial 1488 finished with value: 0.005091370472526448 and parameters: {'nlayers': 12, 'hidden_size': 2436, 'dropout': 0.28330369328526456, 'learning_rate': 0.0033480143002388384, 'batch_size': 3724}. Best is trial 183 with value: 0.004403234362602234.[0m
[32m[I 2022-11-04 01:14:39,877][0m Trial 1489 finished with value: 0.004440319381654263 and parameters: {'nlayers': 14, 'hidden_size': 444, 'dropout': 0.3768874766267747, 'learning_rate': 0.003751252926111305, 'batch_size': 4000}. Best is trial 183 with value: 0.004403234362602234.[0m
[32m[I 2022-11-04 01:14:49,339][0m Trial 1490 finished with value: 0.004518057251013018 and parameters: {'nlayers': 13, 'hidden_size': 332, 'dropout': 0.4780443342023169, 'learning_rate': 0.003478540940822127, 'batch_size': 3924}. Best is trial 183 with value: 0.004403234362602234.[0m
[32m[I 2022-11-04 01:14:54,804][0m Trial 1491 finished with value: 0.0045968396870504505 and parameters: {'nlayers': 11, 'hidden_size': 198, 'dropout': 0.3568495534513785, 'learning_rate': 0.003109999273799307, 'batch_size': 3873}. Best is trial 183 with value: 0.004403234362602234.[0m
[32m[I 2022-11-04 01:15:05,636][0m Trial 1492 finished with value: 0.0045174078013252555 and parameters: {'nlayers': 12, 'hidden_size': 397, 'dropout': 0.2461303988612798, 'learning_rate': 0.0019936400148890736, 'batch_size': 3933}. Best is trial 183 with value: 0.004403234362602234.[0m
[32m[I 2022-11-04 01:15:15,441][0m Trial 1493 finished with value: 0.004434840098023415 and parameters: {'nlayers': 15, 'hidden_size': 289, 'dropout': 0.46676703108353124, 'learning_rate': 0.003944462080223031, 'batch_size': 4000}. Best is trial 183 with value: 0.004403234362602234.[0m
[32m[I 2022-11-04 01:15:29,631][0m Trial 1494 finished with value: 0.004647120927262494 and parameters: {'nlayers': 14, 'hidden_size': 455, 'dropout': 0.3813962951242151, 'learning_rate': 0.0032853751065298827, 'batch_size': 3810}. Best is trial 183 with value: 0.004403234362602234.[0m
[32m[I 2022-11-04 01:15:35,644][0m Trial 1495 finished with value: 0.004493914719442932 and parameters: {'nlayers': 11, 'hidden_size': 221, 'dropout': 0.3216686460651716, 'learning_rate': 0.003039470072982069, 'batch_size': 3920}. Best is trial 183 with value: 0.004403234362602234.[0m
[32m[I 2022-11-04 01:15:40,917][0m Trial 1496 finished with value: 0.009269017213955521 and parameters: {'nlayers': 13, 'hidden_size': 355, 'dropout': 0.12663953482891843, 'learning_rate': 0.003560202403609939, 'batch_size': 1920}. Best is trial 183 with value: 0.004403234362602234.[0m
[32m[I 2022-11-04 01:15:48,038][0m Trial 1497 finished with value: 0.004585218174448273 and parameters: {'nlayers': 12, 'hidden_size': 264, 'dropout': 0.3698743344235601, 'learning_rate': 0.003226515838908528, 'batch_size': 3855}. Best is trial 183 with value: 0.004403234362602234.[0m
[32m[I 2022-11-04 01:15:59,472][0m Trial 1498 finished with value: 0.004460142835974693 and parameters: {'nlayers': 11, 'hidden_size': 433, 'dropout': 0.4745527154659329, 'learning_rate': 0.002092424964952183, 'batch_size': 4000}. Best is trial 183 with value: 0.004403234362602234.[0m
[32m[I 2022-11-04 01:16:13,417][0m Trial 1499 finished with value: 0.004536161186379357 and parameters: {'nlayers': 12, 'hidden_size': 496, 'dropout': 0.49237371584772693, 'learning_rate': 0.0033828603388098527, 'batch_size': 3919}. Best is trial 183 with value: 0.004403234362602234.[0m
[32m[I 2022-11-04 01:16:22,471][0m Trial 1500 finished with value: 0.004783527983880995 and parameters: {'nlayers': 13, 'hidden_size': 330, 'dropout': 0.30076117657249596, 'learning_rate': 0.003042136548546676, 'batch_size': 3708}. Best is trial 183 with value: 0.004403234362602234.[0m
[32m[I 2022-11-04 01:16:27,447][0m Trial 1501 finished with value: 0.004664080516012857 and parameters: {'nlayers': 11, 'hidden_size': 169, 'dropout': 0.3873718116024005, 'learning_rate': 0.003566638449826089, 'batch_size': 3806}. Best is trial 183 with value: 0.004403234362602234.[0m
[32m[I 2022-11-04 01:17:42,004][0m Trial 1502 finished with value: 0.007964340869777946 and parameters: {'nlayers': 12, 'hidden_size': 2024, 'dropout': 0.498717895767229, 'learning_rate': 0.003778394495272213, 'batch_size': 2232}. Best is trial 183 with value: 0.004403234362602234.[0m
[32m[I 2022-11-04 01:17:51,868][0m Trial 1503 finished with value: 0.004547349804828169 and parameters: {'nlayers': 11, 'hidden_size': 386, 'dropout': 0.46734423309640705, 'learning_rate': 0.004211542886869699, 'batch_size': 3924}. Best is trial 183 with value: 0.004403234362602234.[0m
[32m[I 2022-11-04 01:18:05,797][0m Trial 1504 finished with value: 0.004585015252059416 and parameters: {'nlayers': 12, 'hidden_size': 489, 'dropout': 0.48567027331982404, 'learning_rate': 0.003203219843729415, 'batch_size': 3873}. Best is trial 183 with value: 0.004403234362602234.[0m
[32m[I 2022-11-04 01:18:13,254][0m Trial 1505 finished with value: 0.004425214774906636 and parameters: {'nlayers': 13, 'hidden_size': 242, 'dropout': 0.20169791450609229, 'learning_rate': 0.0030227383005187944, 'batch_size': 4000}. Best is trial 183 with value: 0.004403234362602234.[0m
[32m[I 2022-11-04 01:18:23,455][0m Trial 1506 finished with value: 0.004507690342024689 and parameters: {'nlayers': 14, 'hidden_size': 329, 'dropout': 0.4789738099467061, 'learning_rate': 0.003400891936883584, 'batch_size': 3930}. Best is trial 183 with value: 0.004403234362602234.[0m
[32m[I 2022-11-04 01:18:33,390][0m Trial 1507 finished with value: 0.004682439702626454 and parameters: {'nlayers': 11, 'hidden_size': 408, 'dropout': 0.33846400962373535, 'learning_rate': 0.0018504463785194666, 'batch_size': 3786}. Best is trial 183 with value: 0.004403234362602234.[0m
[32m[I 2022-11-04 01:18:38,929][0m Trial 1508 finished with value: 0.004585603630576788 and parameters: {'nlayers': 12, 'hidden_size': 178, 'dropout': 0.2652633566670657, 'learning_rate': 0.0022432663365750207, 'batch_size': 3853}. Best is trial 183 with value: 0.004403234362602234.[0m
[32m[I 2022-11-04 01:18:47,120][0m Trial 1509 finished with value: 0.004501361865431761 and parameters: {'nlayers': 13, 'hidden_size': 283, 'dropout': 0.1736061938799062, 'learning_rate': 0.003657219857597654, 'batch_size': 3929}. Best is trial 183 with value: 0.004403234362602234.[0m
[32m[I 2022-11-04 01:18:58,387][0m Trial 1510 finished with value: 0.0045456820706612664 and parameters: {'nlayers': 11, 'hidden_size': 447, 'dropout': 0.46497829794116985, 'learning_rate': 0.0029916026174277325, 'batch_size': 3917}. Best is trial 183 with value: 0.004403234362602234.[0m
[32m[I 2022-11-04 01:19:12,939][0m Trial 1511 finished with value: 0.004656156499660452 and parameters: {'nlayers': 12, 'hidden_size': 517, 'dropout': 0.3889654522942204, 'learning_rate': 0.003248542831919917, 'batch_size': 3820}. Best is trial 183 with value: 0.004403234362602234.[0m
[32m[I 2022-11-04 01:19:21,455][0m Trial 1512 finished with value: 0.0045231189393693475 and parameters: {'nlayers': 11, 'hidden_size': 341, 'dropout': 0.38025050894393675, 'learning_rate': 0.003902335526174425, 'batch_size': 3925}. Best is trial 183 with value: 0.004403234362602234.[0m
[32m[I 2022-11-04 01:19:28,544][0m Trial 1513 finished with value: 0.004582296784331159 and parameters: {'nlayers': 13, 'hidden_size': 241, 'dropout': 0.47140417252579353, 'learning_rate': 0.0034129642918056483, 'batch_size': 3854}. Best is trial 183 with value: 0.004403234362602234.[0m
[32m[I 2022-11-04 01:19:38,507][0m Trial 1514 finished with value: 0.004499220111737351 and parameters: {'nlayers': 12, 'hidden_size': 374, 'dropout': 0.3632318512272885, 'learning_rate': 0.0030854017182668555, 'batch_size': 3934}. Best is trial 183 with value: 0.004403234362602234.[0m
