[32m[I 2022-11-04 04:52:07,657][0m Trial 2340 finished with value: 0.0045376301887773115 and parameters: {'nlayers': 14, 'hidden_size': 345, 'dropout': 0.29795445105269147, 'learning_rate': 0.003735914337911247, 'batch_size': 3933}. Best is trial 1603 with value: 0.004398547172546387.[0m
[32m[I 2022-11-04 04:52:25,610][0m Trial 2341 finished with value: 0.00447041218404894 and parameters: {'nlayers': 12, 'hidden_size': 569, 'dropout': 0.3864215611761622, 'learning_rate': 0.0023227172431912893, 'batch_size': 3996}. Best is trial 1603 with value: 0.004398547172546387.[0m
[32m[I 2022-11-04 04:52:30,271][0m Trial 2342 finished with value: 0.00456706073032112 and parameters: {'nlayers': 10, 'hidden_size': 154, 'dropout': 0.2690549581193282, 'learning_rate': 0.0033207676464420133, 'batch_size': 3869}. Best is trial 1603 with value: 0.004398547172546387.[0m
[32m[I 2022-11-04 04:52:56,522][0m Trial 2343 finished with value: 0.004664538270070581 and parameters: {'nlayers': 13, 'hidden_size': 725, 'dropout': 0.4263532053221397, 'learning_rate': 0.0011108308695093167, 'batch_size': 3805}. Best is trial 1603 with value: 0.004398547172546387.[0m
[32m[I 2022-11-04 04:53:00,045][0m Trial 2344 finished with value: 0.0044334098994731905 and parameters: {'nlayers': 8, 'hidden_size': 54, 'dropout': 0.16472575847964613, 'learning_rate': 0.003971512817229556, 'batch_size': 4000}. Best is trial 1603 with value: 0.004398547172546387.[0m
[32m[I 2022-11-04 04:53:08,209][0m Trial 2345 finished with value: 0.004538289074316435 and parameters: {'nlayers': 11, 'hidden_size': 311, 'dropout': 0.37404626648966993, 'learning_rate': 0.0030093541342792107, 'batch_size': 3929}. Best is trial 1603 with value: 0.004398547172546387.[0m
[32m[I 2022-11-04 04:53:19,384][0m Trial 2346 finished with value: 0.004599307952320949 and parameters: {'nlayers': 12, 'hidden_size': 414, 'dropout': 0.459700886528457, 'learning_rate': 0.0025317211232617795, 'batch_size': 3863}. Best is trial 1603 with value: 0.004398547172546387.[0m
[32m[I 2022-11-04 04:53:23,881][0m Trial 2347 finished with value: 0.004428229789962883 and parameters: {'nlayers': 5, 'hidden_size': 251, 'dropout': 0.47547059419010174, 'learning_rate': 0.002099640175273732, 'batch_size': 3998}. Best is trial 1603 with value: 0.004398547172546387.[0m
[32m[I 2022-11-04 04:53:33,259][0m Trial 2348 finished with value: 0.004436223536148377 and parameters: {'nlayers': 7, 'hidden_size': 511, 'dropout': 0.4511625375408463, 'learning_rate': 0.003557250161646536, 'batch_size': 3998}. Best is trial 1603 with value: 0.004398547172546387.[0m
[32m[I 2022-11-04 04:53:52,036][0m Trial 2349 finished with value: 0.004429672735222821 and parameters: {'nlayers': 11, 'hidden_size': 628, 'dropout': 0.4415240355432683, 'learning_rate': 0.004456605414639716, 'batch_size': 3998}. Best is trial 1603 with value: 0.004398547172546387.[0m
[32m[I 2022-11-04 04:54:02,247][0m Trial 2350 finished with value: 0.00456207407691374 and parameters: {'nlayers': 14, 'hidden_size': 337, 'dropout': 0.4855878795714082, 'learning_rate': 0.004149743181433897, 'batch_size': 3870}. Best is trial 1603 with value: 0.004398547172546387.[0m
[32m[I 2022-11-04 04:54:07,659][0m Trial 2351 finished with value: 0.004431783892214298 and parameters: {'nlayers': 9, 'hidden_size': 211, 'dropout': 0.32454836839184126, 'learning_rate': 0.0027535627244672685, 'batch_size': 4000}. Best is trial 1603 with value: 0.004398547172546387.[0m
[32m[I 2022-11-04 04:54:19,133][0m Trial 2352 finished with value: 0.0047676664365096785 and parameters: {'nlayers': 12, 'hidden_size': 444, 'dropout': 0.35932441767753426, 'learning_rate': 0.003293415598324387, 'batch_size': 3723}. Best is trial 1603 with value: 0.004398547172546387.[0m
[32m[I 2022-11-04 04:54:45,201][0m Trial 2353 finished with value: 0.0046747765439247475 and parameters: {'nlayers': 21, 'hidden_size': 553, 'dropout': 0.40014214171240886, 'learning_rate': 0.005013637452597285, 'batch_size': 3793}. Best is trial 1603 with value: 0.004398547172546387.[0m
[32m[I 2022-11-04 04:55:15,876][0m Trial 2354 finished with value: 0.0045326329276310995 and parameters: {'nlayers': 13, 'hidden_size': 773, 'dropout': 0.4180123669784816, 'learning_rate': 0.0018477187871427977, 'batch_size': 3927}. Best is trial 1603 with value: 0.004398547172546387.[0m
[32m[I 2022-11-04 04:55:30,393][0m Trial 2355 finished with value: 0.0044355688913873936 and parameters: {'nlayers': 18, 'hidden_size': 379, 'dropout': 0.46659001934696986, 'learning_rate': 0.00380231866530245, 'batch_size': 3998}. Best is trial 1603 with value: 0.004398547172546387.[0m
[32m[I 2022-11-04 04:55:43,853][0m Trial 2356 finished with value: 0.004455257629149853 and parameters: {'nlayers': 24, 'hidden_size': 275, 'dropout': 0.40756756302042657, 'learning_rate': 0.0014786071239657958, 'batch_size': 3999}. Best is trial 1603 with value: 0.004398547172546387.[0m
[32m[I 2022-11-04 04:55:48,426][0m Trial 2357 finished with value: 0.0045734590196781465 and parameters: {'nlayers': 10, 'hidden_size': 130, 'dropout': 0.20193460870248922, 'learning_rate': 0.003013143787472177, 'batch_size': 3882}. Best is trial 1603 with value: 0.004398547172546387.[0m
[32m[I 2022-11-04 04:56:03,883][0m Trial 2358 finished with value: 0.004607495187885019 and parameters: {'nlayers': 8, 'hidden_size': 692, 'dropout': 0.2781623849241447, 'learning_rate': 0.0034473244413642796, 'batch_size': 3887}. Best is trial 1603 with value: 0.004398547172546387.[0m
[32m[I 2022-11-04 04:56:07,092][0m Trial 2359 finished with value: 0.004683828416706231 and parameters: {'nlayers': 9, 'hidden_size': 52, 'dropout': 0.18633608509597596, 'learning_rate': 0.0031655883664259902, 'batch_size': 3795}. Best is trial 1603 with value: 0.004398547172546387.[0m
[32m[I 2022-11-04 04:56:12,630][0m Trial 2360 finished with value: 0.0045131941535344324 and parameters: {'nlayers': 10, 'hidden_size': 199, 'dropout': 0.45589682136636467, 'learning_rate': 0.0024241778821131195, 'batch_size': 3932}. Best is trial 1603 with value: 0.004398547172546387.[0m
[32m[I 2022-11-04 04:56:25,662][0m Trial 2361 finished with value: 0.004438270956277847 and parameters: {'nlayers': 12, 'hidden_size': 463, 'dropout': 0.3930874908659172, 'learning_rate': 0.00524882993483179, 'batch_size': 4000}. Best is trial 1603 with value: 0.004398547172546387.[0m
[32m[I 2022-11-04 04:56:38,607][0m Trial 2362 finished with value: 0.0044470319273353185 and parameters: {'nlayers': 19, 'hidden_size': 324, 'dropout': 0.33726070169339395, 'learning_rate': 0.002919138744097909, 'batch_size': 3999}. Best is trial 1603 with value: 0.004398547172546387.[0m
[32m[I 2022-11-04 04:57:09,547][0m Trial 2363 finished with value: 0.004932662506334372 and parameters: {'nlayers': 11, 'hidden_size': 890, 'dropout': 0.4797062390381485, 'learning_rate': 0.0021346825836927475, 'batch_size': 3594}. Best is trial 1603 with value: 0.004398547172546387.[0m
[32m[I 2022-11-04 04:57:22,125][0m Trial 2364 finished with value: 0.004577296476851558 and parameters: {'nlayers': 14, 'hidden_size': 401, 'dropout': 0.43411625391022, 'learning_rate': 0.0016942181877570585, 'batch_size': 3874}. Best is trial 1603 with value: 0.004398547172546387.[0m
[32m[I 2022-11-04 04:57:29,681][0m Trial 2365 finished with value: 0.004674892762742669 and parameters: {'nlayers': 13, 'hidden_size': 266, 'dropout': 0.4451909626163657, 'learning_rate': 0.0036163451142352883, 'batch_size': 3765}. Best is trial 1603 with value: 0.004398547172546387.[0m
[32m[I 2022-11-04 04:57:46,284][0m Trial 2366 finished with value: 0.004610779942298422 and parameters: {'nlayers': 11, 'hidden_size': 588, 'dropout': 0.175082000552795, 'learning_rate': 0.003979856222562958, 'batch_size': 3871}. Best is trial 1603 with value: 0.004398547172546387.[0m
[32m[I 2022-11-04 04:57:49,053][0m Trial 2367 finished with value: 0.014774035584995971 and parameters: {'nlayers': 9, 'hidden_size': 356, 'dropout': 0.49069646921966603, 'learning_rate': 0.003320957704717069, 'batch_size': 1203}. Best is trial 1603 with value: 0.004398547172546387.[0m
[32m[I 2022-11-04 04:57:55,328][0m Trial 2368 finished with value: 0.00451405730303339 and parameters: {'nlayers': 12, 'hidden_size': 213, 'dropout': 0.4729575854122137, 'learning_rate': 0.002681110517318691, 'batch_size': 3928}. Best is trial 1603 with value: 0.004398547172546387.[0m
[32m[I 2022-11-04 04:58:07,208][0m Trial 2369 finished with value: 0.004531946766145611 and parameters: {'nlayers': 10, 'hidden_size': 491, 'dropout': 0.21585082850985174, 'learning_rate': 0.001963689910697306, 'batch_size': 3924}. Best is trial 1603 with value: 0.004398547172546387.[0m
[32m[I 2022-11-04 04:58:12,722][0m Trial 2370 finished with value: 0.004434973567724228 and parameters: {'nlayers': 13, 'hidden_size': 137, 'dropout': 0.4649825960224594, 'learning_rate': 0.004712004217207727, 'batch_size': 4000}. Best is trial 1603 with value: 0.004398547172546387.[0m
[32m[I 2022-11-04 04:58:20,492][0m Trial 2371 finished with value: 0.004435600720345974 and parameters: {'nlayers': 12, 'hidden_size': 269, 'dropout': 0.3703377606220458, 'learning_rate': 0.0031261251877692953, 'batch_size': 4000}. Best is trial 1603 with value: 0.004398547172546387.[0m
[32m[I 2022-11-04 04:58:39,390][0m Trial 2372 finished with value: 0.004644200893068213 and parameters: {'nlayers': 11, 'hidden_size': 652, 'dropout': 0.4543177430535253, 'learning_rate': 0.0037511506233738404, 'batch_size': 3816}. Best is trial 1603 with value: 0.004398547172546387.[0m
[32m[I 2022-11-04 04:58:47,703][0m Trial 2373 finished with value: 0.004583782364719922 and parameters: {'nlayers': 9, 'hidden_size': 393, 'dropout': 0.38252737695658656, 'learning_rate': 0.00420951107576794, 'batch_size': 3880}. Best is trial 1603 with value: 0.004398547172546387.[0m
[32m[I 2022-11-04 04:58:56,982][0m Trial 2374 finished with value: 0.004511232356979016 and parameters: {'nlayers': 13, 'hidden_size': 323, 'dropout': 0.34173867840288613, 'learning_rate': 0.002774583950676894, 'batch_size': 3928}. Best is trial 1603 with value: 0.004398547172546387.[0m
[32m[I 2022-11-04 04:59:08,203][0m Trial 2375 finished with value: 0.004457445196807385 and parameters: {'nlayers': 8, 'hidden_size': 543, 'dropout': 0.19583524682224393, 'learning_rate': 0.0034382462157458655, 'batch_size': 4000}. Best is trial 1603 with value: 0.004398547172546387.[0m
[32m[I 2022-11-04 04:59:12,320][0m Trial 2376 finished with value: 0.004754652627462241 and parameters: {'nlayers': 11, 'hidden_size': 103, 'dropout': 0.4637592907972195, 'learning_rate': 0.002914966988361626, 'batch_size': 3738}. Best is trial 1603 with value: 0.004398547172546387.[0m
[32m[I 2022-11-04 04:59:18,885][0m Trial 2377 finished with value: 0.004642026872028072 and parameters: {'nlayers': 15, 'hidden_size': 195, 'dropout': 0.18158610370976971, 'learning_rate': 0.003220915847616279, 'batch_size': 3819}. Best is trial 1603 with value: 0.004398547172546387.[0m
[32m[I 2022-11-04 04:59:29,244][0m Trial 2378 finished with value: 0.0044387997314333915 and parameters: {'nlayers': 10, 'hidden_size': 425, 'dropout': 0.4802046656106394, 'learning_rate': 0.001372103181510322, 'batch_size': 4000}. Best is trial 1603 with value: 0.004398547172546387.[0m
[32m[I 2022-11-04 04:59:36,702][0m Trial 2379 finished with value: 0.004570952337307389 and parameters: {'nlayers': 12, 'hidden_size': 275, 'dropout': 0.392445606527076, 'learning_rate': 0.0036253398719467422, 'batch_size': 3871}. Best is trial 1603 with value: 0.004398547172546387.[0m
[32m[I 2022-11-04 04:59:44,133][0m Trial 2380 finished with value: 0.004495515297084061 and parameters: {'nlayers': 9, 'hidden_size': 341, 'dropout': 0.42702381161218417, 'learning_rate': 0.002517992083471663, 'batch_size': 3930}. Best is trial 1603 with value: 0.004398547172546387.[0m
[32m[I 2022-11-04 05:00:44,904][0m Trial 2381 finished with value: 0.004689175397791761 and parameters: {'nlayers': 10, 'hidden_size': 1412, 'dropout': 0.4462363937088496, 'learning_rate': 0.004375643968478557, 'batch_size': 3807}. Best is trial 1603 with value: 0.004398547172546387.[0m
[32m[I 2022-11-04 05:01:00,550][0m Trial 2382 finished with value: 0.004430960968136787 and parameters: {'nlayers': 14, 'hidden_size': 479, 'dropout': 0.40331556687352543, 'learning_rate': 0.003936806240616341, 'batch_size': 4000}. Best is trial 1603 with value: 0.004398547172546387.[0m
[32m[I 2022-11-04 05:01:31,151][0m Trial 2383 finished with value: 0.004551118276207626 and parameters: {'nlayers': 20, 'hidden_size': 602, 'dropout': 0.35043597593809145, 'learning_rate': 0.001738369558289036, 'batch_size': 3884}. Best is trial 1603 with value: 0.004398547172546387.[0m
[32m[I 2022-11-04 05:02:38,467][0m Trial 2384 finished with value: 0.0044915578737854955 and parameters: {'nlayers': 8, 'hidden_size': 1649, 'dropout': 0.4925860387867863, 'learning_rate': 0.0030672620061202452, 'batch_size': 4000}. Best is trial 1603 with value: 0.004398547172546387.[0m
[32m[I 2022-11-04 05:02:43,782][0m Trial 2385 finished with value: 0.004856043368227725 and parameters: {'nlayers': 13, 'hidden_size': 166, 'dropout': 0.4394335814280249, 'learning_rate': 0.0034095976514025308, 'batch_size': 3659}. Best is trial 1603 with value: 0.004398547172546387.[0m
[32m[I 2022-11-04 05:03:11,541][0m Trial 2386 finished with value: 0.004555976410570235 and parameters: {'nlayers': 11, 'hidden_size': 809, 'dropout': 0.32678000580024, 'learning_rate': 0.0021712791519008295, 'batch_size': 3927}. Best is trial 1603 with value: 0.004398547172546387.[0m
[32m[I 2022-11-04 05:03:14,729][0m Trial 2387 finished with value: 0.004573910336622389 and parameters: {'nlayers': 7, 'hidden_size': 50, 'dropout': 0.4558660697048036, 'learning_rate': 0.0037111197427371297, 'batch_size': 3876}. Best is trial 1603 with value: 0.004398547172546387.[0m
[32m[I 2022-11-04 05:03:24,253][0m Trial 2388 finished with value: 0.004515515960705508 and parameters: {'nlayers': 18, 'hidden_size': 247, 'dropout': 0.47530511869398645, 'learning_rate': 0.0028522940735851918, 'batch_size': 3925}. Best is trial 1603 with value: 0.004398547172546387.[0m
[32m[I 2022-11-04 05:03:38,545][0m Trial 2389 finished with value: 0.00470056455570453 and parameters: {'nlayers': 12, 'hidden_size': 528, 'dropout': 0.19035456314691657, 'learning_rate': 0.0015811872680372057, 'batch_size': 3748}. Best is trial 1603 with value: 0.004398547172546387.[0m
[32m[I 2022-11-04 05:03:42,555][0m Trial 2390 finished with value: 0.0046435825168213585 and parameters: {'nlayers': 3, 'hidden_size': 385, 'dropout': 0.20729217023927604, 'learning_rate': 0.0031875278062903365, 'batch_size': 3824}. Best is trial 1603 with value: 0.004398547172546387.[0m
[32m[I 2022-11-04 05:03:52,984][0m Trial 2391 finished with value: 0.004520533043637281 and parameters: {'nlayers': 16, 'hidden_size': 298, 'dropout': 0.4631392699489977, 'learning_rate': 0.0035159808567110386, 'batch_size': 3932}. Best is trial 1603 with value: 0.004398547172546387.[0m
[32m[I 2022-11-04 05:04:10,431][0m Trial 2392 finished with value: 0.004566740764703721 and parameters: {'nlayers': 9, 'hidden_size': 698, 'dropout': 0.41658415625716855, 'learning_rate': 0.0019431950420195389, 'batch_size': 3868}. Best is trial 1603 with value: 0.004398547172546387.[0m
[32m[I 2022-11-04 05:04:16,918][0m Trial 2393 finished with value: 0.004519942131909457 and parameters: {'nlayers': 12, 'hidden_size': 223, 'dropout': 0.38670744230210785, 'learning_rate': 0.004118274038016862, 'batch_size': 3927}. Best is trial 1603 with value: 0.004398547172546387.[0m
[32m[I 2022-11-04 05:04:29,042][0m Trial 2394 finished with value: 0.0047430027005418715 and parameters: {'nlayers': 13, 'hidden_size': 432, 'dropout': 0.2866773244297616, 'learning_rate': 0.0026311306512457524, 'batch_size': 3796}. Best is trial 1603 with value: 0.004398547172546387.[0m
[32m[I 2022-11-04 05:04:42,315][0m Trial 2395 finished with value: 0.00450799586540197 and parameters: {'nlayers': 19, 'hidden_size': 334, 'dropout': 0.4842591979709658, 'learning_rate': 0.002389803532083829, 'batch_size': 3934}. Best is trial 1603 with value: 0.004398547172546387.[0m
[32m[I 2022-11-04 05:04:47,145][0m Trial 2396 finished with value: 0.004597561369283035 and parameters: {'nlayers': 11, 'hidden_size': 157, 'dropout': 0.16925208271997932, 'learning_rate': 0.0033557089909645632, 'batch_size': 3862}. Best is trial 1603 with value: 0.004398547172546387.[0m
[32m[I 2022-11-04 05:04:50,388][0m Trial 2397 finished with value: 0.004527790488495653 and parameters: {'nlayers': 10, 'hidden_size': 5, 'dropout': 0.4507830761408601, 'learning_rate': 0.0038545109498221404, 'batch_size': 3931}. Best is trial 1603 with value: 0.004398547172546387.[0m
[32m[I 2022-11-04 05:05:06,874][0m Trial 2398 finished with value: 0.004555957539807512 and parameters: {'nlayers': 14, 'hidden_size': 499, 'dropout': 0.4705403684931134, 'learning_rate': 0.0030115801875661426, 'batch_size': 3928}. Best is trial 1603 with value: 0.004398547172546387.[0m
[32m[I 2022-11-04 05:05:10,475][0m Trial 2399 finished with value: 0.0046653891786148675 and parameters: {'nlayers': 8, 'hidden_size': 99, 'dropout': 0.37696819139166005, 'learning_rate': 0.003230122052971751, 'batch_size': 3800}. Best is trial 1603 with value: 0.004398547172546387.[0m
[32m[I 2022-11-04 05:05:25,362][0m Trial 2400 finished with value: 0.004447572466252505 and parameters: {'nlayers': 9, 'hidden_size': 597, 'dropout': 0.40840140045050516, 'learning_rate': 0.002859256485766429, 'batch_size': 3998}. Best is trial 1603 with value: 0.004398547172546387.[0m
[32m[I 2022-11-04 05:05:36,510][0m Trial 2401 finished with value: 0.0044444741532206535 and parameters: {'nlayers': 13, 'hidden_size': 374, 'dropout': 0.3667997193822104, 'learning_rate': 0.003626951513769659, 'batch_size': 4000}. Best is trial 1603 with value: 0.004398547172546387.[0m
[32m[I 2022-11-04 05:05:44,155][0m Trial 2402 finished with value: 0.0046029252689611215 and parameters: {'nlayers': 12, 'hidden_size': 286, 'dropout': 0.35584308474426035, 'learning_rate': 0.004852656797272321, 'batch_size': 3866}. Best is trial 1603 with value: 0.004398547172546387.[0m
[32m[I 2022-11-04 05:05:56,558][0m Trial 2403 finished with value: 0.00445945642143488 and parameters: {'nlayers': 11, 'hidden_size': 461, 'dropout': 0.22829477302660295, 'learning_rate': 0.0026447429637250887, 'batch_size': 4000}. Best is trial 1603 with value: 0.004398547172546387.[0m
[32m[I 2022-11-04 05:06:01,525][0m Trial 2404 finished with value: 0.004792417997013673 and parameters: {'nlayers': 10, 'hidden_size': 190, 'dropout': 0.19876415965094638, 'learning_rate': 0.0017683787715042265, 'batch_size': 3693}. Best is trial 1603 with value: 0.004398547172546387.[0m
[32m[I 2022-11-04 05:06:06,644][0m Trial 2405 finished with value: 0.004430556692183018 and parameters: {'nlayers': 7, 'hidden_size': 238, 'dropout': 0.3981368037814035, 'learning_rate': 0.003340321286001464, 'batch_size': 4000}. Best is trial 1603 with value: 0.004398547172546387.[0m
[32m[I 2022-11-04 05:06:23,675][0m Trial 2406 finished with value: 0.004577070036128925 and parameters: {'nlayers': 10, 'hidden_size': 633, 'dropout': 0.49261361130557335, 'learning_rate': 0.0030508437550645696, 'batch_size': 3874}. Best is trial 1603 with value: 0.004398547172546387.[0m
[32m[I 2022-11-04 05:06:35,198][0m Trial 2407 finished with value: 0.004532902468541625 and parameters: {'nlayers': 8, 'hidden_size': 557, 'dropout': 0.45443228970964633, 'learning_rate': 0.0010064108849144526, 'batch_size': 3925}. Best is trial 1603 with value: 0.004398547172546387.[0m
[32m[I 2022-11-04 05:06:44,692][0m Trial 2408 finished with value: 0.004460607931017876 and parameters: {'nlayers': 12, 'hidden_size': 338, 'dropout': 0.2966618503991031, 'learning_rate': 0.004482203075577058, 'batch_size': 4000}. Best is trial 1603 with value: 0.004398547172546387.[0m
[32m[I 2022-11-04 05:06:52,048][0m Trial 2409 finished with value: 0.008316572520058442 and parameters: {'nlayers': 14, 'hidden_size': 398, 'dropout': 0.18373906007139182, 'learning_rate': 0.002264305751139714, 'batch_size': 2167}. Best is trial 1603 with value: 0.004398547172546387.[0m
[32m[I 2022-11-04 05:06:59,257][0m Trial 2410 finished with value: 0.004728815747804626 and parameters: {'nlayers': 11, 'hidden_size': 292, 'dropout': 0.24834548530929856, 'learning_rate': 0.0038659160633682838, 'batch_size': 3758}. Best is trial 1603 with value: 0.004398547172546387.[0m
[32m[I 2022-11-04 05:07:03,762][0m Trial 2411 finished with value: 0.004575658810896323 and parameters: {'nlayers': 12, 'hidden_size': 119, 'dropout': 0.4321997270639634, 'learning_rate': 0.0012556308791519056, 'batch_size': 3855}. Best is trial 1603 with value: 0.004398547172546387.[0m
[32m[I 2022-11-04 05:07:50,078][0m Trial 2412 finished with value: 0.004538700246507195 and parameters: {'nlayers': 13, 'hidden_size': 1010, 'dropout': 0.3357641596994374, 'learning_rate': 0.0004565619530032853, 'batch_size': 3925}. Best is trial 1603 with value: 0.004398547172546387.[0m
[32m[I 2022-11-04 05:07:54,608][0m Trial 2413 finished with value: 0.00998264566316443 and parameters: {'nlayers': 9, 'hidden_size': 445, 'dropout': 0.2379049443822913, 'learning_rate': 0.0015271150262022792, 'batch_size': 1770}. Best is trial 1603 with value: 0.004398547172546387.[0m
[32m[I 2022-11-04 05:08:01,853][0m Trial 2414 finished with value: 0.0046680802193013815 and parameters: {'nlayers': 17, 'hidden_size': 207, 'dropout': 0.4625495892385242, 'learning_rate': 0.0035405656688724833, 'batch_size': 3805}. Best is trial 1603 with value: 0.004398547172546387.[0m
