[32m[I 2022-11-03 20:25:21,716][0m Trial 379 finished with value: 0.004641486425747513 and parameters: {'nlayers': 9, 'hidden_size': 514, 'dropout': 0.470293900577483, 'learning_rate': 0.005111784791043621, 'batch_size': 3867}. Best is trial 183 with value: 0.004403234362602234.[0m
[32m[I 2022-11-03 20:25:34,638][0m Trial 380 finished with value: 0.004869797930368626 and parameters: {'nlayers': 10, 'hidden_size': 559, 'dropout': 0.45895298815095775, 'learning_rate': 0.007008899672197103, 'batch_size': 3677}. Best is trial 183 with value: 0.004403234362602234.[0m
[32m[I 2022-11-03 20:25:47,302][0m Trial 381 finished with value: 0.004574282597997259 and parameters: {'nlayers': 12, 'hidden_size': 458, 'dropout': 0.43866555319401135, 'learning_rate': 0.008229957278673174, 'batch_size': 3924}. Best is trial 183 with value: 0.004403234362602234.[0m
[32m[I 2022-11-03 20:25:50,441][0m Trial 382 finished with value: 0.004655415312511715 and parameters: {'nlayers': 11, 'hidden_size': 6, 'dropout': 0.45500853099020144, 'learning_rate': 0.0028249338508062453, 'batch_size': 3810}. Best is trial 183 with value: 0.004403234362602234.[0m
[32m[I 2022-11-03 20:26:07,807][0m Trial 383 finished with value: 0.004434906639158726 and parameters: {'nlayers': 9, 'hidden_size': 667, 'dropout': 0.46292499609184473, 'learning_rate': 0.0031597428281100524, 'batch_size': 4000}. Best is trial 183 with value: 0.004403234362602234.[0m
[32m[I 2022-11-03 20:26:29,196][0m Trial 384 finished with value: 0.004608379249725867 and parameters: {'nlayers': 14, 'hidden_size': 593, 'dropout': 0.4447176072014933, 'learning_rate': 0.009957002158189298, 'batch_size': 3924}. Best is trial 183 with value: 0.004403234362602234.[0m
[32m[I 2022-11-03 20:26:41,812][0m Trial 385 finished with value: 0.004588730324426463 and parameters: {'nlayers': 10, 'hidden_size': 531, 'dropout': 0.4765126082570806, 'learning_rate': 0.0025375334819765583, 'batch_size': 3860}. Best is trial 183 with value: 0.004403234362602234.[0m
[32m[I 2022-11-03 20:27:51,734][0m Trial 386 finished with value: 0.005296925550125158 and parameters: {'nlayers': 12, 'hidden_size': 1465, 'dropout': 0.4339901252440698, 'learning_rate': 0.0014848395983361594, 'batch_size': 3364}. Best is trial 183 with value: 0.004403234362602234.[0m
[32m[I 2022-11-03 20:28:09,180][0m Trial 387 finished with value: 0.004441529050353886 and parameters: {'nlayers': 10, 'hidden_size': 622, 'dropout': 0.4081654947932434, 'learning_rate': 0.007769506281206229, 'batch_size': 3999}. Best is trial 183 with value: 0.004403234362602234.[0m
[32m[I 2022-11-03 20:28:31,580][0m Trial 388 finished with value: 0.0045478218388198864 and parameters: {'nlayers': 11, 'hidden_size': 709, 'dropout': 0.4709109540605863, 'learning_rate': 0.005512327134368861, 'batch_size': 3923}. Best is trial 183 with value: 0.004403234362602234.[0m
[32m[I 2022-11-03 20:28:40,027][0m Trial 389 finished with value: 0.004722195898682491 and parameters: {'nlayers': 8, 'hidden_size': 450, 'dropout': 0.42451042617582085, 'learning_rate': 0.004864234103438539, 'batch_size': 3751}. Best is trial 183 with value: 0.004403234362602234.[0m
[32m[I 2022-11-03 20:28:44,881][0m Trial 390 finished with value: 0.0045117134196070476 and parameters: {'nlayers': 9, 'hidden_size': 200, 'dropout': 0.457605277844275, 'learning_rate': 0.0023184545179372037, 'batch_size': 3924}. Best is trial 183 with value: 0.004403234362602234.[0m
[32m[I 2022-11-03 20:28:49,114][0m Trial 391 finished with value: 0.0046506262068718544 and parameters: {'nlayers': 11, 'hidden_size': 107, 'dropout': 0.37318682148189825, 'learning_rate': 0.0012603564628742058, 'batch_size': 3824}. Best is trial 183 with value: 0.004403234362602234.[0m
[32m[I 2022-11-03 20:29:04,047][0m Trial 392 finished with value: 0.0044915284823909924 and parameters: {'nlayers': 12, 'hidden_size': 519, 'dropout': 0.44810910616057137, 'learning_rate': 0.0029851653416879996, 'batch_size': 3927}. Best is trial 183 with value: 0.004403234362602234.[0m
[32m[I 2022-11-03 20:29:24,153][0m Trial 393 finished with value: 0.004446939215354767 and parameters: {'nlayers': 11, 'hidden_size': 647, 'dropout': 0.4827422887086569, 'learning_rate': 0.006828898026969753, 'batch_size': 3998}. Best is trial 183 with value: 0.004403234362602234.[0m
[32m[I 2022-11-03 20:29:33,146][0m Trial 394 finished with value: 0.004454941913824614 and parameters: {'nlayers': 10, 'hidden_size': 380, 'dropout': 0.31781233462783026, 'learning_rate': 0.0026131863126552567, 'batch_size': 3999}. Best is trial 183 with value: 0.004403234362602234.[0m
[32m[I 2022-11-03 20:29:46,531][0m Trial 395 finished with value: 0.004637087746732186 and parameters: {'nlayers': 9, 'hidden_size': 584, 'dropout': 0.46416851119702784, 'learning_rate': 0.00942382500876691, 'batch_size': 3857}. Best is trial 183 with value: 0.004403234362602234.[0m
[32m[I 2022-11-03 20:29:52,058][0m Trial 396 finished with value: 0.00453924166745153 and parameters: {'nlayers': 8, 'hidden_size': 262, 'dropout': 0.26089949367152454, 'learning_rate': 0.0033630634105295786, 'batch_size': 3915}. Best is trial 183 with value: 0.004403234362602234.[0m
[32m[I 2022-11-03 20:30:20,830][0m Trial 397 finished with value: 0.004710917412145331 and parameters: {'nlayers': 13, 'hidden_size': 759, 'dropout': 0.4422463414864372, 'learning_rate': 0.006372782623203687, 'batch_size': 3830}. Best is trial 183 with value: 0.004403234362602234.[0m
[32m[I 2022-11-03 20:30:31,548][0m Trial 398 finished with value: 0.0045258268118208225 and parameters: {'nlayers': 10, 'hidden_size': 450, 'dropout': 0.4553374926859511, 'learning_rate': 0.0023950467497054037, 'batch_size': 3927}. Best is trial 183 with value: 0.004403234362602234.[0m
[32m[I 2022-11-03 20:30:35,973][0m Trial 399 finished with value: 0.013513049435633698 and parameters: {'nlayers': 9, 'hidden_size': 533, 'dropout': 0.469053331827648, 'learning_rate': 0.002782171059337491, 'batch_size': 1313}. Best is trial 183 with value: 0.004403234362602234.[0m
[32m[I 2022-11-03 20:30:56,230][0m Trial 400 finished with value: 0.0047383250333508 and parameters: {'nlayers': 12, 'hidden_size': 650, 'dropout': 0.43251936644064526, 'learning_rate': 0.0016919151462783443, 'batch_size': 3746}. Best is trial 183 with value: 0.004403234362602234.[0m
[32m[I 2022-11-03 20:31:01,386][0m Trial 401 finished with value: 0.004604698176154439 and parameters: {'nlayers': 11, 'hidden_size': 178, 'dropout': 0.44952580559539446, 'learning_rate': 0.004498952949761535, 'batch_size': 3864}. Best is trial 183 with value: 0.004403234362602234.[0m
[32m[I 2022-11-03 20:31:08,260][0m Trial 402 finished with value: 0.010886310056425407 and parameters: {'nlayers': 8, 'hidden_size': 708, 'dropout': 0.4789145134663378, 'learning_rate': 0.0022959094616453297, 'batch_size': 1637}. Best is trial 183 with value: 0.004403234362602234.[0m
[32m[I 2022-11-03 20:31:14,210][0m Trial 403 finished with value: 0.006802177091599241 and parameters: {'nlayers': 10, 'hidden_size': 393, 'dropout': 0.4592860979638518, 'learning_rate': 0.0021211155630581516, 'batch_size': 2613}. Best is trial 183 with value: 0.004403234362602234.[0m
[32m[I 2022-11-03 20:31:29,950][0m Trial 404 finished with value: 0.004448949544876068 and parameters: {'nlayers': 10, 'hidden_size': 585, 'dropout': 0.440264845531637, 'learning_rate': 0.0018434607983081968, 'batch_size': 3996}. Best is trial 183 with value: 0.004403234362602234.[0m
[32m[I 2022-11-03 20:31:40,713][0m Trial 405 finished with value: 0.0045064005318688535 and parameters: {'nlayers': 9, 'hidden_size': 486, 'dropout': 0.4667375507578214, 'learning_rate': 0.002517150386241722, 'batch_size': 3927}. Best is trial 183 with value: 0.004403234362602234.[0m
[32m[I 2022-11-03 20:31:47,199][0m Trial 406 finished with value: 0.004420588654896925 and parameters: {'nlayers': 11, 'hidden_size': 238, 'dropout': 0.44985818991433635, 'learning_rate': 0.0011194615205073562, 'batch_size': 3998}. Best is trial 183 with value: 0.004403234362602234.[0m
[32m[I 2022-11-03 20:31:53,600][0m Trial 407 finished with value: 0.004680453884864831 and parameters: {'nlayers': 12, 'hidden_size': 231, 'dropout': 0.44518555554333755, 'learning_rate': 0.00120337733314163, 'batch_size': 3804}. Best is trial 183 with value: 0.004403234362602234.[0m
[32m[I 2022-11-03 20:31:58,772][0m Trial 408 finished with value: 0.004563183462364179 and parameters: {'nlayers': 11, 'hidden_size': 180, 'dropout': 0.42815180131472313, 'learning_rate': 0.0007790361675529873, 'batch_size': 3871}. Best is trial 183 with value: 0.004403234362602234.[0m
[32m[I 2022-11-03 20:32:00,596][0m Trial 409 finished with value: 0.018380867113804097 and parameters: {'nlayers': 9, 'hidden_size': 241, 'dropout': 0.45084296946401514, 'learning_rate': 0.00018669701905379196, 'batch_size': 961}. Best is trial 183 with value: 0.004403234362602234.[0m
[32m[I 2022-11-03 20:33:20,536][0m Trial 410 finished with value: 0.004449931852519512 and parameters: {'nlayers': 10, 'hidden_size': 1594, 'dropout': 0.394182092763083, 'learning_rate': 0.0011344533340473385, 'batch_size': 4000}. Best is trial 183 with value: 0.004403234362602234.[0m
[32m[I 2022-11-03 20:33:23,445][0m Trial 411 finished with value: 0.004806757806049891 and parameters: {'nlayers': 2, 'hidden_size': 303, 'dropout': 0.4165359723826283, 'learning_rate': 0.001398794665769996, 'batch_size': 3686}. Best is trial 183 with value: 0.004403234362602234.[0m
[32m[I 2022-11-03 20:33:27,629][0m Trial 412 finished with value: 0.004550822846517214 and parameters: {'nlayers': 8, 'hidden_size': 158, 'dropout': 0.43887106209327714, 'learning_rate': 0.000895411174976817, 'batch_size': 3913}. Best is trial 183 with value: 0.004403234362602234.[0m
[32m[I 2022-11-03 20:34:31,867][0m Trial 413 finished with value: 0.004441084288060665 and parameters: {'nlayers': 11, 'hidden_size': 1331, 'dropout': 0.45129955714798436, 'learning_rate': 0.0010921152641154542, 'batch_size': 4000}. Best is trial 183 with value: 0.004403234362602234.[0m
[32m[I 2022-11-03 20:37:56,108][0m Trial 414 finished with value: 0.004651310495533471 and parameters: {'nlayers': 13, 'hidden_size': 2481, 'dropout': 0.472821269213367, 'learning_rate': 0.0015658222794036278, 'batch_size': 3854}. Best is trial 183 with value: 0.004403234362602234.[0m
[32m[I 2022-11-03 20:38:05,236][0m Trial 415 finished with value: 0.004525816907770321 and parameters: {'nlayers': 12, 'hidden_size': 346, 'dropout': 0.4826656820068606, 'learning_rate': 0.0029516318404782193, 'batch_size': 3904}. Best is trial 183 with value: 0.004403234362602234.[0m
[32m[I 2022-11-03 20:38:08,644][0m Trial 416 finished with value: 0.004632361973798278 and parameters: {'nlayers': 10, 'hidden_size': 45, 'dropout': 0.37957415119839427, 'learning_rate': 0.002721082209121978, 'batch_size': 3813}. Best is trial 183 with value: 0.004403234362602234.[0m
[32m[I 2022-11-03 20:38:16,252][0m Trial 417 finished with value: 0.004503749250273112 and parameters: {'nlayers': 11, 'hidden_size': 290, 'dropout': 0.46188854764279424, 'learning_rate': 0.0016828721850969024, 'batch_size': 3928}. Best is trial 183 with value: 0.004403234362602234.[0m
[32m[I 2022-11-03 20:38:22,538][0m Trial 418 finished with value: 0.004537366125770596 and parameters: {'nlayers': 9, 'hidden_size': 274, 'dropout': 0.4336857980587541, 'learning_rate': 0.0021541622377133788, 'batch_size': 3928}. Best is trial 183 with value: 0.004403234362602234.[0m
[32m[I 2022-11-03 20:38:29,567][0m Trial 419 finished with value: 0.004734460584322611 and parameters: {'nlayers': 22, 'hidden_size': 138, 'dropout': 0.3042827585352223, 'learning_rate': 0.0013949655486484556, 'batch_size': 3750}. Best is trial 183 with value: 0.004403234362602234.[0m
[32m[I 2022-11-03 20:38:33,240][0m Trial 420 finished with value: 0.004498557294148386 and parameters: {'nlayers': 8, 'hidden_size': 98, 'dropout': 0.4542729440648661, 'learning_rate': 0.00312387914349133, 'batch_size': 3934}. Best is trial 183 with value: 0.004403234362602234.[0m
[32m[I 2022-11-03 20:38:43,443][0m Trial 421 finished with value: 0.004443497441953109 and parameters: {'nlayers': 12, 'hidden_size': 380, 'dropout': 0.4453971210196481, 'learning_rate': 0.0009308435772039491, 'batch_size': 3999}. Best is trial 183 with value: 0.004403234362602234.[0m
[32m[I 2022-11-03 20:38:52,535][0m Trial 422 finished with value: 0.004618283634958438 and parameters: {'nlayers': 9, 'hidden_size': 426, 'dropout': 0.4682893645857231, 'learning_rate': 0.0024554758133525823, 'batch_size': 3851}. Best is trial 183 with value: 0.004403234362602234.[0m
[32m[I 2022-11-03 20:39:03,480][0m Trial 423 finished with value: 0.005468502498371024 and parameters: {'nlayers': 11, 'hidden_size': 495, 'dropout': 0.4279376459657298, 'learning_rate': 0.0006811327966361018, 'batch_size': 3245}. Best is trial 183 with value: 0.004403234362602234.[0m
[32m[I 2022-11-03 20:39:08,993][0m Trial 424 finished with value: 0.0044318323003583815 and parameters: {'nlayers': 10, 'hidden_size': 201, 'dropout': 0.40918237575531646, 'learning_rate': 0.0027265159631629132, 'batch_size': 3998}. Best is trial 183 with value: 0.004403234362602234.[0m
[32m[I 2022-11-03 20:39:14,046][0m Trial 425 finished with value: 0.00467099047932229 and parameters: {'nlayers': 10, 'hidden_size': 191, 'dropout': 0.4019563562905834, 'learning_rate': 0.0028687180859829973, 'batch_size': 3795}. Best is trial 183 with value: 0.004403234362602234.[0m
[32m[I 2022-11-03 20:39:19,893][0m Trial 426 finished with value: 0.004521098425433894 and parameters: {'nlayers': 10, 'hidden_size': 231, 'dropout': 0.40667602308759554, 'learning_rate': 0.0026388028649301397, 'batch_size': 3925}. Best is trial 183 with value: 0.004403234362602234.[0m
[32m[I 2022-11-03 20:39:24,977][0m Trial 427 finished with value: 0.004595476500082127 and parameters: {'nlayers': 9, 'hidden_size': 209, 'dropout': 0.3883272289120675, 'learning_rate': 0.0032192265392879094, 'batch_size': 3861}. Best is trial 183 with value: 0.004403234362602234.[0m
[32m[I 2022-11-03 20:39:29,282][0m Trial 428 finished with value: 0.004514697052906559 and parameters: {'nlayers': 10, 'hidden_size': 123, 'dropout': 0.42242073441626427, 'learning_rate': 0.0027797927299266904, 'batch_size': 3926}. Best is trial 183 with value: 0.004403234362602234.[0m
[32m[I 2022-11-03 20:39:32,910][0m Trial 429 finished with value: 0.00442297425866127 and parameters: {'nlayers': 9, 'hidden_size': 69, 'dropout': 0.41454408130596765, 'learning_rate': 0.003012007302620935, 'batch_size': 4000}. Best is trial 183 with value: 0.004403234362602234.[0m
[32m[I 2022-11-03 20:39:35,213][0m Trial 430 finished with value: 0.006128214797415755 and parameters: {'nlayers': 8, 'hidden_size': 76, 'dropout': 0.43736050816260386, 'learning_rate': 0.0034547107340369048, 'batch_size': 2889}. Best is trial 183 with value: 0.004403234362602234.[0m
[32m[I 2022-11-03 20:39:39,115][0m Trial 431 finished with value: 0.004583923625122004 and parameters: {'nlayers': 9, 'hidden_size': 128, 'dropout': 0.41722209524868376, 'learning_rate': 0.002990405696661348, 'batch_size': 3877}. Best is trial 183 with value: 0.004403234362602234.[0m
[32m[I 2022-11-03 20:39:42,914][0m Trial 432 finished with value: 0.004420556753873825 and parameters: {'nlayers': 8, 'hidden_size': 101, 'dropout': 0.4455396322771833, 'learning_rate': 0.0036403590040119853, 'batch_size': 4000}. Best is trial 183 with value: 0.004403234362602234.[0m
[32m[I 2022-11-03 20:39:45,578][0m Trial 433 finished with value: 0.005149027407169342 and parameters: {'nlayers': 8, 'hidden_size': 3, 'dropout': 0.43099525362401186, 'learning_rate': 0.003967569019294992, 'batch_size': 3800}. Best is trial 183 with value: 0.004403234362602234.[0m
[32m[I 2022-11-03 20:39:48,940][0m Trial 434 finished with value: 0.004495281703360454 and parameters: {'nlayers': 8, 'hidden_size': 67, 'dropout': 0.4409032125835621, 'learning_rate': 0.0037901706586236177, 'batch_size': 3928}. Best is trial 183 with value: 0.004403234362602234.[0m
[32m[I 2022-11-03 20:39:51,957][0m Trial 435 finished with value: 0.004840885651052943 and parameters: {'nlayers': 8, 'hidden_size': 59, 'dropout': 0.44396782197289447, 'learning_rate': 0.00354554330607757, 'batch_size': 3658}. Best is trial 183 with value: 0.004403234362602234.[0m
[32m[I 2022-11-03 20:39:55,401][0m Trial 436 finished with value: 0.004537498683072208 and parameters: {'nlayers': 7, 'hidden_size': 112, 'dropout': 0.43354118146830106, 'learning_rate': 0.0041113608754517516, 'batch_size': 3916}. Best is trial 183 with value: 0.004403234362602234.[0m
[32m[I 2022-11-03 20:39:59,112][0m Trial 437 finished with value: 0.004429734868647786 and parameters: {'nlayers': 9, 'hidden_size': 77, 'dropout': 0.44743655041530217, 'learning_rate': 0.004227704979352416, 'batch_size': 3997}. Best is trial 183 with value: 0.004403234362602234.[0m
[32m[I 2022-11-03 20:40:03,131][0m Trial 438 finished with value: 0.004593320856966745 and parameters: {'nlayers': 9, 'hidden_size': 125, 'dropout': 0.4472741604463893, 'learning_rate': 0.00460030214960377, 'batch_size': 3848}. Best is trial 183 with value: 0.004403234362602234.[0m
[32m[I 2022-11-03 20:40:06,319][0m Trial 439 finished with value: 0.004436561280304009 and parameters: {'nlayers': 9, 'hidden_size': 40, 'dropout': 0.3244782521585963, 'learning_rate': 0.004327497690264593, 'batch_size': 3996}. Best is trial 183 with value: 0.004403234362602234.[0m
[32m[I 2022-11-03 20:40:07,183][0m Trial 440 finished with value: 0.04671639432064147 and parameters: {'nlayers': 9, 'hidden_size': 119, 'dropout': 0.4407156134205584, 'learning_rate': 0.004038724552978241, 'batch_size': 379}. Best is trial 183 with value: 0.004403234362602234.[0m
[32m[I 2022-11-03 20:40:10,959][0m Trial 441 finished with value: 0.004438391774892807 and parameters: {'nlayers': 9, 'hidden_size': 82, 'dropout': 0.4522556462935232, 'learning_rate': 0.0032552424478478883, 'batch_size': 4000}. Best is trial 183 with value: 0.004403234362602234.[0m
[32m[I 2022-11-03 20:40:13,979][0m Trial 442 finished with value: 0.004585988706158053 and parameters: {'nlayers': 9, 'hidden_size': 32, 'dropout': 0.4254602882624734, 'learning_rate': 0.004278106052534888, 'batch_size': 3875}. Best is trial 183 with value: 0.004403234362602234.[0m
[32m[I 2022-11-03 20:40:17,035][0m Trial 443 finished with value: 0.004710999104153073 and parameters: {'nlayers': 9, 'hidden_size': 23, 'dropout': 0.4487486121320184, 'learning_rate': 0.004405572282930741, 'batch_size': 3746}. Best is trial 183 with value: 0.004403234362602234.[0m
[32m[I 2022-11-03 20:40:21,177][0m Trial 444 finished with value: 0.004521832219621833 and parameters: {'nlayers': 8, 'hidden_size': 145, 'dropout': 0.45549242982764565, 'learning_rate': 0.0038341109719804045, 'batch_size': 3922}. Best is trial 183 with value: 0.004403234362602234.[0m
[32m[I 2022-11-03 20:40:25,241][0m Trial 445 finished with value: 0.0046782496255728685 and parameters: {'nlayers': 9, 'hidden_size': 144, 'dropout': 0.25018728450990324, 'learning_rate': 0.0040481129883292106, 'batch_size': 3803}. Best is trial 183 with value: 0.004403234362602234.[0m
[32m[I 2022-11-03 20:40:28,818][0m Trial 446 finished with value: 0.004515899454623347 and parameters: {'nlayers': 10, 'hidden_size': 80, 'dropout': 0.4360036052439822, 'learning_rate': 0.0031177215495643783, 'batch_size': 3935}. Best is trial 183 with value: 0.004403234362602234.[0m
[32m[I 2022-11-03 20:42:50,993][0m Trial 447 finished with value: 0.0045849061900125766 and parameters: {'nlayers': 8, 'hidden_size': 2679, 'dropout': 0.4429433151963511, 'learning_rate': 0.0035443157564456983, 'batch_size': 3934}. Best is trial 183 with value: 0.004403234362602234.[0m
[32m[I 2022-11-03 20:42:54,316][0m Trial 448 finished with value: 0.004427866545623023 and parameters: {'nlayers': 10, 'hidden_size': 6, 'dropout': 0.45684880766095226, 'learning_rate': 0.0047359073385040374, 'batch_size': 3997}. Best is trial 183 with value: 0.004403234362602234.[0m
[32m[I 2022-11-03 20:42:57,706][0m Trial 449 finished with value: 0.004438809759914875 and parameters: {'nlayers': 10, 'hidden_size': 11, 'dropout': 0.4537164081750258, 'learning_rate': 0.004885517116233235, 'batch_size': 4000}. Best is trial 183 with value: 0.004403234362602234.[0m
[32m[I 2022-11-03 20:43:00,694][0m Trial 450 finished with value: 0.004696647570897434 and parameters: {'nlayers': 10, 'hidden_size': 2, 'dropout': 0.4438618657193163, 'learning_rate': 0.0033094167972584103, 'batch_size': 3856}. Best is trial 183 with value: 0.004403234362602234.[0m
[32m[I 2022-11-03 20:43:02,657][0m Trial 451 finished with value: 0.007917206422317899 and parameters: {'nlayers': 10, 'hidden_size': 77, 'dropout': 0.4335384685999277, 'learning_rate': 0.004636526486551494, 'batch_size': 2244}. Best is trial 183 with value: 0.004403234362602234.[0m
[32m[I 2022-11-03 20:43:06,072][0m Trial 452 finished with value: 0.004574006509485248 and parameters: {'nlayers': 9, 'hidden_size': 54, 'dropout': 0.45813271925819427, 'learning_rate': 0.004332315614531383, 'batch_size': 3871}. Best is trial 183 with value: 0.004403234362602234.[0m
[32m[I 2022-11-03 20:43:11,520][0m Trial 453 finished with value: 0.004742371720351584 and parameters: {'nlayers': 13, 'hidden_size': 165, 'dropout': 0.29165232813612146, 'learning_rate': 0.004526432074201435, 'batch_size': 3758}. Best is trial 183 with value: 0.004403234362602234.[0m
[32m[I 2022-11-03 20:43:15,761][0m Trial 454 finished with value: 0.004439232496729725 and parameters: {'nlayers': 10, 'hidden_size': 105, 'dropout': 0.4486815263126362, 'learning_rate': 0.004743568818903102, 'batch_size': 3997}. Best is trial 183 with value: 0.004403234362602234.[0m
