[32m[I 2022-11-04 03:46:32,656][0m Trial 2115 finished with value: 0.0045122014212438215 and parameters: {'nlayers': 14, 'hidden_size': 798, 'dropout': 0.17528614146697855, 'learning_rate': 0.0039790900705770705, 'batch_size': 3924}. Best is trial 1603 with value: 0.004398547172546387.[0m
[32m[I 2022-11-04 03:46:57,481][0m Trial 2116 finished with value: 0.004925438514392375 and parameters: {'nlayers': 14, 'hidden_size': 686, 'dropout': 0.35752226098500495, 'learning_rate': 0.0043906896440654855, 'batch_size': 3603}. Best is trial 1603 with value: 0.004398547172546387.[0m
[32m[I 2022-11-04 03:47:23,050][0m Trial 2117 finished with value: 0.004430475250486434 and parameters: {'nlayers': 14, 'hidden_size': 651, 'dropout': 0.4845317470451532, 'learning_rate': 0.003851640764706358, 'batch_size': 3999}. Best is trial 1603 with value: 0.004398547172546387.[0m
[32m[I 2022-11-04 03:47:54,222][0m Trial 2118 finished with value: 0.004686727417144367 and parameters: {'nlayers': 15, 'hidden_size': 717, 'dropout': 0.3860409399222659, 'learning_rate': 0.00415149232899801, 'batch_size': 3923}. Best is trial 1603 with value: 0.004398547172546387.[0m
[32m[I 2022-11-04 03:48:20,257][0m Trial 2119 finished with value: 0.004737635382527802 and parameters: {'nlayers': 14, 'hidden_size': 683, 'dropout': 0.4234161250508658, 'learning_rate': 0.003923526091472498, 'batch_size': 3777}. Best is trial 1603 with value: 0.004398547172546387.[0m
[32m[I 2022-11-04 03:48:45,115][0m Trial 2120 finished with value: 0.00443493102931714 and parameters: {'nlayers': 14, 'hidden_size': 643, 'dropout': 0.2870245927473868, 'learning_rate': 0.004270471802388169, 'batch_size': 3999}. Best is trial 1603 with value: 0.004398547172546387.[0m
[32m[I 2022-11-04 03:49:08,063][0m Trial 2121 finished with value: 0.004608599157821806 and parameters: {'nlayers': 13, 'hidden_size': 647, 'dropout': 0.4612107909755957, 'learning_rate': 0.003744799960096851, 'batch_size': 3866}. Best is trial 1603 with value: 0.004398547172546387.[0m
[32m[I 2022-11-04 03:49:29,174][0m Trial 2122 finished with value: 0.004507678580344785 and parameters: {'nlayers': 13, 'hidden_size': 605, 'dropout': 0.2620422736970833, 'learning_rate': 0.004135395929671099, 'batch_size': 3930}. Best is trial 1603 with value: 0.004398547172546387.[0m
[32m[I 2022-11-04 03:50:08,632][0m Trial 2123 finished with value: 0.004493723653256893 and parameters: {'nlayers': 13, 'hidden_size': 890, 'dropout': 0.43896533626910283, 'learning_rate': 0.0038432425269222404, 'batch_size': 4000}. Best is trial 1603 with value: 0.004398547172546387.[0m
[32m[I 2022-11-04 03:50:28,884][0m Trial 2124 finished with value: 0.0047407607154432525 and parameters: {'nlayers': 13, 'hidden_size': 610, 'dropout': 0.23959965282637566, 'learning_rate': 0.0037344024612425038, 'batch_size': 3827}. Best is trial 1603 with value: 0.004398547172546387.[0m
[32m[I 2022-11-04 03:51:06,807][0m Trial 2125 finished with value: 0.004499872222201514 and parameters: {'nlayers': 14, 'hidden_size': 842, 'dropout': 0.44947176230302194, 'learning_rate': 0.003943785926279936, 'batch_size': 3930}. Best is trial 1603 with value: 0.004398547172546387.[0m
[32m[I 2022-11-04 03:51:35,562][0m Trial 2126 finished with value: 0.004647975013206142 and parameters: {'nlayers': 14, 'hidden_size': 737, 'dropout': 0.39930399485604484, 'learning_rate': 0.004644599285862698, 'batch_size': 3820}. Best is trial 1603 with value: 0.004398547172546387.[0m
[32m[I 2022-11-04 03:51:59,543][0m Trial 2127 finished with value: 0.004431869483465074 and parameters: {'nlayers': 15, 'hidden_size': 604, 'dropout': 0.4915175364894177, 'learning_rate': 0.0037461229909659926, 'batch_size': 3999}. Best is trial 1603 with value: 0.004398547172546387.[0m
[32m[I 2022-11-04 03:52:19,525][0m Trial 2128 finished with value: 0.004929544789820222 and parameters: {'nlayers': 13, 'hidden_size': 611, 'dropout': 0.47413343665454455, 'learning_rate': 0.004387039509212088, 'batch_size': 3685}. Best is trial 1603 with value: 0.004398547172546387.[0m
[32m[I 2022-11-04 03:52:50,459][0m Trial 2129 finished with value: 0.004560385306757261 and parameters: {'nlayers': 13, 'hidden_size': 778, 'dropout': 0.4095138856658551, 'learning_rate': 0.004029037004382801, 'batch_size': 3923}. Best is trial 1603 with value: 0.004398547172546387.[0m
[32m[I 2022-11-04 03:53:17,060][0m Trial 2130 finished with value: 0.00445175601541996 and parameters: {'nlayers': 14, 'hidden_size': 675, 'dropout': 0.45400492376539736, 'learning_rate': 0.0036146973376173825, 'batch_size': 4000}. Best is trial 1603 with value: 0.004398547172546387.[0m
[32m[I 2022-11-04 03:53:35,335][0m Trial 2131 finished with value: 0.004568292826344961 and parameters: {'nlayers': 13, 'hidden_size': 576, 'dropout': 0.18139974760382072, 'learning_rate': 0.003743001352761664, 'batch_size': 3879}. Best is trial 1603 with value: 0.004398547172546387.[0m
[32m[I 2022-11-04 03:53:51,737][0m Trial 2132 finished with value: 0.004724200075809675 and parameters: {'nlayers': 13, 'hidden_size': 560, 'dropout': 0.2123506593867641, 'learning_rate': 0.004141863703344897, 'batch_size': 3785}. Best is trial 1603 with value: 0.004398547172546387.[0m
[32m[I 2022-11-04 03:54:18,119][0m Trial 2133 finished with value: 0.004535884309992528 and parameters: {'nlayers': 14, 'hidden_size': 684, 'dropout': 0.3495936043362261, 'learning_rate': 0.004554255180132129, 'batch_size': 3928}. Best is trial 1603 with value: 0.004398547172546387.[0m
[32m[I 2022-11-04 03:54:37,551][0m Trial 2134 finished with value: 0.004572829247013597 and parameters: {'nlayers': 13, 'hidden_size': 582, 'dropout': 0.3795257251927332, 'learning_rate': 0.003682530942336603, 'batch_size': 3872}. Best is trial 1603 with value: 0.004398547172546387.[0m
[32m[I 2022-11-04 03:54:55,695][0m Trial 2135 finished with value: 0.004677006641861367 and parameters: {'nlayers': 15, 'hidden_size': 524, 'dropout': 0.19479281422875414, 'learning_rate': 0.0035742712427483366, 'batch_size': 3916}. Best is trial 1603 with value: 0.004398547172546387.[0m
[32m[I 2022-11-04 03:55:20,703][0m Trial 2136 finished with value: 0.0044296661168336865 and parameters: {'nlayers': 13, 'hidden_size': 681, 'dropout': 0.46562737549448735, 'learning_rate': 0.004349074301350676, 'batch_size': 4000}. Best is trial 1603 with value: 0.004398547172546387.[0m
[32m[I 2022-11-04 03:55:38,547][0m Trial 2137 finished with value: 0.004709543225340818 and parameters: {'nlayers': 14, 'hidden_size': 550, 'dropout': 0.33624684464808463, 'learning_rate': 0.0038456804139407877, 'batch_size': 3820}. Best is trial 1603 with value: 0.004398547172546387.[0m
[32m[I 2022-11-04 03:56:07,328][0m Trial 2138 finished with value: 0.004549475133798685 and parameters: {'nlayers': 13, 'hidden_size': 750, 'dropout': 0.48587302473617616, 'learning_rate': 0.003921654354238595, 'batch_size': 3925}. Best is trial 1603 with value: 0.004398547172546387.[0m
[32m[I 2022-11-04 03:56:28,191][0m Trial 2139 finished with value: 0.004768487362383014 and parameters: {'nlayers': 13, 'hidden_size': 622, 'dropout': 0.3627516446577263, 'learning_rate': 0.003612874181742842, 'batch_size': 3746}. Best is trial 1603 with value: 0.004398547172546387.[0m
[32m[I 2022-11-04 03:56:54,630][0m Trial 2140 finished with value: 0.00451358843159366 and parameters: {'nlayers': 15, 'hidden_size': 664, 'dropout': 0.4302363634681395, 'learning_rate': 0.00030623774451120616, 'batch_size': 3927}. Best is trial 1603 with value: 0.004398547172546387.[0m
[32m[I 2022-11-04 03:57:28,677][0m Trial 2141 finished with value: 0.004728700224475512 and parameters: {'nlayers': 14, 'hidden_size': 801, 'dropout': 0.4442032796459216, 'learning_rate': 0.00416557104330644, 'batch_size': 3830}. Best is trial 1603 with value: 0.004398547172546387.[0m
[32m[I 2022-11-04 03:57:45,143][0m Trial 2142 finished with value: 0.004501160403845784 and parameters: {'nlayers': 13, 'hidden_size': 531, 'dropout': 0.3918026965036243, 'learning_rate': 0.003500383547658633, 'batch_size': 3931}. Best is trial 1603 with value: 0.004398547172546387.[0m
[32m[I 2022-11-04 03:58:05,912][0m Trial 2143 finished with value: 0.004558252799908423 and parameters: {'nlayers': 13, 'hidden_size': 614, 'dropout': 0.47844981511517287, 'learning_rate': 0.003945807060790413, 'batch_size': 3869}. Best is trial 1603 with value: 0.004398547172546387.[0m
[32m[I 2022-11-04 03:58:21,848][0m Trial 2144 finished with value: 0.004529944558432535 and parameters: {'nlayers': 14, 'hidden_size': 494, 'dropout': 0.4670559767598553, 'learning_rate': 0.0035423338248164976, 'batch_size': 3928}. Best is trial 1603 with value: 0.004398547172546387.[0m
[32m[I 2022-11-04 03:58:41,683][0m Trial 2145 finished with value: 0.004723818825131055 and parameters: {'nlayers': 12, 'hidden_size': 635, 'dropout': 0.4570381989887377, 'learning_rate': 0.00371437898628745, 'batch_size': 3736}. Best is trial 1603 with value: 0.004398547172546387.[0m
[32m[I 2022-11-04 03:58:59,138][0m Trial 2146 finished with value: 0.004437430701654157 and parameters: {'nlayers': 13, 'hidden_size': 549, 'dropout': 0.4042344460822581, 'learning_rate': 0.004216768536378139, 'batch_size': 3998}. Best is trial 1603 with value: 0.004398547172546387.[0m
[32m[I 2022-11-04 03:59:10,226][0m Trial 2147 finished with value: 0.0056521976242934055 and parameters: {'nlayers': 12, 'hidden_size': 496, 'dropout': 0.1875241219205323, 'learning_rate': 0.003567236270133267, 'batch_size': 3162}. Best is trial 1603 with value: 0.004398547172546387.[0m
[32m[I 2022-11-04 03:59:24,893][0m Trial 2148 finished with value: 0.004607225356563445 and parameters: {'nlayers': 14, 'hidden_size': 472, 'dropout': 0.4138226670952418, 'learning_rate': 0.0034705142918325617, 'batch_size': 3875}. Best is trial 1603 with value: 0.004398547172546387.[0m
[32m[I 2022-11-04 03:59:49,711][0m Trial 2149 finished with value: 0.00472133819909666 and parameters: {'nlayers': 12, 'hidden_size': 731, 'dropout': 0.4408018683048861, 'learning_rate': 0.003777375130445318, 'batch_size': 3805}. Best is trial 1603 with value: 0.004398547172546387.[0m
[32m[I 2022-11-04 04:00:04,008][0m Trial 2150 finished with value: 0.004431201878652837 and parameters: {'nlayers': 13, 'hidden_size': 471, 'dropout': 0.20184506187520565, 'learning_rate': 0.004005980154433573, 'batch_size': 3999}. Best is trial 1603 with value: 0.004398547172546387.[0m
[32m[I 2022-11-04 04:00:31,881][0m Trial 2151 finished with value: 0.0045341689885800415 and parameters: {'nlayers': 23, 'hidden_size': 534, 'dropout': 0.3714351074614837, 'learning_rate': 0.0034210165084187245, 'batch_size': 3929}. Best is trial 1603 with value: 0.004398547172546387.[0m
[32m[I 2022-11-04 04:00:54,637][0m Trial 2152 finished with value: 0.004440495751798153 and parameters: {'nlayers': 13, 'hidden_size': 656, 'dropout': 0.45115585060961194, 'learning_rate': 0.001408796726301528, 'batch_size': 4000}. Best is trial 1603 with value: 0.004398547172546387.[0m
[32m[I 2022-11-04 04:01:16,800][0m Trial 2153 finished with value: 0.00463122319224706 and parameters: {'nlayers': 16, 'hidden_size': 576, 'dropout': 0.4866452736424994, 'learning_rate': 0.004398827083851994, 'batch_size': 3863}. Best is trial 1603 with value: 0.004398547172546387.[0m
[32m[I 2022-11-04 04:01:28,916][0m Trial 2154 finished with value: 0.004504407700634148 and parameters: {'nlayers': 12, 'hidden_size': 435, 'dropout': 0.462096330619711, 'learning_rate': 0.0015848201295848568, 'batch_size': 3934}. Best is trial 1603 with value: 0.004398547172546387.[0m
[32m[I 2022-11-04 04:01:46,268][0m Trial 2155 finished with value: 0.004602649189710802 and parameters: {'nlayers': 12, 'hidden_size': 570, 'dropout': 0.17077029224217896, 'learning_rate': 0.00334811080526821, 'batch_size': 3871}. Best is trial 1603 with value: 0.004398547172546387.[0m
[32m[I 2022-11-04 04:01:58,771][0m Trial 2156 finished with value: 0.004740299960642009 and parameters: {'nlayers': 13, 'hidden_size': 433, 'dropout': 0.27026263783819626, 'learning_rate': 0.0038933243438058394, 'batch_size': 3797}. Best is trial 1603 with value: 0.004398547172546387.[0m
[32m[I 2022-11-04 04:03:30,535][0m Trial 2157 finished with value: 0.004660039358078295 and parameters: {'nlayers': 14, 'hidden_size': 1440, 'dropout': 0.47901622664143145, 'learning_rate': 0.0017409802974978122, 'batch_size': 3925}. Best is trial 1603 with value: 0.004398547172546387.[0m
[32m[I 2022-11-04 04:03:56,727][0m Trial 2158 finished with value: 0.004635665969950656 and parameters: {'nlayers': 15, 'hidden_size': 650, 'dropout': 0.39520500140435916, 'learning_rate': 0.00455862806485951, 'batch_size': 3926}. Best is trial 1603 with value: 0.004398547172546387.[0m
[32m[I 2022-11-04 04:04:11,362][0m Trial 2159 finished with value: 0.004436251445840853 and parameters: {'nlayers': 12, 'hidden_size': 500, 'dropout': 0.4927669333452678, 'learning_rate': 0.0009740709233137669, 'batch_size': 3999}. Best is trial 1603 with value: 0.004398547172546387.[0m
[32m[I 2022-11-04 04:04:18,034][0m Trial 2160 finished with value: 0.004640657399388568 and parameters: {'nlayers': 4, 'hidden_size': 577, 'dropout': 0.17840472506986918, 'learning_rate': 0.003711595848931246, 'batch_size': 3837}. Best is trial 1603 with value: 0.004398547172546387.[0m
[32m[I 2022-11-04 04:04:43,756][0m Trial 2161 finished with value: 0.004738500137354567 and parameters: {'nlayers': 13, 'hidden_size': 711, 'dropout': 0.4687590822374398, 'learning_rate': 0.004781860870696242, 'batch_size': 3745}. Best is trial 1603 with value: 0.004398547172546387.[0m
[32m[I 2022-11-04 04:04:54,540][0m Trial 2162 finished with value: 0.004517612179049587 and parameters: {'nlayers': 12, 'hidden_size': 399, 'dropout': 0.3860253962582676, 'learning_rate': 0.00335207279909705, 'batch_size': 3929}. Best is trial 1603 with value: 0.004398547172546387.[0m
[32m[I 2022-11-04 04:05:06,436][0m Trial 2163 finished with value: 0.004611706089037992 and parameters: {'nlayers': 12, 'hidden_size': 444, 'dropout': 0.4563475845421097, 'learning_rate': 0.00410691401837183, 'batch_size': 3874}. Best is trial 1603 with value: 0.004398547172546387.[0m
[32m[I 2022-11-04 04:05:10,699][0m Trial 2164 finished with value: 0.004508083504476365 and parameters: {'nlayers': 14, 'hidden_size': 62, 'dropout': 0.4755443725331639, 'learning_rate': 0.0036235721217255015, 'batch_size': 3925}. Best is trial 1603 with value: 0.004398547172546387.[0m
[32m[I 2022-11-04 04:05:33,354][0m Trial 2165 finished with value: 0.0045352165819436616 and parameters: {'nlayers': 13, 'hidden_size': 634, 'dropout': 0.19467938579974178, 'learning_rate': 0.0033457826784595735, 'batch_size': 3999}. Best is trial 1603 with value: 0.004398547172546387.[0m
[32m[I 2022-11-04 04:05:36,519][0m Trial 2166 finished with value: 0.10571513360454923 and parameters: {'nlayers': 20, 'hidden_size': 490, 'dropout': 0.43330055019317176, 'learning_rate': 0.0037799093495137857, 'batch_size': 168}. Best is trial 1603 with value: 0.004398547172546387.[0m
[32m[I 2022-11-04 04:05:52,064][0m Trial 2167 finished with value: 0.004823783162900929 and parameters: {'nlayers': 13, 'hidden_size': 527, 'dropout': 0.3783691698862433, 'learning_rate': 0.0016909262420723536, 'batch_size': 3663}. Best is trial 1603 with value: 0.004398547172546387.[0m
[32m[I 2022-11-04 04:06:22,165][0m Trial 2168 finished with value: 0.004656297539475709 and parameters: {'nlayers': 12, 'hidden_size': 796, 'dropout': 0.34423044213103376, 'learning_rate': 0.0006297582648808208, 'batch_size': 3810}. Best is trial 1603 with value: 0.004398547172546387.[0m
[32m[I 2022-11-04 04:06:35,011][0m Trial 2169 finished with value: 0.004568464539407455 and parameters: {'nlayers': 15, 'hidden_size': 395, 'dropout': 0.33677164417289646, 'learning_rate': 0.003502566612895034, 'batch_size': 3880}. Best is trial 1603 with value: 0.004398547172546387.[0m
[32m[I 2022-11-04 04:07:05,671][0m Trial 2170 finished with value: 0.004440436345628049 and parameters: {'nlayers': 11, 'hidden_size': 864, 'dropout': 0.418430327479678, 'learning_rate': 0.0033114361247011987, 'batch_size': 3998}. Best is trial 1603 with value: 0.004398547172546387.[0m
[32m[I 2022-11-04 04:07:09,131][0m Trial 2171 finished with value: 0.004587363223330843 and parameters: {'nlayers': 13, 'hidden_size': 3, 'dropout': 0.4412262627049724, 'learning_rate': 0.005474509689557674, 'batch_size': 3931}. Best is trial 1603 with value: 0.004398547172546387.[0m
[32m[I 2022-11-04 04:07:56,510][0m Trial 2172 finished with value: 0.004423440657556057 and parameters: {'nlayers': 12, 'hidden_size': 1054, 'dropout': 0.4491221114106067, 'learning_rate': 0.00619842745178412, 'batch_size': 4000}. Best is trial 1603 with value: 0.004398547172546387.[0m
[32m[I 2022-11-04 04:08:08,835][0m Trial 2173 finished with value: 0.004676858891837395 and parameters: {'nlayers': 18, 'hidden_size': 342, 'dropout': 0.4637287541873801, 'learning_rate': 0.0042684886856574795, 'batch_size': 3809}. Best is trial 1603 with value: 0.004398547172546387.[0m
[32m[I 2022-11-04 04:08:36,657][0m Trial 2174 finished with value: 0.004610216151273685 and parameters: {'nlayers': 19, 'hidden_size': 585, 'dropout': 0.4040700162458917, 'learning_rate': 0.003991365971541052, 'batch_size': 3873}. Best is trial 1603 with value: 0.004398547172546387.[0m
[32m[I 2022-11-04 04:08:50,254][0m Trial 2175 finished with value: 0.004525181172149522 and parameters: {'nlayers': 14, 'hidden_size': 427, 'dropout': 0.4854021603944741, 'learning_rate': 0.00349801279503525, 'batch_size': 3920}. Best is trial 1603 with value: 0.004398547172546387.[0m
[32m[I 2022-11-04 04:09:00,485][0m Trial 2176 finished with value: 0.004432908217867593 and parameters: {'nlayers': 12, 'hidden_size': 369, 'dropout': 0.47002412981864156, 'learning_rate': 0.0011988142162644828, 'batch_size': 3998}. Best is trial 1603 with value: 0.004398547172546387.[0m
[32m[I 2022-11-04 04:09:04,466][0m Trial 2177 finished with value: 0.019046159225817157 and parameters: {'nlayers': 11, 'hidden_size': 503, 'dropout': 0.4553783028553313, 'learning_rate': 0.0014433954369294632, 'batch_size': 934}. Best is trial 1603 with value: 0.004398547172546387.[0m
[32m[I 2022-11-04 04:09:25,896][0m Trial 2178 finished with value: 0.004777484447731548 and parameters: {'nlayers': 11, 'hidden_size': 713, 'dropout': 0.3515845722264055, 'learning_rate': 0.003820647364204729, 'batch_size': 3727}. Best is trial 1603 with value: 0.004398547172546387.[0m
[32m[I 2022-11-04 04:09:30,745][0m Trial 2179 finished with value: 0.004586966402840256 and parameters: {'nlayers': 13, 'hidden_size': 119, 'dropout': 0.4931077110096957, 'learning_rate': 0.003313659701532966, 'batch_size': 3866}. Best is trial 1603 with value: 0.004398547172546387.[0m
[32m[I 2022-11-04 04:09:32,670][0m Trial 2180 finished with value: 0.06913432909508621 and parameters: {'nlayers': 11, 'hidden_size': 450, 'dropout': 0.18994620346848304, 'learning_rate': 0.0036192895762849103, 'batch_size': 263}. Best is trial 1603 with value: 0.004398547172546387.[0m
[32m[I 2022-11-04 04:09:52,269][0m Trial 2181 finished with value: 0.004467643158350566 and parameters: {'nlayers': 12, 'hidden_size': 610, 'dropout': 0.4280334589233141, 'learning_rate': 0.0017864871829801783, 'batch_size': 3999}. Best is trial 1603 with value: 0.004398547172546387.[0m
[32m[I 2022-11-04 04:10:02,703][0m Trial 2182 finished with value: 0.004495574091300596 and parameters: {'nlayers': 13, 'hidden_size': 359, 'dropout': 0.3937583991682966, 'learning_rate': 0.0032110249238140962, 'batch_size': 3932}. Best is trial 1603 with value: 0.004398547172546387.[0m
[32m[I 2022-11-04 04:10:11,853][0m Trial 2183 finished with value: 0.004645781890007257 and parameters: {'nlayers': 14, 'hidden_size': 310, 'dropout': 0.20199592857088833, 'learning_rate': 0.003238476754267406, 'batch_size': 3813}. Best is trial 1603 with value: 0.004398547172546387.[0m
[32m[I 2022-11-04 04:10:28,327][0m Trial 2184 finished with value: 0.004433370664715767 and parameters: {'nlayers': 12, 'hidden_size': 551, 'dropout': 0.18343252640521024, 'learning_rate': 0.003529352384248021, 'batch_size': 4000}. Best is trial 1603 with value: 0.004398547172546387.[0m
[32m[I 2022-11-04 04:10:31,464][0m Trial 2185 finished with value: 0.0045314522270037206 and parameters: {'nlayers': 7, 'hidden_size': 50, 'dropout': 0.36380201664284617, 'learning_rate': 0.003975511919779017, 'batch_size': 3920}. Best is trial 1603 with value: 0.004398547172546387.[0m
[32m[I 2022-11-04 04:10:54,489][0m Trial 2186 finished with value: 0.004776491049753436 and parameters: {'nlayers': 13, 'hidden_size': 659, 'dropout': 0.2891866488551715, 'learning_rate': 0.005229124337862771, 'batch_size': 3857}. Best is trial 1603 with value: 0.004398547172546387.[0m
[32m[I 2022-11-04 04:11:05,410][0m Trial 2187 finished with value: 0.004711274199994507 and parameters: {'nlayers': 11, 'hidden_size': 446, 'dropout': 0.12339735481693476, 'learning_rate': 0.0036968240542914156, 'batch_size': 3768}. Best is trial 1603 with value: 0.004398547172546387.[0m
[32m[I 2022-11-04 04:11:14,661][0m Trial 2188 finished with value: 0.0044297868459038095 and parameters: {'nlayers': 11, 'hidden_size': 381, 'dropout': 0.45984757594315495, 'learning_rate': 0.0016104749965269003, 'batch_size': 3999}. Best is trial 1603 with value: 0.004398547172546387.[0m
[32m[I 2022-11-04 04:11:19,475][0m Trial 2189 finished with value: 0.004501124718011062 and parameters: {'nlayers': 12, 'hidden_size': 138, 'dropout': 0.4778441636185466, 'learning_rate': 0.004991784715579286, 'batch_size': 3934}. Best is trial 1603 with value: 0.004398547172546387.[0m
