[32m[I 2022-11-04 06:23:52,148][0m Trial 2640 finished with value: 0.004443584881475134 and parameters: {'nlayers': 6, 'hidden_size': 348, 'dropout': 0.3435097604623579, 'learning_rate': 0.001949494337547981, 'batch_size': 3999}. Best is trial 1603 with value: 0.004398547172546387.[0m
[32m[I 2022-11-04 06:23:58,520][0m Trial 2641 finished with value: 0.004913644345143115 and parameters: {'nlayers': 8, 'hidden_size': 342, 'dropout': 0.352649105182353, 'learning_rate': 0.0019979809502020172, 'batch_size': 3607}. Best is trial 1603 with value: 0.004398547172546387.[0m
[32m[I 2022-11-04 06:24:06,352][0m Trial 2642 finished with value: 0.004573131173949139 and parameters: {'nlayers': 8, 'hidden_size': 393, 'dropout': 0.34095139509789485, 'learning_rate': 0.0020315745464708776, 'batch_size': 3873}. Best is trial 1603 with value: 0.004398547172546387.[0m
[32m[I 2022-11-04 06:24:12,968][0m Trial 2643 finished with value: 0.004527572145393951 and parameters: {'nlayers': 8, 'hidden_size': 310, 'dropout': 0.3535046310794558, 'learning_rate': 0.002168657199424724, 'batch_size': 3922}. Best is trial 1603 with value: 0.004398547172546387.[0m
[32m[I 2022-11-04 06:24:21,028][0m Trial 2644 finished with value: 0.0044370157386577555 and parameters: {'nlayers': 8, 'hidden_size': 389, 'dropout': 0.34120755874490655, 'learning_rate': 0.002000987264629457, 'batch_size': 3999}. Best is trial 1603 with value: 0.004398547172546387.[0m
[32m[I 2022-11-04 06:24:29,037][0m Trial 2645 finished with value: 0.004655805805190755 and parameters: {'nlayers': 11, 'hidden_size': 319, 'dropout': 0.35163824309847286, 'learning_rate': 0.0023567084672294313, 'batch_size': 3804}. Best is trial 1603 with value: 0.004398547172546387.[0m
[32m[I 2022-11-04 06:24:36,272][0m Trial 2646 finished with value: 0.0045070642348278315 and parameters: {'nlayers': 7, 'hidden_size': 395, 'dropout': 0.3424383672306136, 'learning_rate': 0.0019323512262457263, 'batch_size': 3926}. Best is trial 1603 with value: 0.004398547172546387.[0m
[32m[I 2022-11-04 06:24:46,659][0m Trial 2647 finished with value: 0.004583753628070728 and parameters: {'nlayers': 18, 'hidden_size': 288, 'dropout': 0.34920692889505744, 'learning_rate': 0.0019118598826438637, 'batch_size': 3865}. Best is trial 1603 with value: 0.004398547172546387.[0m
[32m[I 2022-11-04 06:24:52,234][0m Trial 2648 finished with value: 0.004572443612187001 and parameters: {'nlayers': 8, 'hidden_size': 255, 'dropout': 0.3597527693290749, 'learning_rate': 0.0022466457073005374, 'batch_size': 3877}. Best is trial 1603 with value: 0.004398547172546387.[0m
[32m[I 2022-11-04 06:24:59,328][0m Trial 2649 finished with value: 0.004518800844812089 and parameters: {'nlayers': 8, 'hidden_size': 351, 'dropout': 0.36335439504673933, 'learning_rate': 0.0020977588897764863, 'batch_size': 3925}. Best is trial 1603 with value: 0.004398547172546387.[0m
[32m[I 2022-11-04 06:25:08,849][0m Trial 2650 finished with value: 0.004824711874244592 and parameters: {'nlayers': 11, 'hidden_size': 391, 'dropout': 0.3398974541419239, 'learning_rate': 0.002493740892886521, 'batch_size': 3687}. Best is trial 1603 with value: 0.004398547172546387.[0m
[32m[I 2022-11-04 06:25:17,129][0m Trial 2651 finished with value: 0.004524042899068682 and parameters: {'nlayers': 11, 'hidden_size': 319, 'dropout': 0.3381312769762124, 'learning_rate': 0.0019525335079998974, 'batch_size': 3930}. Best is trial 1603 with value: 0.004398547172546387.[0m
[32m[I 2022-11-04 06:25:25,422][0m Trial 2652 finished with value: 0.004657218683707087 and parameters: {'nlayers': 8, 'hidden_size': 419, 'dropout': 0.37286872665170095, 'learning_rate': 0.002129203266567589, 'batch_size': 3800}. Best is trial 1603 with value: 0.004398547172546387.[0m
[32m[I 2022-11-04 06:25:32,576][0m Trial 2653 finished with value: 0.004514606852008372 and parameters: {'nlayers': 11, 'hidden_size': 267, 'dropout': 0.34971670304363556, 'learning_rate': 0.0022688191049523576, 'batch_size': 3920}. Best is trial 1603 with value: 0.004398547172546387.[0m
[32m[I 2022-11-04 06:25:34,503][0m Trial 2654 finished with value: 0.017958792775899502 and parameters: {'nlayers': 7, 'hidden_size': 335, 'dropout': 0.3365755550621227, 'learning_rate': 0.0018834650038057773, 'batch_size': 989}. Best is trial 1603 with value: 0.004398547172546387.[0m
[32m[I 2022-11-04 06:25:41,354][0m Trial 2655 finished with value: 0.0044412663827961 and parameters: {'nlayers': 11, 'hidden_size': 244, 'dropout': 0.36525249586570335, 'learning_rate': 0.001791050916373837, 'batch_size': 3998}. Best is trial 1603 with value: 0.004398547172546387.[0m
[32m[I 2022-11-04 06:25:49,028][0m Trial 2656 finished with value: 0.004658383723177941 and parameters: {'nlayers': 8, 'hidden_size': 388, 'dropout': 0.3417358492132238, 'learning_rate': 0.0021965043585133767, 'batch_size': 3825}. Best is trial 1603 with value: 0.004398547172546387.[0m
[32m[I 2022-11-04 06:26:00,142][0m Trial 2657 finished with value: 0.004519466650783864 and parameters: {'nlayers': 11, 'hidden_size': 425, 'dropout': 0.3541489394667731, 'learning_rate': 0.0018607646325184593, 'batch_size': 3922}. Best is trial 1603 with value: 0.004398547172546387.[0m
[32m[I 2022-11-04 06:26:09,478][0m Trial 2658 finished with value: 0.0044873756661920105 and parameters: {'nlayers': 16, 'hidden_size': 270, 'dropout': 0.3522559730111246, 'learning_rate': 0.002425542856581508, 'batch_size': 3928}. Best is trial 1603 with value: 0.004398547172546387.[0m
[32m[I 2022-11-04 06:26:16,071][0m Trial 2659 finished with value: 0.004589517605649895 and parameters: {'nlayers': 8, 'hidden_size': 322, 'dropout': 0.33624427492391673, 'learning_rate': 0.001911280069314556, 'batch_size': 3868}. Best is trial 1603 with value: 0.004398547172546387.[0m
[32m[I 2022-11-04 06:26:31,419][0m Trial 2660 finished with value: 0.004753725126361796 and parameters: {'nlayers': 17, 'hidden_size': 422, 'dropout': 0.3452119770928944, 'learning_rate': 0.0022702334830516373, 'batch_size': 3742}. Best is trial 1603 with value: 0.004398547172546387.[0m
[32m[I 2022-11-04 06:26:40,513][0m Trial 2661 finished with value: 0.004421898804605007 and parameters: {'nlayers': 11, 'hidden_size': 350, 'dropout': 0.3645005922968033, 'learning_rate': 0.002026478977498668, 'batch_size': 4000}. Best is trial 1603 with value: 0.004398547172546387.[0m
[32m[I 2022-11-04 06:26:52,530][0m Trial 2662 finished with value: 0.004413446371899333 and parameters: {'nlayers': 20, 'hidden_size': 287, 'dropout': 0.33624796384471073, 'learning_rate': 0.00239686656297092, 'batch_size': 3999}. Best is trial 1603 with value: 0.004398547172546387.[0m
[32m[I 2022-11-04 06:27:02,580][0m Trial 2663 finished with value: 0.0044779289011433535 and parameters: {'nlayers': 21, 'hidden_size': 236, 'dropout': 0.34474774397673286, 'learning_rate': 0.002342960216561826, 'batch_size': 3930}. Best is trial 1603 with value: 0.004398547172546387.[0m
[32m[I 2022-11-04 06:27:12,815][0m Trial 2664 finished with value: 0.004677379107819907 and parameters: {'nlayers': 18, 'hidden_size': 280, 'dropout': 0.3435670111621448, 'learning_rate': 0.00222988083624785, 'batch_size': 3805}. Best is trial 1603 with value: 0.004398547172546387.[0m
[32m[I 2022-11-04 06:27:28,010][0m Trial 2665 finished with value: 0.004517889588972616 and parameters: {'nlayers': 21, 'hidden_size': 351, 'dropout': 0.3343793918590505, 'learning_rate': 0.0024588606519364005, 'batch_size': 3927}. Best is trial 1603 with value: 0.004398547172546387.[0m
[32m[I 2022-11-04 06:27:37,960][0m Trial 2666 finished with value: 0.0045774651088413805 and parameters: {'nlayers': 21, 'hidden_size': 236, 'dropout': 0.3330646117197611, 'learning_rate': 0.002132469674986031, 'batch_size': 3868}. Best is trial 1603 with value: 0.004398547172546387.[0m
[32m[I 2022-11-04 06:27:53,899][0m Trial 2667 finished with value: 0.004585214611963635 and parameters: {'nlayers': 18, 'hidden_size': 413, 'dropout': 0.34055509942064865, 'learning_rate': 0.0023724150122695757, 'batch_size': 3858}. Best is trial 1603 with value: 0.004398547172546387.[0m
[32m[I 2022-11-04 06:28:06,747][0m Trial 2668 finished with value: 0.004511155133090816 and parameters: {'nlayers': 20, 'hidden_size': 305, 'dropout': 0.3364438033748632, 'learning_rate': 0.002387944186643126, 'batch_size': 3929}. Best is trial 1603 with value: 0.004398547172546387.[0m
[32m[I 2022-11-04 06:28:22,899][0m Trial 2669 finished with value: 0.005395822155014904 and parameters: {'nlayers': 20, 'hidden_size': 435, 'dropout': 0.33397210125893867, 'learning_rate': 0.0022165093215371677, 'batch_size': 3312}. Best is trial 1603 with value: 0.004398547172546387.[0m
[32m[I 2022-11-04 06:28:33,012][0m Trial 2670 finished with value: 0.004410425240649495 and parameters: {'nlayers': 21, 'hidden_size': 225, 'dropout': 0.3439468077409886, 'learning_rate': 0.0020973612134063285, 'batch_size': 3999}. Best is trial 1603 with value: 0.004398547172546387.[0m
[32m[I 2022-11-04 06:28:40,301][0m Trial 2671 finished with value: 0.004498481583613481 and parameters: {'nlayers': 18, 'hidden_size': 192, 'dropout': 0.34758069120818497, 'learning_rate': 0.0021511764514258822, 'batch_size': 3929}. Best is trial 1603 with value: 0.004398547172546387.[0m
[32m[I 2022-11-04 06:28:48,861][0m Trial 2672 finished with value: 0.004440159574635569 and parameters: {'nlayers': 20, 'hidden_size': 208, 'dropout': 0.35196567031601217, 'learning_rate': 0.0022513146555292003, 'batch_size': 3998}. Best is trial 1603 with value: 0.004398547172546387.[0m
[32m[I 2022-11-04 06:28:55,178][0m Trial 2673 finished with value: 0.006241905112759704 and parameters: {'nlayers': 21, 'hidden_size': 179, 'dropout': 0.3406337799322555, 'learning_rate': 0.0020694288219707205, 'batch_size': 2833}. Best is trial 1603 with value: 0.004398547172546387.[0m
[32m[I 2022-11-04 06:29:01,262][0m Trial 2674 finished with value: 0.004690045419125601 and parameters: {'nlayers': 21, 'hidden_size': 109, 'dropout': 0.33205913894365274, 'learning_rate': 0.0020792421252088075, 'batch_size': 3765}. Best is trial 1603 with value: 0.004398547172546387.[0m
[32m[I 2022-11-04 06:29:09,292][0m Trial 2675 finished with value: 0.00465419352225829 and parameters: {'nlayers': 20, 'hidden_size': 200, 'dropout': 0.3564339841415961, 'learning_rate': 0.0023458268295551044, 'batch_size': 3829}. Best is trial 1603 with value: 0.004398547172546387.[0m
[32m[I 2022-11-04 06:29:19,117][0m Trial 2676 finished with value: 0.004524566242625177 and parameters: {'nlayers': 20, 'hidden_size': 236, 'dropout': 0.3473523702704291, 'learning_rate': 0.0020799035646938344, 'batch_size': 3935}. Best is trial 1603 with value: 0.004398547172546387.[0m
[32m[I 2022-11-04 06:29:23,627][0m Trial 2677 finished with value: 0.004514095147734019 and parameters: {'nlayers': 21, 'hidden_size': 64, 'dropout': 0.33421321671859583, 'learning_rate': 0.0023004584306855645, 'batch_size': 3928}. Best is trial 1603 with value: 0.004398547172546387.[0m
[32m[I 2022-11-04 06:29:30,315][0m Trial 2678 finished with value: 0.004578677198794863 and parameters: {'nlayers': 19, 'hidden_size': 141, 'dropout': 0.33861176050813835, 'learning_rate': 0.002025918853135796, 'batch_size': 3861}. Best is trial 1603 with value: 0.004398547172546387.[0m
[32m[I 2022-11-04 06:29:38,946][0m Trial 2679 finished with value: 0.004505046790442495 and parameters: {'nlayers': 21, 'hidden_size': 208, 'dropout': 0.348118812522331, 'learning_rate': 0.002477286786656787, 'batch_size': 3931}. Best is trial 1603 with value: 0.004398547172546387.[0m
[32m[I 2022-11-04 06:29:48,958][0m Trial 2680 finished with value: 0.00443269725619748 and parameters: {'nlayers': 21, 'hidden_size': 226, 'dropout': 0.35661146703629354, 'learning_rate': 0.0021889759354020255, 'batch_size': 3999}. Best is trial 1603 with value: 0.004398547172546387.[0m
[32m[I 2022-11-04 06:29:54,008][0m Trial 2681 finished with value: 0.004420665562152862 and parameters: {'nlayers': 20, 'hidden_size': 44, 'dropout': 0.3311009465223675, 'learning_rate': 0.0023124526844392314, 'batch_size': 4000}. Best is trial 1603 with value: 0.004398547172546387.[0m
[32m[I 2022-11-04 06:29:58,269][0m Trial 2682 finished with value: 0.004673318160911724 and parameters: {'nlayers': 21, 'hidden_size': 5, 'dropout': 0.33486704551659324, 'learning_rate': 0.0019012576440323142, 'batch_size': 3814}. Best is trial 1603 with value: 0.004398547172546387.[0m
[32m[I 2022-11-04 06:30:05,106][0m Trial 2683 finished with value: 0.004788847534381873 and parameters: {'nlayers': 20, 'hidden_size': 145, 'dropout': 0.34417735848999476, 'learning_rate': 0.0021656610356626652, 'batch_size': 3698}. Best is trial 1603 with value: 0.004398547172546387.[0m
[32m[I 2022-11-04 06:30:15,227][0m Trial 2684 finished with value: 0.004425945543414147 and parameters: {'nlayers': 21, 'hidden_size': 230, 'dropout': 0.33846199905366714, 'learning_rate': 0.0020548471634818893, 'batch_size': 3999}. Best is trial 1603 with value: 0.004398547172546387.[0m
[32m[I 2022-11-04 06:30:23,231][0m Trial 2685 finished with value: 0.004431017078459263 and parameters: {'nlayers': 22, 'hidden_size': 164, 'dropout': 0.34781143113963575, 'learning_rate': 0.002415369964763953, 'batch_size': 4000}. Best is trial 1603 with value: 0.004398547172546387.[0m
[32m[I 2022-11-04 06:30:34,451][0m Trial 2686 finished with value: 0.00445422226190567 and parameters: {'nlayers': 19, 'hidden_size': 281, 'dropout': 0.32739549970058174, 'learning_rate': 0.001911103628443395, 'batch_size': 4000}. Best is trial 1603 with value: 0.004398547172546387.[0m
[32m[I 2022-11-04 06:30:40,172][0m Trial 2687 finished with value: 0.00456796334945495 and parameters: {'nlayers': 21, 'hidden_size': 91, 'dropout': 0.3606139864749673, 'learning_rate': 0.0024265817661068842, 'batch_size': 3862}. Best is trial 1603 with value: 0.004398547172546387.[0m
[32m[I 2022-11-04 06:30:42,886][0m Trial 2688 finished with value: 0.03549376183748245 and parameters: {'nlayers': 18, 'hidden_size': 266, 'dropout': 0.35501546934671513, 'learning_rate': 0.001851801434155714, 'batch_size': 500}. Best is trial 1603 with value: 0.004398547172546387.[0m
[32m[I 2022-11-04 06:30:51,477][0m Trial 2689 finished with value: 0.0046052644987370755 and parameters: {'nlayers': 21, 'hidden_size': 197, 'dropout': 0.3372339107532944, 'learning_rate': 0.0022862128012439615, 'batch_size': 3859}. Best is trial 1603 with value: 0.004398547172546387.[0m
[32m[I 2022-11-04 06:31:02,168][0m Trial 2690 finished with value: 0.004446975968778134 and parameters: {'nlayers': 21, 'hidden_size': 256, 'dropout': 0.34882307048072575, 'learning_rate': 0.0024780782208966338, 'batch_size': 4000}. Best is trial 1603 with value: 0.004398547172546387.[0m
[32m[I 2022-11-04 06:31:09,363][0m Trial 2691 finished with value: 0.004723376882862924 and parameters: {'nlayers': 20, 'hidden_size': 162, 'dropout': 0.3305205487218671, 'learning_rate': 0.0020939338981206274, 'batch_size': 3743}. Best is trial 1603 with value: 0.004398547172546387.[0m
[32m[I 2022-11-04 06:31:21,542][0m Trial 2692 finished with value: 0.004562345234085169 and parameters: {'nlayers': 20, 'hidden_size': 298, 'dropout': 0.3442914564213001, 'learning_rate': 0.0018803341558498356, 'batch_size': 3873}. Best is trial 1603 with value: 0.004398547172546387.[0m
[32m[I 2022-11-04 06:31:31,627][0m Trial 2693 finished with value: 0.004485932956121557 and parameters: {'nlayers': 20, 'hidden_size': 242, 'dropout': 0.3241506127448427, 'learning_rate': 0.0025251555296955186, 'batch_size': 3931}. Best is trial 1603 with value: 0.004398547172546387.[0m
[32m[I 2022-11-04 06:31:37,419][0m Trial 2694 finished with value: 0.004666698177026797 and parameters: {'nlayers': 22, 'hidden_size': 89, 'dropout': 0.3566700976134067, 'learning_rate': 0.002095586703247378, 'batch_size': 3792}. Best is trial 1603 with value: 0.004398547172546387.[0m
[32m[I 2022-11-04 06:37:06,157][0m Trial 2695 finished with value: 0.004515579857512875 and parameters: {'nlayers': 22, 'hidden_size': 2165, 'dropout': 0.3522926389314315, 'learning_rate': 0.0018382990088766451, 'batch_size': 3926}. Best is trial 1603 with value: 0.004398547172546387.[0m
[32m[I 2022-11-04 06:37:21,334][0m Trial 2696 finished with value: 0.004574581255700524 and parameters: {'nlayers': 21, 'hidden_size': 353, 'dropout': 0.3342322175008435, 'learning_rate': 0.0022317550121510356, 'batch_size': 3864}. Best is trial 1603 with value: 0.004398547172546387.[0m
[32m[I 2022-11-04 06:37:38,244][0m Trial 2697 finished with value: 0.0058909572594377955 and parameters: {'nlayers': 22, 'hidden_size': 451, 'dropout': 0.34347918674095895, 'learning_rate': 0.0020492408401065055, 'batch_size': 3023}. Best is trial 1603 with value: 0.004398547172546387.[0m
[32m[I 2022-11-04 06:37:51,071][0m Trial 2698 finished with value: 0.004519416945191187 and parameters: {'nlayers': 20, 'hidden_size': 307, 'dropout': 0.328231503793828, 'learning_rate': 0.0025059652289885783, 'batch_size': 3929}. Best is trial 1603 with value: 0.004398547172546387.[0m
[32m[I 2022-11-04 06:37:58,121][0m Trial 2699 finished with value: 0.004508335760574846 and parameters: {'nlayers': 22, 'hidden_size': 127, 'dropout': 0.35966289946674607, 'learning_rate': 0.0018778309605272376, 'batch_size': 3929}. Best is trial 1603 with value: 0.004398547172546387.[0m
[32m[I 2022-11-04 06:38:07,419][0m Trial 2700 finished with value: 0.004664550277156053 and parameters: {'nlayers': 23, 'hidden_size': 199, 'dropout': 0.3464563082271356, 'learning_rate': 0.0022725035398885266, 'batch_size': 3805}. Best is trial 1603 with value: 0.004398547172546387.[0m
[32m[I 2022-11-04 06:38:11,573][0m Trial 2701 finished with value: 0.004496543143171183 and parameters: {'nlayers': 21, 'hidden_size': 4, 'dropout': 0.32792519881873383, 'learning_rate': 0.0024403628857085583, 'batch_size': 3929}. Best is trial 1603 with value: 0.004398547172546387.[0m
[32m[I 2022-11-04 06:41:42,470][0m Trial 2702 finished with value: 0.0045825786445800034 and parameters: {'nlayers': 20, 'hidden_size': 1831, 'dropout': 0.33981422043314496, 'learning_rate': 0.002036309810672916, 'batch_size': 3870}. Best is trial 1603 with value: 0.004398547172546387.[0m
[32m[I 2022-11-04 06:41:50,051][0m Trial 2703 finished with value: 0.004421896036116107 and parameters: {'nlayers': 8, 'hidden_size': 380, 'dropout': 0.34084422944933623, 'learning_rate': 0.001739252279762992, 'batch_size': 3998}. Best is trial 1603 with value: 0.004398547172546387.[0m
[32m[I 2022-11-04 06:42:02,854][0m Trial 2704 finished with value: 0.0044303094297647476 and parameters: {'nlayers': 21, 'hidden_size': 290, 'dropout': 0.3596155736638076, 'learning_rate': 0.0022298488498133048, 'batch_size': 4000}. Best is trial 1603 with value: 0.004398547172546387.[0m
[32m[I 2022-11-04 06:42:21,917][0m Trial 2705 finished with value: 0.0047260450700288515 and parameters: {'nlayers': 21, 'hidden_size': 433, 'dropout': 0.3349870046331168, 'learning_rate': 0.0025382959521437097, 'batch_size': 3751}. Best is trial 1603 with value: 0.004398547172546387.[0m
[32m[I 2022-11-04 06:42:37,591][0m Trial 2706 finished with value: 0.004569194068395724 and parameters: {'nlayers': 21, 'hidden_size': 363, 'dropout': 0.3480139446607507, 'learning_rate': 0.0019293760663523713, 'batch_size': 3867}. Best is trial 1603 with value: 0.004398547172546387.[0m
[32m[I 2022-11-04 06:42:47,162][0m Trial 2707 finished with value: 0.004503428268845043 and parameters: {'nlayers': 20, 'hidden_size': 231, 'dropout': 0.3243391188219518, 'learning_rate': 0.002052285207985516, 'batch_size': 3931}. Best is trial 1603 with value: 0.004398547172546387.[0m
[32m[I 2022-11-04 06:42:54,989][0m Trial 2708 finished with value: 0.004431141136943728 and parameters: {'nlayers': 20, 'hidden_size': 173, 'dropout': 0.3281751996279046, 'learning_rate': 0.0018279567629508257, 'batch_size': 3998}. Best is trial 1603 with value: 0.004398547172546387.[0m
[32m[I 2022-11-04 06:43:09,064][0m Trial 2709 finished with value: 0.004443122409284115 and parameters: {'nlayers': 22, 'hidden_size': 306, 'dropout': 0.356974734529626, 'learning_rate': 0.002555173806219143, 'batch_size': 4000}. Best is trial 1603 with value: 0.004398547172546387.[0m
[32m[I 2022-11-04 06:43:28,149][0m Trial 2710 finished with value: 0.00500714406897139 and parameters: {'nlayers': 21, 'hidden_size': 453, 'dropout': 0.3654697356419828, 'learning_rate': 0.002277600555867497, 'batch_size': 3541}. Best is trial 1603 with value: 0.004398547172546387.[0m
[32m[I 2022-11-04 06:43:37,987][0m Trial 2711 finished with value: 0.004636333193830265 and parameters: {'nlayers': 20, 'hidden_size': 244, 'dropout': 0.3494604794506873, 'learning_rate': 0.001865962408575483, 'batch_size': 3813}. Best is trial 1603 with value: 0.004398547172546387.[0m
[32m[I 2022-11-04 06:43:44,476][0m Trial 2712 finished with value: 0.004555465713624031 and parameters: {'nlayers': 20, 'hidden_size': 125, 'dropout': 0.34406175300703656, 'learning_rate': 0.0017734347932351748, 'batch_size': 3875}. Best is trial 1603 with value: 0.004398547172546387.[0m
[32m[I 2022-11-04 06:44:01,286][0m Trial 2713 finished with value: 0.00452069055193218 and parameters: {'nlayers': 22, 'hidden_size': 371, 'dropout': 0.3350464110725531, 'learning_rate': 0.0021000075790830893, 'batch_size': 3927}. Best is trial 1603 with value: 0.004398547172546387.[0m
[32m[I 2022-11-04 06:44:15,363][0m Trial 2714 finished with value: 0.004818793265007582 and parameters: {'nlayers': 22, 'hidden_size': 327, 'dropout': 0.2631179495956661, 'learning_rate': 0.0021224076933312073, 'batch_size': 3688}. Best is trial 1603 with value: 0.004398547172546387.[0m
