[32m[I 2022-11-04 01:44:56,163][0m Trial 1590 finished with value: 0.004516810680274633 and parameters: {'nlayers': 14, 'hidden_size': 145, 'dropout': 0.48658154940411175, 'learning_rate': 0.0037363742866658, 'batch_size': 3922}. Best is trial 183 with value: 0.004403234362602234.[0m
[32m[I 2022-11-04 01:45:06,193][0m Trial 1591 finished with value: 0.004421337913590451 and parameters: {'nlayers': 13, 'hidden_size': 338, 'dropout': 0.37427870319328416, 'learning_rate': 0.003364460284724589, 'batch_size': 3999}. Best is trial 183 with value: 0.004403234362602234.[0m
[32m[I 2022-11-04 01:46:46,123][0m Trial 1592 finished with value: 0.004804545162782677 and parameters: {'nlayers': 13, 'hidden_size': 1575, 'dropout': 0.4827342962210412, 'learning_rate': 0.003929127056724842, 'batch_size': 3777}. Best is trial 183 with value: 0.004403234362602234.[0m
[32m[I 2022-11-04 01:46:52,655][0m Trial 1593 finished with value: 0.004541218242759665 and parameters: {'nlayers': 14, 'hidden_size': 197, 'dropout': 0.46823774443574856, 'learning_rate': 0.0035306070489391876, 'batch_size': 3918}. Best is trial 183 with value: 0.004403234362602234.[0m
[32m[I 2022-11-04 01:46:58,671][0m Trial 1594 finished with value: 0.007411976928512256 and parameters: {'nlayers': 15, 'hidden_size': 295, 'dropout': 0.3437360568739793, 'learning_rate': 0.0032025468973836757, 'batch_size': 2400}. Best is trial 183 with value: 0.004403234362602234.[0m
[32m[I 2022-11-04 01:47:09,145][0m Trial 1595 finished with value: 0.004577443901965103 and parameters: {'nlayers': 13, 'hidden_size': 374, 'dropout': 0.4692328144706367, 'learning_rate': 0.0021285679056182484, 'batch_size': 3865}. Best is trial 183 with value: 0.004403234362602234.[0m
[32m[I 2022-11-04 01:47:21,920][0m Trial 1596 finished with value: 0.0045310724669120435 and parameters: {'nlayers': 12, 'hidden_size': 459, 'dropout': 0.4007328372194087, 'learning_rate': 0.0034937851753681433, 'batch_size': 3922}. Best is trial 183 with value: 0.004403234362602234.[0m
[32m[I 2022-11-04 01:47:24,818][0m Trial 1597 finished with value: 0.2726609492392251 and parameters: {'nlayers': 16, 'hidden_size': 839, 'dropout': 0.45980542216027787, 'learning_rate': 0.0019058791720131683, 'batch_size': 66}. Best is trial 183 with value: 0.004403234362602234.[0m
[32m[I 2022-11-04 01:47:32,093][0m Trial 1598 finished with value: 0.004685083973026825 and parameters: {'nlayers': 13, 'hidden_size': 255, 'dropout': 0.38567688029731456, 'learning_rate': 0.0031513459275125705, 'batch_size': 3818}. Best is trial 183 with value: 0.004403234362602234.[0m
[32m[I 2022-11-04 01:47:44,730][0m Trial 1599 finished with value: 0.004539607350408818 and parameters: {'nlayers': 12, 'hidden_size': 453, 'dropout': 0.14521395899302292, 'learning_rate': 0.0037908841537401157, 'batch_size': 3918}. Best is trial 183 with value: 0.004403234362602234.[0m
[32m[I 2022-11-04 01:47:53,640][0m Trial 1600 finished with value: 0.004515003603734788 and parameters: {'nlayers': 13, 'hidden_size': 308, 'dropout': 0.4884056996290317, 'learning_rate': 0.004105924363350893, 'batch_size': 3925}. Best is trial 183 with value: 0.004403234362602234.[0m
[32m[I 2022-11-04 01:48:05,454][0m Trial 1601 finished with value: 0.004650215856284373 and parameters: {'nlayers': 14, 'hidden_size': 391, 'dropout': 0.4741079686465986, 'learning_rate': 0.003205098981432582, 'batch_size': 3804}. Best is trial 183 with value: 0.004403234362602234.[0m
[32m[I 2022-11-04 01:48:07,620][0m Trial 1602 finished with value: 0.014888641978236469 and parameters: {'nlayers': 12, 'hidden_size': 180, 'dropout': 0.3525669178839866, 'learning_rate': 0.0015067134342030978, 'batch_size': 1184}. Best is trial 183 with value: 0.004403234362602234.[0m
[32m[I 2022-11-04 01:48:16,421][0m Trial 1603 finished with value: 0.004398547172546387 and parameters: {'nlayers': 10, 'hidden_size': 365, 'dropout': 0.3360124808388802, 'learning_rate': 0.003623730766465429, 'batch_size': 4000}. Best is trial 1603 with value: 0.004398547172546387.[0m
[32m[I 2022-11-04 01:48:23,965][0m Trial 1604 finished with value: 0.004810542664547199 and parameters: {'nlayers': 10, 'hidden_size': 344, 'dropout': 0.33157067371079596, 'learning_rate': 0.003819849427089634, 'batch_size': 3705}. Best is trial 1603 with value: 0.004398547172546387.[0m
[32m[I 2022-11-04 01:48:32,319][0m Trial 1605 finished with value: 0.004576901695064383 and parameters: {'nlayers': 12, 'hidden_size': 318, 'dropout': 0.329867491501803, 'learning_rate': 0.003707725328854802, 'batch_size': 3864}. Best is trial 1603 with value: 0.004398547172546387.[0m
[32m[I 2022-11-04 01:48:38,464][0m Trial 1606 finished with value: 0.004450550831854343 and parameters: {'nlayers': 6, 'hidden_size': 365, 'dropout': 0.36021274929113606, 'learning_rate': 0.00410578440941371, 'batch_size': 4000}. Best is trial 1603 with value: 0.004398547172546387.[0m
[32m[I 2022-11-04 01:48:46,730][0m Trial 1607 finished with value: 0.004437736695514497 and parameters: {'nlayers': 13, 'hidden_size': 265, 'dropout': 0.33971283229994365, 'learning_rate': 0.0037060020241842474, 'batch_size': 3999}. Best is trial 1603 with value: 0.004398547172546387.[0m
[32m[I 2022-11-04 01:48:53,013][0m Trial 1608 finished with value: 0.008332834017639696 and parameters: {'nlayers': 14, 'hidden_size': 376, 'dropout': 0.33594078514504155, 'learning_rate': 0.0039036612077172446, 'batch_size': 2135}. Best is trial 1603 with value: 0.004398547172546387.[0m
[32m[I 2022-11-04 01:49:00,595][0m Trial 1609 finished with value: 0.004406187929213047 and parameters: {'nlayers': 10, 'hidden_size': 307, 'dropout': 0.33002558416420236, 'learning_rate': 0.0043524253620095266, 'batch_size': 4000}. Best is trial 1603 with value: 0.004398547172546387.[0m
[32m[I 2022-11-04 01:49:08,440][0m Trial 1610 finished with value: 0.004570947309319683 and parameters: {'nlayers': 10, 'hidden_size': 333, 'dropout': 0.3936121123599907, 'learning_rate': 0.00440374298547003, 'batch_size': 3873}. Best is trial 1603 with value: 0.004398547172546387.[0m
[32m[I 2022-11-04 01:49:17,928][0m Trial 1611 finished with value: 0.004443317301571369 and parameters: {'nlayers': 10, 'hidden_size': 396, 'dropout': 0.3321979264887716, 'learning_rate': 0.00400464229745188, 'batch_size': 4000}. Best is trial 1603 with value: 0.004398547172546387.[0m
[32m[I 2022-11-04 01:49:27,629][0m Trial 1612 finished with value: 0.004518369522950681 and parameters: {'nlayers': 10, 'hidden_size': 414, 'dropout': 0.31939744115207697, 'learning_rate': 0.004386768268855361, 'batch_size': 3933}. Best is trial 1603 with value: 0.004398547172546387.[0m
[32m[I 2022-11-04 01:49:34,840][0m Trial 1613 finished with value: 0.004695702118791709 and parameters: {'nlayers': 10, 'hidden_size': 315, 'dropout': 0.321044872008804, 'learning_rate': 0.004257058817712601, 'batch_size': 3785}. Best is trial 1603 with value: 0.004398547172546387.[0m
[32m[I 2022-11-04 01:49:40,177][0m Trial 1614 finished with value: 0.004541520584257984 and parameters: {'nlayers': 9, 'hidden_size': 221, 'dropout': 0.3162746925328568, 'learning_rate': 0.004086936111732338, 'batch_size': 3927}. Best is trial 1603 with value: 0.004398547172546387.[0m
[32m[I 2022-11-04 01:49:48,489][0m Trial 1615 finished with value: 0.004591272356663662 and parameters: {'nlayers': 10, 'hidden_size': 360, 'dropout': 0.33798764333610437, 'learning_rate': 0.004276345755803982, 'batch_size': 3852}. Best is trial 1603 with value: 0.004398547172546387.[0m
[32m[I 2022-11-04 01:49:55,216][0m Trial 1616 finished with value: 0.0045007187887332895 and parameters: {'nlayers': 10, 'hidden_size': 274, 'dropout': 0.3248425204061115, 'learning_rate': 0.004637433401503164, 'batch_size': 3933}. Best is trial 1603 with value: 0.004398547172546387.[0m
[32m[I 2022-11-04 01:50:05,425][0m Trial 1617 finished with value: 0.004642928692683844 and parameters: {'nlayers': 10, 'hidden_size': 438, 'dropout': 0.3255132798862398, 'learning_rate': 0.004184676803788005, 'batch_size': 3869}. Best is trial 1603 with value: 0.004398547172546387.[0m
[32m[I 2022-11-04 01:50:13,197][0m Trial 1618 finished with value: 0.004513514945461492 and parameters: {'nlayers': 10, 'hidden_size': 326, 'dropout': 0.34247092715040894, 'learning_rate': 0.004673744481497717, 'batch_size': 3925}. Best is trial 1603 with value: 0.004398547172546387.[0m
[32m[I 2022-11-04 01:50:22,055][0m Trial 1619 finished with value: 0.0047425786749674724 and parameters: {'nlayers': 10, 'hidden_size': 389, 'dropout': 0.3376248799216356, 'learning_rate': 0.004614582646920926, 'batch_size': 3744}. Best is trial 1603 with value: 0.004398547172546387.[0m
[32m[I 2022-11-04 01:50:27,802][0m Trial 1620 finished with value: 0.0046560441772070405 and parameters: {'nlayers': 10, 'hidden_size': 232, 'dropout': 0.338950558977458, 'learning_rate': 0.004043815868556746, 'batch_size': 3829}. Best is trial 1603 with value: 0.004398547172546387.[0m
[32m[I 2022-11-04 01:50:35,061][0m Trial 1621 finished with value: 0.0044409288093447685 and parameters: {'nlayers': 10, 'hidden_size': 304, 'dropout': 0.33078844274019553, 'learning_rate': 0.004189804790632486, 'batch_size': 4000}. Best is trial 1603 with value: 0.004398547172546387.[0m
[32m[I 2022-11-04 01:50:45,289][0m Trial 1622 finished with value: 0.004522143299795702 and parameters: {'nlayers': 10, 'hidden_size': 425, 'dropout': 0.32911068907777746, 'learning_rate': 0.003985253522487131, 'batch_size': 3928}. Best is trial 1603 with value: 0.004398547172546387.[0m
[32m[I 2022-11-04 01:50:57,150][0m Trial 1623 finished with value: 0.004515497316399251 and parameters: {'nlayers': 15, 'hidden_size': 364, 'dropout': 0.32568881817859585, 'learning_rate': 0.004239087007666543, 'batch_size': 3935}. Best is trial 1603 with value: 0.004398547172546387.[0m
[32m[I 2022-11-04 01:51:02,799][0m Trial 1624 finished with value: 0.00463352781709687 and parameters: {'nlayers': 10, 'hidden_size': 226, 'dropout': 0.34607926532862127, 'learning_rate': 0.004865496254028007, 'batch_size': 3804}. Best is trial 1603 with value: 0.004398547172546387.[0m
[32m[I 2022-11-04 01:51:10,407][0m Trial 1625 finished with value: 0.004420807254883789 and parameters: {'nlayers': 10, 'hidden_size': 306, 'dropout': 0.33387356166199944, 'learning_rate': 0.004285548822078841, 'batch_size': 3999}. Best is trial 1603 with value: 0.004398547172546387.[0m
[32m[I 2022-11-04 01:51:21,358][0m Trial 1626 finished with value: 0.004584878736954464 and parameters: {'nlayers': 11, 'hidden_size': 436, 'dropout': 0.3213254289930234, 'learning_rate': 0.004026982524748216, 'batch_size': 3873}. Best is trial 1603 with value: 0.004398547172546387.[0m
[32m[I 2022-11-04 01:51:27,498][0m Trial 1627 finished with value: 0.004536582338679435 and parameters: {'nlayers': 9, 'hidden_size': 257, 'dropout': 0.3356791628748989, 'learning_rate': 0.004490584804291705, 'batch_size': 3927}. Best is trial 1603 with value: 0.004398547172546387.[0m
[32m[I 2022-11-04 01:51:57,715][0m Trial 1628 finished with value: 0.004879285198646588 and parameters: {'nlayers': 10, 'hidden_size': 948, 'dropout': 0.34706000978269513, 'learning_rate': 0.003917074474533911, 'batch_size': 3640}. Best is trial 1603 with value: 0.004398547172546387.[0m
[32m[I 2022-11-04 01:53:31,237][0m Trial 1629 finished with value: 0.004599705538907571 and parameters: {'nlayers': 11, 'hidden_size': 1659, 'dropout': 0.31726779041019626, 'learning_rate': 0.003937270847951361, 'batch_size': 3866}. Best is trial 1603 with value: 0.004398547172546387.[0m
[32m[I 2022-11-04 01:53:35,860][0m Trial 1630 finished with value: 0.004447774492901167 and parameters: {'nlayers': 9, 'hidden_size': 147, 'dropout': 0.3271804926867608, 'learning_rate': 0.0038228908475582534, 'batch_size': 3998}. Best is trial 1603 with value: 0.004398547172546387.[0m
[32m[I 2022-11-04 01:53:44,774][0m Trial 1631 finished with value: 0.00473090956224438 and parameters: {'nlayers': 11, 'hidden_size': 363, 'dropout': 0.3389670141504108, 'learning_rate': 0.004127994035085854, 'batch_size': 3751}. Best is trial 1603 with value: 0.004398547172546387.[0m
[32m[I 2022-11-04 01:53:55,745][0m Trial 1632 finished with value: 0.004530344541952637 and parameters: {'nlayers': 10, 'hidden_size': 453, 'dropout': 0.3449510028629305, 'learning_rate': 0.004379615170332753, 'batch_size': 3924}. Best is trial 1603 with value: 0.004398547172546387.[0m
[32m[I 2022-11-04 01:54:03,371][0m Trial 1633 finished with value: 0.004630178865215126 and parameters: {'nlayers': 11, 'hidden_size': 320, 'dropout': 0.33309436064866244, 'learning_rate': 0.004389689121075835, 'batch_size': 3839}. Best is trial 1603 with value: 0.004398547172546387.[0m
[32m[I 2022-11-04 01:54:06,893][0m Trial 1634 finished with value: 0.004457150958478451 and parameters: {'nlayers': 1, 'hidden_size': 1801, 'dropout': 0.3496275999137267, 'learning_rate': 0.0036844396182179142, 'batch_size': 4000}. Best is trial 1603 with value: 0.004398547172546387.[0m
[32m[I 2022-11-04 01:54:13,898][0m Trial 1635 finished with value: 0.004555089013778228 and parameters: {'nlayers': 16, 'hidden_size': 200, 'dropout': 0.32202893934943155, 'learning_rate': 0.0038178093342271, 'batch_size': 3924}. Best is trial 1603 with value: 0.004398547172546387.[0m
[32m[I 2022-11-04 01:54:23,420][0m Trial 1636 finished with value: 0.004436387129127979 and parameters: {'nlayers': 9, 'hidden_size': 419, 'dropout': 0.3341769109500793, 'learning_rate': 0.0038980662710637907, 'batch_size': 4000}. Best is trial 1603 with value: 0.004398547172546387.[0m
[32m[I 2022-11-04 01:54:29,750][0m Trial 1637 finished with value: 0.0046902338313981225 and parameters: {'nlayers': 10, 'hidden_size': 264, 'dropout': 0.3269306007334099, 'learning_rate': 0.004498558442771999, 'batch_size': 3806}. Best is trial 1603 with value: 0.004398547172546387.[0m
[32m[I 2022-11-04 01:54:38,775][0m Trial 1638 finished with value: 0.004524459656636426 and parameters: {'nlayers': 11, 'hidden_size': 368, 'dropout': 0.3179399180483418, 'learning_rate': 0.0037012877024362725, 'batch_size': 3925}. Best is trial 1603 with value: 0.004398547172546387.[0m
[32m[I 2022-11-04 01:54:45,492][0m Trial 1639 finished with value: 0.004626899663580451 and parameters: {'nlayers': 9, 'hidden_size': 305, 'dropout': 0.3393234411455463, 'learning_rate': 0.0036307372814641647, 'batch_size': 3851}. Best is trial 1603 with value: 0.004398547172546387.[0m
[32m[I 2022-11-04 01:55:07,600][0m Trial 1640 finished with value: 0.0046686140822756825 and parameters: {'nlayers': 22, 'hidden_size': 463, 'dropout': 0.31471390066495875, 'learning_rate': 0.0039807122487705215, 'batch_size': 3925}. Best is trial 1603 with value: 0.004398547172546387.[0m
[32m[I 2022-11-04 01:55:12,867][0m Trial 1641 finished with value: 0.004779316635586946 and parameters: {'nlayers': 14, 'hidden_size': 140, 'dropout': 0.3471288607759903, 'learning_rate': 0.004160583364130378, 'batch_size': 3709}. Best is trial 1603 with value: 0.004398547172546387.[0m
[32m[I 2022-11-04 01:55:21,978][0m Trial 1642 finished with value: 0.004534063780119513 and parameters: {'nlayers': 10, 'hidden_size': 392, 'dropout': 0.3233211567772477, 'learning_rate': 0.003837758703035041, 'batch_size': 3926}. Best is trial 1603 with value: 0.004398547172546387.[0m
[32m[I 2022-11-04 01:55:28,027][0m Trial 1643 finished with value: 0.004664826922737587 and parameters: {'nlayers': 11, 'hidden_size': 232, 'dropout': 0.33375966614673064, 'learning_rate': 0.003553808415426493, 'batch_size': 3804}. Best is trial 1603 with value: 0.004398547172546387.[0m
[32m[I 2022-11-04 01:55:34,287][0m Trial 1644 finished with value: 0.004593662409094521 and parameters: {'nlayers': 7, 'hidden_size': 341, 'dropout': 0.354428550742558, 'learning_rate': 0.004112741966854505, 'batch_size': 3868}. Best is trial 1603 with value: 0.004398547172546387.[0m
[32m[I 2022-11-04 01:55:43,086][0m Trial 1645 finished with value: 0.004515004376529919 and parameters: {'nlayers': 15, 'hidden_size': 266, 'dropout': 0.34424213940743714, 'learning_rate': 0.003572894786258144, 'batch_size': 3928}. Best is trial 1603 with value: 0.004398547172546387.[0m
[32m[I 2022-11-04 01:55:54,141][0m Trial 1646 finished with value: 0.004517510707748452 and parameters: {'nlayers': 10, 'hidden_size': 462, 'dropout': 0.3272010581436266, 'learning_rate': 0.003849679011439294, 'batch_size': 3930}. Best is trial 1603 with value: 0.004398547172546387.[0m
[32m[I 2022-11-04 01:56:04,351][0m Trial 1647 finished with value: 0.004452164581818234 and parameters: {'nlayers': 11, 'hidden_size': 387, 'dropout': 0.3526672346285986, 'learning_rate': 0.00439839781129941, 'batch_size': 3999}. Best is trial 1603 with value: 0.004398547172546387.[0m
[32m[I 2022-11-04 01:56:10,598][0m Trial 1648 finished with value: 0.0045856155339300325 and parameters: {'nlayers': 14, 'hidden_size': 188, 'dropout': 0.3440446440161418, 'learning_rate': 0.0036248361005022053, 'batch_size': 3860}. Best is trial 1603 with value: 0.004398547172546387.[0m
[32m[I 2022-11-04 01:56:17,074][0m Trial 1649 finished with value: 0.0046890957039759165 and parameters: {'nlayers': 9, 'hidden_size': 297, 'dropout': 0.31324555604233106, 'learning_rate': 0.003470902160283406, 'batch_size': 3768}. Best is trial 1603 with value: 0.004398547172546387.[0m
[32m[I 2022-11-04 01:56:25,171][0m Trial 1650 finished with value: 0.004497705738032701 and parameters: {'nlayers': 10, 'hidden_size': 343, 'dropout': 0.336933720469683, 'learning_rate': 0.0037851725284741883, 'batch_size': 3932}. Best is trial 1603 with value: 0.004398547172546387.[0m
[32m[I 2022-11-04 01:56:36,341][0m Trial 1651 finished with value: 0.0044637257184330925 and parameters: {'nlayers': 11, 'hidden_size': 417, 'dropout': 0.32975279742115093, 'learning_rate': 0.0035244592512117014, 'batch_size': 3997}. Best is trial 1603 with value: 0.004398547172546387.[0m
[32m[I 2022-11-04 01:56:42,443][0m Trial 1652 finished with value: 0.004428387724122097 and parameters: {'nlayers': 10, 'hidden_size': 228, 'dropout': 0.31117334926511214, 'learning_rate': 0.0040439805159860134, 'batch_size': 3999}. Best is trial 1603 with value: 0.004398547172546387.[0m
[32m[I 2022-11-04 01:56:51,129][0m Trial 1653 finished with value: 0.004570139213378385 and parameters: {'nlayers': 14, 'hidden_size': 285, 'dropout': 0.319705658489958, 'learning_rate': 0.004654600822460886, 'batch_size': 3864}. Best is trial 1603 with value: 0.004398547172546387.[0m
[32m[I 2022-11-04 01:57:03,218][0m Trial 1654 finished with value: 0.004597272700774743 and parameters: {'nlayers': 11, 'hidden_size': 474, 'dropout': 0.35255488806900376, 'learning_rate': 0.0033584374322581994, 'batch_size': 3864}. Best is trial 1603 with value: 0.004398547172546387.[0m
[32m[I 2022-11-04 01:57:11,250][0m Trial 1655 finished with value: 0.0044351680055260655 and parameters: {'nlayers': 9, 'hidden_size': 354, 'dropout': 0.3079031041974096, 'learning_rate': 0.003773788782540221, 'batch_size': 4000}. Best is trial 1603 with value: 0.004398547172546387.[0m
[32m[I 2022-11-04 01:57:16,345][0m Trial 1656 finished with value: 0.004526096864654673 and parameters: {'nlayers': 13, 'hidden_size': 136, 'dropout': 0.32887235481135824, 'learning_rate': 0.0036168131570426853, 'batch_size': 3928}. Best is trial 1603 with value: 0.004398547172546387.[0m
[32m[I 2022-11-04 01:57:22,090][0m Trial 1657 finished with value: 0.004438616894185543 and parameters: {'nlayers': 10, 'hidden_size': 201, 'dropout': 0.34189704538827703, 'learning_rate': 0.0034145575292151465, 'batch_size': 4000}. Best is trial 1603 with value: 0.004398547172546387.[0m
[32m[I 2022-11-04 01:57:36,683][0m Trial 1658 finished with value: 0.004736741236268952 and parameters: {'nlayers': 17, 'hidden_size': 415, 'dropout': 0.32630404402517943, 'learning_rate': 0.003971869930202676, 'batch_size': 3769}. Best is trial 1603 with value: 0.004398547172546387.[0m
[32m[I 2022-11-04 01:57:44,604][0m Trial 1659 finished with value: 0.004583532700020307 and parameters: {'nlayers': 11, 'hidden_size': 314, 'dropout': 0.33564379737516425, 'learning_rate': 0.003435852987851788, 'batch_size': 3873}. Best is trial 1603 with value: 0.004398547172546387.[0m
[32m[I 2022-11-04 01:57:55,606][0m Trial 1660 finished with value: 0.004519423361060631 and parameters: {'nlayers': 9, 'hidden_size': 498, 'dropout': 0.3456204470865463, 'learning_rate': 0.004247367794670985, 'batch_size': 3919}. Best is trial 1603 with value: 0.004398547172546387.[0m
[32m[I 2022-11-04 01:58:04,423][0m Trial 1661 finished with value: 0.004657068499008773 and parameters: {'nlayers': 15, 'hidden_size': 277, 'dropout': 0.11751099776921907, 'learning_rate': 0.0037250479704819565, 'batch_size': 3802}. Best is trial 1603 with value: 0.004398547172546387.[0m
[32m[I 2022-11-04 01:58:08,771][0m Trial 1662 finished with value: 0.011106542021371844 and parameters: {'nlayers': 11, 'hidden_size': 390, 'dropout': 0.33879195914390486, 'learning_rate': 0.0032009453412915815, 'batch_size': 1598}. Best is trial 1603 with value: 0.004398547172546387.[0m
[32m[I 2022-11-04 01:59:02,910][0m Trial 1663 finished with value: 0.004891948747491615 and parameters: {'nlayers': 13, 'hidden_size': 1143, 'dropout': 0.314567199782447, 'learning_rate': 0.0033383782523012193, 'batch_size': 3661}. Best is trial 1603 with value: 0.004398547172546387.[0m
[32m[I 2022-11-04 01:59:13,935][0m Trial 1664 finished with value: 0.004519503196707571 and parameters: {'nlayers': 10, 'hidden_size': 457, 'dropout': 0.35073271015514923, 'learning_rate': 0.0015203486699038088, 'batch_size': 3929}. Best is trial 1603 with value: 0.004398547172546387.[0m
