[32m[I 2022-11-03 21:10:24,793][0m Trial 531 finished with value: 0.0045366311997076456 and parameters: {'nlayers': 7, 'hidden_size': 798, 'dropout': 0.4803672443970651, 'learning_rate': 0.0015746818751180215, 'batch_size': 3923}. Best is trial 183 with value: 0.004403234362602234.[0m
[32m[I 2022-11-03 21:10:27,629][0m Trial 532 finished with value: 0.004751995282967474 and parameters: {'nlayers': 9, 'hidden_size': 4, 'dropout': 0.41810935761980017, 'learning_rate': 0.0032832896878500066, 'batch_size': 3866}. Best is trial 183 with value: 0.004403234362602234.[0m
[32m[I 2022-11-03 21:11:36,086][0m Trial 533 finished with value: 0.004540282027267187 and parameters: {'nlayers': 8, 'hidden_size': 1684, 'dropout': 0.47170132618666133, 'learning_rate': 0.001994936962804699, 'batch_size': 3921}. Best is trial 183 with value: 0.004403234362602234.[0m
[32m[I 2022-11-03 21:11:42,460][0m Trial 534 finished with value: 0.004736025533513777 and parameters: {'nlayers': 9, 'hidden_size': 303, 'dropout': 0.44294493610784225, 'learning_rate': 0.002635660410734639, 'batch_size': 3759}. Best is trial 183 with value: 0.004403234362602234.[0m
[32m[I 2022-11-03 21:11:47,237][0m Trial 535 finished with value: 0.004506763401390365 and parameters: {'nlayers': 13, 'hidden_size': 113, 'dropout': 0.42877283468942934, 'learning_rate': 0.0022899759774519576, 'batch_size': 3933}. Best is trial 183 with value: 0.004403234362602234.[0m
[32m[I 2022-11-03 21:11:59,132][0m Trial 536 finished with value: 0.004672212869436682 and parameters: {'nlayers': 9, 'hidden_size': 545, 'dropout': 0.4533445740448941, 'learning_rate': 0.002776260749866138, 'batch_size': 3815}. Best is trial 183 with value: 0.004403234362602234.[0m
[32m[I 2022-11-03 21:12:13,816][0m Trial 537 finished with value: 0.004485761664874066 and parameters: {'nlayers': 7, 'hidden_size': 724, 'dropout': 0.4665753710480965, 'learning_rate': 0.0013174322577963165, 'batch_size': 3935}. Best is trial 183 with value: 0.004403234362602234.[0m
[32m[I 2022-11-03 21:12:28,108][0m Trial 538 finished with value: 0.004430594861507416 and parameters: {'nlayers': 8, 'hidden_size': 634, 'dropout': 0.4462858969611086, 'learning_rate': 0.002347292827020856, 'batch_size': 4000}. Best is trial 183 with value: 0.004403234362602234.[0m
[32m[I 2022-11-03 21:12:33,776][0m Trial 539 finished with value: 0.0044338077664554205 and parameters: {'nlayers': 9, 'hidden_size': 230, 'dropout': 0.43386865350230197, 'learning_rate': 0.002996280292388422, 'batch_size': 3998}. Best is trial 183 with value: 0.004403234362602234.[0m
[32m[I 2022-11-03 21:12:44,688][0m Trial 540 finished with value: 0.004633415313733624 and parameters: {'nlayers': 10, 'hidden_size': 478, 'dropout': 0.455814925193927, 'learning_rate': 0.0021371229050035565, 'batch_size': 3838}. Best is trial 183 with value: 0.004403234362602234.[0m
[32m[I 2022-11-03 21:12:48,130][0m Trial 541 finished with value: 0.004822520251709948 and parameters: {'nlayers': 10, 'hidden_size': 73, 'dropout': 0.46176281828553084, 'learning_rate': 0.004682266217348011, 'batch_size': 3687}. Best is trial 183 with value: 0.004403234362602234.[0m
[32m[I 2022-11-03 21:13:00,639][0m Trial 542 finished with value: 0.004570923140284509 and parameters: {'nlayers': 8, 'hidden_size': 600, 'dropout': 0.4946873260975898, 'learning_rate': 0.002563225103234335, 'batch_size': 3877}. Best is trial 183 with value: 0.004403234362602234.[0m
[32m[I 2022-11-03 21:13:03,833][0m Trial 543 finished with value: 0.014832502241840188 and parameters: {'nlayers': 9, 'hidden_size': 407, 'dropout': 0.4396728295040129, 'learning_rate': 0.0018439050480032408, 'batch_size': 1203}. Best is trial 183 with value: 0.004403234362602234.[0m
[32m[I 2022-11-03 21:14:13,679][0m Trial 544 finished with value: 0.011329416384678761 and parameters: {'nlayers': 10, 'hidden_size': 2404, 'dropout': 0.42037098062232403, 'learning_rate': 0.0031346461678583943, 'batch_size': 1572}. Best is trial 183 with value: 0.004403234362602234.[0m
[32m[I 2022-11-03 21:14:24,860][0m Trial 545 finished with value: 0.004493757133343533 and parameters: {'nlayers': 6, 'hidden_size': 658, 'dropout': 0.4505564294280662, 'learning_rate': 0.00245625370906758, 'batch_size': 3941}. Best is trial 183 with value: 0.004403234362602234.[0m
[32m[I 2022-11-03 21:14:29,267][0m Trial 546 finished with value: 0.004563775222550834 and parameters: {'nlayers': 9, 'hidden_size': 164, 'dropout': 0.46962454029924683, 'learning_rate': 0.0034313544429625783, 'batch_size': 3882}. Best is trial 183 with value: 0.004403234362602234.[0m
[32m[I 2022-11-03 21:14:43,442][0m Trial 547 finished with value: 0.004710932653809498 and parameters: {'nlayers': 11, 'hidden_size': 546, 'dropout': 0.43607651803962355, 'learning_rate': 0.0016670952819248864, 'batch_size': 3796}. Best is trial 183 with value: 0.004403234362602234.[0m
[32m[I 2022-11-03 21:14:51,359][0m Trial 548 finished with value: 0.004413585469126701 and parameters: {'nlayers': 12, 'hidden_size': 279, 'dropout': 0.18924600875224587, 'learning_rate': 0.002870461768165778, 'batch_size': 4000}. Best is trial 183 with value: 0.004403234362602234.[0m
[32m[I 2022-11-03 21:14:59,386][0m Trial 549 finished with value: 0.004529941846046001 and parameters: {'nlayers': 13, 'hidden_size': 288, 'dropout': 0.19166683431177578, 'learning_rate': 0.0029441049078943373, 'batch_size': 3924}. Best is trial 183 with value: 0.004403234362602234.[0m
[32m[I 2022-11-03 21:15:08,578][0m Trial 550 finished with value: 0.004449929615269309 and parameters: {'nlayers': 12, 'hidden_size': 335, 'dropout': 0.21297124856981076, 'learning_rate': 0.003226723697631815, 'batch_size': 3998}. Best is trial 183 with value: 0.004403234362602234.[0m
[32m[I 2022-11-03 21:15:15,267][0m Trial 551 finished with value: 0.00457136400458421 and parameters: {'nlayers': 12, 'hidden_size': 242, 'dropout': 0.17595867352858335, 'learning_rate': 0.002842830894713886, 'batch_size': 3865}. Best is trial 183 with value: 0.004403234362602234.[0m
[32m[I 2022-11-03 21:15:26,270][0m Trial 552 finished with value: 0.0044228011785551555 and parameters: {'nlayers': 13, 'hidden_size': 377, 'dropout': 0.2508512070901782, 'learning_rate': 0.003097536806992297, 'batch_size': 3999}. Best is trial 183 with value: 0.004403234362602234.[0m
[32m[I 2022-11-03 21:15:36,791][0m Trial 553 finished with value: 0.004532554126306762 and parameters: {'nlayers': 13, 'hidden_size': 359, 'dropout': 0.2520842480807008, 'learning_rate': 0.00328678195278566, 'batch_size': 3936}. Best is trial 183 with value: 0.004403234362602234.[0m
[32m[I 2022-11-03 21:15:47,723][0m Trial 554 finished with value: 0.004742768358246914 and parameters: {'nlayers': 13, 'hidden_size': 399, 'dropout': 0.1388443048611021, 'learning_rate': 0.002983216539420764, 'batch_size': 3739}. Best is trial 183 with value: 0.004403234362602234.[0m
[32m[I 2022-11-03 21:15:57,708][0m Trial 555 finished with value: 0.004603948399802285 and parameters: {'nlayers': 14, 'hidden_size': 333, 'dropout': 0.4839607413469165, 'learning_rate': 0.0035165454761889405, 'batch_size': 3866}. Best is trial 183 with value: 0.004403234362602234.[0m
[32m[I 2022-11-03 21:16:07,031][0m Trial 556 finished with value: 0.00443997543941411 and parameters: {'nlayers': 14, 'hidden_size': 291, 'dropout': 0.24012108598693332, 'learning_rate': 0.003170235317400609, 'batch_size': 3999}. Best is trial 183 with value: 0.004403234362602234.[0m
[32m[I 2022-11-03 21:16:19,037][0m Trial 557 finished with value: 0.00492486033191325 and parameters: {'nlayers': 13, 'hidden_size': 447, 'dropout': 0.2215404735331274, 'learning_rate': 0.0030965472343891585, 'batch_size': 3591}. Best is trial 183 with value: 0.004403234362602234.[0m
[32m[I 2022-11-03 21:16:29,016][0m Trial 558 finished with value: 0.004540979657360104 and parameters: {'nlayers': 12, 'hidden_size': 375, 'dropout': 0.18740337823161182, 'learning_rate': 0.0027588521326916975, 'batch_size': 3928}. Best is trial 183 with value: 0.004403234362602234.[0m
[32m[I 2022-11-03 21:16:36,721][0m Trial 559 finished with value: 0.004642594246938141 and parameters: {'nlayers': 13, 'hidden_size': 273, 'dropout': 0.17863028837099712, 'learning_rate': 0.0034071671794309033, 'batch_size': 3811}. Best is trial 183 with value: 0.004403234362602234.[0m
[32m[I 2022-11-03 21:16:43,076][0m Trial 560 finished with value: 0.004535044999985075 and parameters: {'nlayers': 12, 'hidden_size': 223, 'dropout': 0.20314207981186547, 'learning_rate': 0.0037251301787753588, 'batch_size': 3931}. Best is trial 183 with value: 0.004403234362602234.[0m
[32m[I 2022-11-03 21:16:54,751][0m Trial 561 finished with value: 0.004598561767898568 and parameters: {'nlayers': 13, 'hidden_size': 409, 'dropout': 0.3050626626071492, 'learning_rate': 0.008818434861276557, 'batch_size': 3863}. Best is trial 183 with value: 0.004403234362602234.[0m
[32m[I 2022-11-03 21:17:04,967][0m Trial 562 finished with value: 0.004428123079240322 and parameters: {'nlayers': 15, 'hidden_size': 307, 'dropout': 0.2433213945361518, 'learning_rate': 0.0029709555934306084, 'batch_size': 4000}. Best is trial 183 with value: 0.004403234362602234.[0m
[32m[I 2022-11-03 21:17:20,037][0m Trial 563 finished with value: 0.0045095640436080275 and parameters: {'nlayers': 14, 'hidden_size': 477, 'dropout': 0.23059171530678874, 'learning_rate': 0.002762838378312237, 'batch_size': 3930}. Best is trial 183 with value: 0.004403234362602234.[0m
[32m[I 2022-11-03 21:17:29,306][0m Trial 564 finished with value: 0.004450201891314214 and parameters: {'nlayers': 12, 'hidden_size': 344, 'dropout': 0.429228870186644, 'learning_rate': 0.0033212345327391563, 'batch_size': 3998}. Best is trial 183 with value: 0.004403234362602234.[0m
[32m[I 2022-11-03 21:17:35,837][0m Trial 565 finished with value: 0.004445832073688507 and parameters: {'nlayers': 12, 'hidden_size': 219, 'dropout': 0.14877508464177422, 'learning_rate': 0.0029978594028128146, 'batch_size': 4000}. Best is trial 183 with value: 0.004403234362602234.[0m
[32m[I 2022-11-03 21:17:47,239][0m Trial 566 finished with value: 0.004719649651902604 and parameters: {'nlayers': 12, 'hidden_size': 436, 'dropout': 0.4420925116565253, 'learning_rate': 0.002655436011149678, 'batch_size': 3772}. Best is trial 183 with value: 0.004403234362602234.[0m
[32m[I 2022-11-03 21:17:54,390][0m Trial 567 finished with value: 0.004572426939775336 and parameters: {'nlayers': 12, 'hidden_size': 262, 'dropout': 0.10373005033517696, 'learning_rate': 0.002829892879417622, 'batch_size': 3866}. Best is trial 183 with value: 0.004403234362602234.[0m
[32m[I 2022-11-03 21:18:09,383][0m Trial 568 finished with value: 0.00454915320272926 and parameters: {'nlayers': 13, 'hidden_size': 502, 'dropout': 0.16101683160852895, 'learning_rate': 0.0014647994212526397, 'batch_size': 3892}. Best is trial 183 with value: 0.004403234362602234.[0m
[32m[I 2022-11-03 21:18:14,950][0m Trial 569 finished with value: 0.0046540961439391305 and parameters: {'nlayers': 11, 'hidden_size': 209, 'dropout': 0.4726387175644087, 'learning_rate': 0.00315480340653998, 'batch_size': 3813}. Best is trial 183 with value: 0.004403234362602234.[0m
[32m[I 2022-11-03 21:18:19,619][0m Trial 570 finished with value: 0.009744252744785025 and parameters: {'nlayers': 13, 'hidden_size': 346, 'dropout': 0.16901655596481663, 'learning_rate': 0.002038916629896612, 'batch_size': 1815}. Best is trial 183 with value: 0.004403234362602234.[0m
[32m[I 2022-11-03 21:18:25,236][0m Trial 571 finished with value: 0.0044351767661959625 and parameters: {'nlayers': 11, 'hidden_size': 181, 'dropout': 0.2311194296710496, 'learning_rate': 0.002467213086103747, 'batch_size': 3999}. Best is trial 183 with value: 0.004403234362602234.[0m
[32m[I 2022-11-03 21:18:35,402][0m Trial 572 finished with value: 0.004504986116826095 and parameters: {'nlayers': 12, 'hidden_size': 383, 'dropout': 0.11424770943898406, 'learning_rate': 0.0012433508737617598, 'batch_size': 3931}. Best is trial 183 with value: 0.004403234362602234.[0m
[32m[I 2022-11-03 21:18:42,059][0m Trial 573 finished with value: 0.00484196774777164 and parameters: {'nlayers': 11, 'hidden_size': 278, 'dropout': 0.21243313287890914, 'learning_rate': 0.0026988263187680854, 'batch_size': 3673}. Best is trial 183 with value: 0.004403234362602234.[0m
[32m[I 2022-11-03 21:18:50,946][0m Trial 574 finished with value: 0.004519362654204517 and parameters: {'nlayers': 8, 'hidden_size': 452, 'dropout': 0.2553008755695639, 'learning_rate': 0.0022324919629425326, 'batch_size': 3922}. Best is trial 183 with value: 0.004403234362602234.[0m
[32m[I 2022-11-03 21:21:04,999][0m Trial 575 finished with value: 0.004640676585708077 and parameters: {'nlayers': 14, 'hidden_size': 1767, 'dropout': 0.4461204230506866, 'learning_rate': 0.0018111939355787614, 'batch_size': 3810}. Best is trial 183 with value: 0.004403234362602234.[0m
[32m[I 2022-11-03 21:21:16,892][0m Trial 576 finished with value: 0.004549507539428987 and parameters: {'nlayers': 9, 'hidden_size': 527, 'dropout': 0.3241976427587715, 'learning_rate': 0.0035210148973414176, 'batch_size': 3926}. Best is trial 183 with value: 0.004403234362602234.[0m
[32m[I 2022-11-03 21:21:22,780][0m Trial 577 finished with value: 0.004426137134693694 and parameters: {'nlayers': 12, 'hidden_size': 183, 'dropout': 0.13407893895662543, 'learning_rate': 0.002985441624309611, 'batch_size': 3998}. Best is trial 183 with value: 0.004403234362602234.[0m
[32m[I 2022-11-03 21:21:28,014][0m Trial 578 finished with value: 0.004576774000874839 and parameters: {'nlayers': 13, 'hidden_size': 146, 'dropout': 0.1317282388095214, 'learning_rate': 0.003372395676953343, 'batch_size': 3866}. Best is trial 183 with value: 0.004403234362602234.[0m
[32m[I 2022-11-03 21:21:33,967][0m Trial 579 finished with value: 0.004429736092686653 and parameters: {'nlayers': 12, 'hidden_size': 187, 'dropout': 0.11900376516165881, 'learning_rate': 0.0030940195882434764, 'batch_size': 4000}. Best is trial 183 with value: 0.004403234362602234.[0m
[32m[I 2022-11-03 21:21:38,319][0m Trial 580 finished with value: 0.004734388329557215 and parameters: {'nlayers': 12, 'hidden_size': 119, 'dropout': 0.1008226144308262, 'learning_rate': 0.0037253635560235616, 'batch_size': 3737}. Best is trial 183 with value: 0.004403234362602234.[0m
[32m[I 2022-11-03 21:21:49,748][0m Trial 581 finished with value: 0.004422963678836823 and parameters: {'nlayers': 23, 'hidden_size': 248, 'dropout': 0.15309362440389923, 'learning_rate': 0.0029580319218160617, 'batch_size': 4000}. Best is trial 183 with value: 0.004403234362602234.[0m
[32m[I 2022-11-03 21:21:56,621][0m Trial 582 finished with value: 0.004611142626232352 and parameters: {'nlayers': 11, 'hidden_size': 265, 'dropout': 0.14531668305306994, 'learning_rate': 0.0032666252513857933, 'batch_size': 3872}. Best is trial 183 with value: 0.004403234362602234.[0m
[32m[I 2022-11-03 21:22:03,842][0m Trial 583 finished with value: 0.004503022091902368 and parameters: {'nlayers': 11, 'hidden_size': 278, 'dropout': 0.19447528202027559, 'learning_rate': 0.001604751399189196, 'batch_size': 3936}. Best is trial 183 with value: 0.004403234362602234.[0m
[32m[I 2022-11-03 21:22:11,950][0m Trial 584 finished with value: 0.004686807048948188 and parameters: {'nlayers': 11, 'hidden_size': 333, 'dropout': 0.4766907763071159, 'learning_rate': 0.0028755483790669873, 'batch_size': 3800}. Best is trial 183 with value: 0.004403234362602234.[0m
[32m[I 2022-11-03 21:22:18,278][0m Trial 585 finished with value: 0.004510461630595089 and parameters: {'nlayers': 11, 'hidden_size': 239, 'dropout': 0.1877022070175734, 'learning_rate': 0.0029960317797719975, 'batch_size': 3922}. Best is trial 183 with value: 0.004403234362602234.[0m
[32m[I 2022-11-03 21:22:31,743][0m Trial 586 finished with value: 0.004609479947754036 and parameters: {'nlayers': 20, 'hidden_size': 342, 'dropout': 0.26194476110659304, 'learning_rate': 0.0019308555814355156, 'batch_size': 3857}. Best is trial 183 with value: 0.004403234362602234.[0m
[32m[I 2022-11-03 21:22:50,536][0m Trial 587 finished with value: 0.004502083726577565 and parameters: {'nlayers': 22, 'hidden_size': 406, 'dropout': 0.159552575297274, 'learning_rate': 0.00319555569021934, 'batch_size': 3935}. Best is trial 183 with value: 0.004403234362602234.[0m
[32m[I 2022-11-03 21:29:39,169][0m Trial 588 finished with value: 0.004747227866675133 and parameters: {'nlayers': 21, 'hidden_size': 2530, 'dropout': 0.48707943440827206, 'learning_rate': 0.0027631908423057312, 'batch_size': 3926}. Best is trial 183 with value: 0.004403234362602234.[0m
[32m[I 2022-11-03 21:29:42,263][0m Trial 589 finished with value: 0.004449960641562938 and parameters: {'nlayers': 1, 'hidden_size': 1000, 'dropout': 0.16064109917843616, 'learning_rate': 0.0004953391400459337, 'batch_size': 4000}. Best is trial 183 with value: 0.004403234362602234.[0m
[32m[I 2022-11-03 21:29:50,325][0m Trial 590 finished with value: 0.00446576800942421 and parameters: {'nlayers': 17, 'hidden_size': 218, 'dropout': 0.22107710470102873, 'learning_rate': 0.0025642500681203333, 'batch_size': 4000}. Best is trial 183 with value: 0.004403234362602234.[0m
[32m[I 2022-11-03 21:29:57,351][0m Trial 591 finished with value: 0.004751710741441133 and parameters: {'nlayers': 10, 'hidden_size': 309, 'dropout': 0.16857261395386763, 'learning_rate': 0.003565735411951303, 'batch_size': 3752}. Best is trial 183 with value: 0.004403234362602234.[0m
[32m[I 2022-11-03 21:30:01,746][0m Trial 592 finished with value: 0.004596717680757853 and parameters: {'nlayers': 10, 'hidden_size': 132, 'dropout': 0.46163351736732733, 'learning_rate': 0.0021428482875974248, 'batch_size': 3859}. Best is trial 183 with value: 0.004403234362602234.[0m
[32m[I 2022-11-03 21:30:04,590][0m Trial 593 finished with value: 0.008522555722826137 and parameters: {'nlayers': 8, 'hidden_size': 251, 'dropout': 0.29975098878141015, 'learning_rate': 0.0016972325820098387, 'batch_size': 2095}. Best is trial 183 with value: 0.004403234362602234.[0m
[32m[I 2022-11-03 21:30:09,336][0m Trial 594 finished with value: 0.007005239207120169 and parameters: {'nlayers': 17, 'hidden_size': 171, 'dropout': 0.12356924142524858, 'learning_rate': 0.002889386459506294, 'batch_size': 2520}. Best is trial 183 with value: 0.004403234362602234.[0m
[32m[I 2022-11-03 21:30:16,247][0m Trial 595 finished with value: 0.012996982370380813 and parameters: {'nlayers': 19, 'hidden_size': 410, 'dropout': 0.47549856774918614, 'learning_rate': 0.00233846907871856, 'batch_size': 1354}. Best is trial 183 with value: 0.004403234362602234.[0m
[32m[I 2022-11-03 21:30:26,159][0m Trial 596 finished with value: 0.004580272394854697 and parameters: {'nlayers': 16, 'hidden_size': 296, 'dropout': 0.28143640980514634, 'learning_rate': 0.0031194743544165782, 'batch_size': 3869}. Best is trial 183 with value: 0.004403234362602234.[0m
[32m[I 2022-11-03 21:30:47,495][0m Trial 597 finished with value: 0.00443826088550002 and parameters: {'nlayers': 20, 'hidden_size': 477, 'dropout': 0.24702127564324983, 'learning_rate': 0.002646976594026257, 'batch_size': 3999}. Best is trial 183 with value: 0.004403234362602234.[0m
[32m[I 2022-11-03 21:30:55,384][0m Trial 598 finished with value: 0.004676564728800054 and parameters: {'nlayers': 9, 'hidden_size': 383, 'dropout': 0.15545564048952587, 'learning_rate': 0.0010291789710277495, 'batch_size': 3804}. Best is trial 183 with value: 0.004403234362602234.[0m
[32m[I 2022-11-03 21:30:59,851][0m Trial 599 finished with value: 0.004527245832386511 and parameters: {'nlayers': 11, 'hidden_size': 115, 'dropout': 0.4612096715734161, 'learning_rate': 0.0014756893828637963, 'batch_size': 3934}. Best is trial 183 with value: 0.004403234362602234.[0m
[32m[I 2022-11-03 21:31:03,449][0m Trial 600 finished with value: 0.004523171808474714 and parameters: {'nlayers': 4, 'hidden_size': 215, 'dropout': 0.12706551647187123, 'learning_rate': 0.002381460244658508, 'batch_size': 3923}. Best is trial 183 with value: 0.004403234362602234.[0m
[32m[I 2022-11-03 21:31:09,949][0m Trial 601 finished with value: 0.004621489850493769 and parameters: {'nlayers': 8, 'hidden_size': 331, 'dropout': 0.2084339152648421, 'learning_rate': 0.0019010683888495891, 'batch_size': 3840}. Best is trial 183 with value: 0.004403234362602234.[0m
[32m[I 2022-11-03 21:31:23,897][0m Trial 602 finished with value: 0.004461261265633791 and parameters: {'nlayers': 10, 'hidden_size': 552, 'dropout': 0.316848025046343, 'learning_rate': 0.003291806359771544, 'batch_size': 3999}. Best is trial 183 with value: 0.004403234362602234.[0m
[32m[I 2022-11-03 21:31:31,819][0m Trial 603 finished with value: 0.0045011101510221705 and parameters: {'nlayers': 23, 'hidden_size': 162, 'dropout': 0.20120905810917677, 'learning_rate': 0.0028447599875338248, 'batch_size': 3918}. Best is trial 183 with value: 0.004403234362602234.[0m
[32m[I 2022-11-03 21:31:52,135][0m Trial 604 finished with value: 0.004740602791389149 and parameters: {'nlayers': 23, 'hidden_size': 431, 'dropout': 0.45209466728359743, 'learning_rate': 0.0021281645345610327, 'batch_size': 3735}. Best is trial 183 with value: 0.004403234362602234.[0m
[32m[I 2022-11-03 21:31:59,381][0m Trial 605 finished with value: 0.004423500784160674 and parameters: {'nlayers': 11, 'hidden_size': 257, 'dropout': 0.4675401670679551, 'learning_rate': 0.0013318636222300092, 'batch_size': 3999}. Best is trial 183 with value: 0.004403234362602234.[0m
[32m[I 2022-11-03 21:32:04,471][0m Trial 606 finished with value: 0.004572922952663809 and parameters: {'nlayers': 15, 'hidden_size': 113, 'dropout': 0.468200201250775, 'learning_rate': 0.0012239923904077265, 'batch_size': 3869}. Best is trial 183 with value: 0.004403234362602234.[0m
