[32m[I 2022-11-04 07:37:27,054][0m Trial 2865 finished with value: 0.00452348843954728 and parameters: {'nlayers': 8, 'hidden_size': 139, 'dropout': 0.34818532276300557, 'learning_rate': 0.0016888514496933588, 'batch_size': 3918}. Best is trial 1603 with value: 0.004398547172546387.[0m
[32m[I 2022-11-04 07:37:32,851][0m Trial 2866 finished with value: 0.004710677639643351 and parameters: {'nlayers': 9, 'hidden_size': 249, 'dropout': 0.3423310272170706, 'learning_rate': 0.0021349685744105735, 'batch_size': 3750}. Best is trial 1603 with value: 0.004398547172546387.[0m
[32m[I 2022-11-04 07:37:41,430][0m Trial 2867 finished with value: 0.004506229634263144 and parameters: {'nlayers': 10, 'hidden_size': 368, 'dropout': 0.365983201761973, 'learning_rate': 0.0019646376394160683, 'batch_size': 3932}. Best is trial 1603 with value: 0.004398547172546387.[0m
[32m[I 2022-11-04 07:37:50,906][0m Trial 2868 finished with value: 0.004592805754037862 and parameters: {'nlayers': 9, 'hidden_size': 442, 'dropout': 0.4656264227024384, 'learning_rate': 0.002331644641845781, 'batch_size': 3867}. Best is trial 1603 with value: 0.004398547172546387.[0m
[32m[I 2022-11-04 07:37:56,093][0m Trial 2869 finished with value: 0.00443832443993996 and parameters: {'nlayers': 8, 'hidden_size': 207, 'dropout': 0.35840071095071624, 'learning_rate': 0.0005956497601384909, 'batch_size': 3999}. Best is trial 1603 with value: 0.004398547172546387.[0m
[32m[I 2022-11-04 07:38:17,573][0m Trial 2870 finished with value: 0.004678571687161344 and parameters: {'nlayers': 19, 'hidden_size': 511, 'dropout': 0.3363263767192328, 'learning_rate': 0.00278008044673862, 'batch_size': 3811}. Best is trial 1603 with value: 0.004398547172546387.[0m
[32m[I 2022-11-04 07:38:24,027][0m Trial 2871 finished with value: 0.004520085841394569 and parameters: {'nlayers': 9, 'hidden_size': 278, 'dropout': 0.37247733315031994, 'learning_rate': 0.0028032286408761803, 'batch_size': 3931}. Best is trial 1603 with value: 0.004398547172546387.[0m
[32m[I 2022-11-04 07:38:32,473][0m Trial 2872 finished with value: 0.005199001614662548 and parameters: {'nlayers': 10, 'hidden_size': 411, 'dropout': 0.3260709869823045, 'learning_rate': 0.0025611954605351283, 'batch_size': 3413}. Best is trial 1603 with value: 0.004398547172546387.[0m
[32m[I 2022-11-04 07:38:35,712][0m Trial 2873 finished with value: 0.004575232572405338 and parameters: {'nlayers': 2, 'hidden_size': 314, 'dropout': 0.3497348766298385, 'learning_rate': 0.0019146826031656138, 'batch_size': 3873}. Best is trial 1603 with value: 0.004398547172546387.[0m
[32m[I 2022-11-04 07:38:45,205][0m Trial 2874 finished with value: 0.004523498044594538 and parameters: {'nlayers': 8, 'hidden_size': 475, 'dropout': 0.29055903847550524, 'learning_rate': 0.0021809868602649927, 'batch_size': 3926}. Best is trial 1603 with value: 0.004398547172546387.[0m
[32m[I 2022-11-04 07:38:48,688][0m Trial 2875 finished with value: 0.004696536365625605 and parameters: {'nlayers': 5, 'hidden_size': 147, 'dropout': 0.47590554713160627, 'learning_rate': 0.001779044784138464, 'batch_size': 3796}. Best is trial 1603 with value: 0.004398547172546387.[0m
[32m[I 2022-11-04 07:39:03,369][0m Trial 2876 finished with value: 0.0045039670427843015 and parameters: {'nlayers': 20, 'hidden_size': 360, 'dropout': 0.23158388031347166, 'learning_rate': 0.0028286822298146416, 'batch_size': 3920}. Best is trial 1603 with value: 0.004398547172546387.[0m
[32m[I 2022-11-04 07:39:15,840][0m Trial 2877 finished with value: 0.004776176142212528 and parameters: {'nlayers': 10, 'hidden_size': 544, 'dropout': 0.3095034634464132, 'learning_rate': 0.0024102841632292525, 'batch_size': 3725}. Best is trial 1603 with value: 0.004398547172546387.[0m
[32m[I 2022-11-04 07:39:20,743][0m Trial 2878 finished with value: 0.004518464067322694 and parameters: {'nlayers': 7, 'hidden_size': 229, 'dropout': 0.464339332523921, 'learning_rate': 0.0007723199520180955, 'batch_size': 3929}. Best is trial 1603 with value: 0.004398547172546387.[0m
[32m[I 2022-11-04 07:39:34,759][0m Trial 2879 finished with value: 0.004588860630588733 and parameters: {'nlayers': 16, 'hidden_size': 406, 'dropout': 0.3413613510104234, 'learning_rate': 0.0025860593426292886, 'batch_size': 3871}. Best is trial 1603 with value: 0.004398547172546387.[0m
[32m[I 2022-11-04 07:39:41,239][0m Trial 2880 finished with value: 0.004520104482207945 and parameters: {'nlayers': 9, 'hidden_size': 278, 'dropout': 0.3338259910610875, 'learning_rate': 0.00165906867569024, 'batch_size': 3924}. Best is trial 1603 with value: 0.004398547172546387.[0m
[32m[I 2022-11-04 07:39:49,575][0m Trial 2881 finished with value: 0.004461370579898358 and parameters: {'nlayers': 10, 'hidden_size': 341, 'dropout': 0.3606567601557475, 'learning_rate': 0.0021531922494311775, 'batch_size': 4000}. Best is trial 1603 with value: 0.004398547172546387.[0m
[32m[I 2022-11-04 07:39:53,859][0m Trial 2882 finished with value: 0.004669032366953675 and parameters: {'nlayers': 7, 'hidden_size': 195, 'dropout': 0.324336771033816, 'learning_rate': 0.0028387577896158045, 'batch_size': 3809}. Best is trial 1603 with value: 0.004398547172546387.[0m
[32m[I 2022-11-04 07:40:03,728][0m Trial 2883 finished with value: 0.004426386319100857 and parameters: {'nlayers': 9, 'hidden_size': 446, 'dropout': 0.31764029769525476, 'learning_rate': 0.0019133341430197632, 'batch_size': 4000}. Best is trial 1603 with value: 0.004398547172546387.[0m
[32m[I 2022-11-04 07:40:10,275][0m Trial 2884 finished with value: 0.004582258187593605 and parameters: {'nlayers': 10, 'hidden_size': 259, 'dropout': 0.3447661015597489, 'learning_rate': 0.0023297668945620087, 'batch_size': 3858}. Best is trial 1603 with value: 0.004398547172546387.[0m
[32m[I 2022-11-04 07:40:21,281][0m Trial 2885 finished with value: 0.004428289458155632 and parameters: {'nlayers': 8, 'hidden_size': 536, 'dropout': 0.4797623966603847, 'learning_rate': 0.0020858494465768526, 'batch_size': 4000}. Best is trial 1603 with value: 0.004398547172546387.[0m
[32m[I 2022-11-04 07:40:35,113][0m Trial 2886 finished with value: 0.0045233069939450594 and parameters: {'nlayers': 18, 'hidden_size': 372, 'dropout': 0.3017393905620216, 'learning_rate': 0.002588516249005699, 'batch_size': 3926}. Best is trial 1603 with value: 0.004398547172546387.[0m
[32m[I 2022-11-04 07:40:48,627][0m Trial 2887 finished with value: 0.0046276656018716875 and parameters: {'nlayers': 22, 'hidden_size': 311, 'dropout': 0.46504246290635365, 'learning_rate': 0.0016707638994592241, 'batch_size': 3819}. Best is trial 1603 with value: 0.004398547172546387.[0m
[32m[I 2022-11-04 07:40:53,080][0m Trial 2888 finished with value: 0.004573838401974912 and parameters: {'nlayers': 9, 'hidden_size': 148, 'dropout': 0.336271827610787, 'learning_rate': 0.0004246243617510734, 'batch_size': 3868}. Best is trial 1603 with value: 0.004398547172546387.[0m
[32m[I 2022-11-04 07:41:02,357][0m Trial 2889 finished with value: 0.00451739323736298 and parameters: {'nlayers': 21, 'hidden_size': 215, 'dropout': 0.3493738567314181, 'learning_rate': 0.004800341861083222, 'batch_size': 3933}. Best is trial 1603 with value: 0.004398547172546387.[0m
[32m[I 2022-11-04 07:41:09,774][0m Trial 2890 finished with value: 0.004799068273083507 and parameters: {'nlayers': 7, 'hidden_size': 440, 'dropout': 0.47191293750671254, 'learning_rate': 0.0028231767148792115, 'batch_size': 3688}. Best is trial 1603 with value: 0.004398547172546387.[0m
[32m[I 2022-11-04 07:41:31,942][0m Trial 2891 finished with value: 0.004420939252566743 and parameters: {'nlayers': 8, 'hidden_size': 842, 'dropout': 0.37613307964739995, 'learning_rate': 0.002009000908666118, 'batch_size': 3999}. Best is trial 1603 with value: 0.004398547172546387.[0m
[32m[I 2022-11-04 07:41:54,728][0m Trial 2892 finished with value: 0.004426056481897831 and parameters: {'nlayers': 20, 'hidden_size': 491, 'dropout': 0.32370530945117015, 'learning_rate': 0.005120642853397342, 'batch_size': 4000}. Best is trial 1603 with value: 0.004398547172546387.[0m
[32m[I 2022-11-04 07:42:02,751][0m Trial 2893 finished with value: 0.004524562336982937 and parameters: {'nlayers': 10, 'hidden_size': 337, 'dropout': 0.33743482296942984, 'learning_rate': 0.0024574693772014657, 'batch_size': 3924}. Best is trial 1603 with value: 0.004398547172546387.[0m
[32m[I 2022-11-04 07:42:13,340][0m Trial 2894 finished with value: 0.0047133441572139 and parameters: {'nlayers': 19, 'hidden_size': 276, 'dropout': 0.3552684130503503, 'learning_rate': 0.0018469148710233765, 'batch_size': 3790}. Best is trial 1603 with value: 0.004398547172546387.[0m
[32m[I 2022-11-04 07:42:18,898][0m Trial 2895 finished with value: 0.004421189963817597 and parameters: {'nlayers': 10, 'hidden_size': 199, 'dropout': 0.3154673027889709, 'learning_rate': 0.002620603375693233, 'batch_size': 4000}. Best is trial 1603 with value: 0.004398547172546387.[0m
[32m[I 2022-11-04 07:42:27,306][0m Trial 2896 finished with value: 0.0045882500005944155 and parameters: {'nlayers': 9, 'hidden_size': 391, 'dropout': 0.36411160739206266, 'learning_rate': 0.0021954601626066332, 'batch_size': 3873}. Best is trial 1603 with value: 0.004398547172546387.[0m
[32m[I 2022-11-04 07:42:48,364][0m Trial 2897 finished with value: 0.0045218188889554235 and parameters: {'nlayers': 21, 'hidden_size': 460, 'dropout': 0.3295226019461912, 'learning_rate': 0.0028223444325940887, 'batch_size': 3927}. Best is trial 1603 with value: 0.004398547172546387.[0m
[32m[I 2022-11-04 07:43:00,635][0m Trial 2898 finished with value: 0.004602877997105014 and parameters: {'nlayers': 9, 'hidden_size': 547, 'dropout': 0.4612714036100346, 'learning_rate': 0.002311161733520821, 'batch_size': 3862}. Best is trial 1603 with value: 0.004398547172546387.[0m
[32m[I 2022-11-04 07:43:04,923][0m Trial 2899 finished with value: 0.004523174593206642 and parameters: {'nlayers': 8, 'hidden_size': 141, 'dropout': 0.3443601456026199, 'learning_rate': 0.0016620207852584828, 'batch_size': 3931}. Best is trial 1603 with value: 0.004398547172546387.[0m
[32m[I 2022-11-04 07:43:19,408][0m Trial 2900 finished with value: 0.004709691882922949 and parameters: {'nlayers': 24, 'hidden_size': 311, 'dropout': 0.4711756953745603, 'learning_rate': 0.009481503001236647, 'batch_size': 3775}. Best is trial 1603 with value: 0.004398547172546387.[0m
[32m[I 2022-11-04 07:43:38,618][0m Trial 2901 finished with value: 0.004442414877622775 and parameters: {'nlayers': 23, 'hidden_size': 393, 'dropout': 0.3066372929703406, 'learning_rate': 0.005443675840584553, 'batch_size': 3999}. Best is trial 1603 with value: 0.004398547172546387.[0m
[32m[I 2022-11-04 07:43:44,293][0m Trial 2902 finished with value: 0.004605430541957643 and parameters: {'nlayers': 10, 'hidden_size': 240, 'dropout': 0.4614186184617976, 'learning_rate': 0.00206750298964326, 'batch_size': 3865}. Best is trial 1603 with value: 0.004398547172546387.[0m
[32m[I 2022-11-04 07:43:55,475][0m Trial 2903 finished with value: 0.004428874254226684 and parameters: {'nlayers': 8, 'hidden_size': 543, 'dropout': 0.3336258566452998, 'learning_rate': 0.0019092934808145434, 'batch_size': 4000}. Best is trial 1603 with value: 0.004398547172546387.[0m
[32m[I 2022-11-04 07:44:03,280][0m Trial 2904 finished with value: 0.0044409354930223304 and parameters: {'nlayers': 9, 'hidden_size': 350, 'dropout': 0.3522194809852112, 'learning_rate': 0.0007234465843379623, 'batch_size': 3999}. Best is trial 1603 with value: 0.004398547172546387.[0m
[32m[I 2022-11-04 07:44:09,986][0m Trial 2905 finished with value: 0.004510554848113132 and parameters: {'nlayers': 10, 'hidden_size': 267, 'dropout': 0.37004273673034616, 'learning_rate': 0.00261412168251696, 'batch_size': 3927}. Best is trial 1603 with value: 0.004398547172546387.[0m
[32m[I 2022-11-04 07:44:14,505][0m Trial 2906 finished with value: 0.004625999111532696 and parameters: {'nlayers': 8, 'hidden_size': 182, 'dropout': 0.4751547144260802, 'learning_rate': 0.002409634721172128, 'batch_size': 3813}. Best is trial 1603 with value: 0.004398547172546387.[0m
[32m[I 2022-11-04 07:44:35,399][0m Trial 2907 finished with value: 0.004822671155880633 and parameters: {'nlayers': 22, 'hidden_size': 458, 'dropout': 0.32579879958808855, 'learning_rate': 0.0027995599786323233, 'batch_size': 3703}. Best is trial 1603 with value: 0.004398547172546387.[0m
[32m[I 2022-11-04 07:44:39,063][0m Trial 2908 finished with value: 0.008480622040849702 and parameters: {'nlayers': 9, 'hidden_size': 317, 'dropout': 0.48015023404716867, 'learning_rate': 0.001680766439146179, 'batch_size': 2094}. Best is trial 1603 with value: 0.004398547172546387.[0m
[32m[I 2022-11-04 07:44:54,538][0m Trial 2909 finished with value: 0.004573174853421047 and parameters: {'nlayers': 19, 'hidden_size': 389, 'dropout': 0.27211239638496937, 'learning_rate': 0.00217437557008721, 'batch_size': 3868}. Best is trial 1603 with value: 0.004398547172546387.[0m
[32m[I 2022-11-04 07:45:17,292][0m Trial 2910 finished with value: 0.004545819776043645 and parameters: {'nlayers': 20, 'hidden_size': 501, 'dropout': 0.34092977157665266, 'learning_rate': 0.0018420211106291388, 'batch_size': 3932}. Best is trial 1603 with value: 0.004398547172546387.[0m
[32m[I 2022-11-04 07:45:23,870][0m Trial 2911 finished with value: 0.004446750871837139 and parameters: {'nlayers': 10, 'hidden_size': 272, 'dropout': 0.29499021012295606, 'learning_rate': 0.002473800067457088, 'batch_size': 4000}. Best is trial 1603 with value: 0.004398547172546387.[0m
[32m[I 2022-11-04 07:45:28,089][0m Trial 2912 finished with value: 0.004512490268757789 and parameters: {'nlayers': 9, 'hidden_size': 126, 'dropout': 0.46083705517247664, 'learning_rate': 0.0028256709377972385, 'batch_size': 3927}. Best is trial 1603 with value: 0.004398547172546387.[0m
[32m[I 2022-11-04 07:45:33,512][0m Trial 2913 finished with value: 0.004682483003757154 and parameters: {'nlayers': 10, 'hidden_size': 206, 'dropout': 0.3336969509278554, 'learning_rate': 0.0023048173687664343, 'batch_size': 3806}. Best is trial 1603 with value: 0.004398547172546387.[0m
[32m[I 2022-11-04 07:45:51,536][0m Trial 2914 finished with value: 0.004589139260062876 and parameters: {'nlayers': 21, 'hidden_size': 409, 'dropout': 0.31836290378147164, 'learning_rate': 0.0019481822529170197, 'batch_size': 3870}. Best is trial 1603 with value: 0.004398547172546387.[0m
[32m[I 2022-11-04 07:47:07,772][0m Trial 2915 finished with value: 0.004741782744828038 and parameters: {'nlayers': 7, 'hidden_size': 1967, 'dropout': 0.3466001725269153, 'learning_rate': 0.002902299166600818, 'batch_size': 3877}. Best is trial 1603 with value: 0.004398547172546387.[0m
[32m[I 2022-11-04 07:47:21,386][0m Trial 2916 finished with value: 0.00449958852454754 and parameters: {'nlayers': 10, 'hidden_size': 545, 'dropout': 0.3617492513490741, 'learning_rate': 0.0025919440837136654, 'batch_size': 3922}. Best is trial 1603 with value: 0.004398547172546387.[0m
[32m[I 2022-11-04 07:47:28,385][0m Trial 2917 finished with value: 0.004726313901898183 and parameters: {'nlayers': 9, 'hidden_size': 331, 'dropout': 0.3785455492060831, 'learning_rate': 0.002095966339182962, 'batch_size': 3737}. Best is trial 1603 with value: 0.004398547172546387.[0m
[32m[I 2022-11-04 07:47:34,022][0m Trial 2918 finished with value: 0.004520358886879072 and parameters: {'nlayers': 8, 'hidden_size': 257, 'dropout': 0.4690321474473263, 'learning_rate': 0.0016962057350544345, 'batch_size': 3926}. Best is trial 1603 with value: 0.004398547172546387.[0m
[32m[I 2022-11-04 07:47:44,398][0m Trial 2919 finished with value: 0.004529533240173332 and parameters: {'nlayers': 9, 'hidden_size': 469, 'dropout': 0.327239037010535, 'learning_rate': 0.0023328551380768637, 'batch_size': 3934}. Best is trial 1603 with value: 0.004398547172546387.[0m
[32m[I 2022-11-04 07:47:57,928][0m Trial 2920 finished with value: 0.004504605468197685 and parameters: {'nlayers': 17, 'hidden_size': 371, 'dropout': 0.21917924573461073, 'learning_rate': 0.0073800341356523545, 'batch_size': 3999}. Best is trial 1603 with value: 0.004398547172546387.[0m
[32m[I 2022-11-04 07:48:02,410][0m Trial 2921 finished with value: 0.004650442768450081 and parameters: {'nlayers': 9, 'hidden_size': 176, 'dropout': 0.25678898224712804, 'learning_rate': 0.002837509305695887, 'batch_size': 3813}. Best is trial 1603 with value: 0.004398547172546387.[0m
[32m[I 2022-11-04 07:48:09,929][0m Trial 2922 finished with value: 0.004605143322080243 and parameters: {'nlayers': 10, 'hidden_size': 313, 'dropout': 0.3537427816007172, 'learning_rate': 0.00025631871149061784, 'batch_size': 3867}. Best is trial 1603 with value: 0.004398547172546387.[0m
[32m[I 2022-11-04 07:48:18,949][0m Trial 2923 finished with value: 0.004501524354567876 and parameters: {'nlayers': 18, 'hidden_size': 237, 'dropout': 0.3115007239551425, 'learning_rate': 0.002614123904728626, 'batch_size': 3931}. Best is trial 1603 with value: 0.004398547172546387.[0m
[32m[I 2022-11-04 07:48:34,840][0m Trial 2924 finished with value: 0.005022086080402762 and parameters: {'nlayers': 20, 'hidden_size': 415, 'dropout': 0.2827150410403752, 'learning_rate': 0.0019187562802465941, 'batch_size': 3522}. Best is trial 1603 with value: 0.004398547172546387.[0m
[32m[I 2022-11-04 07:49:02,206][0m Trial 2925 finished with value: 0.0045158386745739005 and parameters: {'nlayers': 22, 'hidden_size': 541, 'dropout': 0.4805729552226675, 'learning_rate': 0.0021462873441743923, 'batch_size': 3933}. Best is trial 1603 with value: 0.004398547172546387.[0m
[32m[I 2022-11-04 07:49:09,193][0m Trial 2926 finished with value: 0.004701734634867886 and parameters: {'nlayers': 23, 'hidden_size': 123, 'dropout': 0.3401760221514434, 'learning_rate': 0.001619687928006226, 'batch_size': 3762}. Best is trial 1603 with value: 0.004398547172546387.[0m
[32m[I 2022-11-04 07:49:16,842][0m Trial 2927 finished with value: 0.004611062247419643 and parameters: {'nlayers': 10, 'hidden_size': 332, 'dropout': 0.45761250589230246, 'learning_rate': 0.0024094136847178497, 'batch_size': 3839}. Best is trial 1603 with value: 0.004398547172546387.[0m
[32m[I 2022-11-04 07:49:26,156][0m Trial 2928 finished with value: 0.004436734879297158 and parameters: {'nlayers': 8, 'hidden_size': 453, 'dropout': 0.46726620217765297, 'learning_rate': 0.00181377557701735, 'batch_size': 3998}. Best is trial 1603 with value: 0.004398547172546387.[0m
[32m[I 2022-11-04 07:49:37,005][0m Trial 2929 finished with value: 0.0044477997451580955 and parameters: {'nlayers': 19, 'hidden_size': 271, 'dropout': 0.3323043279441133, 'learning_rate': 0.004971295637312229, 'batch_size': 3999}. Best is trial 1603 with value: 0.004398547172546387.[0m
[32m[I 2022-11-04 07:49:45,557][0m Trial 2930 finished with value: 0.004581456649894557 and parameters: {'nlayers': 10, 'hidden_size': 372, 'dropout': 0.36865657019649556, 'learning_rate': 0.005721472750997249, 'batch_size': 3872}. Best is trial 1603 with value: 0.004398547172546387.[0m
[32m[I 2022-11-04 07:49:50,483][0m Trial 2931 finished with value: 0.004445763006806373 and parameters: {'nlayers': 9, 'hidden_size': 177, 'dropout': 0.3469294148138633, 'learning_rate': 0.002119407757343579, 'batch_size': 4000}. Best is trial 1603 with value: 0.004398547172546387.[0m
[32m[I 2022-11-04 07:49:59,371][0m Trial 2932 finished with value: 0.004541331242676967 and parameters: {'nlayers': 7, 'hidden_size': 491, 'dropout': 0.31874124488836925, 'learning_rate': 0.0028605233137944074, 'batch_size': 3926}. Best is trial 1603 with value: 0.004398547172546387.[0m
[32m[I 2022-11-04 07:50:04,968][0m Trial 2933 finished with value: 0.004862700152547351 and parameters: {'nlayers': 9, 'hidden_size': 243, 'dropout': 0.3542491895009299, 'learning_rate': 0.0006191312973834355, 'batch_size': 3651}. Best is trial 1603 with value: 0.004398547172546387.[0m
[32m[I 2022-11-04 07:50:17,683][0m Trial 2934 finished with value: 0.004510131783783435 and parameters: {'nlayers': 8, 'hidden_size': 567, 'dropout': 0.3408901055249879, 'learning_rate': 0.0008698678109767281, 'batch_size': 4000}. Best is trial 1603 with value: 0.004398547172546387.[0m
[32m[I 2022-11-04 07:50:24,960][0m Trial 2935 finished with value: 0.004658113087569009 and parameters: {'nlayers': 10, 'hidden_size': 306, 'dropout': 0.47854459270139615, 'learning_rate': 0.002655638356697779, 'batch_size': 3810}. Best is trial 1603 with value: 0.004398547172546387.[0m
[32m[I 2022-11-04 07:50:42,012][0m Trial 2936 finished with value: 0.004518841450698996 and parameters: {'nlayers': 21, 'hidden_size': 389, 'dropout': 0.4588963368721828, 'learning_rate': 0.0022251063977480052, 'batch_size': 3926}. Best is trial 1603 with value: 0.004398547172546387.[0m
[32m[I 2022-11-04 07:50:57,909][0m Trial 2937 finished with value: 0.0045930609384391766 and parameters: {'nlayers': 16, 'hidden_size': 450, 'dropout': 0.3281077896996816, 'learning_rate': 0.0029049067068262825, 'batch_size': 3868}. Best is trial 1603 with value: 0.004398547172546387.[0m
[32m[I 2022-11-04 07:51:02,577][0m Trial 2938 finished with value: 0.004765101205801817 and parameters: {'nlayers': 8, 'hidden_size': 203, 'dropout': 0.15037886562743413, 'learning_rate': 0.0016503843061309914, 'batch_size': 3737}. Best is trial 1603 with value: 0.004398547172546387.[0m
[32m[I 2022-11-04 07:51:06,856][0m Trial 2939 finished with value: 0.004450268231332302 and parameters: {'nlayers': 9, 'hidden_size': 127, 'dropout': 0.3347338227867936, 'learning_rate': 0.00187193231354641, 'batch_size': 4000}. Best is trial 1603 with value: 0.004398547172546387.[0m
