[32m[I 2022-11-03 22:03:15,141][0m Trial 683 finished with value: 0.004561622157128587 and parameters: {'nlayers': 8, 'hidden_size': 859, 'dropout': 0.41094550669545915, 'learning_rate': 0.002990820452947538, 'batch_size': 3908}. Best is trial 183 with value: 0.004403234362602234.[0m
[32m[I 2022-11-03 22:03:31,811][0m Trial 684 finished with value: 0.0045582391397530585 and parameters: {'nlayers': 9, 'hidden_size': 662, 'dropout': 0.4320953923691225, 'learning_rate': 0.003545270780619307, 'batch_size': 3928}. Best is trial 183 with value: 0.004403234362602234.[0m
[32m[I 2022-11-03 22:03:43,061][0m Trial 685 finished with value: 0.00489034955205566 and parameters: {'nlayers': 9, 'hidden_size': 533, 'dropout': 0.40106399701373097, 'learning_rate': 0.0032388720292137055, 'batch_size': 3665}. Best is trial 183 with value: 0.004403234362602234.[0m
[32m[I 2022-11-03 22:04:07,760][0m Trial 686 finished with value: 0.004607325879372093 and parameters: {'nlayers': 7, 'hidden_size': 1032, 'dropout': 0.43849480952318903, 'learning_rate': 0.0029002716241083373, 'batch_size': 3834}. Best is trial 183 with value: 0.004403234362602234.[0m
[32m[I 2022-11-03 22:04:17,043][0m Trial 687 finished with value: 0.004510568954595705 and parameters: {'nlayers': 8, 'hidden_size': 459, 'dropout': 0.4189261667595614, 'learning_rate': 0.003643213318533358, 'batch_size': 3936}. Best is trial 183 with value: 0.004403234362602234.[0m
[32m[I 2022-11-03 22:04:37,147][0m Trial 688 finished with value: 0.004763777265561439 and parameters: {'nlayers': 10, 'hidden_size': 732, 'dropout': 0.42400342494012044, 'learning_rate': 0.0031081881024958274, 'batch_size': 3745}. Best is trial 183 with value: 0.004403234362602234.[0m
[32m[I 2022-11-03 22:04:52,789][0m Trial 689 finished with value: 0.0044483905259686644 and parameters: {'nlayers': 9, 'hidden_size': 632, 'dropout': 0.3638183210932686, 'learning_rate': 0.002791448618755528, 'batch_size': 3997}. Best is trial 183 with value: 0.004403234362602234.[0m
[32m[I 2022-11-03 22:05:07,963][0m Trial 690 finished with value: 0.004584662152523816 and parameters: {'nlayers': 10, 'hidden_size': 581, 'dropout': 0.4433679583403785, 'learning_rate': 0.0032246419943414146, 'batch_size': 3856}. Best is trial 183 with value: 0.004403234362602234.[0m
[32m[I 2022-11-03 22:05:16,376][0m Trial 691 finished with value: 0.0045476595494971074 and parameters: {'nlayers': 9, 'hidden_size': 400, 'dropout': 0.4303358903351566, 'learning_rate': 0.0025919189719935004, 'batch_size': 3929}. Best is trial 183 with value: 0.004403234362602234.[0m
[32m[I 2022-11-03 22:05:32,898][0m Trial 692 finished with value: 0.004601234551856068 and parameters: {'nlayers': 8, 'hidden_size': 736, 'dropout': 0.4362766601617409, 'learning_rate': 0.002908913855783508, 'batch_size': 3870}. Best is trial 183 with value: 0.004403234362602234.[0m
[32m[I 2022-11-03 22:05:44,185][0m Trial 693 finished with value: 0.004524452601873684 and parameters: {'nlayers': 10, 'hidden_size': 470, 'dropout': 0.38278664187658273, 'learning_rate': 0.003307472027202381, 'batch_size': 3939}. Best is trial 183 with value: 0.004403234362602234.[0m
[32m[I 2022-11-03 22:06:06,294][0m Trial 694 finished with value: 0.004728001708591626 and parameters: {'nlayers': 8, 'hidden_size': 854, 'dropout': 0.23606666046268354, 'learning_rate': 0.002643039543359233, 'batch_size': 3788}. Best is trial 183 with value: 0.004403234362602234.[0m
[32m[I 2022-11-03 22:06:18,460][0m Trial 695 finished with value: 0.0044244578195291925 and parameters: {'nlayers': 9, 'hidden_size': 525, 'dropout': 0.4455984413231788, 'learning_rate': 0.003069688298458542, 'batch_size': 3999}. Best is trial 183 with value: 0.004403234362602234.[0m
[32m[I 2022-11-03 22:06:30,631][0m Trial 696 finished with value: 0.004522536684348951 and parameters: {'nlayers': 10, 'hidden_size': 501, 'dropout': 0.20732402349518264, 'learning_rate': 0.0030958013280352834, 'batch_size': 3916}. Best is trial 183 with value: 0.004403234362602234.[0m
[32m[I 2022-11-03 22:06:40,230][0m Trial 697 finished with value: 0.004443998734752934 and parameters: {'nlayers': 9, 'hidden_size': 426, 'dropout': 0.4489285700702934, 'learning_rate': 0.0034401620059768554, 'batch_size': 3996}. Best is trial 183 with value: 0.004403234362602234.[0m
[32m[I 2022-11-03 22:06:52,383][0m Trial 698 finished with value: 0.004436285920845446 and parameters: {'nlayers': 9, 'hidden_size': 527, 'dropout': 0.39078996418924167, 'learning_rate': 0.003089636040973209, 'batch_size': 3999}. Best is trial 183 with value: 0.004403234362602234.[0m
[32m[I 2022-11-03 22:06:57,983][0m Trial 699 finished with value: 0.006774783848627931 and parameters: {'nlayers': 10, 'hidden_size': 362, 'dropout': 0.10926212457985762, 'learning_rate': 0.003294913942528551, 'batch_size': 2629}. Best is trial 183 with value: 0.004403234362602234.[0m
[32m[I 2022-11-03 22:07:09,693][0m Trial 700 finished with value: 0.004603513835312484 and parameters: {'nlayers': 9, 'hidden_size': 534, 'dropout': 0.39636895859663573, 'learning_rate': 0.0029446182521046197, 'batch_size': 3850}. Best is trial 183 with value: 0.004403234362602234.[0m
[32m[I 2022-11-03 22:07:21,088][0m Trial 701 finished with value: 0.004515645634226438 and parameters: {'nlayers': 11, 'hidden_size': 439, 'dropout': 0.45398087959377, 'learning_rate': 0.003505726257828058, 'batch_size': 3927}. Best is trial 183 with value: 0.004403234362602234.[0m
[32m[I 2022-11-03 22:07:52,765][0m Trial 702 finished with value: 0.0046559769883516835 and parameters: {'nlayers': 23, 'hidden_size': 572, 'dropout': 0.17868952375696787, 'learning_rate': 0.003915945811289519, 'batch_size': 3804}. Best is trial 183 with value: 0.004403234362602234.[0m
[32m[I 2022-11-03 22:08:05,032][0m Trial 703 finished with value: 0.004551514192906525 and parameters: {'nlayers': 10, 'hidden_size': 497, 'dropout': 0.13663032997037264, 'learning_rate': 0.0028624195132246973, 'batch_size': 3922}. Best is trial 183 with value: 0.004403234362602234.[0m
[32m[I 2022-11-03 22:08:12,771][0m Trial 704 finished with value: 0.004770337763519534 and parameters: {'nlayers': 9, 'hidden_size': 383, 'dropout': 0.4450875163521202, 'learning_rate': 0.003120558004260965, 'batch_size': 3707}. Best is trial 183 with value: 0.004403234362602234.[0m
[32m[I 2022-11-03 22:08:20,753][0m Trial 705 finished with value: 0.004455993473529815 and parameters: {'nlayers': 10, 'hidden_size': 322, 'dropout': 0.3073923309597617, 'learning_rate': 0.0033222808285070984, 'batch_size': 4000}. Best is trial 183 with value: 0.004403234362602234.[0m
[32m[I 2022-11-03 22:08:35,941][0m Trial 706 finished with value: 0.004583118665545207 and parameters: {'nlayers': 15, 'hidden_size': 450, 'dropout': 0.46089132605144395, 'learning_rate': 0.004175251002104001, 'batch_size': 3866}. Best is trial 183 with value: 0.004403234362602234.[0m
[32m[I 2022-11-03 22:08:52,713][0m Trial 707 finished with value: 0.004520414432658096 and parameters: {'nlayers': 11, 'hidden_size': 574, 'dropout': 0.45128406419052475, 'learning_rate': 0.003633159891055997, 'batch_size': 3931}. Best is trial 183 with value: 0.004403234362602234.[0m
[32m[I 2022-11-03 22:08:58,957][0m Trial 708 finished with value: 0.004600786925348912 and parameters: {'nlayers': 9, 'hidden_size': 276, 'dropout': 0.46800017829274226, 'learning_rate': 0.0028160059627908088, 'batch_size': 3866}. Best is trial 183 with value: 0.004403234362602234.[0m
[32m[I 2022-11-03 22:09:07,863][0m Trial 709 finished with value: 0.004704237797402388 and parameters: {'nlayers': 10, 'hidden_size': 396, 'dropout': 0.41155475046612083, 'learning_rate': 0.0030216072988557305, 'batch_size': 3775}. Best is trial 183 with value: 0.004403234362602234.[0m
[32m[I 2022-11-03 22:09:20,016][0m Trial 710 finished with value: 0.004504761397762779 and parameters: {'nlayers': 10, 'hidden_size': 489, 'dropout': 0.4864295648606225, 'learning_rate': 0.002831000634175011, 'batch_size': 3931}. Best is trial 183 with value: 0.004403234362602234.[0m
[32m[I 2022-11-03 22:09:26,554][0m Trial 711 finished with value: 0.004443737864494324 and parameters: {'nlayers': 9, 'hidden_size': 275, 'dropout': 0.16367380581512567, 'learning_rate': 0.0031865211698676767, 'batch_size': 4000}. Best is trial 183 with value: 0.004403234362602234.[0m
[32m[I 2022-11-03 22:09:44,014][0m Trial 712 finished with value: 0.004450047551229257 and parameters: {'nlayers': 11, 'hidden_size': 596, 'dropout': 0.35549400474125725, 'learning_rate': 0.002678895996535601, 'batch_size': 3999}. Best is trial 183 with value: 0.004403234362602234.[0m
[32m[I 2022-11-03 22:09:53,521][0m Trial 713 finished with value: 0.004432028450071812 and parameters: {'nlayers': 11, 'hidden_size': 372, 'dropout': 0.4452896286833211, 'learning_rate': 0.002998828739624552, 'batch_size': 4000}. Best is trial 183 with value: 0.004403234362602234.[0m
[32m[I 2022-11-03 22:10:04,374][0m Trial 714 finished with value: 0.004618744619780168 and parameters: {'nlayers': 9, 'hidden_size': 489, 'dropout': 0.21739834964597923, 'learning_rate': 0.003464095944652381, 'batch_size': 3855}. Best is trial 183 with value: 0.004403234362602234.[0m
[32m[I 2022-11-03 22:10:18,134][0m Trial 715 finished with value: 0.004628042187493593 and parameters: {'nlayers': 10, 'hidden_size': 557, 'dropout': 0.4558517848181952, 'learning_rate': 0.00268633258501525, 'batch_size': 3870}. Best is trial 183 with value: 0.004403234362602234.[0m
[32m[I 2022-11-03 22:10:27,137][0m Trial 716 finished with value: 0.004501796710821896 and parameters: {'nlayers': 18, 'hidden_size': 235, 'dropout': 0.47069986508728007, 'learning_rate': 0.0038054160713842018, 'batch_size': 3929}. Best is trial 183 with value: 0.004403234362602234.[0m
[32m[I 2022-11-03 22:10:34,129][0m Trial 717 finished with value: 0.004706409427063661 and parameters: {'nlayers': 9, 'hidden_size': 342, 'dropout': 0.4597806494358309, 'learning_rate': 0.003344130325244304, 'batch_size': 3784}. Best is trial 183 with value: 0.004403234362602234.[0m
[32m[I 2022-11-03 22:10:53,153][0m Trial 718 finished with value: 0.004517638312877591 and parameters: {'nlayers': 11, 'hidden_size': 633, 'dropout': 0.3708237753234668, 'learning_rate': 0.0008212695973044253, 'batch_size': 3926}. Best is trial 183 with value: 0.004403234362602234.[0m
[32m[I 2022-11-03 22:11:03,058][0m Trial 719 finished with value: 0.004682486933939801 and parameters: {'nlayers': 10, 'hidden_size': 430, 'dropout': 0.2589508583489284, 'learning_rate': 0.003010953764560684, 'batch_size': 3817}. Best is trial 183 with value: 0.004403234362602234.[0m
[32m[I 2022-11-03 22:11:09,379][0m Trial 720 finished with value: 0.004536040935720404 and parameters: {'nlayers': 9, 'hidden_size': 279, 'dropout': 0.4366563252745803, 'learning_rate': 0.0025586782476326895, 'batch_size': 3926}. Best is trial 183 with value: 0.004403234362602234.[0m
[32m[I 2022-11-03 22:11:13,343][0m Trial 721 finished with value: 0.0047752042986312 and parameters: {'nlayers': 11, 'hidden_size': 108, 'dropout': 0.27326214137470795, 'learning_rate': 0.0027781343718765476, 'batch_size': 3710}. Best is trial 183 with value: 0.004403234362602234.[0m
[32m[I 2022-11-03 22:11:25,878][0m Trial 722 finished with value: 0.004573035312636307 and parameters: {'nlayers': 10, 'hidden_size': 522, 'dropout': 0.4443718184545368, 'learning_rate': 0.0029219968714243043, 'batch_size': 3866}. Best is trial 183 with value: 0.004403234362602234.[0m
[32m[I 2022-11-03 22:11:54,652][0m Trial 723 finished with value: 0.004458074586996142 and parameters: {'nlayers': 17, 'hidden_size': 622, 'dropout': 0.47968507786076464, 'learning_rate': 0.0032093852474339695, 'batch_size': 3998}. Best is trial 183 with value: 0.004403234362602234.[0m
[32m[I 2022-11-03 22:11:59,328][0m Trial 724 finished with value: 0.004511169605194383 and parameters: {'nlayers': 8, 'hidden_size': 197, 'dropout': 0.29894127147363425, 'learning_rate': 0.003623172845630522, 'batch_size': 3925}. Best is trial 183 with value: 0.004403234362602234.[0m
[32m[I 2022-11-03 22:12:57,419][0m Trial 725 finished with value: 0.004446256169681253 and parameters: {'nlayers': 9, 'hidden_size': 1415, 'dropout': 0.1974416915876659, 'learning_rate': 0.002438968409886531, 'batch_size': 3998}. Best is trial 183 with value: 0.004403234362602234.[0m
[32m[I 2022-11-03 22:13:05,490][0m Trial 726 finished with value: 0.004884560705873263 and parameters: {'nlayers': 12, 'hidden_size': 321, 'dropout': 0.46405325615763343, 'learning_rate': 0.0011086214727211623, 'batch_size': 3630}. Best is trial 183 with value: 0.004403234362602234.[0m
[32m[I 2022-11-03 22:14:22,129][0m Trial 727 finished with value: 0.004677580260267793 and parameters: {'nlayers': 24, 'hidden_size': 961, 'dropout': 0.42881258745984435, 'learning_rate': 0.003156478005405125, 'batch_size': 3814}. Best is trial 183 with value: 0.004403234362602234.[0m
[32m[I 2022-11-03 22:14:32,517][0m Trial 728 finished with value: 0.004592708985318817 and parameters: {'nlayers': 10, 'hidden_size': 460, 'dropout': 0.4523575784712266, 'learning_rate': 0.002762587888363729, 'batch_size': 3870}. Best is trial 183 with value: 0.004403234362602234.[0m
[32m[I 2022-11-03 22:15:09,453][0m Trial 729 finished with value: 0.0047052889834833505 and parameters: {'nlayers': 3, 'hidden_size': 2490, 'dropout': 0.4745266356630203, 'learning_rate': 0.004029790394090969, 'batch_size': 3930}. Best is trial 183 with value: 0.004403234362602234.[0m
[32m[I 2022-11-03 22:15:43,445][0m Trial 730 finished with value: 0.004453432433307171 and parameters: {'nlayers': 8, 'hidden_size': 1136, 'dropout': 0.498568666676378, 'learning_rate': 0.003424322723095624, 'batch_size': 4000}. Best is trial 183 with value: 0.004403234362602234.[0m
[32m[I 2022-11-03 22:15:53,190][0m Trial 731 finished with value: 0.004498562871437676 and parameters: {'nlayers': 11, 'hidden_size': 395, 'dropout': 0.45709151564138345, 'learning_rate': 0.002493691044285017, 'batch_size': 3924}. Best is trial 183 with value: 0.004403234362602234.[0m
[32m[I 2022-11-03 22:16:06,206][0m Trial 732 finished with value: 0.004739837966662803 and parameters: {'nlayers': 9, 'hidden_size': 581, 'dropout': 0.4413121051869485, 'learning_rate': 0.004285360527634239, 'batch_size': 3753}. Best is trial 183 with value: 0.004403234362602234.[0m
[32m[I 2022-11-03 22:17:26,419][0m Trial 733 finished with value: 0.0044564870736932246 and parameters: {'nlayers': 5, 'hidden_size': 2654, 'dropout': 0.46697308301773743, 'learning_rate': 0.002959211924929094, 'batch_size': 3999}. Best is trial 183 with value: 0.004403234362602234.[0m
[32m[I 2022-11-03 22:17:29,701][0m Trial 734 finished with value: 0.004617635761288672 and parameters: {'nlayers': 10, 'hidden_size': 53, 'dropout': 0.4177852651282202, 'learning_rate': 0.002266587879325722, 'batch_size': 3858}. Best is trial 183 with value: 0.004403234362602234.[0m
[32m[I 2022-11-03 22:17:35,730][0m Trial 735 finished with value: 0.004513624197473718 and parameters: {'nlayers': 11, 'hidden_size': 228, 'dropout': 0.44808794221899195, 'learning_rate': 0.002607595592733507, 'batch_size': 3929}. Best is trial 183 with value: 0.004403234362602234.[0m
[32m[I 2022-11-03 22:17:45,085][0m Trial 736 finished with value: 0.004677526074885322 and parameters: {'nlayers': 8, 'hidden_size': 504, 'dropout': 0.4328600442317712, 'learning_rate': 0.0030567517208215677, 'batch_size': 3816}. Best is trial 183 with value: 0.004403234362602234.[0m
[32m[I 2022-11-03 22:17:49,880][0m Trial 737 finished with value: 0.004578243176019352 and parameters: {'nlayers': 12, 'hidden_size': 146, 'dropout': 0.4851244298067678, 'learning_rate': 0.0006596845369002818, 'batch_size': 3876}. Best is trial 183 with value: 0.004403234362602234.[0m
[32m[I 2022-11-03 22:17:57,104][0m Trial 738 finished with value: 0.004410149939358235 and parameters: {'nlayers': 9, 'hidden_size': 327, 'dropout': 0.39728301330663857, 'learning_rate': 0.0028007104291651267, 'batch_size': 4000}. Best is trial 183 with value: 0.004403234362602234.[0m
[32m[I 2022-11-03 22:18:04,332][0m Trial 739 finished with value: 0.004518942020004385 and parameters: {'nlayers': 10, 'hidden_size': 316, 'dropout': 0.41674858139934534, 'learning_rate': 0.002420816332347857, 'batch_size': 3927}. Best is trial 183 with value: 0.004403234362602234.[0m
[32m[I 2022-11-03 22:18:12,033][0m Trial 740 finished with value: 0.004418089169804887 and parameters: {'nlayers': 11, 'hidden_size': 295, 'dropout': 0.3899657278309067, 'learning_rate': 0.002815730535918054, 'batch_size': 3999}. Best is trial 183 with value: 0.004403234362602234.[0m
[32m[I 2022-11-03 22:18:19,637][0m Trial 741 finished with value: 0.004588491936027619 and parameters: {'nlayers': 12, 'hidden_size': 290, 'dropout': 0.39433712489020123, 'learning_rate': 0.0026924357439425855, 'batch_size': 3877}. Best is trial 183 with value: 0.004403234362602234.[0m
[32m[I 2022-11-03 22:18:28,046][0m Trial 742 finished with value: 0.004726667533460797 and parameters: {'nlayers': 11, 'hidden_size': 362, 'dropout': 0.3788344554107818, 'learning_rate': 0.002683773512536919, 'batch_size': 3762}. Best is trial 183 with value: 0.004403234362602234.[0m
[32m[I 2022-11-03 22:18:35,477][0m Trial 743 finished with value: 0.004420174613595009 and parameters: {'nlayers': 12, 'hidden_size': 268, 'dropout': 0.3958791872461122, 'learning_rate': 0.002823971479010169, 'batch_size': 4000}. Best is trial 183 with value: 0.004403234362602234.[0m
[32m[I 2022-11-03 22:18:44,085][0m Trial 744 finished with value: 0.0045391430664815146 and parameters: {'nlayers': 13, 'hidden_size': 306, 'dropout': 0.3908620428079512, 'learning_rate': 0.002793525649444103, 'batch_size': 3928}. Best is trial 183 with value: 0.004403234362602234.[0m
[32m[I 2022-11-03 22:18:51,310][0m Trial 745 finished with value: 0.004425284847617149 and parameters: {'nlayers': 13, 'hidden_size': 248, 'dropout': 0.39784707894350974, 'learning_rate': 0.0027989226908933114, 'batch_size': 4000}. Best is trial 183 with value: 0.004403234362602234.[0m
[32m[I 2022-11-03 22:18:57,058][0m Trial 746 finished with value: 0.004560687241778857 and parameters: {'nlayers': 7, 'hidden_size': 342, 'dropout': 0.3966468476843964, 'learning_rate': 0.002452514864929976, 'batch_size': 3864}. Best is trial 183 with value: 0.004403234362602234.[0m
[32m[I 2022-11-03 22:19:02,498][0m Trial 747 finished with value: 0.004664272922096072 and parameters: {'nlayers': 12, 'hidden_size': 203, 'dropout': 0.3873664696289491, 'learning_rate': 0.0025569400496130105, 'batch_size': 3812}. Best is trial 183 with value: 0.004403234362602234.[0m
[32m[I 2022-11-03 22:19:10,105][0m Trial 748 finished with value: 0.0045109917340994485 and parameters: {'nlayers': 12, 'hidden_size': 285, 'dropout': 0.39800732386371274, 'learning_rate': 0.00017956897495706274, 'batch_size': 3930}. Best is trial 183 with value: 0.004403234362602234.[0m
[32m[I 2022-11-03 22:19:19,064][0m Trial 749 finished with value: 0.0045622014200564515 and parameters: {'nlayers': 13, 'hidden_size': 330, 'dropout': 0.38303861520697857, 'learning_rate': 0.0028913285355612367, 'batch_size': 3880}. Best is trial 183 with value: 0.004403234362602234.[0m
[32m[I 2022-11-03 22:19:36,122][0m Trial 750 finished with value: 0.004432135453728564 and parameters: {'nlayers': 21, 'hidden_size': 391, 'dropout': 0.419508504007251, 'learning_rate': 0.0026034571623258953, 'batch_size': 3999}. Best is trial 183 with value: 0.004403234362602234.[0m
[32m[I 2022-11-03 22:19:41,522][0m Trial 751 finished with value: 0.00479049722449987 and parameters: {'nlayers': 12, 'hidden_size': 202, 'dropout': 0.38153429228659225, 'learning_rate': 0.002830135756453577, 'batch_size': 3711}. Best is trial 183 with value: 0.004403234362602234.[0m
[32m[I 2022-11-03 22:19:48,324][0m Trial 752 finished with value: 0.004519066813950511 and parameters: {'nlayers': 12, 'hidden_size': 247, 'dropout': 0.4030231524574285, 'learning_rate': 0.0022641264006657462, 'batch_size': 3923}. Best is trial 183 with value: 0.004403234362602234.[0m
[32m[I 2022-11-03 22:19:57,990][0m Trial 753 finished with value: 0.004659684152348236 and parameters: {'nlayers': 13, 'hidden_size': 364, 'dropout': 0.38927003572559116, 'learning_rate': 0.002898098119094314, 'batch_size': 3816}. Best is trial 183 with value: 0.004403234362602234.[0m
[32m[I 2022-11-03 22:20:02,691][0m Trial 754 finished with value: 0.00451260693627297 and parameters: {'nlayers': 12, 'hidden_size': 130, 'dropout': 0.399784338032404, 'learning_rate': 0.002584679068806944, 'batch_size': 3929}. Best is trial 183 with value: 0.004403234362602234.[0m
[32m[I 2022-11-03 22:20:08,271][0m Trial 755 finished with value: 0.004538751002600581 and parameters: {'nlayers': 8, 'hidden_size': 271, 'dropout': 0.40762692051357907, 'learning_rate': 0.0030127506501311935, 'batch_size': 3922}. Best is trial 183 with value: 0.004403234362602234.[0m
[32m[I 2022-11-03 22:20:16,857][0m Trial 756 finished with value: 0.004665180560333232 and parameters: {'nlayers': 12, 'hidden_size': 345, 'dropout': 0.3870046303449403, 'learning_rate': 0.002348087505984192, 'batch_size': 3815}. Best is trial 183 with value: 0.004403234362602234.[0m
[32m[I 2022-11-03 22:20:21,848][0m Trial 757 finished with value: 0.004449999806640564 and parameters: {'nlayers': 11, 'hidden_size': 176, 'dropout': 0.4044782700708215, 'learning_rate': 0.0032032285207105626, 'batch_size': 3997}. Best is trial 183 with value: 0.004403234362602234.[0m
[32m[I 2022-11-03 22:20:30,012][0m Trial 758 finished with value: 0.004579000656302893 and parameters: {'nlayers': 8, 'hidden_size': 433, 'dropout': 0.39256666466385914, 'learning_rate': 0.002784110779328472, 'batch_size': 3870}. Best is trial 183 with value: 0.004403234362602234.[0m
