[32m[I 2022-11-04 01:19:46,456][0m Trial 1515 finished with value: 0.0044317670304397155 and parameters: {'nlayers': 11, 'hidden_size': 299, 'dropout': 0.4837693687507605, 'learning_rate': 0.0022115539593146626, 'batch_size': 3998}. Best is trial 183 with value: 0.004403234362602234.[0m
[32m[I 2022-11-04 01:20:01,935][0m Trial 1516 finished with value: 0.004737212364353351 and parameters: {'nlayers': 14, 'hidden_size': 492, 'dropout': 0.47214763682736893, 'learning_rate': 0.008195351281725143, 'batch_size': 3752}. Best is trial 183 with value: 0.004403234362602234.[0m
[32m[I 2022-11-04 01:20:06,843][0m Trial 1517 finished with value: 0.0045857264774908325 and parameters: {'nlayers': 12, 'hidden_size': 160, 'dropout': 0.3571080917771871, 'learning_rate': 0.0029216666055020086, 'batch_size': 3868}. Best is trial 183 with value: 0.004403234362602234.[0m
[32m[I 2022-11-04 01:20:19,127][0m Trial 1518 finished with value: 0.004427096121013165 and parameters: {'nlayers': 13, 'hidden_size': 401, 'dropout': 0.4651963848928573, 'learning_rate': 0.0031991851345236745, 'batch_size': 4000}. Best is trial 183 with value: 0.004403234362602234.[0m
[32m[I 2022-11-04 01:20:34,193][0m Trial 1519 finished with value: 0.004853604329775458 and parameters: {'nlayers': 12, 'hidden_size': 552, 'dropout': 0.3924028580896352, 'learning_rate': 0.0036174456209864076, 'batch_size': 3650}. Best is trial 183 with value: 0.004403234362602234.[0m
[32m[I 2022-11-04 01:20:35,987][0m Trial 1520 finished with value: 0.026264938102028332 and parameters: {'nlayers': 11, 'hidden_size': 226, 'dropout': 0.3518015051396656, 'learning_rate': 0.003365821083564105, 'batch_size': 679}. Best is trial 183 with value: 0.004403234362602234.[0m
[32m[I 2022-11-04 01:20:50,038][0m Trial 1521 finished with value: 0.004440122192935605 and parameters: {'nlayers': 13, 'hidden_size': 459, 'dropout': 0.49992170528695945, 'learning_rate': 0.004341578189247039, 'batch_size': 3999}. Best is trial 183 with value: 0.004403234362602234.[0m
[32m[I 2022-11-04 01:20:57,601][0m Trial 1522 finished with value: 0.004516473779731758 and parameters: {'nlayers': 11, 'hidden_size': 292, 'dropout': 0.4872961302574403, 'learning_rate': 0.002908502770170796, 'batch_size': 3928}. Best is trial 183 with value: 0.004403234362602234.[0m
[32m[I 2022-11-04 01:21:08,537][0m Trial 1523 finished with value: 0.004626492586263488 and parameters: {'nlayers': 14, 'hidden_size': 365, 'dropout': 0.2886909160182417, 'learning_rate': 0.0031409418509839556, 'batch_size': 3811}. Best is trial 183 with value: 0.004403234362602234.[0m
[32m[I 2022-11-04 01:21:22,372][0m Trial 1524 finished with value: 0.004575936255022872 and parameters: {'nlayers': 12, 'hidden_size': 487, 'dropout': 0.25415840549634106, 'learning_rate': 0.004057990842165856, 'batch_size': 3873}. Best is trial 183 with value: 0.004403234362602234.[0m
[32m[I 2022-11-04 01:21:27,480][0m Trial 1525 finished with value: 0.004523305475742187 and parameters: {'nlayers': 10, 'hidden_size': 189, 'dropout': 0.37586157626851907, 'learning_rate': 0.002331984257121348, 'batch_size': 3926}. Best is trial 183 with value: 0.004403234362602234.[0m
[32m[I 2022-11-04 01:25:32,536][0m Trial 1526 finished with value: 0.004746392874057594 and parameters: {'nlayers': 15, 'hidden_size': 2550, 'dropout': 0.4624868643680439, 'learning_rate': 0.0020632791842729726, 'batch_size': 3749}. Best is trial 183 with value: 0.004403234362602234.[0m
[32m[I 2022-11-04 01:25:43,899][0m Trial 1527 finished with value: 0.00445724480090722 and parameters: {'nlayers': 11, 'hidden_size': 429, 'dropout': 0.3304736802957257, 'learning_rate': 0.0034805469040619934, 'batch_size': 3999}. Best is trial 183 with value: 0.004403234362602234.[0m
[32m[I 2022-11-04 01:25:53,175][0m Trial 1528 finished with value: 0.004446423247456551 and parameters: {'nlayers': 13, 'hidden_size': 313, 'dropout': 0.13477770880072992, 'learning_rate': 0.003836578764695528, 'batch_size': 4000}. Best is trial 183 with value: 0.004403234362602234.[0m
[32m[I 2022-11-04 01:26:09,848][0m Trial 1529 finished with value: 0.004458586953580379 and parameters: {'nlayers': 12, 'hidden_size': 556, 'dropout': 0.47917716924795006, 'learning_rate': 0.002932149701600864, 'batch_size': 4000}. Best is trial 183 with value: 0.004403234362602234.[0m
[32m[I 2022-11-04 01:26:15,890][0m Trial 1530 finished with value: 0.004583269673579728 and parameters: {'nlayers': 10, 'hidden_size': 251, 'dropout': 0.38444585184591984, 'learning_rate': 0.00189775712534045, 'batch_size': 3868}. Best is trial 183 with value: 0.004403234362602234.[0m
[32m[I 2022-11-04 01:26:59,119][0m Trial 1531 finished with value: 0.004519652574304838 and parameters: {'nlayers': 12, 'hidden_size': 1011, 'dropout': 0.36996247959323664, 'learning_rate': 0.0032472649835206917, 'batch_size': 3923}. Best is trial 183 with value: 0.004403234362602234.[0m
[32m[I 2022-11-04 01:27:07,905][0m Trial 1532 finished with value: 0.004440756738185883 and parameters: {'nlayers': 11, 'hidden_size': 341, 'dropout': 0.34552074335488364, 'learning_rate': 0.00360901034816152, 'batch_size': 4000}. Best is trial 183 with value: 0.004403234362602234.[0m
[32m[I 2022-11-04 01:27:29,630][0m Trial 1533 finished with value: 0.004666625678805298 and parameters: {'nlayers': 14, 'hidden_size': 603, 'dropout': 0.31240288968739716, 'learning_rate': 0.002426174418248905, 'batch_size': 3809}. Best is trial 183 with value: 0.004403234362602234.[0m
[32m[I 2022-11-04 01:27:44,462][0m Trial 1534 finished with value: 0.004598227661789602 and parameters: {'nlayers': 12, 'hidden_size': 520, 'dropout': 0.4714384463666184, 'learning_rate': 0.004793814021498689, 'batch_size': 3874}. Best is trial 183 with value: 0.004403234362602234.[0m
[32m[I 2022-11-04 01:27:56,352][0m Trial 1535 finished with value: 0.0045567016380443585 and parameters: {'nlayers': 13, 'hidden_size': 410, 'dropout': 0.4622234769013919, 'learning_rate': 0.0030780904242387686, 'batch_size': 3914}. Best is trial 183 with value: 0.004403234362602234.[0m
[32m[I 2022-11-04 01:28:02,331][0m Trial 1536 finished with value: 0.004785365571465639 and parameters: {'nlayers': 11, 'hidden_size': 237, 'dropout': 0.39550535463846337, 'learning_rate': 0.0028329655114042733, 'batch_size': 3702}. Best is trial 183 with value: 0.004403234362602234.[0m
[32m[I 2022-11-04 01:28:07,143][0m Trial 1537 finished with value: 0.004539324615656782 and parameters: {'nlayers': 10, 'hidden_size': 169, 'dropout': 0.4768209101761255, 'learning_rate': 0.0033941615735919453, 'batch_size': 3916}. Best is trial 183 with value: 0.004403234362602234.[0m
[32m[I 2022-11-04 01:28:14,638][0m Trial 1538 finished with value: 0.004630143066449565 and parameters: {'nlayers': 11, 'hidden_size': 293, 'dropout': 0.45913344721749416, 'learning_rate': 0.0032093082351701053, 'batch_size': 3831}. Best is trial 183 with value: 0.004403234362602234.[0m
[32m[I 2022-11-04 01:28:29,576][0m Trial 1539 finished with value: 0.004510235239745705 and parameters: {'nlayers': 13, 'hidden_size': 483, 'dropout': 0.49182338355454647, 'learning_rate': 0.0029832774029571593, 'batch_size': 3925}. Best is trial 183 with value: 0.004403234362602234.[0m
[32m[I 2022-11-04 01:28:46,775][0m Trial 1540 finished with value: 0.004544508504176309 and parameters: {'nlayers': 12, 'hidden_size': 561, 'dropout': 0.27111401935971313, 'learning_rate': 0.0037091821259389915, 'batch_size': 3932}. Best is trial 183 with value: 0.004403234362602234.[0m
[32m[I 2022-11-04 01:28:55,646][0m Trial 1541 finished with value: 0.004681758797607442 and parameters: {'nlayers': 11, 'hidden_size': 363, 'dropout': 0.38887883533751355, 'learning_rate': 0.0026631017687446567, 'batch_size': 3777}. Best is trial 183 with value: 0.004403234362602234.[0m
[32m[I 2022-11-04 01:29:15,866][0m Trial 1542 finished with value: 0.004577614434477891 and parameters: {'nlayers': 12, 'hidden_size': 633, 'dropout': 0.47705890468243295, 'learning_rate': 0.002479843133090884, 'batch_size': 3865}. Best is trial 183 with value: 0.004403234362602234.[0m
[32m[I 2022-11-04 01:29:26,237][0m Trial 1543 finished with value: 0.004526733684952221 and parameters: {'nlayers': 10, 'hidden_size': 431, 'dropout': 0.46924146477263917, 'learning_rate': 0.0021817489860364884, 'batch_size': 3931}. Best is trial 183 with value: 0.004403234362602234.[0m
[32m[I 2022-11-04 01:29:35,055][0m Trial 1544 finished with value: 0.004530933385586921 and parameters: {'nlayers': 13, 'hidden_size': 297, 'dropout': 0.29375561841479886, 'learning_rate': 0.0035022912253340724, 'batch_size': 3930}. Best is trial 183 with value: 0.004403234362602234.[0m
[32m[I 2022-11-04 01:29:40,185][0m Trial 1545 finished with value: 0.004658777787250152 and parameters: {'nlayers': 12, 'hidden_size': 161, 'dropout': 0.38410451973225695, 'learning_rate': 0.002835535401038876, 'batch_size': 3829}. Best is trial 183 with value: 0.004403234362602234.[0m
[32m[I 2022-11-04 01:29:52,170][0m Trial 1546 finished with value: 0.004533230394337209 and parameters: {'nlayers': 11, 'hidden_size': 480, 'dropout': 0.39645065382904177, 'learning_rate': 0.00325656311816367, 'batch_size': 3932}. Best is trial 183 with value: 0.004403234362602234.[0m
[32m[I 2022-11-04 01:30:01,130][0m Trial 1547 finished with value: 0.004635608669507671 and parameters: {'nlayers': 10, 'hidden_size': 387, 'dropout': 0.32292314856501486, 'learning_rate': 0.0030543120114092555, 'batch_size': 3854}. Best is trial 183 with value: 0.004403234362602234.[0m
[32m[I 2022-11-04 01:30:07,600][0m Trial 1548 finished with value: 0.004501464085438029 and parameters: {'nlayers': 11, 'hidden_size': 256, 'dropout': 0.46304904247898404, 'learning_rate': 0.0038265190061910113, 'batch_size': 3926}. Best is trial 183 with value: 0.004403234362602234.[0m
[32m[I 2022-11-04 01:30:24,842][0m Trial 1549 finished with value: 0.004726830726938207 and parameters: {'nlayers': 14, 'hidden_size': 543, 'dropout': 0.36296876672280837, 'learning_rate': 0.0033264719615748234, 'batch_size': 3752}. Best is trial 183 with value: 0.004403234362602234.[0m
[32m[I 2022-11-04 01:30:31,454][0m Trial 1550 finished with value: 0.006671560589945577 and parameters: {'nlayers': 13, 'hidden_size': 335, 'dropout': 0.4848336731591212, 'learning_rate': 0.004130934318931711, 'batch_size': 2654}. Best is trial 183 with value: 0.004403234362602234.[0m
[32m[I 2022-11-04 01:30:53,173][0m Trial 1551 finished with value: 0.004448052239412065 and parameters: {'nlayers': 12, 'hidden_size': 658, 'dropout': 0.37744678524167713, 'learning_rate': 0.0027370612615057097, 'batch_size': 3997}. Best is trial 183 with value: 0.004403234362602234.[0m
[32m[I 2022-11-04 01:31:10,568][0m Trial 1552 finished with value: 0.004443762667477131 and parameters: {'nlayers': 11, 'hidden_size': 596, 'dropout': 0.4587643336779967, 'learning_rate': 0.002393002051541222, 'batch_size': 4000}. Best is trial 183 with value: 0.004403234362602234.[0m
[32m[I 2022-11-04 01:31:20,298][0m Trial 1553 finished with value: 0.0054841047160329726 and parameters: {'nlayers': 12, 'hidden_size': 419, 'dropout': 0.4689646530972668, 'learning_rate': 0.0030235614918579456, 'batch_size': 3249}. Best is trial 183 with value: 0.004403234362602234.[0m
[32m[I 2022-11-04 01:32:08,085][0m Trial 1554 finished with value: 0.0046014651247583025 and parameters: {'nlayers': 10, 'hidden_size': 1217, 'dropout': 0.2845780155572846, 'learning_rate': 0.003498989086753593, 'batch_size': 3866}. Best is trial 183 with value: 0.004403234362602234.[0m
[32m[I 2022-11-04 01:32:15,231][0m Trial 1555 finished with value: 0.004526887623367795 and parameters: {'nlayers': 13, 'hidden_size': 248, 'dropout': 0.3900633450338778, 'learning_rate': 0.001914925961091629, 'batch_size': 3925}. Best is trial 183 with value: 0.004403234362602234.[0m
[32m[I 2022-11-04 01:32:28,553][0m Trial 1556 finished with value: 0.004673066010643661 and parameters: {'nlayers': 11, 'hidden_size': 513, 'dropout': 0.3999598412380919, 'learning_rate': 0.002868902642467404, 'batch_size': 3792}. Best is trial 183 with value: 0.004403234362602234.[0m
[32m[I 2022-11-04 01:32:53,380][0m Trial 1557 finished with value: 0.0045091907082244476 and parameters: {'nlayers': 12, 'hidden_size': 715, 'dropout': 0.47695205948935776, 'learning_rate': 0.0031558641692691833, 'batch_size': 3931}. Best is trial 183 with value: 0.004403234362602234.[0m
[32m[I 2022-11-04 01:33:04,565][0m Trial 1558 finished with value: 0.004413466491429603 and parameters: {'nlayers': 15, 'hidden_size': 339, 'dropout': 0.4891567850883276, 'learning_rate': 0.0036578187646949347, 'batch_size': 3997}. Best is trial 183 with value: 0.004403234362602234.[0m
[32m[I 2022-11-04 01:33:13,883][0m Trial 1559 finished with value: 0.00463845714166931 and parameters: {'nlayers': 14, 'hidden_size': 313, 'dropout': 0.49499514269533884, 'learning_rate': 0.004003605722238709, 'batch_size': 3844}. Best is trial 183 with value: 0.004403234362602234.[0m
[32m[I 2022-11-04 01:33:19,154][0m Trial 1560 finished with value: 0.010072977493746867 and parameters: {'nlayers': 15, 'hidden_size': 339, 'dropout': 0.49622684887928664, 'learning_rate': 0.0038892621072839847, 'batch_size': 1747}. Best is trial 183 with value: 0.004403234362602234.[0m
[32m[I 2022-11-04 01:33:27,760][0m Trial 1561 finished with value: 0.004520720766700861 and parameters: {'nlayers': 14, 'hidden_size': 281, 'dropout': 0.4830501449167098, 'learning_rate': 0.003757406782501597, 'batch_size': 3930}. Best is trial 183 with value: 0.004403234362602234.[0m
[32m[I 2022-11-04 01:33:40,180][0m Trial 1562 finished with value: 0.004601245854903673 and parameters: {'nlayers': 16, 'hidden_size': 375, 'dropout': 0.48558535489801125, 'learning_rate': 0.0039257003944575194, 'batch_size': 3866}. Best is trial 183 with value: 0.004403234362602234.[0m
[32m[I 2022-11-04 01:33:47,717][0m Trial 1563 finished with value: 0.004525857063300248 and parameters: {'nlayers': 15, 'hidden_size': 228, 'dropout': 0.4662865889617041, 'learning_rate': 0.003702491987527323, 'batch_size': 3932}. Best is trial 183 with value: 0.004403234362602234.[0m
[32m[I 2022-11-04 01:33:57,211][0m Trial 1564 finished with value: 0.004872328966252453 and parameters: {'nlayers': 16, 'hidden_size': 298, 'dropout': 0.4873521067868022, 'learning_rate': 0.004229476868930228, 'batch_size': 3654}. Best is trial 183 with value: 0.004403234362602234.[0m
[32m[I 2022-11-04 01:35:23,026][0m Trial 1565 finished with value: 0.004457828760147095 and parameters: {'nlayers': 15, 'hidden_size': 1306, 'dropout': 0.4987528196173363, 'learning_rate': 0.0037033324557585964, 'batch_size': 4000}. Best is trial 183 with value: 0.004403234362602234.[0m
[32m[I 2022-11-04 01:35:29,861][0m Trial 1566 finished with value: 0.004686814893964474 and parameters: {'nlayers': 16, 'hidden_size': 195, 'dropout': 0.49539927396676375, 'learning_rate': 0.0036036746132483443, 'batch_size': 3792}. Best is trial 183 with value: 0.004403234362602234.[0m
[32m[I 2022-11-04 01:39:53,814][0m Trial 1567 finished with value: 0.004918265409767628 and parameters: {'nlayers': 16, 'hidden_size': 2322, 'dropout': 0.48999210019728207, 'learning_rate': 0.003948528616668463, 'batch_size': 4000}. Best is trial 183 with value: 0.004403234362602234.[0m
[32m[I 2022-11-04 01:40:05,165][0m Trial 1568 finished with value: 0.004579418135996748 and parameters: {'nlayers': 15, 'hidden_size': 356, 'dropout': 0.4987230190423155, 'learning_rate': 0.0036186449172833203, 'batch_size': 3866}. Best is trial 183 with value: 0.004403234362602234.[0m
[32m[I 2022-11-04 01:40:13,914][0m Trial 1569 finished with value: 0.004998700391439466 and parameters: {'nlayers': 15, 'hidden_size': 294, 'dropout': 0.48201831774802784, 'learning_rate': 0.0044758361360909904, 'batch_size': 3561}. Best is trial 183 with value: 0.004403234362602234.[0m
[32m[I 2022-11-04 01:40:20,656][0m Trial 1570 finished with value: 0.004503723433896562 and parameters: {'nlayers': 14, 'hidden_size': 212, 'dropout': 0.48998357696346667, 'learning_rate': 0.003817374393451763, 'batch_size': 3931}. Best is trial 183 with value: 0.004403234362602234.[0m
[32m[I 2022-11-04 01:40:33,299][0m Trial 1571 finished with value: 0.004724565615731703 and parameters: {'nlayers': 16, 'hidden_size': 386, 'dropout': 0.49149719493744237, 'learning_rate': 0.004057165110127682, 'batch_size': 3743}. Best is trial 183 with value: 0.004403234362602234.[0m
[32m[I 2022-11-04 01:40:39,294][0m Trial 1572 finished with value: 0.004432887479823123 and parameters: {'nlayers': 15, 'hidden_size': 156, 'dropout': 0.49188050032559777, 'learning_rate': 0.0036359758959655175, 'batch_size': 3999}. Best is trial 183 with value: 0.004403234362602234.[0m
[32m[I 2022-11-04 01:42:19,270][0m Trial 1573 finished with value: 0.0046810582745936725 and parameters: {'nlayers': 15, 'hidden_size': 1428, 'dropout': 0.4849320349979494, 'learning_rate': 0.003509759559400103, 'batch_size': 3999}. Best is trial 183 with value: 0.004403234362602234.[0m
[32m[I 2022-11-04 01:42:30,661][0m Trial 1574 finished with value: 0.004454770746097531 and parameters: {'nlayers': 15, 'hidden_size': 341, 'dropout': 0.4868183185426859, 'learning_rate': 0.0034231193677144835, 'batch_size': 3999}. Best is trial 183 with value: 0.004403234362602234.[0m
[32m[I 2022-11-04 01:42:38,190][0m Trial 1575 finished with value: 0.004629076408047981 and parameters: {'nlayers': 13, 'hidden_size': 264, 'dropout': 0.48151611729986765, 'learning_rate': 0.0037953805364934336, 'batch_size': 3857}. Best is trial 183 with value: 0.004403234362602234.[0m
[32m[I 2022-11-04 01:42:49,519][0m Trial 1576 finished with value: 0.004440627871050958 and parameters: {'nlayers': 14, 'hidden_size': 354, 'dropout': 0.49179157457065437, 'learning_rate': 0.003447252718848994, 'batch_size': 3999}. Best is trial 183 with value: 0.004403234362602234.[0m
[32m[I 2022-11-04 01:42:58,128][0m Trial 1577 finished with value: 0.004576847643292265 and parameters: {'nlayers': 15, 'hidden_size': 257, 'dropout': 0.47632363033224956, 'learning_rate': 0.00406983749000256, 'batch_size': 3866}. Best is trial 183 with value: 0.004403234362602234.[0m
[32m[I 2022-11-04 01:43:01,199][0m Trial 1578 finished with value: 0.04556168479665282 and parameters: {'nlayers': 15, 'hidden_size': 401, 'dropout': 0.499826527913278, 'learning_rate': 0.0035287077053851317, 'batch_size': 394}. Best is trial 183 with value: 0.004403234362602234.[0m
[32m[I 2022-11-04 01:43:10,659][0m Trial 1579 finished with value: 0.004516651860082019 and parameters: {'nlayers': 14, 'hidden_size': 310, 'dropout': 0.47733741480014547, 'learning_rate': 0.0033456178911217467, 'batch_size': 3929}. Best is trial 183 with value: 0.004403234362602234.[0m
[32m[I 2022-11-04 01:43:16,483][0m Trial 1580 finished with value: 0.004697235275621284 and parameters: {'nlayers': 16, 'hidden_size': 145, 'dropout': 0.47649815272394863, 'learning_rate': 0.003639589392618532, 'batch_size': 3796}. Best is trial 183 with value: 0.004403234362602234.[0m
[32m[I 2022-11-04 01:43:25,020][0m Trial 1581 finished with value: 0.0044397101175132235 and parameters: {'nlayers': 17, 'hidden_size': 228, 'dropout': 0.4994716147856742, 'learning_rate': 0.0039091441262723205, 'batch_size': 3999}. Best is trial 183 with value: 0.004403234362602234.[0m
[32m[I 2022-11-04 01:43:39,934][0m Trial 1582 finished with value: 0.004532149663104188 and parameters: {'nlayers': 16, 'hidden_size': 424, 'dropout': 0.2190446813733091, 'learning_rate': 0.0033919166440009125, 'batch_size': 3917}. Best is trial 183 with value: 0.004403234362602234.[0m
[32m[I 2022-11-04 01:43:50,929][0m Trial 1583 finished with value: 0.004445413306355476 and parameters: {'nlayers': 15, 'hidden_size': 325, 'dropout': 0.4823432481459859, 'learning_rate': 0.0036749389727967307, 'batch_size': 4000}. Best is trial 183 with value: 0.004403234362602234.[0m
[32m[I 2022-11-04 01:43:57,573][0m Trial 1584 finished with value: 0.00458019323068579 and parameters: {'nlayers': 14, 'hidden_size': 212, 'dropout': 0.4930275448114541, 'learning_rate': 0.0032728145233072072, 'batch_size': 3877}. Best is trial 183 with value: 0.004403234362602234.[0m
[32m[I 2022-11-04 01:44:09,622][0m Trial 1585 finished with value: 0.004773976440224321 and parameters: {'nlayers': 14, 'hidden_size': 402, 'dropout': 0.4884583649652014, 'learning_rate': 0.0016966859554790174, 'batch_size': 3715}. Best is trial 183 with value: 0.004403234362602234.[0m
[32m[I 2022-11-04 01:44:18,464][0m Trial 1586 finished with value: 0.004611333426714006 and parameters: {'nlayers': 15, 'hidden_size': 288, 'dropout': 0.4741039711111221, 'learning_rate': 0.003500560012055478, 'batch_size': 3827}. Best is trial 183 with value: 0.004403234362602234.[0m
[32m[I 2022-11-04 01:44:29,235][0m Trial 1587 finished with value: 0.004422346726059913 and parameters: {'nlayers': 13, 'hidden_size': 362, 'dropout': 0.47461619245839276, 'learning_rate': 0.00425245101231324, 'batch_size': 4000}. Best is trial 183 with value: 0.004403234362602234.[0m
[32m[I 2022-11-04 01:44:42,889][0m Trial 1588 finished with value: 0.0045242320720583285 and parameters: {'nlayers': 14, 'hidden_size': 429, 'dropout': 0.49289943845898276, 'learning_rate': 0.005091657444755685, 'batch_size': 3929}. Best is trial 183 with value: 0.004403234362602234.[0m
[32m[I 2022-11-04 01:44:50,644][0m Trial 1589 finished with value: 0.004570463677093348 and parameters: {'nlayers': 13, 'hidden_size': 257, 'dropout': 0.4809723923688562, 'learning_rate': 0.0033015463737855063, 'batch_size': 3870}. Best is trial 183 with value: 0.004403234362602234.[0m
