[32m[I 2022-11-04 08:08:10,240][0m Trial 2999 finished with value: 0.004532531693281717 and parameters: {'nlayers': 21, 'hidden_size': 524, 'dropout': 0.4772654596594624, 'learning_rate': 0.00292286339034732, 'batch_size': 3926}. Best is trial 2962 with value: 0.004397486247122288.[0m
USING NEW DATASET
TRAINING FEATURES
    genDatapT  genDataeta  genDataphi  genDatam       tau
0    29.4452    0.828187    2.902130   2.85348  0.361310
1    24.3193   -1.163510    0.636469   5.83685  0.126899
2    24.3193   -1.163510    0.636469   5.83685  0.962307
3    24.3193   -1.163510    0.636469   5.83685  0.457282
4    20.1703    1.844410   -0.186685   5.69090  0.840862
train set shape: (1000000, 10)
test set shape:   (1000000, 10)
TARGETS ARE [-1.10392428 -0.07368856 -0.07368856 ... -0.68454015  0.18510706
 -0.67448984]

(1000000,) (1000000, 5)
Getting best hyperparameters for m

0 	 0.006010315928312329 	 0.005899418781796769
0 	 0.014097486946793551 	 0.01287506504282767
0 	 0.029965008151326647 	 0.02797570689792008
0 	 0.005234760617020875 	 0.004726385530524366
0 	 0.006280995310925801 	 0.005848741474006532
0 	 0.030522496647426477 	 0.029089602718659496
0 	 0.007497582875450414 	 0.005776683267436446
0 	 0.005062925673272463 	 0.004953459798793274
0 	 0.0062108697106924545 	 0.005600954755936074
0 	 0.029496991456610402 	 0.01698033296384216
0 	 0.00924234813259494 	 0.007765033046058083
0 	 0.004767675220627151 	 0.004593077197139027
0 	 0.005106343350481815 	 0.0046115628260084965
0 	 0.008586946994172296 	 0.007864023774225942
0 	 0.0047045563498337864 	 0.0044885328462619545
0 	 0.00727977568979045 	 0.007046575563200459
0 	 0.39119192782570333 	 0.40647199749946594
0 	 0.0049086677983234935 	 0.00531339448697893
0 	 0.0065529253557904425 	 0.0062451906560248545
0 	 0.010904435333417577 	 0.011119355975078935
0 	 0.005316670398759723 	 0.004953478975750529
0 	 0.005382212425981249 	 0.005050833863871438
0 	 0.004821968363870836 	 0.004699089732326445
0 	 0.0069792463623474695 	 0.0066229965530823325
0 	 0.0056814599086127 	 0.0052175730353193435
0 	 0.004703006884982924 	 0.004469395671016449
0 	 0.004673216787536392 	 0.004439735300699074
0 	 0.00652324430743714 	 0.006186453577264172
0 	 0.004880584124149592 	 0.00445408645035208
0 	 0.005544817950773071 	 0.005202760301958355
0 	 0.006728636793311895 	 0.006109599202912204
0 	 0.00463371010901811 	 0.004418185732147476
0 	 0.0053957549442128355 	 0.004995406339813142
0 	 0.005084109367700296 	 0.006184750102587555
0 	 0.005548470189732311 	 0.005254294575944458
0 	 0.010547300674559086 	 0.00997282757262778
0 	 0.004837813571589282 	 0.006295864525668807
0 	 0.0063030455652932195 	 0.005568119765517494
0 	 0.004999950753068024 	 0.004784298979368493
0 	 0.004638453826308251 	 0.004443304017186165
0 	 0.0066398261327777295 	 0.005740094931132547
0 	 0.0046839066316609395 	 0.004800873703526375
0 	 0.005041039414034244 	 0.004822704492947539
0 	 0.006447360084967466 	 0.005380377794864333
0 	 0.0049123628861284475 	 0.004764181196324906
0 	 0.005296712399735896 	 0.006909777120141264
0 	 0.004888019624982278 	 0.004638090462445407
0 	 0.006244028359404612 	 0.005884296063520199
0 	 0.005652408258890097 	 0.005425583943496227
0 	 0.019289516681624996 	 0.015107002998552015
0 	 0.005000611116481322 	 0.004438032483005261
0 	 0.0064697204346403315 	 0.0045720828078694665
0 	 0.004828725404644858 	 0.004656130003941575
0 	 0.005151089462340124 	 0.004894467562379635
0 	 0.0054682768976031726 	 0.004708631050978172
0 	 0.005333830478769546 	 0.005413012636010901
0 	 0.037106313048122085 	 0.03717382037751028
0 	 0.005008412887117623 	 0.004626818228102959
0 	 0.0046057625010223115 	 0.004470991325810705
0 	 0.008173812417182465 	 0.007713260004491789
0 	 0.005913735761497561 	 0.004921338628998119
0 	 0.004716543628598068 	 0.004541812673681902
0 	 0.004592924387949817 	 0.0044994363319948785
0 	 0.004928505713848531 	 0.004905243284464583
0 	 0.005381587498124182 	 0.005185278776569055
0 	 0.004889944723132752 	 0.004635554693439276
0 	 0.00466009238371262 	 0.004552558817722657
0 	 0.005176931038216471 	 0.00493655166066477
0 	 0.004884026299469677 	 0.004784019087600296
0 	 0.005690804521089118 	 0.005360928445969946
0 	 0.005627911483958476 	 0.005170355349796386
0 	 0.004715745010881621 	 0.004517917164484822
0 	 0.004706633977591992 	 0.0044328242391347885
0 	 0.004975106846987725 	 0.004728599215798639
0 	 0.0054356653033832735 	 0.004910392980394185
0 	 0.004765964278765597 	 0.004599363699111272
0 	 0.004613920748084709 	 0.00444394694440898
0 	 0.004999682807229469 	 0.004690868103362452
0 	 0.005545495332606311 	 0.005387528669331861
0 	 0.005218188653047058 	 0.005011534996650318
0 	 0.005104540207450489 	 0.004929249036250236
0 	 0.004732809902998908 	 0.004460877018884821
0 	 0.005069154065777457 	 0.004741284690282491
0 	 0.004674949378401668 	 0.004451680007400933
0 	 0.004814099411518253 	 0.004733969363869663
0 	 0.009412810628286387 	 0.008908383480458698
0 	 0.0047723487515091804 	 0.004582976289986642
0 	 0.0047222234818879785 	 0.0044283448139886255
0 	 0.012338885481510629 	 0.0116949310017137
0 	 0.004999903904533283 	 0.004819272585217218
0 	 0.005261720158424388 	 0.005032837628030953
0 	 0.004649201280245736 	 0.004454081602913174
0 	 0.004873602744287997 	 0.004576496080225343
0 	 0.0047787813131321185 	 0.004535725018937296
0 	 0.004985817629423495 	 0.004733581357615711
0 	 0.004744000938097476 	 0.004437421530141912
0 	 0.005382660283030038 	 0.004530300144091891
0 	 0.0049655644400944604 	 0.004784589672140215
0 	 0.004980315350277429 	 0.004683480323824745
0 	 0.006995747581288803 	 0.006797780691556346
0 	 0.004675583560397011 	 0.004441978589210787
0 	 0.004725407551056013 	 0.00450337593976689
0 	 0.6031424087636611 	 0.5455975795493406
0 	 0.00471032301863592 	 0.0044307559504657085
0 	 0.005081591831527993 	 0.004654396668263559
0 	 0.07676576713069541 	 0.08036147680927495
0 	 0.00509546702480658 	 0.004858762108001099
0 	 0.004832538481534091 	 0.004537374154590518
0 	 0.00479878194630146 	 0.0044526187479496
0 	 0.004973679780960083 	 0.004794568788376855
0 	 0.004777041721019954 	 0.004648273402773393
0 	 0.00498406006074658 	 0.004546915942972357
0 	 0.004899002364034739 	 0.004470385168374245
0 	 0.02211112585583968 	 0.020056214150307432
0 	 0.00468077283400218 	 0.004452403185810251
0 	 0.004935702596880167 	 0.004620839841421116
0 	 0.005073669507101334 	 0.0047664808704226385
0 	 0.004949984074920081 	 0.004540266718871762
0 	 0.005178082479992486 	 0.004996910193020724
0 	 0.0052938049584627155 	 0.004424109347164631
0 	 0.005354178481456139 	 0.004718983750444508
0 	 0.005258279916613541 	 0.004449873752789546
0 	 0.005896977229219854 	 0.004602139016859009
0 	 0.005299171520386889 	 0.004869588558139697
0 	 0.00541844860733091 	 0.004578605956076351
0 	 0.005092699085618977 	 0.0047219767164221795
0 	 0.0061947472946811185 	 0.004514191697597018
0 	 0.005405921289465791 	 0.004599648724914031
0 	 0.005561791171806759 	 0.00477153526626098
0 	 0.004857176341116428 	 0.004484958171844482
0 	 0.005533944713857717 	 0.004569620549842756
0 	 0.005407311630297817 	 0.004573907486829468
0 	 0.005071983083866074 	 0.004797463656416657
0 	 0.0047171916542572394 	 0.004514735342739981
0 	 0.004675366716642444 	 0.0044305366437176995
0 	 0.004773734913800912 	 0.004618259875670723
0 	 0.005053700807339038 	 0.004892794725453314
0 	 0.004740099422157268 	 0.004539982444794892
0 	 0.0049811630811433675 	 0.004786310659177994
0 	 0.004742769221346192 	 0.004627257183314051
0 	 0.00772448175355492 	 0.0074896615798641375
0 	 0.005063620247040177 	 0.004486745872294395
0 	 0.004664054398008721 	 0.004438637462789883
0 	 0.004813084441196452 	 0.004559322129178163
0 	 0.004887716441546195 	 0.004658267670960851
0 	 0.004696811840841039 	 0.004436348967392204
0 	 0.00461499052036998 	 0.004448697719910229
0 	 0.004817907754370391 	 0.004611232705553126
0 	 0.004930751470828383 	 0.004771253448175018
0 	 0.004773094843285033 	 0.004534309807405329
0 	 0.00507313496125684 	 0.004643600565752267
0 	 0.004770812429308014 	 0.004507319739277092
0 	 0.004656573216279666 	 0.004463542342365147
0 	 0.00480455982672755 	 0.00460918890615849
0 	 0.005092575585931763 	 0.004465998907137037
0 	 0.005017495388487288 	 0.004716996882683803
0 	 0.0048429555538715635 	 0.004458932451095027
0 	 0.004992280899332414 	 0.004583053369150502
0 	 0.00487313276194876 	 0.00466204266243101
0 	 0.005178154362862479 	 0.00486134270310565
0 	 0.005344092860817909 	 0.004435979910194874
0 	 0.005220691529496304 	 0.004512950651284276
0 	 0.0053492604647992084 	 0.004540021050354985
0 	 0.006728700771453274 	 0.004573545030727508
0 	 0.004944431945960388 	 0.004598980494571575
0 	 0.004983542288369337 	 0.0046989515172012756
0 	 0.005292050212621689 	 0.0045013813078403474
0 	 0.006567308998071362 	 0.004536421515531058
0 	 0.004882276019422207 	 0.004637290243056489
0 	 0.005793209122663922 	 0.004792518289529675
0 	 0.004997326650008707 	 0.004527769509430107
0 	 0.004662458244072726 	 0.00441875291789267
0 	 0.004706197035621422 	 0.004502463069829074
0 	 0.004641186784106095 	 0.004476571618154306
0 	 0.004915978273110172 	 0.00467763972426186
0 	 0.009179813493053758 	 0.008497647060012638
0 	 0.00460715126991272 	 0.004457030139863491
0 	 0.004846532827667888 	 0.004568728454875014
0 	 0.013396539159113987 	 0.012788125138351883
0 	 0.004822571502924889 	 0.004587149015237526
0 	 0.00516601829151528 	 0.0047597048868733005
0 	 0.0047475073635578156 	 0.004467161782085896
0 	 0.004752291930881526 	 0.004508263270867667
0 	 0.004639518000185489 	 0.004403234362602234
0 	 0.004760491703541912 	 0.0045351141341486755
0 	 0.005089395072821265 	 0.004587776572501511
0 	 0.004811328116902994 	 0.004512907060853333
0 	 0.004815621850748252 	 0.0046407390788494604
0 	 0.004718076586875342 	 0.004536451284935875
0 	 0.00463916164960048 	 0.00441846092750681
0 	 0.004974287446480472 	 0.004767594421791494
0 	 0.00476507042866216 	 0.004449047280574757
0 	 0.004737798616290092 	 0.00443614237755537
0 	 0.0048080267510366035 	 0.004569866111921592
0 	 0.0047742171784724355 	 0.004552941309531388
0 	 0.004734013323380145 	 0.004524675082105612
0 	 0.004881158405258837 	 0.004589230891230945
0 	 0.004719279965450538 	 0.004453888637598051
0 	 0.005034302759535298 	 0.0047270010452225225
0 	 0.004705420328260105 	 0.004505515265361676
0 	 0.006772708966568915 	 0.006505938987023965
0 	 0.004669545955393182 	 0.00444464736607386
0 	 0.004678592414156341 	 0.004435269062257613
0 	 0.004759966957189946 	 0.004594202247552548
0 	 0.00476538559329827 	 0.004486972811255316
0 	 0.00485533028261207 	 0.004610287756616813
0 	 0.004666262701153755 	 0.00446082068234682
0 	 0.004695955295777602 	 0.004539524637547994
0 	 0.00466709405750603 	 0.004438767994607652
0 	 0.0049496738773005524 	 0.004646919695098256
0 	 0.004763627240660237 	 0.004517560735511975
0 	 0.0046931641741205276 	 0.004447318303555175
0 	 0.004679837106375925 	 0.004444552215004015
0 	 0.010599065555090255 	 0.010073484835976905
0 	 0.004835811228189562 	 0.004568117348758416
0 	 0.004780514245424154 	 0.004528611822550748
0 	 0.004687852093683955 	 0.0044434904515609115
0 	 0.0047380861108593285 	 0.00462142470716471
0 	 0.005018244414883652 	 0.004528310806865478
0 	 0.005062902302128983 	 0.004752268023652094
0 	 0.004856930812096967 	 0.004721382862545666
0 	 0.004703352980612514 	 0.0044322632079553375
0 	 0.004654517002573364 	 0.004450864223113262
0 	 0.0049189969638516635 	 0.004576089707287875
0 	 0.006085525687650517 	 0.005831844813330879
0 	 0.0046083161671678086 	 0.004407251288200272
0 	 0.004768503227314109 	 0.004506022573702499
0 	 0.004561890121754464 	 0.004418554375539193
0 	 0.004844307226369685 	 0.004623794465916674
0 	 0.006142249119806933 	 0.004517615281627899
0 	 0.005011450899208367 	 0.0046851512286979514
0 	 0.004657026771013071 	 0.004429237736629157
0 	 0.004641883746460751 	 0.004500629061514193
0 	 0.004642928298277957 	 0.004527235257455455
0 	 0.004808189457902357 	 0.004501084805384889
0 	 0.004912435360576796 	 0.004606396484325638
0 	 0.0046468708515167234 	 0.004438998207449913
0 	 0.004586184753659786 	 0.004458447312319032
0 	 0.004722062185520434 	 0.004498961226630757
0 	 0.004644153221871562 	 0.004426506637900911
0 	 0.004863423244484288 	 0.004628506667871144
0 	 0.0047417695321138945 	 0.00443773270847204
0 	 0.004806061497362483 	 0.004509463686596396
0 	 0.004694573150624745 	 0.004422981507306341
0 	 0.004826725247850273 	 0.004500474217276887
0 	 0.00463290725329066 	 0.004442867062097193
0 	 0.004899384324836632 	 0.004586457243071717
0 	 0.004662558935582638 	 0.004419279426336288
0 	 0.004788229999179237 	 0.004570752312827147
0 	 0.0047244300544261935 	 0.004453465349972248
0 	 0.01551437075480376 	 0.014604842800511778
0 	 0.004767577470506871 	 0.004551207307718527
0 	 0.0048050048735873195 	 0.004532304336186147
0 	 0.004888891318911 	 0.004637397088502583
0 	 0.004738860454433076 	 0.004495819002511303
0 	 0.00460117604358009 	 0.004420814773868238
0 	 0.004776260150744989 	 0.00461573276975439
0 	 0.004632403043067419 	 0.004531137181956712
0 	 0.004635740955581245 	 0.00444267219559912
0 	 0.004864681273180304 	 0.004610217273838951
0 	 0.00565732288318086 	 0.004627484192486266
0 	 0.004860889654883507 	 0.004661013878390706
0 	 0.03378899601460359 	 0.03198260475531943
0 	 0.005986576061813852 	 0.005651865961887084
0 	 0.004781855407352614 	 0.004565692981738622
0 	 0.004772889847551697 	 0.004592569554385673
0 	 0.006279940696863028 	 0.006081160225419917
0 	 0.005153316961645666 	 0.004769956304400864
0 	 0.004664235571965534 	 0.004440286575868066
0 	 0.004720934524708632 	 0.004578813225107907
0 	 0.004723018221324018 	 0.004465652854928982
0 	 0.00492015208996076 	 0.004661505541194432
0 	 0.004762682807548764 	 0.004545712950760408
0 	 0.004753854860777321 	 0.00459428484938636
0 	 0.004625356413424015 	 0.004449258044362068
0 	 0.007543409963767754 	 0.007150199198512357
0 	 0.06657563779555575 	 0.061798740965379795
0 	 0.004736457571763333 	 0.004493177165007853
0 	 0.004955026340928484 	 0.004695560616698671
0 	 0.004705743196205378 	 0.004535050906732083
0 	 0.004812137980436081 	 0.00446335345722789
0 	 0.004911770937532094 	 0.004634286894324419
0 	 0.005888122280661638 	 0.004520912944875403
0 	 0.004958240945885966 	 0.0046069966556501465
0 	 0.004683534102028458 	 0.004530320081980242
0 	 0.004584342397827694 	 0.0044469921409397975
0 	 0.004957352012701771 	 0.004824907304080095
0 	 0.005047558978009922 	 0.004476307190546664
0 	 0.004933535628750905 	 0.0046897078182222465
0 	 0.004786330614097364 	 0.004555443807076138
0 	 0.004690144631313754 	 0.004534755976544526
0 	 0.004716047803226973 	 0.004526940433615366
0 	 0.004943098378949737 	 0.004722728435790419
0 	 0.00458277443477938 	 0.004432787893114386
0 	 0.004547469653189183 	 0.004433230400085449
0 	 0.004786606870329405 	 0.004607720435529515
0 	 0.022253679711510967 	 0.021207081394402628
0 	 0.0046028366163373 	 0.004414517097175121
0 	 0.004666772384373371 	 0.004523584365297057
0 	 0.004542087897658348 	 0.004435433752834797
0 	 0.004701588863667835 	 0.004607464919667508
0 	 0.00455654732404157 	 0.004445390228510916
0 	 0.004767347056614725 	 0.004670723621782504
0 	 0.004679323549722908 	 0.004525742364865915
0 	 0.004610574955790894 	 0.004506534980033717
0 	 0.004769781920816991 	 0.004595462238633788
0 	 0.0046103367616439715 	 0.004448466767007676
0 	 0.004660893918967271 	 0.00451362811249209
0 	 0.004943643993665946 	 0.004769631484844561
0 	 0.004672194933049965 	 0.004590908031607144
0 	 0.0046811020023059145 	 0.004504549698627386
0 	 0.0048558309662471 	 0.004707462985419372
0 	 0.005236079223345803 	 0.004516775339737378
0 	 0.004737549625210322 	 0.0045690646163577455
0 	 0.004644652197555619 	 0.004521633699840429
0 	 0.004608600407020243 	 0.0045196625308369575
0 	 0.004582823552191258 	 0.004426068253815174
0 	 0.004626019366085529 	 0.0044674590975046155
0 	 0.010847274656161298 	 0.010464039448425437
0 	 0.004795543066844219 	 0.004667345911827909
0 	 0.004597468688346077 	 0.004417498397075754
0 	 0.004692043010140602 	 0.004619133778107472
0 	 0.004861528061332306 	 0.004717292142378613
0 	 0.0046316576405140385 	 0.004536704288706802
0 	 0.0045541455149650575 	 0.0044448250159621235
0 	 0.004684164027347253 	 0.004583947420367369
0 	 0.0046406865074388 	 0.004533827707163849
0 	 0.005045280274869051 	 0.004831488570249198
0 	 0.004839762636473261 	 0.004615859454874896
0 	 0.00924374603050246 	 0.008418518518193386
0 	 0.004544023343341653 	 0.004405946418862845
0 	 0.004685614926595644 	 0.004495112982024138
0 	 0.004767536262209101 	 0.004573110038611932
0 	 0.004572427184857795 	 0.0044315903521859965
0 	 0.004870023703575134 	 0.004744510094324748
0 	 0.004715025728907529 	 0.0045037977872364136
0 	 0.004710124644040753 	 0.004596788001251813
0 	 0.0046200588265882855 	 0.0045270994514204155
0 	 0.0045216697011777355 	 0.004425480317163241
0 	 0.004883853919502311 	 0.004674787649288107
0 	 0.004664486448367635 	 0.00443799350934365
0 	 0.0047599126664243 	 0.004591922750768735
0 	 0.004688535116817556 	 0.004504300646355048
0 	 0.004600434913795114 	 0.004434040584712139
0 	 0.0047452515001019475 	 0.0046925526920449795
0 	 0.004768250501433084 	 0.004597024384703131
0 	 0.0047185620862307855 	 0.004541151231264478
0 	 0.0045372460835812894 	 0.004420452637802395
0 	 0.005022671777643233 	 0.004816308202663606
0 	 0.004744716429139253 	 0.004519876430644659
0 	 0.004745471040043262 	 0.004656277251274839
0 	 0.004531868383288383 	 0.004453694701194763
0 	 0.004767264110833099 	 0.004573790068478929
0 	 0.009629133045983488 	 0.009195643148610794
0 	 0.004610488948627889 	 0.004518323772736178
0 	 0.004808983456401925 	 0.004646121620819831
0 	 0.0047519686386523945 	 0.004547409161443654
0 	 0.004522382907340131 	 0.004441261351153288
0 	 0.004604030750691891 	 0.004417030960321426
0 	 0.004841071027987679 	 0.005158523877872995
0 	 0.004933092256731917 	 0.0047411243810513625
0 	 0.00467940376709582 	 0.004528214501279538
0 	 0.005164278570370695 	 0.004726840367812182
0 	 0.004679512203238816 	 0.004486561834857537
0 	 0.004884808339689358 	 0.004644037803890889
0 	 0.00470025768845008 	 0.004495488030292774
0 	 0.004761606316555404 	 0.004590004021803661
0 	 0.004599099536915799 	 0.0044407321958689835
0 	 0.004546360329367507 	 0.004453627510986786
0 	 0.004921412287098122 	 0.0046869924483638956
0 	 0.0047794422913261985 	 0.004580444649584645
0 	 0.004610155012693491 	 0.0044470342086838765
0 	 0.005131055214833603 	 0.004971083802983173
0 	 0.0052750719369066 	 0.004605456517667187
0 	 0.004667588410860892 	 0.004575024530125431
0 	 0.004655115675365645 	 0.004458323091253631
0 	 0.004677254483103752 	 0.004432562880218029
0 	 0.004957140705058409 	 0.004724226842442863
0 	 0.004700490249338893 	 0.004498803860000731
0 	 0.004847598478163371 	 0.004641486425747513
0 	 0.0052065817289194205 	 0.004869797930368626
0 	 0.004701146132537713 	 0.004574282597997259
0 	 0.004773420486550319 	 0.004655415312511715
0 	 0.004684440441429615 	 0.004434906639158726
0 	 0.004853880817068705 	 0.004608379249725867
0 	 0.004900624050995229 	 0.004588730324426463
0 	 0.005594948366479273 	 0.005296925550125158
0 	 0.004628665881265429 	 0.004441529050353886
0 	 0.004863231151103366 	 0.0045478218388198864
0 	 0.004962972643152297 	 0.004722195898682491
0 	 0.0046153503121707535 	 0.0045117134196070476
0 	 0.0047974209671364666 	 0.0046506262068718544
0 	 0.004684490012491147 	 0.0044915284823909924
0 	 0.004708219932698798 	 0.004446939215354767
0 	 0.004594323261882937 	 0.004454941913824614
0 	 0.004951445834451863 	 0.004637087746732186
0 	 0.004639576632401039 	 0.00453924166745153
0 	 0.004875551035759032 	 0.004710917412145331
0 	 0.00473127760958787 	 0.0045258268118208225
0 	 0.014101502623888526 	 0.013513049435633698
0 	 0.004932962401754641 	 0.0047383250333508
0 	 0.004666541149650795 	 0.004604698176154439
0 	 0.011361015684078872 	 0.010886310056425407
0 	 0.0070537367270360534 	 0.006802177091599241
0 	 0.00464746848240987 	 0.004448949544876068
0 	 0.00474863899157859 	 0.0045064005318688535
0 	 0.004611387066151751 	 0.004420588654896925
0 	 0.004821045909832955 	 0.004680453884864831
0 	 0.00473688802679698 	 0.004563183462364179
0 	 0.020298086579706866 	 0.018380867113804097
0 	 0.004798520304262638 	 0.004449931852519512
0 	 0.005064494507634892 	 0.004806757806049891
0 	 0.0047053827475989655 	 0.004550822846517214
0 	 0.0048162020593881605 	 0.004441084288060665
0 	 0.0051528345319849875 	 0.004651310495533471
0 	 0.004721668205361386 	 0.004525816907770321
0 	 0.004764230255063925 	 0.004632361973798278
0 	 0.0046452780286430585 	 0.004503749250273112
0 	 0.004700770779928219 	 0.004537366125770596
0 	 0.004849106693267822 	 0.004734460584322611
0 	 0.004634224177618953 	 0.004498557294148386
0 	 0.0045962780453199506 	 0.004443497441953109
0 	 0.004791803389083438 	 0.004618283634958438
0 	 0.005714523259590513 	 0.005468502498371024
0 	 0.004526596641230428 	 0.0044318323003583815
0 	 0.0047966035615471195 	 0.00467099047932229
0 	 0.0046225028812505635 	 0.004521098425433894
0 	 0.004746921327687767 	 0.004595476500082127
0 	 0.0046226383242386065 	 0.004514697052906559
0 	 0.004532045215368271 	 0.00442297425866127
0 	 0.006233747760991235 	 0.006128214797415755
0 	 0.004721075142662888 	 0.004583923625122004
0 	 0.004536583177745342 	 0.004420556753873825
0 	 0.005420432663277575 	 0.005149027407169342
0 	 0.004633423987996068 	 0.004495281703360454
0 	 0.004972680067025358 	 0.004840885651052943
0 	 0.0046098609288452354 	 0.004537498683072208
0 	 0.004528785082946159 	 0.004429734868647786
0 	 0.004719688148545624 	 0.004593320856966745
0 	 0.004476315930142655 	 0.004436561280