[32m[I 2022-11-03 23:13:17,256][0m Trial 1063 finished with value: 0.006926943943141182 and parameters: {'nlayers': 9, 'hidden_size': 66, 'dropout': 0.4661111582863815, 'learning_rate': 0.00395076648416157, 'batch_size': 2581}. Best is trial 183 with value: 0.004403234362602234.[0m
[32m[I 2022-11-03 23:13:32,404][0m Trial 1064 finished with value: 0.004523755404062869 and parameters: {'nlayers': 10, 'hidden_size': 592, 'dropout': 0.4460055433164352, 'learning_rate': 0.002889979121015281, 'batch_size': 3922}. Best is trial 183 with value: 0.004403234362602234.[0m
[32m[I 2022-11-03 23:14:48,366][0m Trial 1065 finished with value: 0.0046596880066968405 and parameters: {'nlayers': 8, 'hidden_size': 1798, 'dropout': 0.4633770586717704, 'learning_rate': 0.00339537487572622, 'batch_size': 3824}. Best is trial 183 with value: 0.004403234362602234.[0m
[32m[I 2022-11-03 23:15:00,091][0m Trial 1066 finished with value: 0.004509559731983605 and parameters: {'nlayers': 12, 'hidden_size': 421, 'dropout': 0.47556564578319066, 'learning_rate': 0.003738645525798292, 'batch_size': 3928}. Best is trial 183 with value: 0.004403234362602234.[0m
[32m[I 2022-11-03 23:15:13,394][0m Trial 1067 finished with value: 0.004515337818180202 and parameters: {'nlayers': 11, 'hidden_size': 510, 'dropout': 0.45317092830229627, 'learning_rate': 0.0012162841691666865, 'batch_size': 3931}. Best is trial 183 with value: 0.004403234362602234.[0m
[32m[I 2022-11-03 23:15:19,992][0m Trial 1068 finished with value: 0.0046972102536557685 and parameters: {'nlayers': 9, 'hidden_size': 314, 'dropout': 0.3460287322397341, 'learning_rate': 0.0030604110287219873, 'batch_size': 3783}. Best is trial 183 with value: 0.004403234362602234.[0m
[32m[I 2022-11-03 23:15:29,863][0m Trial 1069 finished with value: 0.0045822181659799935 and parameters: {'nlayers': 12, 'hidden_size': 381, 'dropout': 0.4448095787431587, 'learning_rate': 0.00317969046507882, 'batch_size': 3873}. Best is trial 183 with value: 0.004403234362602234.[0m
[32m[I 2022-11-03 23:15:43,656][0m Trial 1070 finished with value: 0.004529958143091117 and parameters: {'nlayers': 10, 'hidden_size': 556, 'dropout': 0.4611913531891736, 'learning_rate': 0.002894561275810442, 'batch_size': 3931}. Best is trial 183 with value: 0.004403234362602234.[0m
[32m[I 2022-11-03 23:16:25,599][0m Trial 1071 finished with value: 0.004825673027847163 and parameters: {'nlayers': 11, 'hidden_size': 1096, 'dropout': 0.4709223727069946, 'learning_rate': 0.003674333956637163, 'batch_size': 3727}. Best is trial 183 with value: 0.004403234362602234.[0m
[32m[I 2022-11-03 23:16:34,340][0m Trial 1072 finished with value: 0.004619604842628884 and parameters: {'nlayers': 8, 'hidden_size': 449, 'dropout': 0.4913016251374343, 'learning_rate': 0.003366798900183581, 'batch_size': 3865}. Best is trial 183 with value: 0.004403234362602234.[0m
[32m[I 2022-11-03 23:16:38,962][0m Trial 1073 finished with value: 0.004438140310347081 and parameters: {'nlayers': 7, 'hidden_size': 201, 'dropout': 0.4839249084468407, 'learning_rate': 0.0029394429540768553, 'batch_size': 4000}. Best is trial 183 with value: 0.004403234362602234.[0m
[32m[I 2022-11-03 23:17:01,215][0m Trial 1074 finished with value: 0.004413836315274239 and parameters: {'nlayers': 13, 'hidden_size': 622, 'dropout': 0.45264682259467476, 'learning_rate': 0.0028092274466293855, 'batch_size': 4000}. Best is trial 183 with value: 0.004403234362602234.[0m
[32m[I 2022-11-03 23:17:25,517][0m Trial 1075 finished with value: 0.004528226181618344 and parameters: {'nlayers': 13, 'hidden_size': 675, 'dropout': 0.3709540674821444, 'learning_rate': 0.0028548165401767974, 'batch_size': 3931}. Best is trial 183 with value: 0.004403234362602234.[0m
[32m[I 2022-11-03 23:17:48,479][0m Trial 1076 finished with value: 0.0044489619044914075 and parameters: {'nlayers': 14, 'hidden_size': 611, 'dropout': 0.44576985325060203, 'learning_rate': 0.0031859535317544144, 'batch_size': 3998}. Best is trial 183 with value: 0.004403234362602234.[0m
[32m[I 2022-11-03 23:18:11,595][0m Trial 1077 finished with value: 0.004666296167183072 and parameters: {'nlayers': 13, 'hidden_size': 680, 'dropout': 0.4487386632182845, 'learning_rate': 3.501072022693043e-05, 'batch_size': 3803}. Best is trial 183 with value: 0.004403234362602234.[0m
[32m[I 2022-11-03 23:18:34,068][0m Trial 1078 finished with value: 0.004442661024386002 and parameters: {'nlayers': 13, 'hidden_size': 644, 'dropout': 0.4572294120699097, 'learning_rate': 0.002850284984655255, 'batch_size': 3999}. Best is trial 183 with value: 0.004403234362602234.[0m
[32m[I 2022-11-03 23:18:54,598][0m Trial 1079 finished with value: 0.00459178467648062 and parameters: {'nlayers': 13, 'hidden_size': 603, 'dropout': 0.463721571912641, 'learning_rate': 0.0030654105377287064, 'batch_size': 3871}. Best is trial 183 with value: 0.004403234362602234.[0m
[32m[I 2022-11-03 23:19:18,607][0m Trial 1080 finished with value: 0.004459186773593499 and parameters: {'nlayers': 13, 'hidden_size': 666, 'dropout': 0.45179982631171156, 'learning_rate': 0.003243264790980103, 'batch_size': 3999}. Best is trial 183 with value: 0.004403234362602234.[0m
[32m[I 2022-11-03 23:19:46,356][0m Trial 1081 finished with value: 0.004544451954103912 and parameters: {'nlayers': 14, 'hidden_size': 705, 'dropout': 0.44087970661593606, 'learning_rate': 0.0027238155852688344, 'batch_size': 3930}. Best is trial 183 with value: 0.004403234362602234.[0m
[32m[I 2022-11-03 23:20:06,880][0m Trial 1082 finished with value: 0.004603161967332433 and parameters: {'nlayers': 13, 'hidden_size': 606, 'dropout': 0.37622935088938086, 'learning_rate': 0.0029911740905905304, 'batch_size': 3856}. Best is trial 183 with value: 0.004403234362602234.[0m
[32m[I 2022-11-03 23:20:27,389][0m Trial 1083 finished with value: 0.004695390518592409 and parameters: {'nlayers': 13, 'hidden_size': 618, 'dropout': 0.47177019723435243, 'learning_rate': 0.0043759589443255805, 'batch_size': 3787}. Best is trial 183 with value: 0.004403234362602234.[0m
[32m[I 2022-11-03 23:20:42,538][0m Trial 1084 finished with value: 0.004533136803524176 and parameters: {'nlayers': 12, 'hidden_size': 530, 'dropout': 0.4798402771223466, 'learning_rate': 0.003550355203382153, 'batch_size': 3932}. Best is trial 183 with value: 0.004403234362602234.[0m
[32m[I 2022-11-03 23:20:58,802][0m Trial 1085 finished with value: 0.004494613098127545 and parameters: {'nlayers': 12, 'hidden_size': 555, 'dropout': 0.45076890624789434, 'learning_rate': 0.002801078037645914, 'batch_size': 3930}. Best is trial 183 with value: 0.004403234362602234.[0m
[32m[I 2022-11-03 23:21:25,235][0m Trial 1086 finished with value: 0.004747782329287692 and parameters: {'nlayers': 13, 'hidden_size': 718, 'dropout': 0.45858188944970546, 'learning_rate': 0.005074288611837278, 'batch_size': 3876}. Best is trial 183 with value: 0.004403234362602234.[0m
[32m[I 2022-11-03 23:21:42,982][0m Trial 1087 finished with value: 0.004515460044850651 and parameters: {'nlayers': 12, 'hidden_size': 578, 'dropout': 0.4444473111793477, 'learning_rate': 0.003110718217940924, 'batch_size': 3931}. Best is trial 183 with value: 0.004403234362602234.[0m
[32m[I 2022-11-03 23:22:08,248][0m Trial 1088 finished with value: 0.004756985946915757 and parameters: {'nlayers': 14, 'hidden_size': 653, 'dropout': 0.3522752390156498, 'learning_rate': 0.0033365676096413924, 'batch_size': 3998}. Best is trial 183 with value: 0.004403234362602234.[0m
[32m[I 2022-11-03 23:23:23,555][0m Trial 1089 finished with value: 0.004897512269742561 and parameters: {'nlayers': 12, 'hidden_size': 1461, 'dropout': 0.46639635765776755, 'learning_rate': 0.0028446043542195657, 'batch_size': 3630}. Best is trial 183 with value: 0.004403234362602234.[0m
[32m[I 2022-11-03 23:23:27,964][0m Trial 1090 finished with value: 0.004735590688858298 and parameters: {'nlayers': 13, 'hidden_size': 103, 'dropout': 0.45393697957647183, 'learning_rate': 0.002976730210427636, 'batch_size': 3731}. Best is trial 183 with value: 0.004403234362602234.[0m
[32m[I 2022-11-03 23:23:30,983][0m Trial 1091 finished with value: 0.00462089422392764 and parameters: {'nlayers': 12, 'hidden_size': 8, 'dropout': 0.44184569074114577, 'learning_rate': 0.003966800678350698, 'batch_size': 3819}. Best is trial 183 with value: 0.004403234362602234.[0m
[32m[I 2022-11-03 23:23:45,622][0m Trial 1092 finished with value: 0.004608108402535775 and parameters: {'nlayers': 11, 'hidden_size': 547, 'dropout': 0.3406480349872712, 'learning_rate': 0.00076087470508587, 'batch_size': 3854}. Best is trial 183 with value: 0.004403234362602234.[0m
[32m[I 2022-11-03 23:23:50,456][0m Trial 1093 finished with value: 0.004494354178116419 and parameters: {'nlayers': 11, 'hidden_size': 155, 'dropout': 0.36461478721196644, 'learning_rate': 0.003504114450862821, 'batch_size': 3931}. Best is trial 183 with value: 0.004403234362602234.[0m
[32m[I 2022-11-03 23:24:10,636][0m Trial 1094 finished with value: 0.004537711927310644 and parameters: {'nlayers': 12, 'hidden_size': 636, 'dropout': 0.46586148944036354, 'learning_rate': 0.003200855217886907, 'batch_size': 3933}. Best is trial 183 with value: 0.004403234362602234.[0m
[32m[I 2022-11-03 23:24:24,721][0m Trial 1095 finished with value: 0.004446311414241791 and parameters: {'nlayers': 11, 'hidden_size': 529, 'dropout': 0.38639346452901124, 'learning_rate': 0.002757189083234513, 'batch_size': 4000}. Best is trial 183 with value: 0.004403234362602234.[0m
[32m[I 2022-11-03 23:24:50,784][0m Trial 1096 finished with value: 0.004439795513699328 and parameters: {'nlayers': 12, 'hidden_size': 746, 'dropout': 0.4932249233740951, 'learning_rate': 0.0010534350678349895, 'batch_size': 3998}. Best is trial 183 with value: 0.004403234362602234.[0m
[32m[I 2022-11-03 23:24:55,192][0m Trial 1097 finished with value: 0.004581951473056807 and parameters: {'nlayers': 13, 'hidden_size': 110, 'dropout': 0.4747688256862874, 'learning_rate': 0.0030174356353175357, 'batch_size': 3862}. Best is trial 183 with value: 0.004403234362602234.[0m
[32m[I 2022-11-03 23:25:08,126][0m Trial 1098 finished with value: 0.004453489375209856 and parameters: {'nlayers': 11, 'hidden_size': 489, 'dropout': 0.4584037492144162, 'learning_rate': 0.0027470372034051273, 'batch_size': 3998}. Best is trial 183 with value: 0.004403234362602234.[0m
[32m[I 2022-11-03 23:25:25,893][0m Trial 1099 finished with value: 0.004442148670554161 and parameters: {'nlayers': 12, 'hidden_size': 580, 'dropout': 0.37904289202742925, 'learning_rate': 0.0033201427473184084, 'batch_size': 4000}. Best is trial 183 with value: 0.004403234362602234.[0m
[32m[I 2022-11-03 23:25:31,411][0m Trial 1100 finished with value: 0.004683885934960732 and parameters: {'nlayers': 11, 'hidden_size': 219, 'dropout': 0.32073320860353216, 'learning_rate': 0.0014507839983501558, 'batch_size': 3785}. Best is trial 183 with value: 0.004403234362602234.[0m
[32m[I 2022-11-03 23:25:45,935][0m Trial 1101 finished with value: 0.00457094702917784 and parameters: {'nlayers': 13, 'hidden_size': 493, 'dropout': 0.43876735739696165, 'learning_rate': 0.00313728137742669, 'batch_size': 3870}. Best is trial 183 with value: 0.004403234362602234.[0m
[32m[I 2022-11-03 23:26:08,623][0m Trial 1102 finished with value: 0.004454388323948663 and parameters: {'nlayers': 12, 'hidden_size': 684, 'dropout': 0.4504588331556171, 'learning_rate': 0.0036993025983792023, 'batch_size': 3999}. Best is trial 183 with value: 0.004403234362602234.[0m
[32m[I 2022-11-03 23:26:10,189][0m Trial 1103 finished with value: 0.01895725749087233 and parameters: {'nlayers': 12, 'hidden_size': 157, 'dropout': 0.4625226244268074, 'learning_rate': 0.002659037253602971, 'batch_size': 948}. Best is trial 183 with value: 0.004403234362602234.[0m
[32m[I 2022-11-03 23:26:21,548][0m Trial 1104 finished with value: 0.004524993501651059 and parameters: {'nlayers': 7, 'hidden_size': 601, 'dropout': 0.4777262526226822, 'learning_rate': 0.0029703536036094834, 'batch_size': 3925}. Best is trial 183 with value: 0.004403234362602234.[0m
[32m[I 2022-11-03 23:26:25,076][0m Trial 1105 finished with value: 0.004586334217414915 and parameters: {'nlayers': 11, 'hidden_size': 67, 'dropout': 0.48415439878925576, 'learning_rate': 0.009475263479162936, 'batch_size': 3866}. Best is trial 183 with value: 0.004403234362602234.[0m
[32m[I 2022-11-03 23:26:31,938][0m Trial 1106 finished with value: 0.00475570090926838 and parameters: {'nlayers': 12, 'hidden_size': 267, 'dropout': 0.39096938984135254, 'learning_rate': 0.003513479015072622, 'batch_size': 3708}. Best is trial 183 with value: 0.004403234362602234.[0m
[32m[I 2022-11-03 23:26:47,617][0m Trial 1107 finished with value: 0.004544030382375049 and parameters: {'nlayers': 11, 'hidden_size': 561, 'dropout': 0.44775588789865356, 'learning_rate': 0.0027169134949530382, 'batch_size': 3925}. Best is trial 183 with value: 0.004403234362602234.[0m
[32m[I 2022-11-03 23:30:23,654][0m Trial 1108 finished with value: 0.004706152043645344 and parameters: {'nlayers': 10, 'hidden_size': 2978, 'dropout': 0.4732565089926817, 'learning_rate': 0.0032768635241619205, 'batch_size': 3780}. Best is trial 183 with value: 0.004403234362602234.[0m
[32m[I 2022-11-03 23:30:37,606][0m Trial 1109 finished with value: 0.004421805785458873 and parameters: {'nlayers': 13, 'hidden_size': 471, 'dropout': 0.4571215529704246, 'learning_rate': 0.002896742069756913, 'batch_size': 3999}. Best is trial 183 with value: 0.004403234362602234.[0m
[32m[I 2022-11-03 23:30:40,003][0m Trial 1110 finished with value: 0.012396346324006135 and parameters: {'nlayers': 11, 'hidden_size': 213, 'dropout': 0.44170519371868827, 'learning_rate': 0.0012893535397154282, 'batch_size': 1437}. Best is trial 183 with value: 0.004403234362602234.[0m
[32m[I 2022-11-03 23:31:32,487][0m Trial 1111 finished with value: 0.004646964105524758 and parameters: {'nlayers': 10, 'hidden_size': 1285, 'dropout': 0.46302175885527197, 'learning_rate': 0.003005636789111181, 'batch_size': 3870}. Best is trial 183 with value: 0.004403234362602234.[0m
[32m[I 2022-11-03 23:31:51,177][0m Trial 1112 finished with value: 0.004562275707949731 and parameters: {'nlayers': 11, 'hidden_size': 642, 'dropout': 0.4338799000344312, 'learning_rate': 0.0031756673242423687, 'batch_size': 3921}. Best is trial 183 with value: 0.004403234362602234.[0m
[32m[I 2022-11-03 23:31:58,921][0m Trial 1113 finished with value: 0.00464221435893324 and parameters: {'nlayers': 12, 'hidden_size': 293, 'dropout': 0.4512441583423733, 'learning_rate': 0.002655696269533636, 'batch_size': 3807}. Best is trial 183 with value: 0.004403234362602234.[0m
[32m[I 2022-11-03 23:32:21,790][0m Trial 1114 finished with value: 0.004450229532452159 and parameters: {'nlayers': 10, 'hidden_size': 759, 'dropout': 0.387218950554031, 'learning_rate': 0.003922065179748694, 'batch_size': 3999}. Best is trial 183 with value: 0.004403234362602234.[0m
[32m[I 2022-11-03 23:32:26,255][0m Trial 1115 finished with value: 0.004533629490596812 and parameters: {'nlayers': 11, 'hidden_size': 136, 'dropout': 0.4545778798721844, 'learning_rate': 0.00345573918671888, 'batch_size': 3926}. Best is trial 183 with value: 0.004403234362602234.[0m
[32m[I 2022-11-03 23:32:42,715][0m Trial 1116 finished with value: 0.0045973054473116785 and parameters: {'nlayers': 14, 'hidden_size': 528, 'dropout': 0.4678359748009533, 'learning_rate': 0.002847611680207971, 'batch_size': 3854}. Best is trial 183 with value: 0.004403234362602234.[0m
[32m[I 2022-11-03 23:32:48,141][0m Trial 1117 finished with value: 0.00443140809237957 and parameters: {'nlayers': 8, 'hidden_size': 242, 'dropout': 0.44328059216499277, 'learning_rate': 0.003121255743600266, 'batch_size': 4000}. Best is trial 183 with value: 0.004403234362602234.[0m
[32m[I 2022-11-03 23:32:58,879][0m Trial 1118 finished with value: 0.0045255321150372745 and parameters: {'nlayers': 12, 'hidden_size': 416, 'dropout': 0.3341456552521649, 'learning_rate': 0.002637334532276367, 'batch_size': 3925}. Best is trial 183 with value: 0.004403234362602234.[0m
[32m[I 2022-11-03 23:33:20,509][0m Trial 1119 finished with value: 0.004708824381290974 and parameters: {'nlayers': 11, 'hidden_size': 703, 'dropout': 0.3690363526344925, 'learning_rate': 0.003378492472067789, 'batch_size': 3807}. Best is trial 183 with value: 0.004403234362602234.[0m
[32m[I 2022-11-03 23:33:29,532][0m Trial 1120 finished with value: 0.0045699366628816135 and parameters: {'nlayers': 13, 'hidden_size': 330, 'dropout': 0.35736049969370826, 'learning_rate': 0.003674860359677476, 'batch_size': 3876}. Best is trial 183 with value: 0.004403234362602234.[0m
[32m[I 2022-11-03 23:33:40,181][0m Trial 1121 finished with value: 0.0044940795531406355 and parameters: {'nlayers': 10, 'hidden_size': 458, 'dropout': 0.4636584915955997, 'learning_rate': 0.002901254764931865, 'batch_size': 3930}. Best is trial 183 with value: 0.004403234362602234.[0m
[32m[I 2022-11-03 23:33:52,654][0m Trial 1122 finished with value: 0.004797713942112291 and parameters: {'nlayers': 8, 'hidden_size': 605, 'dropout': 0.48244792521237945, 'learning_rate': 0.003038436027350397, 'batch_size': 3707}. Best is trial 183 with value: 0.004403234362602234.[0m
[32m[I 2022-11-03 23:33:57,673][0m Trial 1123 finished with value: 0.004526600704712948 and parameters: {'nlayers': 12, 'hidden_size': 168, 'dropout': 0.3785370848036934, 'learning_rate': 0.004105716848531038, 'batch_size': 3926}. Best is trial 183 with value: 0.004403234362602234.[0m
[32m[I 2022-11-03 23:34:09,888][0m Trial 1124 finished with value: 0.004587095733818709 and parameters: {'nlayers': 10, 'hidden_size': 516, 'dropout': 0.3935319355869146, 'learning_rate': 0.0026841043187106383, 'batch_size': 3866}. Best is trial 183 with value: 0.004403234362602234.[0m
[32m[I 2022-11-03 23:34:12,183][0m Trial 1125 finished with value: 0.006414893073867066 and parameters: {'nlayers': 11, 'hidden_size': 70, 'dropout': 0.4702609426792745, 'learning_rate': 0.0032859268828052076, 'batch_size': 2772}. Best is trial 183 with value: 0.004403234362602234.[0m
[32m[I 2022-11-03 23:34:17,091][0m Trial 1126 finished with value: 0.004441475570201874 and parameters: {'nlayers': 7, 'hidden_size': 256, 'dropout': 0.4559113253547547, 'learning_rate': 0.0015559627974726137, 'batch_size': 4000}. Best is trial 183 with value: 0.004403234362602234.[0m
[32m[I 2022-11-03 23:34:24,894][0m Trial 1127 finished with value: 0.004662231294745509 and parameters: {'nlayers': 11, 'hidden_size': 332, 'dropout': 0.43378063172306425, 'learning_rate': 0.0028163880886011203, 'batch_size': 3813}. Best is trial 183 with value: 0.004403234362602234.[0m
[32m[I 2022-11-03 23:35:02,374][0m Trial 1128 finished with value: 0.004529517885994136 and parameters: {'nlayers': 12, 'hidden_size': 925, 'dropout': 0.4031843438472422, 'learning_rate': 0.003562741597394167, 'batch_size': 3936}. Best is trial 183 with value: 0.004403234362602234.[0m
[32m[I 2022-11-03 23:35:14,596][0m Trial 1129 finished with value: 0.004551076125576504 and parameters: {'nlayers': 8, 'hidden_size': 577, 'dropout': 0.44525002629560273, 'learning_rate': 0.0002737513637685625, 'batch_size': 3927}. Best is trial 183 with value: 0.004403234362602234.[0m
[32m[I 2022-11-03 23:35:19,217][0m Trial 1130 finished with value: 0.004724058798562671 and parameters: {'nlayers': 9, 'hidden_size': 191, 'dropout': 0.47455095774220923, 'learning_rate': 0.003066236481885514, 'batch_size': 3755}. Best is trial 183 with value: 0.004403234362602234.[0m
[32m[I 2022-11-03 23:35:39,232][0m Trial 1131 finished with value: 0.004580448557876815 and parameters: {'nlayers': 12, 'hidden_size': 644, 'dropout': 0.460821318455268, 'learning_rate': 0.0027987391088867223, 'batch_size': 3878}. Best is trial 183 with value: 0.004403234362602234.[0m
[32m[I 2022-11-03 23:35:43,149][0m Trial 1132 finished with value: 0.015487540142698437 and parameters: {'nlayers': 13, 'hidden_size': 385, 'dropout': 0.4511328481322688, 'learning_rate': 0.002619966565281242, 'batch_size': 1146}. Best is trial 183 with value: 0.004403234362602234.[0m
[32m[I 2022-11-03 23:35:54,816][0m Trial 1133 finished with value: 0.004489924557228989 and parameters: {'nlayers': 11, 'hidden_size': 462, 'dropout': 0.44196994061293626, 'learning_rate': 0.0037919077828843222, 'batch_size': 3939}. Best is trial 183 with value: 0.004403234362602234.[0m
[32m[I 2022-11-03 23:36:00,828][0m Trial 1134 finished with value: 0.009896470848481257 and parameters: {'nlayers': 10, 'hidden_size': 536, 'dropout': 0.3823734886756937, 'learning_rate': 0.003235237169450075, 'batch_size': 1803}. Best is trial 183 with value: 0.004403234362602234.[0m
[32m[I 2022-11-03 23:36:07,168][0m Trial 1135 finished with value: 0.0044400488110767 and parameters: {'nlayers': 9, 'hidden_size': 285, 'dropout': 0.49320302599042365, 'learning_rate': 0.0029252028290247503, 'batch_size': 3998}. Best is trial 183 with value: 0.004403234362602234.[0m
[32m[I 2022-11-03 23:36:10,546][0m Trial 1136 finished with value: 0.004603084292254059 and parameters: {'nlayers': 7, 'hidden_size': 100, 'dropout': 0.467070560586437, 'learning_rate': 0.001589545412633981, 'batch_size': 3839}. Best is trial 183 with value: 0.004403234362602234.[0m
[32m[I 2022-11-03 23:36:21,231][0m Trial 1137 finished with value: 0.004489911868978699 and parameters: {'nlayers': 11, 'hidden_size': 426, 'dropout': 0.2020070717255814, 'learning_rate': 0.0025753631694870214, 'batch_size': 3930}. Best is trial 183 with value: 0.004403234362602234.[0m
