[32m[I 2022-11-04 04:11:27,240][0m Trial 2190 finished with value: 0.004502017052879275 and parameters: {'nlayers': 12, 'hidden_size': 302, 'dropout': 0.38750041364375953, 'learning_rate': 0.0041297451529243405, 'batch_size': 3926}. Best is trial 1603 with value: 0.004398547172546387.[0m
[32m[I 2022-11-04 04:11:35,064][0m Trial 2191 finished with value: 0.004578980635524166 and parameters: {'nlayers': 6, 'hidden_size': 513, 'dropout': 0.4506105453754194, 'learning_rate': 0.0031614167744724907, 'batch_size': 3868}. Best is trial 1603 with value: 0.004398547172546387.[0m
[32m[I 2022-11-04 04:11:42,109][0m Trial 2192 finished with value: 0.004652200552978014 and parameters: {'nlayers': 16, 'hidden_size': 222, 'dropout': 0.2126182725101741, 'learning_rate': 0.00444067483301331, 'batch_size': 3800}. Best is trial 1603 with value: 0.004398547172546387.[0m
[32m[I 2022-11-04 04:11:51,340][0m Trial 2193 finished with value: 0.0047399170976346145 and parameters: {'nlayers': 13, 'hidden_size': 338, 'dropout': 0.49943035549776243, 'learning_rate': 2.1126068013015142e-05, 'batch_size': 3917}. Best is trial 1603 with value: 0.004398547172546387.[0m
[32m[I 2022-11-04 04:12:01,263][0m Trial 2194 finished with value: 0.004503250865043498 and parameters: {'nlayers': 11, 'hidden_size': 408, 'dropout': 0.22737626731100544, 'learning_rate': 0.003430067321826081, 'batch_size': 3931}. Best is trial 1603 with value: 0.004398547172546387.[0m
[32m[I 2022-11-04 04:12:34,041][0m Trial 2195 finished with value: 0.0046203717930153355 and parameters: {'nlayers': 14, 'hidden_size': 773, 'dropout': 0.4439054358841619, 'learning_rate': 0.004708570030320447, 'batch_size': 3848}. Best is trial 1603 with value: 0.004398547172546387.[0m
[32m[I 2022-11-04 04:13:10,694][0m Trial 2196 finished with value: 0.004852523066580749 and parameters: {'nlayers': 12, 'hidden_size': 926, 'dropout': 0.46928746069527294, 'learning_rate': 0.003879692564537712, 'batch_size': 3684}. Best is trial 1603 with value: 0.004398547172546387.[0m
[32m[I 2022-11-04 04:13:15,233][0m Trial 2197 finished with value: 0.004445908389985561 and parameters: {'nlayers': 13, 'hidden_size': 110, 'dropout': 0.37574490219211754, 'learning_rate': 0.0013155784801150683, 'batch_size': 4000}. Best is trial 1603 with value: 0.004398547172546387.[0m
[32m[I 2022-11-04 04:13:31,860][0m Trial 2198 finished with value: 0.004530931932550878 and parameters: {'nlayers': 11, 'hidden_size': 594, 'dropout': 0.4852694061712667, 'learning_rate': 0.0018020888768347791, 'batch_size': 3926}. Best is trial 1603 with value: 0.004398547172546387.[0m
[32m[I 2022-11-04 04:13:42,156][0m Trial 2199 finished with value: 0.004569641091944179 and parameters: {'nlayers': 19, 'hidden_size': 284, 'dropout': 0.1657563537444553, 'learning_rate': 0.0032284249415179002, 'batch_size': 3855}. Best is trial 1603 with value: 0.004398547172546387.[0m
[32m[I 2022-11-04 04:13:49,908][0m Trial 2200 finished with value: 0.004535874095531778 and parameters: {'nlayers': 20, 'hidden_size': 191, 'dropout': 0.33321353145622984, 'learning_rate': 0.003562101254058964, 'batch_size': 3924}. Best is trial 1603 with value: 0.004398547172546387.[0m
[32m[I 2022-11-04 04:14:01,863][0m Trial 2201 finished with value: 0.004710075516506272 and parameters: {'nlayers': 12, 'hidden_size': 458, 'dropout': 0.40534413209138936, 'learning_rate': 0.008008140161344834, 'batch_size': 3776}. Best is trial 1603 with value: 0.004398547172546387.[0m
[32m[I 2022-11-04 04:14:15,025][0m Trial 2202 finished with value: 0.004600410087085177 and parameters: {'nlayers': 18, 'hidden_size': 376, 'dropout': 0.43397135067097903, 'learning_rate': 0.0030813941640782045, 'batch_size': 3866}. Best is trial 1603 with value: 0.004398547172546387.[0m
[32m[I 2022-11-04 04:15:33,631][0m Trial 2203 finished with value: 0.004647766774259878 and parameters: {'nlayers': 17, 'hidden_size': 1176, 'dropout': 0.17802480941132037, 'learning_rate': 0.003819538093420194, 'batch_size': 3927}. Best is trial 1603 with value: 0.004398547172546387.[0m
[32m[I 2022-11-04 04:15:51,437][0m Trial 2204 finished with value: 0.004466394255476673 and parameters: {'nlayers': 14, 'hidden_size': 532, 'dropout': 0.45786234180703894, 'learning_rate': 0.003422135612541571, 'batch_size': 3999}. Best is trial 1603 with value: 0.004398547172546387.[0m
[32m[I 2022-11-04 04:16:00,555][0m Trial 2205 finished with value: 0.004510006906727535 and parameters: {'nlayers': 13, 'hidden_size': 318, 'dropout': 0.39646974336094615, 'learning_rate': 0.0015602749222395334, 'batch_size': 3926}. Best is trial 1603 with value: 0.004398547172546387.[0m
[32m[I 2022-11-04 04:16:23,155][0m Trial 2206 finished with value: 0.004669998885767532 and parameters: {'nlayers': 12, 'hidden_size': 683, 'dropout': 0.4707675136167821, 'learning_rate': 0.004242951233180933, 'batch_size': 3805}. Best is trial 1603 with value: 0.004398547172546387.[0m
[32m[I 2022-11-04 04:16:28,313][0m Trial 2207 finished with value: 0.004501476397815708 and parameters: {'nlayers': 7, 'hidden_size': 253, 'dropout': 0.44560452966992503, 'learning_rate': 0.003644540429354102, 'batch_size': 3924}. Best is trial 1603 with value: 0.004398547172546387.[0m
[32m[I 2022-11-04 04:16:32,266][0m Trial 2208 finished with value: 0.004422211565077305 and parameters: {'nlayers': 11, 'hidden_size': 66, 'dropout': 0.4208326930795154, 'learning_rate': 0.0030808560415900594, 'batch_size': 4000}. Best is trial 1603 with value: 0.004398547172546387.[0m
[32m[I 2022-11-04 04:16:37,794][0m Trial 2209 finished with value: 0.004443392664194107 and parameters: {'nlayers': 11, 'hidden_size': 179, 'dropout': 0.19539583638025476, 'learning_rate': 0.0033721921931588548, 'batch_size': 4000}. Best is trial 1603 with value: 0.004398547172546387.[0m
[32m[I 2022-11-04 04:16:50,735][0m Trial 2210 finished with value: 0.004773573530111472 and parameters: {'nlayers': 15, 'hidden_size': 414, 'dropout': 0.47866602768955896, 'learning_rate': 0.0018216981454072141, 'batch_size': 3718}. Best is trial 1603 with value: 0.004398547172546387.[0m
[32m[I 2022-11-04 04:20:45,963][0m Trial 2211 finished with value: 0.0046755654360963895 and parameters: {'nlayers': 13, 'hidden_size': 2589, 'dropout': 0.4631079870889361, 'learning_rate': 0.0040383426659478605, 'batch_size': 3860}. Best is trial 1603 with value: 0.004398547172546387.[0m
[32m[I 2022-11-04 04:20:59,086][0m Trial 2212 finished with value: 0.004566973415464432 and parameters: {'nlayers': 12, 'hidden_size': 475, 'dropout': 0.3824460068335944, 'learning_rate': 0.0032367615077365615, 'batch_size': 3871}. Best is trial 1603 with value: 0.004398547172546387.[0m
[32m[I 2022-11-04 04:21:08,156][0m Trial 2213 finished with value: 0.004682761389882968 and parameters: {'nlayers': 12, 'hidden_size': 345, 'dropout': 0.18743817682700095, 'learning_rate': 0.0037648737492635637, 'batch_size': 3793}. Best is trial 1603 with value: 0.004398547172546387.[0m
[32m[I 2022-11-04 04:21:32,109][0m Trial 2214 finished with value: 0.004787413433678751 and parameters: {'nlayers': 14, 'hidden_size': 634, 'dropout': 0.15557506461130902, 'learning_rate': 0.0029716169270817662, 'batch_size': 3936}. Best is trial 1603 with value: 0.004398547172546387.[0m
[32m[I 2022-11-04 04:21:39,442][0m Trial 2215 finished with value: 0.004447879136040915 and parameters: {'nlayers': 11, 'hidden_size': 278, 'dropout': 0.4536951487870842, 'learning_rate': 0.003524086219197348, 'batch_size': 3999}. Best is trial 1603 with value: 0.004398547172546387.[0m
[32m[I 2022-11-04 04:21:46,045][0m Trial 2216 finished with value: 0.0044462699005161305 and parameters: {'nlayers': 13, 'hidden_size': 212, 'dropout': 0.3442312404953125, 'learning_rate': 0.0016526381254621154, 'batch_size': 3998}. Best is trial 1603 with value: 0.004398547172546387.[0m
[32m[I 2022-11-04 04:22:05,841][0m Trial 2217 finished with value: 0.006216049507604919 and parameters: {'nlayers': 21, 'hidden_size': 540, 'dropout': 0.4386978015688146, 'learning_rate': 0.0011770145519419918, 'batch_size': 2854}. Best is trial 1603 with value: 0.004398547172546387.[0m
[32m[I 2022-11-04 04:22:10,388][0m Trial 2218 finished with value: 0.004514491060357958 and parameters: {'nlayers': 10, 'hidden_size': 140, 'dropout': 0.41314111901649414, 'learning_rate': 0.00323162470528322, 'batch_size': 3928}. Best is trial 1603 with value: 0.004398547172546387.[0m
[32m[I 2022-11-04 04:22:19,889][0m Trial 2219 finished with value: 0.004444171234965324 and parameters: {'nlayers': 11, 'hidden_size': 370, 'dropout': 0.47444528408339354, 'learning_rate': 0.003001893347560582, 'batch_size': 4000}. Best is trial 1603 with value: 0.004398547172546387.[0m
[32m[I 2022-11-04 04:22:27,839][0m Trial 2220 finished with value: 0.004612607092660995 and parameters: {'nlayers': 12, 'hidden_size': 293, 'dropout': 0.4907225431966265, 'learning_rate': 0.008454012602036936, 'batch_size': 3861}. Best is trial 1603 with value: 0.004398547172546387.[0m
[32m[I 2022-11-04 04:22:57,509][0m Trial 2221 finished with value: 0.004689212155890764 and parameters: {'nlayers': 15, 'hidden_size': 728, 'dropout': 0.4640297609352038, 'learning_rate': 0.003711403946833809, 'batch_size': 3824}. Best is trial 1603 with value: 0.004398547172546387.[0m
[32m[I 2022-11-04 04:23:09,254][0m Trial 2222 finished with value: 0.004949466565181579 and parameters: {'nlayers': 13, 'hidden_size': 433, 'dropout': 0.2498444778502951, 'learning_rate': 0.0033341486722621477, 'batch_size': 3588}. Best is trial 1603 with value: 0.004398547172546387.[0m
[32m[I 2022-11-04 04:23:12,220][0m Trial 2223 finished with value: 0.004512015567184829 and parameters: {'nlayers': 7, 'hidden_size': 56, 'dropout': 0.20617631735953953, 'learning_rate': 0.008990808189008812, 'batch_size': 3932}. Best is trial 1603 with value: 0.004398547172546387.[0m
[32m[I 2022-11-04 04:23:31,811][0m Trial 2224 finished with value: 0.004741227384686534 and parameters: {'nlayers': 14, 'hidden_size': 577, 'dropout': 0.3550281663900994, 'learning_rate': 0.001406219638502609, 'batch_size': 3742}. Best is trial 1603 with value: 0.004398547172546387.[0m
[32m[I 2022-11-04 04:23:38,324][0m Trial 2225 finished with value: 0.004579217305929818 and parameters: {'nlayers': 12, 'hidden_size': 236, 'dropout': 0.38955194702278256, 'learning_rate': 0.003976713698057966, 'batch_size': 3865}. Best is trial 1603 with value: 0.004398547172546387.[0m
[32m[I 2022-11-04 04:23:42,727][0m Trial 2226 finished with value: 0.007704059499840549 and parameters: {'nlayers': 10, 'hidden_size': 322, 'dropout': 0.3695846708638906, 'learning_rate': 0.0042317893508922524, 'batch_size': 2290}. Best is trial 1603 with value: 0.004398547172546387.[0m
[32m[I 2022-11-04 04:23:55,073][0m Trial 2227 finished with value: 0.004428200528025627 and parameters: {'nlayers': 11, 'hidden_size': 474, 'dropout': 0.39862668252320893, 'learning_rate': 0.003491171077663178, 'batch_size': 4000}. Best is trial 1603 with value: 0.004398547172546387.[0m
[32m[I 2022-11-04 04:23:59,296][0m Trial 2228 finished with value: 0.004420303158462048 and parameters: {'nlayers': 10, 'hidden_size': 110, 'dropout': 0.17357303709337818, 'learning_rate': 0.001902576711554002, 'batch_size': 4000}. Best is trial 1603 with value: 0.004398547172546387.[0m
[32m[I 2022-11-04 04:24:10,259][0m Trial 2229 finished with value: 0.004559718791701219 and parameters: {'nlayers': 13, 'hidden_size': 392, 'dropout': 0.45082388853560584, 'learning_rate': 0.0031177795326495727, 'batch_size': 3874}. Best is trial 1603 with value: 0.004398547172546387.[0m
[32m[I 2022-11-04 04:24:15,568][0m Trial 2230 finished with value: 0.004487554201923134 and parameters: {'nlayers': 11, 'hidden_size': 192, 'dropout': 0.48230174442657875, 'learning_rate': 0.0028786978982631023, 'batch_size': 3927}. Best is trial 1603 with value: 0.004398547172546387.[0m
[32m[I 2022-11-04 04:24:17,618][0m Trial 2231 finished with value: 0.02898604362135213 and parameters: {'nlayers': 12, 'hidden_size': 262, 'dropout': 0.1988615414740231, 'learning_rate': 0.0038571173459861384, 'batch_size': 614}. Best is trial 1603 with value: 0.004398547172546387.[0m
[32m[I 2022-11-04 04:24:30,640][0m Trial 2232 finished with value: 0.004682808681168381 and parameters: {'nlayers': 8, 'hidden_size': 620, 'dropout': 0.3331228380766484, 'learning_rate': 0.003609910226397557, 'batch_size': 3783}. Best is trial 1603 with value: 0.004398547172546387.[0m
[32m[I 2022-11-04 04:24:48,082][0m Trial 2233 finished with value: 0.004555054604546073 and parameters: {'nlayers': 14, 'hidden_size': 533, 'dropout': 0.45592949890874995, 'learning_rate': 0.0033429299088261573, 'batch_size': 3878}. Best is trial 1603 with value: 0.004398547172546387.[0m
[32m[I 2022-11-04 04:24:57,357][0m Trial 2234 finished with value: 0.004497843308761193 and parameters: {'nlayers': 13, 'hidden_size': 328, 'dropout': 0.27761664714389744, 'learning_rate': 0.0016449147202757814, 'batch_size': 3938}. Best is trial 1603 with value: 0.004398547172546387.[0m
[32m[I 2022-11-04 04:25:02,552][0m Trial 2235 finished with value: 0.0044861339734104146 and parameters: {'nlayers': 12, 'hidden_size': 153, 'dropout': 0.43982562871088193, 'learning_rate': 0.004544324048031107, 'batch_size': 3930}. Best is trial 1603 with value: 0.004398547172546387.[0m
[32m[I 2022-11-04 04:25:11,459][0m Trial 2236 finished with value: 0.004646527175983398 and parameters: {'nlayers': 10, 'hidden_size': 398, 'dropout': 0.1881590220140563, 'learning_rate': 0.003113691500889387, 'batch_size': 3811}. Best is trial 1603 with value: 0.004398547172546387.[0m
[32m[I 2022-11-04 04:25:31,118][0m Trial 2237 finished with value: 0.004541870897797478 and parameters: {'nlayers': 19, 'hidden_size': 474, 'dropout': 0.42660258590974565, 'learning_rate': 0.00298124491857265, 'batch_size': 3929}. Best is trial 1603 with value: 0.004398547172546387.[0m
[32m[I 2022-11-04 04:25:34,412][0m Trial 2238 finished with value: 0.0046689079567137455 and parameters: {'nlayers': 11, 'hidden_size': 3, 'dropout': 0.47056832555293815, 'learning_rate': 0.0034325482992582147, 'batch_size': 3859}. Best is trial 1603 with value: 0.004398547172546387.[0m
[32m[I 2022-11-04 04:25:36,597][0m Trial 2239 finished with value: 0.005102661529904864 and parameters: {'nlayers': 1, 'hidden_size': 238, 'dropout': 0.4088862646358595, 'learning_rate': 0.0036933372307056153, 'batch_size': 3507}. Best is trial 1603 with value: 0.004398547172546387.[0m
[32m[I 2022-11-04 04:26:00,825][0m Trial 2240 finished with value: 0.004497817955605388 and parameters: {'nlayers': 13, 'hidden_size': 667, 'dropout': 0.49424773613050776, 'learning_rate': 0.004857829881807965, 'batch_size': 3923}. Best is trial 1603 with value: 0.004398547172546387.[0m
[32m[I 2022-11-04 04:26:11,523][0m Trial 2241 finished with value: 0.0047700734957792194 and parameters: {'nlayers': 16, 'hidden_size': 335, 'dropout': 0.44524896615937365, 'learning_rate': 0.0032410723883542648, 'batch_size': 3719}. Best is trial 1603 with value: 0.004398547172546387.[0m
[32m[I 2022-11-04 04:26:16,894][0m Trial 2242 finished with value: 0.004501948140682728 and parameters: {'nlayers': 10, 'hidden_size': 205, 'dropout': 0.3810557259644422, 'learning_rate': 0.0018454339890849952, 'batch_size': 3936}. Best is trial 1603 with value: 0.004398547172546387.[0m
[32m[I 2022-11-04 04:26:25,974][0m Trial 2243 finished with value: 0.004686732106822254 and parameters: {'nlayers': 7, 'hidden_size': 516, 'dropout': 0.4610186278388847, 'learning_rate': 0.0014134800260198787, 'batch_size': 3801}. Best is trial 1603 with value: 0.004398547172546387.[0m
[32m[I 2022-11-04 04:26:33,831][0m Trial 2244 finished with value: 0.004510456849636163 and parameters: {'nlayers': 12, 'hidden_size': 286, 'dropout': 0.49960250058035754, 'learning_rate': 0.004062577474228164, 'batch_size': 3932}. Best is trial 1603 with value: 0.004398547172546387.[0m
[32m[I 2022-11-04 04:26:50,806][0m Trial 2245 finished with value: 0.004611167916040376 and parameters: {'nlayers': 11, 'hidden_size': 587, 'dropout': 0.48402698933498867, 'learning_rate': 0.0042852730891439275, 'batch_size': 3866}. Best is trial 1603 with value: 0.004398547172546387.[0m
[32m[I 2022-11-04 04:27:18,885][0m Trial 2246 finished with value: 0.006550488082076628 and parameters: {'nlayers': 8, 'hidden_size': 1251, 'dropout': 0.47428970837469236, 'learning_rate': 0.0028850768892535843, 'batch_size': 2718}. Best is trial 1603 with value: 0.004398547172546387.[0m
[32m[I 2022-11-04 04:27:23,525][0m Trial 2247 finished with value: 0.0044932136273766 and parameters: {'nlayers': 14, 'hidden_size': 90, 'dropout': 0.46440392729907515, 'learning_rate': 0.003855930486453063, 'batch_size': 3933}. Best is trial 1603 with value: 0.004398547172546387.[0m
[32m[I 2022-11-04 04:27:35,100][0m Trial 2248 finished with value: 0.004605490986329172 and parameters: {'nlayers': 12, 'hidden_size': 429, 'dropout': 0.3966457228085552, 'learning_rate': 0.0034916467335982986, 'batch_size': 3862}. Best is trial 1603 with value: 0.004398547172546387.[0m
[32m[I 2022-11-04 04:27:45,270][0m Trial 2249 finished with value: 0.0045097957820101845 and parameters: {'nlayers': 13, 'hidden_size': 360, 'dropout': 0.34383709008264174, 'learning_rate': 0.003042228150635088, 'batch_size': 3933}. Best is trial 1603 with value: 0.004398547172546387.[0m
[32m[I 2022-11-04 04:27:50,187][0m Trial 2250 finished with value: 0.00444601171463728 and parameters: {'nlayers': 11, 'hidden_size': 142, 'dropout': 0.4466726755340448, 'learning_rate': 0.0036831459028184212, 'batch_size': 4000}. Best is trial 1603 with value: 0.004398547172546387.[0m
[32m[I 2022-11-04 04:27:56,596][0m Trial 2251 finished with value: 0.004450772681454475 and parameters: {'nlayers': 10, 'hidden_size': 250, 'dropout': 0.13897068787273575, 'learning_rate': 0.003221380291785561, 'batch_size': 3999}. Best is trial 1603 with value: 0.004398547172546387.[0m
[32m[I 2022-11-04 04:28:32,691][0m Trial 2252 finished with value: 0.004856797427248213 and parameters: {'nlayers': 18, 'hidden_size': 744, 'dropout': 0.18305683393963762, 'learning_rate': 0.001971436062012419, 'batch_size': 3759}. Best is trial 1603 with value: 0.004398547172546387.[0m
[32m[I 2022-11-04 04:28:41,069][0m Trial 2253 finished with value: 0.004436648787782025 and parameters: {'nlayers': 8, 'hidden_size': 407, 'dropout': 0.36239078539968445, 'learning_rate': 0.001636405765199163, 'batch_size': 3999}. Best is trial 1603 with value: 0.004398547172546387.[0m
[32m[I 2022-11-04 04:32:07,044][0m Trial 2254 finished with value: 0.004612397047735396 and parameters: {'nlayers': 12, 'hidden_size': 2448, 'dropout': 0.4338201693749295, 'learning_rate': 0.002860114806914242, 'batch_size': 3864}. Best is trial 1603 with value: 0.004398547172546387.[0m
[32m[I 2022-11-04 04:32:19,137][0m Trial 2255 finished with value: 0.004871604521135087 and parameters: {'nlayers': 11, 'hidden_size': 490, 'dropout': 0.45885981515517565, 'learning_rate': 0.0034064320216342864, 'batch_size': 3658}. Best is trial 1603 with value: 0.004398547172546387.[0m
[32m[I 2022-11-04 04:32:27,457][0m Trial 2256 finished with value: 0.005274513048263337 and parameters: {'nlayers': 15, 'hidden_size': 303, 'dropout': 0.37287514849907716, 'learning_rate': 0.004540547525783829, 'batch_size': 3362}. Best is trial 1603 with value: 0.004398547172546387.[0m
[32m[I 2022-11-04 04:32:55,465][0m Trial 2257 finished with value: 0.004666231164457289 and parameters: {'nlayers': 21, 'hidden_size': 568, 'dropout': 0.40196037991950173, 'learning_rate': 0.003165464437048442, 'batch_size': 3815}. Best is trial 1603 with value: 0.004398547172546387.[0m
[32m[I 2022-11-04 04:33:01,695][0m Trial 2258 finished with value: 0.004503195529909638 and parameters: {'nlayers': 13, 'hidden_size': 204, 'dropout': 0.29337199869382924, 'learning_rate': 0.00409652177249128, 'batch_size': 3936}. Best is trial 1603 with value: 0.004398547172546387.[0m
[32m[I 2022-11-04 04:33:57,187][0m Trial 2259 finished with value: 0.004616220202801428 and parameters: {'nlayers': 17, 'hidden_size': 976, 'dropout': 0.3868800038208374, 'learning_rate': 0.003863368632693191, 'batch_size': 3877}. Best is trial 1603 with value: 0.004398547172546387.[0m
[32m[I 2022-11-04 04:34:31,556][0m Trial 2260 finished with value: 0.004431527311964672 and parameters: {'nlayers': 20, 'hidden_size': 641, 'dropout': 0.19514100534150963, 'learning_rate': 0.0027510647513688965, 'batch_size': 3999}. Best is trial 1603 with value: 0.004398547172546387.[0m
[32m[I 2022-11-04 04:35:30,678][0m Trial 2261 finished with value: 0.004460889309644699 and parameters: {'nlayers': 10, 'hidden_size': 1340, 'dropout': 0.48829531801810533, 'learning_rate': 0.0010826822256564447, 'batch_size': 4000}. Best is trial 1603 with value: 0.004398547172546387.[0m
[32m[I 2022-11-04 04:35:40,891][0m Trial 2262 finished with value: 0.004663630611910911 and parameters: {'nlayers': 14, 'hidden_size': 350, 'dropout': 0.4532440668961071, 'learning_rate': 0.0035630288063614023, 'batch_size': 3809}. Best is trial 1603 with value: 0.004398547172546387.[0m
[32m[I 2022-11-04 04:35:48,447][0m Trial 2263 finished with value: 0.004518792827468051 and parameters: {'nlayers': 12, 'hidden_size': 278, 'dropout': 0.4794446932779851, 'learning_rate': 0.0033203665552604174, 'batch_size': 3921}. Best is trial 1603 with value: 0.004398547172546387.[0m
[32m[I 2022-11-04 04:35:53,395][0m Trial 2264 finished with value: 0.0045005910724173976 and parameters: {'nlayers': 10, 'hidden_size': 163, 'dropout': 0.4145879682404365, 'learning_rate': 0.0029416747481902936, 'batch_size': 3930}. Best is trial 1603 with value: 0.004398547172546387.[0m
