[32m[I 2022-11-04 06:44:26,973][0m Trial 2715 finished with value: 0.0044079583923528716 and parameters: {'nlayers': 22, 'hidden_size': 255, 'dropout': 0.32643867297316487, 'learning_rate': 0.0024719302792952343, 'batch_size': 3999}. Best is trial 1603 with value: 0.004398547172546387.[0m
[32m[I 2022-11-04 06:44:37,145][0m Trial 2716 finished with value: 0.004585717980301223 and parameters: {'nlayers': 23, 'hidden_size': 232, 'dropout': 0.3248838946717135, 'learning_rate': 0.0025325708613337257, 'batch_size': 3867}. Best is trial 1603 with value: 0.004398547172546387.[0m
[32m[I 2022-11-04 06:44:51,079][0m Trial 2717 finished with value: 0.004507936366467955 and parameters: {'nlayers': 23, 'hidden_size': 302, 'dropout': 0.3296874584104885, 'learning_rate': 0.0025721931190708053, 'batch_size': 3926}. Best is trial 1603 with value: 0.004398547172546387.[0m
[32m[I 2022-11-04 06:45:01,680][0m Trial 2718 finished with value: 0.004674655144151888 and parameters: {'nlayers': 21, 'hidden_size': 255, 'dropout': 0.3205035216254322, 'learning_rate': 0.0024619425876449444, 'batch_size': 3800}. Best is trial 1603 with value: 0.004398547172546387.[0m
[32m[I 2022-11-04 06:45:13,716][0m Trial 2719 finished with value: 0.00449941919521598 and parameters: {'nlayers': 22, 'hidden_size': 270, 'dropout': 0.32604879683976645, 'learning_rate': 0.0024231141953278542, 'batch_size': 3926}. Best is trial 1603 with value: 0.004398547172546387.[0m
[32m[I 2022-11-04 06:45:27,283][0m Trial 2720 finished with value: 0.004451740567581032 and parameters: {'nlayers': 22, 'hidden_size': 301, 'dropout': 0.33147234178588025, 'learning_rate': 0.0021418473670171, 'batch_size': 3999}. Best is trial 1603 with value: 0.004398547172546387.[0m
[32m[I 2022-11-04 06:45:40,976][0m Trial 2721 finished with value: 0.0046121440316210386 and parameters: {'nlayers': 20, 'hidden_size': 337, 'dropout': 0.33547948965556346, 'learning_rate': 0.00246648350109547, 'batch_size': 3859}. Best is trial 1603 with value: 0.004398547172546387.[0m
[32m[I 2022-11-04 06:45:53,560][0m Trial 2722 finished with value: 0.004511750487577521 and parameters: {'nlayers': 22, 'hidden_size': 287, 'dropout': 0.3271716239568933, 'learning_rate': 0.002522622089057948, 'batch_size': 3930}. Best is trial 1603 with value: 0.004398547172546387.[0m
[32m[I 2022-11-04 06:46:03,605][0m Trial 2723 finished with value: 0.004678667612488575 and parameters: {'nlayers': 22, 'hidden_size': 231, 'dropout': 0.318717841408092, 'learning_rate': 0.0023174908305592583, 'batch_size': 3766}. Best is trial 1603 with value: 0.004398547172546387.[0m
[32m[I 2022-11-04 06:46:20,479][0m Trial 2724 finished with value: 0.004519949387140941 and parameters: {'nlayers': 23, 'hidden_size': 363, 'dropout': 0.32649638608072434, 'learning_rate': 0.002556186326261982, 'batch_size': 3918}. Best is trial 1603 with value: 0.004398547172546387.[0m
[32m[I 2022-11-04 06:46:31,781][0m Trial 2725 finished with value: 0.0046568069163579 and parameters: {'nlayers': 22, 'hidden_size': 258, 'dropout': 0.3207941243906184, 'learning_rate': 0.0025616630817048318, 'batch_size': 3814}. Best is trial 1603 with value: 0.004398547172546387.[0m
[32m[I 2022-11-04 06:46:47,341][0m Trial 2726 finished with value: 0.004515139405025727 and parameters: {'nlayers': 22, 'hidden_size': 347, 'dropout': 0.3197804835092388, 'learning_rate': 0.0022825910310491715, 'batch_size': 3928}. Best is trial 1603 with value: 0.004398547172546387.[0m
[32m[I 2022-11-04 06:46:57,270][0m Trial 2727 finished with value: 0.004584729863949999 and parameters: {'nlayers': 22, 'hidden_size': 226, 'dropout': 0.3321614856093735, 'learning_rate': 0.0023758703667638723, 'batch_size': 3871}. Best is trial 1603 with value: 0.004398547172546387.[0m
[32m[I 2022-11-04 06:47:14,902][0m Trial 2728 finished with value: 0.004855718701618358 and parameters: {'nlayers': 22, 'hidden_size': 405, 'dropout': 0.34016317205000557, 'learning_rate': 0.0023295802586336734, 'batch_size': 3632}. Best is trial 1603 with value: 0.004398547172546387.[0m
[32m[I 2022-11-04 06:47:26,619][0m Trial 2729 finished with value: 0.0045268085507164475 and parameters: {'nlayers': 21, 'hidden_size': 280, 'dropout': 0.3354571042690164, 'learning_rate': 0.0023844711308096626, 'batch_size': 3929}. Best is trial 1603 with value: 0.004398547172546387.[0m
[32m[I 2022-11-04 06:47:40,112][0m Trial 2730 finished with value: 0.004515996066905026 and parameters: {'nlayers': 20, 'hidden_size': 327, 'dropout': 0.3374343022991575, 'learning_rate': 0.0026628371631995055, 'batch_size': 3933}. Best is trial 1603 with value: 0.004398547172546387.[0m
[32m[I 2022-11-04 06:48:00,849][0m Trial 2731 finished with value: 0.004432852013643517 and parameters: {'nlayers': 22, 'hidden_size': 438, 'dropout': 0.315211285761234, 'learning_rate': 0.0026097384417025906, 'batch_size': 3999}. Best is trial 1603 with value: 0.004398547172546387.[0m
[32m[I 2022-11-04 06:48:10,635][0m Trial 2732 finished with value: 0.007789087766232083 and parameters: {'nlayers': 21, 'hidden_size': 372, 'dropout': 0.33958264579960545, 'learning_rate': 0.0025633275126446123, 'batch_size': 2292}. Best is trial 1603 with value: 0.004398547172546387.[0m
[32m[I 2022-11-04 06:48:15,928][0m Trial 2733 finished with value: 0.011155059289035379 and parameters: {'nlayers': 24, 'hidden_size': 212, 'dropout': 0.32634005955607287, 'learning_rate': 0.0023667035218012593, 'batch_size': 1595}. Best is trial 1603 with value: 0.004398547172546387.[0m
[32m[I 2022-11-04 06:48:29,323][0m Trial 2734 finished with value: 0.004625154440759557 and parameters: {'nlayers': 22, 'hidden_size': 305, 'dropout': 0.334144231906735, 'learning_rate': 0.0025822288780754507, 'batch_size': 3838}. Best is trial 1603 with value: 0.004398547172546387.[0m
[32m[I 2022-11-04 06:48:39,496][0m Trial 2735 finished with value: 0.0047065077899241395 and parameters: {'nlayers': 19, 'hidden_size': 266, 'dropout': 0.3194950536042867, 'learning_rate': 0.002434673491508526, 'batch_size': 3768}. Best is trial 1603 with value: 0.004398547172546387.[0m
[32m[I 2022-11-04 06:48:57,250][0m Trial 2736 finished with value: 0.004585811913599329 and parameters: {'nlayers': 22, 'hidden_size': 393, 'dropout': 0.3418938699475157, 'learning_rate': 0.002222265212860834, 'batch_size': 3866}. Best is trial 1603 with value: 0.004398547172546387.[0m
[32m[I 2022-11-04 06:49:06,119][0m Trial 2737 finished with value: 0.0045029121069825595 and parameters: {'nlayers': 21, 'hidden_size': 205, 'dropout': 0.32871788306551536, 'learning_rate': 0.0022910604823121465, 'batch_size': 3928}. Best is trial 1603 with value: 0.004398547172546387.[0m
[32m[I 2022-11-04 06:49:22,289][0m Trial 2738 finished with value: 0.004437005925381285 and parameters: {'nlayers': 23, 'hidden_size': 341, 'dropout': 0.3344251264437407, 'learning_rate': 0.0023342596609512724, 'batch_size': 3998}. Best is trial 1603 with value: 0.004398547172546387.[0m
[32m[I 2022-11-04 06:49:44,307][0m Trial 2739 finished with value: 0.004521213354348529 and parameters: {'nlayers': 22, 'hidden_size': 453, 'dropout': 0.32308593068782193, 'learning_rate': 0.002595316320919304, 'batch_size': 3930}. Best is trial 1603 with value: 0.004398547172546387.[0m
[32m[I 2022-11-04 06:49:56,510][0m Trial 2740 finished with value: 0.00444187278327732 and parameters: {'nlayers': 21, 'hidden_size': 273, 'dropout': 0.3505366035545082, 'learning_rate': 0.0026536118766141118, 'batch_size': 3998}. Best is trial 1603 with value: 0.004398547172546387.[0m
[32m[I 2022-11-04 06:50:13,072][0m Trial 2741 finished with value: 0.004659034403512888 and parameters: {'nlayers': 22, 'hidden_size': 381, 'dropout': 0.32224945642591596, 'learning_rate': 0.002407735051653577, 'batch_size': 3817}. Best is trial 1603 with value: 0.004398547172546387.[0m
[32m[I 2022-11-04 06:50:22,731][0m Trial 2742 finished with value: 0.004574298642571882 and parameters: {'nlayers': 23, 'hidden_size': 209, 'dropout': 0.3444803528854744, 'learning_rate': 0.0022440076095021273, 'batch_size': 3862}. Best is trial 1603 with value: 0.004398547172546387.[0m
[32m[I 2022-11-04 06:50:35,357][0m Trial 2743 finished with value: 0.004733788024665963 and parameters: {'nlayers': 21, 'hidden_size': 312, 'dropout': 0.31371670643248245, 'learning_rate': 0.002584307335768776, 'batch_size': 3744}. Best is trial 1603 with value: 0.004398547172546387.[0m
[32m[I 2022-11-04 06:50:53,918][0m Trial 2744 finished with value: 0.004539151617198757 and parameters: {'nlayers': 21, 'hidden_size': 414, 'dropout': 0.3366367595756609, 'learning_rate': 0.0021698639117624908, 'batch_size': 3928}. Best is trial 1603 with value: 0.004398547172546387.[0m
[32m[I 2022-11-04 06:51:04,980][0m Trial 2745 finished with value: 0.004506924505755495 and parameters: {'nlayers': 22, 'hidden_size': 248, 'dropout': 0.3266601269114456, 'learning_rate': 0.0026567068947488445, 'batch_size': 3930}. Best is trial 1603 with value: 0.004398547172546387.[0m
[32m[I 2022-11-04 06:51:19,407][0m Trial 2746 finished with value: 0.004580570129809043 and parameters: {'nlayers': 23, 'hidden_size': 315, 'dropout': 0.29997850766008255, 'learning_rate': 0.0021240243856028205, 'batch_size': 3856}. Best is trial 1603 with value: 0.004398547172546387.[0m
[32m[I 2022-11-04 06:51:38,494][0m Trial 2747 finished with value: 0.004454068612193632 and parameters: {'nlayers': 21, 'hidden_size': 418, 'dropout': 0.34258050578122323, 'learning_rate': 0.0024486511174480418, 'batch_size': 3998}. Best is trial 1603 with value: 0.004398547172546387.[0m
[32m[I 2022-11-04 06:51:47,416][0m Trial 2748 finished with value: 0.00896320159758244 and parameters: {'nlayers': 23, 'hidden_size': 353, 'dropout': 0.3498645337749614, 'learning_rate': 0.002207244563467323, 'batch_size': 1971}. Best is trial 1603 with value: 0.004398547172546387.[0m
[32m[I 2022-11-04 06:51:56,494][0m Trial 2749 finished with value: 0.004589339220459197 and parameters: {'nlayers': 20, 'hidden_size': 217, 'dropout': 0.33255607788499475, 'learning_rate': 0.0026673155380323387, 'batch_size': 3873}. Best is trial 1603 with value: 0.004398547172546387.[0m
[32m[I 2022-11-04 06:52:09,453][0m Trial 2750 finished with value: 0.004516921305030455 and parameters: {'nlayers': 22, 'hidden_size': 289, 'dropout': 0.3227621949969807, 'learning_rate': 0.005359474400310574, 'batch_size': 3923}. Best is trial 1603 with value: 0.004398547172546387.[0m
[32m[I 2022-11-04 06:52:13,218][0m Trial 2751 finished with value: 0.05668344184662561 and parameters: {'nlayers': 20, 'hidden_size': 471, 'dropout': 0.3403062701565792, 'learning_rate': 0.002052554161172887, 'batch_size': 318}. Best is trial 1603 with value: 0.004398547172546387.[0m
[32m[I 2022-11-04 06:52:21,442][0m Trial 2752 finished with value: 0.014135896994792643 and parameters: {'nlayers': 21, 'hidden_size': 455, 'dropout': 0.3529786380317674, 'learning_rate': 0.002334284991904125, 'batch_size': 1266}. Best is trial 1603 with value: 0.004398547172546387.[0m
[32m[I 2022-11-04 06:52:29,787][0m Trial 2753 finished with value: 0.004431664638068451 and parameters: {'nlayers': 21, 'hidden_size': 184, 'dropout': 0.32980862063303734, 'learning_rate': 0.0025627781653547567, 'batch_size': 3998}. Best is trial 1603 with value: 0.004398547172546387.[0m
[32m[I 2022-11-04 06:52:46,414][0m Trial 2754 finished with value: 0.004649808035532467 and parameters: {'nlayers': 23, 'hidden_size': 372, 'dropout': 0.29470020692933496, 'learning_rate': 0.0020425170788277943, 'batch_size': 3811}. Best is trial 1603 with value: 0.004398547172546387.[0m
[32m[I 2022-11-04 06:52:49,590][0m Trial 2755 finished with value: 0.02589867279326811 and parameters: {'nlayers': 19, 'hidden_size': 254, 'dropout': 0.31501691804233467, 'learning_rate': 0.0026604153559559177, 'batch_size': 682}. Best is trial 1603 with value: 0.004398547172546387.[0m
[32m[I 2022-11-04 06:53:03,503][0m Trial 2756 finished with value: 0.004797606694775575 and parameters: {'nlayers': 23, 'hidden_size': 319, 'dropout': 0.341664425691772, 'learning_rate': 0.002317708711385841, 'batch_size': 3704}. Best is trial 1603 with value: 0.004398547172546387.[0m
[32m[I 2022-11-04 06:53:27,892][0m Trial 2757 finished with value: 0.004493376842378448 and parameters: {'nlayers': 24, 'hidden_size': 465, 'dropout': 0.34996770094123514, 'learning_rate': 0.0022083113716427454, 'batch_size': 3931}. Best is trial 1603 with value: 0.004398547172546387.[0m
[32m[I 2022-11-04 06:53:44,521][0m Trial 2758 finished with value: 0.004426996628622258 and parameters: {'nlayers': 21, 'hidden_size': 383, 'dropout': 0.33447469801223273, 'learning_rate': 0.0024936129075510505, 'batch_size': 3999}. Best is trial 1603 with value: 0.004398547172546387.[0m
[32m[I 2022-11-04 06:53:53,855][0m Trial 2759 finished with value: 0.00443160380423069 and parameters: {'nlayers': 22, 'hidden_size': 202, 'dropout': 0.32164456610778225, 'learning_rate': 0.001996163240137997, 'batch_size': 4000}. Best is trial 1603 with value: 0.004398547172546387.[0m
[32m[I 2022-11-04 06:54:05,415][0m Trial 2760 finished with value: 0.004440591383886564 and parameters: {'nlayers': 20, 'hidden_size': 279, 'dropout': 0.3617845975322991, 'learning_rate': 0.002224125060091347, 'batch_size': 3999}. Best is trial 1603 with value: 0.004398547172546387.[0m
[32m[I 2022-11-04 06:54:18,561][0m Trial 2761 finished with value: 0.0045606794364706025 and parameters: {'nlayers': 19, 'hidden_size': 339, 'dropout': 0.3305688000868129, 'learning_rate': 0.002653806590315843, 'batch_size': 3863}. Best is trial 1603 with value: 0.004398547172546387.[0m
[32m[I 2022-11-04 06:54:35,647][0m Trial 2762 finished with value: 0.004644312526152897 and parameters: {'nlayers': 19, 'hidden_size': 425, 'dropout': 0.34014181365624724, 'learning_rate': 0.002397194108851741, 'batch_size': 3794}. Best is trial 1603 with value: 0.004398547172546387.[0m
[32m[I 2022-11-04 06:54:47,189][0m Trial 2763 finished with value: 0.004532588921130372 and parameters: {'nlayers': 23, 'hidden_size': 249, 'dropout': 0.3115564632495099, 'learning_rate': 0.0019523326223399614, 'batch_size': 3924}. Best is trial 1603 with value: 0.004398547172546387.[0m
[32m[I 2022-11-04 06:55:01,357][0m Trial 2764 finished with value: 0.0044367335822476095 and parameters: {'nlayers': 21, 'hidden_size': 326, 'dropout': 0.30667994053065284, 'learning_rate': 0.005646017179567294, 'batch_size': 3998}. Best is trial 1603 with value: 0.004398547172546387.[0m
[32m[I 2022-11-04 06:55:09,852][0m Trial 2765 finished with value: 0.0045824077792633745 and parameters: {'nlayers': 22, 'hidden_size': 188, 'dropout': 0.34875550980918424, 'learning_rate': 0.0026419469221289336, 'batch_size': 3857}. Best is trial 1603 with value: 0.004398547172546387.[0m
[32m[I 2022-11-04 06:55:26,502][0m Trial 2766 finished with value: 0.00443277482688427 and parameters: {'nlayers': 20, 'hidden_size': 389, 'dropout': 0.33543821174654403, 'learning_rate': 0.002067161115215736, 'batch_size': 4000}. Best is trial 1603 with value: 0.004398547172546387.[0m
[32m[I 2022-11-04 06:55:46,759][0m Trial 2767 finished with value: 0.004562802217005454 and parameters: {'nlayers': 20, 'hidden_size': 465, 'dropout': 0.12867540719161574, 'learning_rate': 0.002425404313642564, 'batch_size': 3878}. Best is trial 1603 with value: 0.004398547172546387.[0m
[32m[I 2022-11-04 06:55:58,106][0m Trial 2768 finished with value: 0.0047035082924566105 and parameters: {'nlayers': 21, 'hidden_size': 278, 'dropout': 0.3544835784050488, 'learning_rate': 0.002708378140969566, 'batch_size': 3753}. Best is trial 1603 with value: 0.004398547172546387.[0m
[32m[I 2022-11-04 06:56:13,752][0m Trial 2769 finished with value: 0.00451462843485478 and parameters: {'nlayers': 21, 'hidden_size': 364, 'dropout': 0.2382093182580701, 'learning_rate': 0.0004434628085736066, 'batch_size': 3929}. Best is trial 1603 with value: 0.004398547172546387.[0m
[32m[I 2022-11-04 06:56:25,149][0m Trial 2770 finished with value: 0.004503568836078523 and parameters: {'nlayers': 22, 'hidden_size': 254, 'dropout': 0.34353538563730757, 'learning_rate': 0.002242560928408524, 'batch_size': 3925}. Best is trial 1603 with value: 0.004398547172546387.[0m
[32m[I 2022-11-04 06:56:32,600][0m Trial 2771 finished with value: 0.004654016673549254 and parameters: {'nlayers': 19, 'hidden_size': 192, 'dropout': 0.3676438584646973, 'learning_rate': 0.0019274124400490656, 'batch_size': 3807}. Best is trial 1603 with value: 0.004398547172546387.[0m
[32m[I 2022-11-04 06:56:53,321][0m Trial 2772 finished with value: 0.0044480032788482005 and parameters: {'nlayers': 20, 'hidden_size': 466, 'dropout': 0.32239685990671335, 'learning_rate': 0.005924782500178871, 'batch_size': 3999}. Best is trial 1603 with value: 0.004398547172546387.[0m
[32m[I 2022-11-04 06:57:06,808][0m Trial 2773 finished with value: 0.00457725487938223 and parameters: {'nlayers': 22, 'hidden_size': 320, 'dropout': 0.3277855590035365, 'learning_rate': 0.002483369182814486, 'batch_size': 3870}. Best is trial 1603 with value: 0.004398547172546387.[0m
[32m[I 2022-11-04 06:57:23,407][0m Trial 2774 finished with value: 0.004509796941183447 and parameters: {'nlayers': 19, 'hidden_size': 410, 'dropout': 0.333838942354036, 'learning_rate': 0.0021581773545858844, 'batch_size': 3936}. Best is trial 1603 with value: 0.004398547172546387.[0m
[32m[I 2022-11-04 06:57:31,985][0m Trial 2775 finished with value: 0.004431899294257164 and parameters: {'nlayers': 21, 'hidden_size': 190, 'dropout': 0.3491521448395831, 'learning_rate': 0.0020245544472843806, 'batch_size': 4000}. Best is trial 1603 with value: 0.004398547172546387.[0m
[32m[I 2022-11-04 06:57:44,975][0m Trial 2776 finished with value: 0.004823803901672363 and parameters: {'nlayers': 23, 'hidden_size': 294, 'dropout': 0.3633364291729601, 'learning_rate': 0.002717838665078794, 'batch_size': 3672}. Best is trial 1603 with value: 0.004398547172546387.[0m
[32m[I 2022-11-04 06:57:59,902][0m Trial 2777 finished with value: 0.004584597498294025 and parameters: {'nlayers': 20, 'hidden_size': 364, 'dropout': 0.3145242988393063, 'learning_rate': 0.00237559652505459, 'batch_size': 3869}. Best is trial 1603 with value: 0.004398547172546387.[0m
[32m[I 2022-11-04 06:58:21,034][0m Trial 2778 finished with value: 0.0045516606180029135 and parameters: {'nlayers': 19, 'hidden_size': 481, 'dropout': 0.3412414163281037, 'learning_rate': 0.0022031020126241745, 'batch_size': 3923}. Best is trial 1603 with value: 0.004398547172546387.[0m
[32m[I 2022-11-04 06:58:30,890][0m Trial 2779 finished with value: 0.004677870051133111 and parameters: {'nlayers': 22, 'hidden_size': 228, 'dropout': 0.3240960553800044, 'learning_rate': 0.0026494723483642215, 'batch_size': 3794}. Best is trial 1603 with value: 0.004398547172546387.[0m
[32m[I 2022-11-04 06:58:47,438][0m Trial 2780 finished with value: 0.004524041718353807 and parameters: {'nlayers': 19, 'hidden_size': 404, 'dropout': 0.35555984902658927, 'learning_rate': 0.002047826706135493, 'batch_size': 3928}. Best is trial 1603 with value: 0.004398547172546387.[0m
[32m[I 2022-11-04 06:58:53,786][0m Trial 2781 finished with value: 0.004445330545924914 and parameters: {'nlayers': 7, 'hidden_size': 327, 'dropout': 0.11471293573917934, 'learning_rate': 0.002462825961951756, 'batch_size': 3998}. Best is trial 1603 with value: 0.004398547172546387.[0m
[32m[I 2022-11-04 06:59:03,932][0m Trial 2782 finished with value: 0.004560171009558182 and parameters: {'nlayers': 20, 'hidden_size': 245, 'dropout': 0.333914137527334, 'learning_rate': 0.001788460749902097, 'batch_size': 3869}. Best is trial 1603 with value: 0.004398547172546387.[0m
[32m[I 2022-11-04 06:59:23,618][0m Trial 2783 finished with value: 0.004451907142996788 and parameters: {'nlayers': 21, 'hidden_size': 430, 'dropout': 0.3453441662971743, 'learning_rate': 0.0018706188772193851, 'batch_size': 4000}. Best is trial 1603 with value: 0.004398547172546387.[0m
[32m[I 2022-11-04 06:59:31,018][0m Trial 2784 finished with value: 0.004434196434915065 and parameters: {'nlayers': 19, 'hidden_size': 167, 'dropout': 0.33127320886313605, 'learning_rate': 0.0026390484611238103, 'batch_size': 4000}. Best is trial 1603 with value: 0.004398547172546387.[0m
[32m[I 2022-11-04 06:59:42,723][0m Trial 2785 finished with value: 0.004659576258823444 and parameters: {'nlayers': 21, 'hidden_size': 281, 'dropout': 0.3683932266867693, 'learning_rate': 0.0021995906044103273, 'batch_size': 3807}. Best is trial 1603 with value: 0.004398547172546387.[0m
[32m[I 2022-11-04 07:00:04,525][0m Trial 2786 finished with value: 0.0045934173754872566 and parameters: {'nlayers': 20, 'hidden_size': 482, 'dropout': 0.3386481867804816, 'learning_rate': 0.0023938236884465036, 'batch_size': 3873}. Best is trial 1603 with value: 0.004398547172546387.[0m
[32m[I 2022-11-04 07:00:09,471][0m Trial 2787 finished with value: 0.020250987354878142 and parameters: {'nlayers': 20, 'hidden_size': 363, 'dropout': 0.3085565778375956, 'learning_rate': 0.002736943317560962, 'batch_size': 878}. Best is trial 1603 with value: 0.004398547172546387.[0m
[32m[I 2022-11-04 07:00:23,502][0m Trial 2788 finished with value: 0.00452468797068919 and parameters: {'nlayers': 22, 'hidden_size': 308, 'dropout': 0.1452167324117366, 'learning_rate': 1.3567254643206505e-05, 'batch_size': 3999}. Best is trial 1603 with value: 0.004398547172546387.[0m
[32m[I 2022-11-04 07:02:35,577][0m Trial 2789 finished with value: 0.004661283108946805 and parameters: {'nlayers': 24, 'hidden_size': 1296, 'dropout': 0.28479265239421636, 'learning_rate': 0.001988632507791408, 'batch_size': 3923}. Best is trial 1603 with value: 0.004398547172546387.[0m
