[32m[I 2022-11-03 23:36:35,420][0m Trial 1138 finished with value: 0.005028477156591267 and parameters: {'nlayers': 8, 'hidden_size': 687, 'dropout': 0.3931561888837842, 'learning_rate': 0.0034129776942739727, 'batch_size': 3529}. Best is trial 183 with value: 0.004403234362602234.[0m
[32m[I 2022-11-03 23:37:00,215][0m Trial 1139 finished with value: 0.004445428652069222 and parameters: {'nlayers': 10, 'hidden_size': 804, 'dropout': 0.436860990110581, 'learning_rate': 0.0011734886602323704, 'batch_size': 3998}. Best is trial 183 with value: 0.004403234362602234.[0m
[32m[I 2022-11-03 23:37:05,846][0m Trial 1140 finished with value: 0.004560090815198301 and parameters: {'nlayers': 12, 'hidden_size': 193, 'dropout': 0.456736867168169, 'learning_rate': 0.003171396650797369, 'batch_size': 3869}. Best is trial 183 with value: 0.004403234362602234.[0m
[32m[I 2022-11-03 23:39:19,518][0m Trial 1141 finished with value: 0.004705339820498271 and parameters: {'nlayers': 13, 'hidden_size': 1958, 'dropout': 0.4056993577557594, 'learning_rate': 0.0029574627687845426, 'batch_size': 3767}. Best is trial 183 with value: 0.004403234362602234.[0m
[32m[I 2022-11-03 23:39:28,425][0m Trial 1142 finished with value: 0.004507535407497625 and parameters: {'nlayers': 11, 'hidden_size': 366, 'dropout': 0.44863996912330006, 'learning_rate': 0.002601910684922136, 'batch_size': 3925}. Best is trial 183 with value: 0.004403234362602234.[0m
[32m[I 2022-11-03 23:39:39,426][0m Trial 1143 finished with value: 0.006119905649856005 and parameters: {'nlayers': 10, 'hidden_size': 579, 'dropout': 0.47930886258516936, 'learning_rate': 0.0005882031100487969, 'batch_size': 2903}. Best is trial 183 with value: 0.004403234362602234.[0m
[32m[I 2022-11-03 23:39:44,964][0m Trial 1144 finished with value: 0.004445090796728566 and parameters: {'nlayers': 9, 'hidden_size': 234, 'dropout': 0.47175571508845, 'learning_rate': 0.0028135720882485424, 'batch_size': 3997}. Best is trial 183 with value: 0.004403234362602234.[0m
[32m[I 2022-11-03 23:39:52,520][0m Trial 1145 finished with value: 0.004657319120438471 and parameters: {'nlayers': 6, 'hidden_size': 495, 'dropout': 0.32700513309249113, 'learning_rate': 0.0013681370587339762, 'batch_size': 3831}. Best is trial 183 with value: 0.004403234362602234.[0m
[32m[I 2022-11-03 23:40:00,251][0m Trial 1146 finished with value: 0.004542402037852033 and parameters: {'nlayers': 11, 'hidden_size': 319, 'dropout': 0.4280310639107706, 'learning_rate': 0.003532364543719028, 'batch_size': 3922}. Best is trial 183 with value: 0.004403234362602234.[0m
[32m[I 2022-11-03 23:40:20,240][0m Trial 1147 finished with value: 0.004612280918447763 and parameters: {'nlayers': 12, 'hidden_size': 633, 'dropout': 0.45961901384596526, 'learning_rate': 0.0031115526639123687, 'batch_size': 3874}. Best is trial 183 with value: 0.004403234362602234.[0m
[32m[I 2022-11-03 23:40:23,590][0m Trial 1148 finished with value: 0.004881120523693676 and parameters: {'nlayers': 8, 'hidden_size': 118, 'dropout': 0.3741387983802105, 'learning_rate': 0.004526047978000542, 'batch_size': 3626}. Best is trial 183 with value: 0.004403234362602234.[0m
[32m[I 2022-11-03 23:40:35,672][0m Trial 1149 finished with value: 0.0044249664172530175 and parameters: {'nlayers': 12, 'hidden_size': 439, 'dropout': 0.3960353393757865, 'learning_rate': 0.0008782936726472689, 'batch_size': 4000}. Best is trial 183 with value: 0.004403234362602234.[0m
[32m[I 2022-11-03 23:40:42,320][0m Trial 1150 finished with value: 0.004626980493489507 and parameters: {'nlayers': 11, 'hidden_size': 274, 'dropout': 0.48710119328553, 'learning_rate': 0.0033071335782930175, 'batch_size': 3813}. Best is trial 183 with value: 0.004403234362602234.[0m
[32m[I 2022-11-03 23:40:50,521][0m Trial 1151 finished with value: 0.004522954876463622 and parameters: {'nlayers': 10, 'hidden_size': 364, 'dropout': 0.4488831996685276, 'learning_rate': 0.0027527160786014805, 'batch_size': 3921}. Best is trial 183 with value: 0.004403234362602234.[0m
[32m[I 2022-11-03 23:40:55,000][0m Trial 1152 finished with value: 0.004743480731830862 and parameters: {'nlayers': 9, 'hidden_size': 179, 'dropout': 0.4112143734683768, 'learning_rate': 0.0017722569729372224, 'batch_size': 3736}. Best is trial 183 with value: 0.004403234362602234.[0m
[32m[I 2022-11-03 23:40:57,891][0m Trial 1153 finished with value: 0.004520037747521436 and parameters: {'nlayers': 8, 'hidden_size': 32, 'dropout': 0.438288557323783, 'learning_rate': 0.003025567501814264, 'batch_size': 3930}. Best is trial 183 with value: 0.004403234362602234.[0m
[32m[I 2022-11-03 23:41:10,326][0m Trial 1154 finished with value: 0.0045793658261235985 and parameters: {'nlayers': 10, 'hidden_size': 544, 'dropout': 0.46760729245464266, 'learning_rate': 0.0025426604326637937, 'batch_size': 3851}. Best is trial 183 with value: 0.004403234362602234.[0m
[32m[I 2022-11-03 23:41:35,516][0m Trial 1155 finished with value: 0.004480059625352509 and parameters: {'nlayers': 12, 'hidden_size': 738, 'dropout': 0.3855968797140067, 'learning_rate': 0.009986434517336926, 'batch_size': 3939}. Best is trial 183 with value: 0.004403234362602234.[0m
[32m[I 2022-11-03 23:41:43,968][0m Trial 1156 finished with value: 0.0045819459790902685 and parameters: {'nlayers': 7, 'hidden_size': 496, 'dropout': 0.3504578935356851, 'learning_rate': 0.003807914074570322, 'batch_size': 3872}. Best is trial 183 with value: 0.004403234362602234.[0m
[32m[I 2022-11-03 23:41:53,042][0m Trial 1157 finished with value: 0.004427460543243072 and parameters: {'nlayers': 14, 'hidden_size': 300, 'dropout': 0.30562094561252307, 'learning_rate': 0.0029133870313178215, 'batch_size': 3999}. Best is trial 183 with value: 0.004403234362602234.[0m
[32m[I 2022-11-03 23:42:14,439][0m Trial 1158 finished with value: 0.004427186779677868 and parameters: {'nlayers': 13, 'hidden_size': 607, 'dropout': 0.45569037875578583, 'learning_rate': 0.003359327234377364, 'batch_size': 4000}. Best is trial 183 with value: 0.004403234362602234.[0m
[32m[I 2022-11-03 23:42:23,986][0m Trial 1159 finished with value: 0.004747875793062755 and parameters: {'nlayers': 11, 'hidden_size': 408, 'dropout': 0.39907297950093057, 'learning_rate': 0.0025489944821112287, 'batch_size': 3783}. Best is trial 183 with value: 0.004403234362602234.[0m
[32m[I 2022-11-03 23:42:29,090][0m Trial 1160 finished with value: 0.004428180694580078 and parameters: {'nlayers': 8, 'hidden_size': 230, 'dropout': 0.4292805509377179, 'learning_rate': 0.004281496554426993, 'batch_size': 4000}. Best is trial 183 with value: 0.004403234362602234.[0m
[32m[I 2022-11-03 23:42:45,282][0m Trial 1161 finished with value: 0.004609296225995896 and parameters: {'nlayers': 9, 'hidden_size': 674, 'dropout': 0.4454501043095945, 'learning_rate': 0.0036346806959244317, 'batch_size': 3867}. Best is trial 183 with value: 0.004403234362602234.[0m
[32m[I 2022-11-03 23:42:50,125][0m Trial 1162 finished with value: 0.004524332514117624 and parameters: {'nlayers': 12, 'hidden_size': 139, 'dropout': 0.4618795022856972, 'learning_rate': 0.003170668122882552, 'batch_size': 3927}. Best is trial 183 with value: 0.004403234362602234.[0m
[32m[I 2022-11-03 23:43:04,992][0m Trial 1163 finished with value: 0.00446112767018456 and parameters: {'nlayers': 11, 'hidden_size': 548, 'dropout': 0.47396724906836885, 'learning_rate': 0.0016652887790972902, 'batch_size': 3998}. Best is trial 183 with value: 0.004403234362602234.[0m
[32m[I 2022-11-03 23:43:10,968][0m Trial 1164 finished with value: 0.008184722550695352 and parameters: {'nlayers': 10, 'hidden_size': 457, 'dropout': 0.389610060659778, 'learning_rate': 0.002711808283594607, 'batch_size': 2164}. Best is trial 183 with value: 0.004403234362602234.[0m
[32m[I 2022-11-03 23:43:18,951][0m Trial 1165 finished with value: 0.004453509151935577 and parameters: {'nlayers': 10, 'hidden_size': 347, 'dropout': 0.3662951372314778, 'learning_rate': 0.0030392825388170855, 'batch_size': 4000}. Best is trial 183 with value: 0.004403234362602234.[0m
[32m[I 2022-11-03 23:43:24,697][0m Trial 1166 finished with value: 0.004672240478593741 and parameters: {'nlayers': 9, 'hidden_size': 266, 'dropout': 0.45267060467511666, 'learning_rate': 0.0028318977724817503, 'batch_size': 3809}. Best is trial 183 with value: 0.004403234362602234.[0m
[32m[I 2022-11-03 23:43:29,909][0m Trial 1167 finished with value: 0.0045738348322638825 and parameters: {'nlayers': 11, 'hidden_size': 190, 'dropout': 0.43881203891531056, 'learning_rate': 0.003364508183175896, 'batch_size': 3885}. Best is trial 183 with value: 0.004403234362602234.[0m
[32m[I 2022-11-03 23:43:43,955][0m Trial 1168 finished with value: 0.004509202652409593 and parameters: {'nlayers': 12, 'hidden_size': 507, 'dropout': 0.4124970252477777, 'learning_rate': 0.003981714935009373, 'batch_size': 3929}. Best is trial 183 with value: 0.004403234362602234.[0m
[32m[I 2022-11-03 23:43:56,109][0m Trial 1169 finished with value: 0.0047888061670334735 and parameters: {'nlayers': 8, 'hidden_size': 601, 'dropout': 0.4615202576751064, 'learning_rate': 0.002465286880997164, 'batch_size': 3707}. Best is trial 183 with value: 0.004403234362602234.[0m
[32m[I 2022-11-03 23:44:06,264][0m Trial 1170 finished with value: 0.004501388792956443 and parameters: {'nlayers': 11, 'hidden_size': 411, 'dropout': 0.4184481068814496, 'learning_rate': 0.002936944788620349, 'batch_size': 3929}. Best is trial 183 with value: 0.004403234362602234.[0m
[32m[I 2022-11-03 23:44:15,012][0m Trial 1171 finished with value: 0.004416478641331196 and parameters: {'nlayers': 13, 'hidden_size': 310, 'dropout': 0.49813388803966363, 'learning_rate': 0.0031997000860721474, 'batch_size': 4000}. Best is trial 183 with value: 0.004403234362602234.[0m
[32m[I 2022-11-03 23:44:26,157][0m Trial 1172 finished with value: 0.0044522427096962925 and parameters: {'nlayers': 14, 'hidden_size': 373, 'dropout': 0.495142101368971, 'learning_rate': 0.003461901922419577, 'batch_size': 4000}. Best is trial 183 with value: 0.004403234362602234.[0m
[32m[I 2022-11-03 23:44:35,844][0m Trial 1173 finished with value: 0.00465565334751968 and parameters: {'nlayers': 14, 'hidden_size': 339, 'dropout': 0.4915802024991411, 'learning_rate': 0.0032250175956004385, 'batch_size': 3820}. Best is trial 183 with value: 0.004403234362602234.[0m
[32m[I 2022-11-03 23:44:49,308][0m Trial 1174 finished with value: 0.004565756518097731 and parameters: {'nlayers': 13, 'hidden_size': 467, 'dropout': 0.4917963946817044, 'learning_rate': 0.00321919027842388, 'batch_size': 3876}. Best is trial 183 with value: 0.004403234362602234.[0m
[32m[I 2022-11-03 23:45:02,449][0m Trial 1175 finished with value: 0.004441047102212906 and parameters: {'nlayers': 14, 'hidden_size': 418, 'dropout': 0.4759095614741112, 'learning_rate': 0.003571984430759735, 'batch_size': 4000}. Best is trial 183 with value: 0.004403234362602234.[0m
[32m[I 2022-11-03 23:45:11,483][0m Trial 1176 finished with value: 0.004531345626357382 and parameters: {'nlayers': 13, 'hidden_size': 336, 'dropout': 0.479315932996708, 'learning_rate': 0.003131594499303308, 'batch_size': 3918}. Best is trial 183 with value: 0.004403234362602234.[0m
[32m[I 2022-11-03 23:45:28,312][0m Trial 1177 finished with value: 0.004663625347026372 and parameters: {'nlayers': 13, 'hidden_size': 557, 'dropout': 0.49206785069042797, 'learning_rate': 0.003414587569745664, 'batch_size': 3812}. Best is trial 183 with value: 0.004403234362602234.[0m
[32m[I 2022-11-03 23:45:36,709][0m Trial 1178 finished with value: 0.004557332489995803 and parameters: {'nlayers': 13, 'hidden_size': 297, 'dropout': 0.4976895836216042, 'learning_rate': 0.0037567162485804923, 'batch_size': 3921}. Best is trial 183 with value: 0.004403234362602234.[0m
[32m[I 2022-11-03 23:45:47,636][0m Trial 1179 finished with value: 0.0045938239659630235 and parameters: {'nlayers': 13, 'hidden_size': 393, 'dropout': 0.49958794004431006, 'learning_rate': 0.0030111388630905214, 'batch_size': 3873}. Best is trial 183 with value: 0.004403234362602234.[0m
[32m[I 2022-11-03 23:46:12,430][0m Trial 1180 finished with value: 0.004452012412250042 and parameters: {'nlayers': 13, 'hidden_size': 692, 'dropout': 0.4797208934681156, 'learning_rate': 0.0032913046531670475, 'batch_size': 4000}. Best is trial 183 with value: 0.004403234362602234.[0m
[32m[I 2022-11-03 23:46:26,412][0m Trial 1181 finished with value: 0.004839194879110548 and parameters: {'nlayers': 13, 'hidden_size': 495, 'dropout': 0.48917524246063654, 'learning_rate': 0.0035456803696544284, 'batch_size': 3667}. Best is trial 183 with value: 0.004403234362602234.[0m
[32m[I 2022-11-03 23:46:50,705][0m Trial 1182 finished with value: 0.004457524567842483 and parameters: {'nlayers': 14, 'hidden_size': 637, 'dropout': 0.48465155585408504, 'learning_rate': 0.003092399352793414, 'batch_size': 4000}. Best is trial 183 with value: 0.004403234362602234.[0m
[32m[I 2022-11-03 23:47:03,730][0m Trial 1183 finished with value: 0.004579560407860713 and parameters: {'nlayers': 13, 'hidden_size': 449, 'dropout': 0.49325744469427935, 'learning_rate': 0.002760682031049529, 'batch_size': 3872}. Best is trial 183 with value: 0.004403234362602234.[0m
[32m[I 2022-11-03 23:47:35,118][0m Trial 1184 finished with value: 0.004724866556581581 and parameters: {'nlayers': 15, 'hidden_size': 758, 'dropout': 0.48700857251301277, 'learning_rate': 0.002923130261539745, 'batch_size': 3755}. Best is trial 183 with value: 0.004403234362602234.[0m
[32m[I 2022-11-03 23:47:41,473][0m Trial 1185 finished with value: 0.007261685252529818 and parameters: {'nlayers': 13, 'hidden_size': 376, 'dropout': 0.4853750997786983, 'learning_rate': 0.0032912050439325045, 'batch_size': 2453}. Best is trial 183 with value: 0.004403234362602234.[0m
[32m[I 2022-11-03 23:47:50,342][0m Trial 1186 finished with value: 0.004541265556590671 and parameters: {'nlayers': 14, 'hidden_size': 299, 'dropout': 0.48085671248951595, 'learning_rate': 0.0030992886042446144, 'batch_size': 3916}. Best is trial 183 with value: 0.004403234362602234.[0m
[32m[I 2022-11-03 23:48:00,722][0m Trial 1187 finished with value: 0.004516997885625195 and parameters: {'nlayers': 7, 'hidden_size': 564, 'dropout': 0.49366117402671233, 'learning_rate': 0.0027081673071834094, 'batch_size': 3931}. Best is trial 183 with value: 0.004403234362602234.[0m
[32m[I 2022-11-03 23:48:07,246][0m Trial 1188 finished with value: 0.004631476248111204 and parameters: {'nlayers': 12, 'hidden_size': 252, 'dropout': 0.4981133289456065, 'learning_rate': 0.00367691643594564, 'batch_size': 3812}. Best is trial 183 with value: 0.004403234362602234.[0m
[32m[I 2022-11-03 23:48:17,469][0m Trial 1189 finished with value: 0.006645075299523093 and parameters: {'nlayers': 13, 'hidden_size': 493, 'dropout': 0.4055763771969193, 'learning_rate': 0.003446465502080257, 'batch_size': 2684}. Best is trial 183 with value: 0.004403234362602234.[0m
[32m[I 2022-11-03 23:48:25,136][0m Trial 1190 finished with value: 0.005189578127902875 and parameters: {'nlayers': 9, 'hidden_size': 424, 'dropout': 0.49971305715413555, 'learning_rate': 0.002844125016542791, 'batch_size': 3418}. Best is trial 183 with value: 0.004403234362602234.[0m
[32m[I 2022-11-03 23:48:38,101][0m Trial 1191 finished with value: 0.004512414339991355 and parameters: {'nlayers': 8, 'hidden_size': 610, 'dropout': 0.35973671420344316, 'learning_rate': 0.0031847856070957433, 'batch_size': 3935}. Best is trial 183 with value: 0.004403234362602234.[0m
[32m[I 2022-11-03 23:48:39,613][0m Trial 1192 finished with value: 0.05803376900685298 and parameters: {'nlayers': 12, 'hidden_size': 318, 'dropout': 0.40019542837090244, 'learning_rate': 0.0029673918015699903, 'batch_size': 308}. Best is trial 183 with value: 0.004403234362602234.[0m
[32m[I 2022-11-03 23:48:42,427][0m Trial 1193 finished with value: 0.004681418797156985 and parameters: {'nlayers': 9, 'hidden_size': 5, 'dropout': 0.3811544104459005, 'learning_rate': 0.002592137948224494, 'batch_size': 3863}. Best is trial 183 with value: 0.004403234362602234.[0m
[32m[I 2022-11-03 23:48:58,451][0m Trial 1194 finished with value: 0.004481108561549434 and parameters: {'nlayers': 13, 'hidden_size': 518, 'dropout': 0.39101236530731126, 'learning_rate': 0.003307261972785516, 'batch_size': 3999}. Best is trial 183 with value: 0.004403234362602234.[0m
[32m[I 2022-11-03 23:49:07,753][0m Trial 1195 finished with value: 0.00474312415899941 and parameters: {'nlayers': 12, 'hidden_size': 375, 'dropout': 0.31732052829849355, 'learning_rate': 0.0027989437961060885, 'batch_size': 3756}. Best is trial 183 with value: 0.004403234362602234.[0m
[32m[I 2022-11-03 23:49:12,696][0m Trial 1196 finished with value: 0.004519442927145424 and parameters: {'nlayers': 8, 'hidden_size': 232, 'dropout': 0.47131303703723537, 'learning_rate': 0.0029899659922278496, 'batch_size': 3928}. Best is trial 183 with value: 0.004403234362602234.[0m
[32m[I 2022-11-03 23:49:27,717][0m Trial 1197 finished with value: 0.004626446186520583 and parameters: {'nlayers': 8, 'hidden_size': 690, 'dropout': 0.48543147202774894, 'learning_rate': 0.003949183098839275, 'batch_size': 3849}. Best is trial 183 with value: 0.004403234362602234.[0m
[32m[I 2022-11-03 23:49:45,330][0m Trial 1198 finished with value: 0.00453450089659635 and parameters: {'nlayers': 12, 'hidden_size': 567, 'dropout': 0.49922870256217167, 'learning_rate': 0.002566507821587497, 'batch_size': 3922}. Best is trial 183 with value: 0.004403234362602234.[0m
[32m[I 2022-11-03 23:50:21,073][0m Trial 1199 finished with value: 0.004689303489206766 and parameters: {'nlayers': 14, 'hidden_size': 814, 'dropout': 0.34210265680968943, 'learning_rate': 0.003465747070680469, 'batch_size': 3932}. Best is trial 183 with value: 0.004403234362602234.[0m
[32m[I 2022-11-03 23:50:30,965][0m Trial 1200 finished with value: 0.004428953968506565 and parameters: {'nlayers': 9, 'hidden_size': 453, 'dropout': 0.46854915061613817, 'learning_rate': 0.003236384699815653, 'batch_size': 3998}. Best is trial 183 with value: 0.004403234362602234.[0m
[32m[I 2022-11-03 23:50:54,336][0m Trial 1201 finished with value: 0.004647846914228171 and parameters: {'nlayers': 7, 'hidden_size': 994, 'dropout': 0.40594111886757067, 'learning_rate': 0.002831574673307483, 'batch_size': 3802}. Best is trial 183 with value: 0.004403234362602234.[0m
[32m[I 2022-11-03 23:53:26,540][0m Trial 1202 finished with value: 0.00444537662780115 and parameters: {'nlayers': 12, 'hidden_size': 2119, 'dropout': 0.37468786758077344, 'learning_rate': 0.0024563828075205188, 'batch_size': 3999}. Best is trial 183 with value: 0.004403234362602234.[0m
[32m[I 2022-11-03 23:53:33,095][0m Trial 1203 finished with value: 0.004427256003022194 and parameters: {'nlayers': 9, 'hidden_size': 291, 'dropout': 0.3978099366328606, 'learning_rate': 0.003071763509205414, 'batch_size': 4000}. Best is trial 183 with value: 0.004403234362602234.[0m
[32m[I 2022-11-03 23:53:54,754][0m Trial 1204 finished with value: 0.004608092520432354 and parameters: {'nlayers': 13, 'hidden_size': 641, 'dropout': 0.4802371664335522, 'learning_rate': 0.003691195242097286, 'batch_size': 3856}. Best is trial 183 with value: 0.004403234362602234.[0m
[32m[I 2022-11-03 23:53:58,235][0m Trial 1205 finished with value: 0.004577158597207838 and parameters: {'nlayers': 9, 'hidden_size': 83, 'dropout': 0.467967591745177, 'learning_rate': 0.0026987172981081733, 'batch_size': 3875}. Best is trial 183 with value: 0.004403234362602234.[0m
[32m[I 2022-11-03 23:54:05,156][0m Trial 1206 finished with value: 0.004530269174275131 and parameters: {'nlayers': 8, 'hidden_size': 358, 'dropout': 0.3898879064617913, 'learning_rate': 0.0029418374988605892, 'batch_size': 3933}. Best is trial 183 with value: 0.004403234362602234.[0m
[32m[I 2022-11-03 23:55:01,186][0m Trial 1207 finished with value: 0.004715371851208741 and parameters: {'nlayers': 12, 'hidden_size': 1218, 'dropout': 0.4108149413416354, 'learning_rate': 0.003385134046695158, 'batch_size': 3762}. Best is trial 183 with value: 0.004403234362602234.[0m
[32m[I 2022-11-03 23:55:06,373][0m Trial 1208 finished with value: 0.004569358403676548 and parameters: {'nlayers': 13, 'hidden_size': 176, 'dropout': 0.4620082289780467, 'learning_rate': 0.001801813012326728, 'batch_size': 3870}. Best is trial 183 with value: 0.004403234362602234.[0m
[32m[I 2022-11-03 23:55:14,116][0m Trial 1209 finished with value: 0.00452871874526695 and parameters: {'nlayers': 6, 'hidden_size': 508, 'dropout': 0.47505196172341, 'learning_rate': 0.003149725757539867, 'batch_size': 3915}. Best is trial 183 with value: 0.004403234362602234.[0m
[32m[I 2022-11-03 23:55:24,066][0m Trial 1210 finished with value: 0.004447297323760643 and parameters: {'nlayers': 10, 'hidden_size': 419, 'dropout': 0.3830034728994854, 'learning_rate': 0.002470645484920138, 'batch_size': 3999}. Best is trial 183 with value: 0.004403234362602234.[0m
[32m[I 2022-11-03 23:55:30,554][0m Trial 1211 finished with value: 0.004648506407521951 and parameters: {'nlayers': 12, 'hidden_size': 243, 'dropout': 0.4553215565612714, 'learning_rate': 0.00271188205660588, 'batch_size': 3823}. Best is trial 183 with value: 0.004403234362602234.[0m
[32m[I 2022-11-03 23:55:42,291][0m Trial 1212 finished with value: 0.004816375919954488 and parameters: {'nlayers': 8, 'hidden_size': 600, 'dropout': 0.4199979729894312, 'learning_rate': 0.0029926110474084297, 'batch_size': 3678}. Best is trial 183 with value: 0.004403234362602234.[0m
[32m[I 2022-11-03 23:55:48,909][0m Trial 1213 finished with value: 0.004486683519135298 and parameters: {'nlayers': 9, 'hidden_size': 319, 'dropout': 0.3994755398534191, 'learning_rate': 0.0038513141056044854, 'batch_size': 3930}. Best is trial 183 with value: 0.004403234362602234.[0m
