[32m[I 2022-11-03 22:32:13,481][0m Trial 835 finished with value: 0.004765049801390937 and parameters: {'nlayers': 13, 'hidden_size': 343, 'dropout': 0.4573724278845439, 'learning_rate': 0.0025735563353334132, 'batch_size': 3718}. Best is trial 183 with value: 0.004403234362602234.[0m
[32m[I 2022-11-03 22:32:18,154][0m Trial 836 finished with value: 0.004663975397808247 and parameters: {'nlayers': 9, 'hidden_size': 198, 'dropout': 0.4224465741680717, 'learning_rate': 0.0022204141893548417, 'batch_size': 3816}. Best is trial 183 with value: 0.004403234362602234.[0m
[32m[I 2022-11-03 22:32:41,666][0m Trial 837 finished with value: 0.004568903358343142 and parameters: {'nlayers': 8, 'hidden_size': 893, 'dropout': 0.4484054524891321, 'learning_rate': 0.0033682701495660393, 'batch_size': 3935}. Best is trial 183 with value: 0.004403234362602234.[0m
[32m[I 2022-11-03 22:32:52,606][0m Trial 838 finished with value: 0.004605322188355144 and parameters: {'nlayers': 9, 'hidden_size': 517, 'dropout': 0.43151274233257514, 'learning_rate': 0.0027047184383857587, 'batch_size': 3860}. Best is trial 183 with value: 0.004403234362602234.[0m
[32m[I 2022-11-03 22:32:57,005][0m Trial 839 finished with value: 0.004431274279952049 and parameters: {'nlayers': 12, 'hidden_size': 120, 'dropout': 0.130285527582798, 'learning_rate': 0.00292867835542793, 'batch_size': 4000}. Best is trial 183 with value: 0.004403234362602234.[0m
[32m[I 2022-11-03 22:33:12,772][0m Trial 840 finished with value: 0.004530977250116416 and parameters: {'nlayers': 10, 'hidden_size': 591, 'dropout': 0.407538899445905, 'learning_rate': 0.007867684449142133, 'batch_size': 3929}. Best is trial 183 with value: 0.004403234362602234.[0m
[32m[I 2022-11-03 22:33:19,781][0m Trial 841 finished with value: 0.004422634884726259 and parameters: {'nlayers': 11, 'hidden_size': 267, 'dropout': 0.3972762373675002, 'learning_rate': 0.0023436293576493852, 'batch_size': 3999}. Best is trial 183 with value: 0.004403234362602234.[0m
[32m[I 2022-11-03 22:33:26,981][0m Trial 842 finished with value: 0.004432340246881656 and parameters: {'nlayers': 11, 'hidden_size': 284, 'dropout': 0.3951898434322436, 'learning_rate': 0.002261253428874463, 'batch_size': 3999}. Best is trial 183 with value: 0.004403234362602234.[0m
[32m[I 2022-11-03 22:33:33,453][0m Trial 843 finished with value: 0.004712480497106255 and parameters: {'nlayers': 11, 'hidden_size': 265, 'dropout': 0.38350535613621145, 'learning_rate': 0.002049103060785213, 'batch_size': 3755}. Best is trial 183 with value: 0.004403234362602234.[0m
[32m[I 2022-11-03 22:33:38,750][0m Trial 844 finished with value: 0.004620929776380459 and parameters: {'nlayers': 11, 'hidden_size': 216, 'dropout': 0.40734377721379633, 'learning_rate': 0.0018229169639452066, 'batch_size': 3840}. Best is trial 183 with value: 0.004403234362602234.[0m
[32m[I 2022-11-03 22:33:46,919][0m Trial 845 finished with value: 0.004530861161523975 and parameters: {'nlayers': 12, 'hidden_size': 316, 'dropout': 0.40147941926088865, 'learning_rate': 0.002297521951319572, 'batch_size': 3926}. Best is trial 183 with value: 0.004403234362602234.[0m
[32m[I 2022-11-03 22:33:55,560][0m Trial 846 finished with value: 0.00457009201421622 and parameters: {'nlayers': 11, 'hidden_size': 370, 'dropout': 0.3665542563618017, 'learning_rate': 0.0020549559090634996, 'batch_size': 3873}. Best is trial 183 with value: 0.004403234362602234.[0m
[32m[I 2022-11-03 22:33:56,475][0m Trial 847 finished with value: 0.00810536167887729 and parameters: {'nlayers': 1, 'hidden_size': 143, 'dropout': 0.39027367365807575, 'learning_rate': 0.0016736960867189976, 'batch_size': 2195}. Best is trial 183 with value: 0.004403234362602234.[0m
[32m[I 2022-11-03 22:34:03,287][0m Trial 848 finished with value: 0.004446382917463779 and parameters: {'nlayers': 12, 'hidden_size': 244, 'dropout': 0.46015090827109223, 'learning_rate': 0.0024055636200899237, 'batch_size': 4000}. Best is trial 183 with value: 0.004403234362602234.[0m
[32m[I 2022-11-03 22:34:10,964][0m Trial 849 finished with value: 0.004518013586972487 and parameters: {'nlayers': 11, 'hidden_size': 319, 'dropout': 0.39740111827996133, 'learning_rate': 0.002127831547322196, 'batch_size': 3927}. Best is trial 183 with value: 0.004403234362602234.[0m
[32m[I 2022-11-03 22:34:16,252][0m Trial 850 finished with value: 0.004666103434016687 and parameters: {'nlayers': 12, 'hidden_size': 189, 'dropout': 0.37715851403557016, 'learning_rate': 0.00195374281833076, 'batch_size': 3799}. Best is trial 183 with value: 0.004403234362602234.[0m
[32m[I 2022-11-03 22:34:16,842][0m Trial 851 finished with value: 0.17486904853699253 and parameters: {'nlayers': 11, 'hidden_size': 70, 'dropout': 0.3861880424429331, 'learning_rate': 0.0024195519055727212, 'batch_size': 102}. Best is trial 183 with value: 0.004403234362602234.[0m
[32m[I 2022-11-03 22:34:23,340][0m Trial 852 finished with value: 0.004566085001469151 and parameters: {'nlayers': 11, 'hidden_size': 263, 'dropout': 0.3896840877782915, 'learning_rate': 0.002493493010678469, 'batch_size': 3872}. Best is trial 183 with value: 0.004403234362602234.[0m
[32m[I 2022-11-03 22:34:33,478][0m Trial 853 finished with value: 0.004513028135129817 and parameters: {'nlayers': 12, 'hidden_size': 392, 'dropout': 0.400350743072543, 'learning_rate': 0.002142768904093734, 'batch_size': 3930}. Best is trial 183 with value: 0.004403234362602234.[0m
[32m[I 2022-11-03 22:34:34,721][0m Trial 854 finished with value: 0.02292703163608348 and parameters: {'nlayers': 11, 'hidden_size': 151, 'dropout': 0.41127135957965216, 'learning_rate': 0.005450510190358369, 'batch_size': 771}. Best is trial 183 with value: 0.004403234362602234.[0m
[32m[I 2022-11-03 22:34:43,652][0m Trial 855 finished with value: 0.0044342242013579196 and parameters: {'nlayers': 13, 'hidden_size': 318, 'dropout': 0.397315091312838, 'learning_rate': 0.002612420719565116, 'batch_size': 3998}. Best is trial 183 with value: 0.004403234362602234.[0m
[32m[I 2022-11-03 22:34:48,619][0m Trial 856 finished with value: 0.00491736872986528 and parameters: {'nlayers': 10, 'hidden_size': 221, 'dropout': 0.4050303211089034, 'learning_rate': 0.002301158018371, 'batch_size': 3614}. Best is trial 183 with value: 0.004403234362602234.[0m
[32m[I 2022-11-03 22:34:57,977][0m Trial 857 finished with value: 0.004610853219562929 and parameters: {'nlayers': 12, 'hidden_size': 373, 'dropout': 0.21579417005753881, 'learning_rate': 0.0017430563577312, 'batch_size': 3864}. Best is trial 183 with value: 0.004403234362602234.[0m
[32m[I 2022-11-03 22:35:08,435][0m Trial 858 finished with value: 0.004744605177353912 and parameters: {'nlayers': 11, 'hidden_size': 443, 'dropout': 0.3753415263592361, 'learning_rate': 0.0026096743076007493, 'batch_size': 3759}. Best is trial 183 with value: 0.004403234362602234.[0m
[32m[I 2022-11-03 22:35:13,076][0m Trial 859 finished with value: 0.004515523816769164 and parameters: {'nlayers': 10, 'hidden_size': 167, 'dropout': 0.1164040033466164, 'learning_rate': 0.0036054256469633793, 'batch_size': 3929}. Best is trial 183 with value: 0.004403234362602234.[0m
[32m[I 2022-11-03 22:35:20,625][0m Trial 860 finished with value: 0.004415292227608136 and parameters: {'nlayers': 11, 'hidden_size': 293, 'dropout': 0.39391947222011153, 'learning_rate': 0.003088381715909075, 'batch_size': 3998}. Best is trial 183 with value: 0.004403234362602234.[0m
[32m[I 2022-11-03 22:35:26,023][0m Trial 861 finished with value: 0.006199172399272176 and parameters: {'nlayers': 11, 'hidden_size': 311, 'dropout': 0.38521121701862565, 'learning_rate': 0.00332499932978934, 'batch_size': 2853}. Best is trial 183 with value: 0.004403234362602234.[0m
[32m[I 2022-11-03 22:35:34,485][0m Trial 862 finished with value: 0.004637314535130566 and parameters: {'nlayers': 11, 'hidden_size': 357, 'dropout': 0.36824445079250695, 'learning_rate': 0.0031529374312111555, 'batch_size': 3842}. Best is trial 183 with value: 0.004403234362602234.[0m
[32m[I 2022-11-03 22:35:41,276][0m Trial 863 finished with value: 0.004517495170061395 and parameters: {'nlayers': 12, 'hidden_size': 255, 'dropout': 0.39049952509010954, 'learning_rate': 0.0019768557298913488, 'batch_size': 3934}. Best is trial 183 with value: 0.004403234362602234.[0m
[32m[I 2022-11-03 22:35:49,039][0m Trial 864 finished with value: 0.004432126138173929 and parameters: {'nlayers': 11, 'hidden_size': 309, 'dropout': 0.3832593511626916, 'learning_rate': 0.00347673162808099, 'batch_size': 3999}. Best is trial 183 with value: 0.004403234362602234.[0m
[32m[I 2022-11-03 22:35:59,952][0m Trial 865 finished with value: 0.004596404374463552 and parameters: {'nlayers': 12, 'hidden_size': 418, 'dropout': 0.3933519729444268, 'learning_rate': 0.0023705711810181537, 'batch_size': 3863}. Best is trial 183 with value: 0.004403234362602234.[0m
[32m[I 2022-11-03 22:36:06,585][0m Trial 866 finished with value: 0.0045417168606684535 and parameters: {'nlayers': 11, 'hidden_size': 261, 'dropout': 0.27457073957150935, 'learning_rate': 0.00607659379677553, 'batch_size': 3927}. Best is trial 183 with value: 0.004403234362602234.[0m
[32m[I 2022-11-03 22:36:16,377][0m Trial 867 finished with value: 0.00443469113856554 and parameters: {'nlayers': 12, 'hidden_size': 374, 'dropout': 0.30064790223713694, 'learning_rate': 0.0028620778071641417, 'batch_size': 4000}. Best is trial 183 with value: 0.004403234362602234.[0m
[32m[I 2022-11-03 22:36:23,441][0m Trial 868 finished with value: 0.00475082484268449 and parameters: {'nlayers': 11, 'hidden_size': 301, 'dropout': 0.3980731070140619, 'learning_rate': 0.0015488131556532802, 'batch_size': 3749}. Best is trial 183 with value: 0.004403234362602234.[0m
[32m[I 2022-11-03 22:36:39,867][0m Trial 869 finished with value: 0.00455150645009933 and parameters: {'nlayers': 17, 'hidden_size': 457, 'dropout': 0.38459104144968653, 'learning_rate': 0.0022031600698216684, 'batch_size': 3875}. Best is trial 183 with value: 0.004403234362602234.[0m
[32m[I 2022-11-03 22:36:51,576][0m Trial 870 finished with value: 0.004663214381510758 and parameters: {'nlayers': 18, 'hidden_size': 352, 'dropout': 0.3954260909101647, 'learning_rate': 0.0027185921628080914, 'batch_size': 3801}. Best is trial 183 with value: 0.004403234362602234.[0m
[32m[I 2022-11-03 22:36:58,472][0m Trial 871 finished with value: 0.004459175013005734 and parameters: {'nlayers': 12, 'hidden_size': 245, 'dropout': 0.17722694396999855, 'learning_rate': 0.003082749663378514, 'batch_size': 4000}. Best is trial 183 with value: 0.004403234362602234.[0m
[32m[I 2022-11-03 22:37:09,142][0m Trial 872 finished with value: 0.004522110336002806 and parameters: {'nlayers': 11, 'hidden_size': 434, 'dropout': 0.37603946710489683, 'learning_rate': 0.0018460017095275408, 'batch_size': 3930}. Best is trial 183 with value: 0.004403234362602234.[0m
[32m[I 2022-11-03 22:37:16,492][0m Trial 873 finished with value: 0.004806388609458411 and parameters: {'nlayers': 12, 'hidden_size': 291, 'dropout': 0.39190648039576137, 'learning_rate': 0.002537675664324254, 'batch_size': 3692}. Best is trial 183 with value: 0.004403234362602234.[0m
[32m[I 2022-11-03 22:37:22,047][0m Trial 874 finished with value: 0.004559308213592191 and parameters: {'nlayers': 11, 'hidden_size': 219, 'dropout': 0.37995131845324814, 'learning_rate': 0.003230927398186203, 'batch_size': 3876}. Best is trial 183 with value: 0.004403234362602234.[0m
[32m[I 2022-11-03 22:37:32,016][0m Trial 875 finished with value: 0.00453858674256254 and parameters: {'nlayers': 13, 'hidden_size': 359, 'dropout': 0.49086744203447036, 'learning_rate': 0.0028437291830527033, 'batch_size': 3923}. Best is trial 183 with value: 0.004403234362602234.[0m
[32m[I 2022-11-03 22:37:40,621][0m Trial 876 finished with value: 0.004673432803216569 and parameters: {'nlayers': 10, 'hidden_size': 396, 'dropout': 0.1407557286455241, 'learning_rate': 0.006687629491615157, 'batch_size': 3810}. Best is trial 183 with value: 0.004403234362602234.[0m
[32m[I 2022-11-03 22:37:48,940][0m Trial 877 finished with value: 0.004415218653590635 and parameters: {'nlayers': 12, 'hidden_size': 308, 'dropout': 0.3419968530754004, 'learning_rate': 0.003744195843845225, 'batch_size': 3998}. Best is trial 183 with value: 0.004403234362602234.[0m
[32m[I 2022-11-03 22:38:02,417][0m Trial 878 finished with value: 0.004562718862490849 and parameters: {'nlayers': 13, 'hidden_size': 467, 'dropout': 0.336532116351402, 'learning_rate': 0.0034519942050870675, 'batch_size': 3929}. Best is trial 183 with value: 0.004403234362602234.[0m
[32m[I 2022-11-03 22:38:13,284][0m Trial 879 finished with value: 0.004526515523552166 and parameters: {'nlayers': 14, 'hidden_size': 378, 'dropout': 0.3385777984964548, 'learning_rate': 0.003995391860668482, 'batch_size': 3928}. Best is trial 183 with value: 0.004403234362602234.[0m
[32m[I 2022-11-03 22:38:22,524][0m Trial 880 finished with value: 0.004629980814634678 and parameters: {'nlayers': 14, 'hidden_size': 332, 'dropout': 0.31156363085065353, 'learning_rate': 0.0036769433156540396, 'batch_size': 3823}. Best is trial 183 with value: 0.004403234362602234.[0m
[32m[I 2022-11-03 22:38:37,189][0m Trial 881 finished with value: 0.004491953819378905 and parameters: {'nlayers': 12, 'hidden_size': 513, 'dropout': 0.35376560304010535, 'learning_rate': 0.003881774108884134, 'batch_size': 3998}. Best is trial 183 with value: 0.004403234362602234.[0m
[32m[I 2022-11-03 22:38:49,507][0m Trial 882 finished with value: 0.00446617927402258 and parameters: {'nlayers': 13, 'hidden_size': 422, 'dropout': 0.35507597556152776, 'learning_rate': 0.0037045320347285893, 'batch_size': 4000}. Best is trial 183 with value: 0.004403234362602234.[0m
[32m[I 2022-11-03 22:38:52,459][0m Trial 883 finished with value: 0.01616446952421739 and parameters: {'nlayers': 13, 'hidden_size': 308, 'dropout': 0.3263796564816676, 'learning_rate': 0.003761060340836191, 'batch_size': 1102}. Best is trial 183 with value: 0.004403234362602234.[0m
[32m[I 2022-11-03 22:39:00,025][0m Trial 884 finished with value: 0.004565125178748771 and parameters: {'nlayers': 13, 'hidden_size': 282, 'dropout': 0.34727183293374553, 'learning_rate': 0.003553076132591698, 'batch_size': 3871}. Best is trial 183 with value: 0.004403234362602234.[0m
[32m[I 2022-11-03 22:39:02,762][0m Trial 885 finished with value: 0.038339666681352004 and parameters: {'nlayers': 13, 'hidden_size': 475, 'dropout': 0.37150170223390067, 'learning_rate': 0.0036206926069153557, 'batch_size': 459}. Best is trial 183 with value: 0.004403234362602234.[0m
[32m[I 2022-11-03 22:39:11,537][0m Trial 886 finished with value: 0.00452344319544047 and parameters: {'nlayers': 12, 'hidden_size': 339, 'dropout': 0.33165354267172303, 'learning_rate': 0.0038118045559037386, 'batch_size': 3934}. Best is trial 183 with value: 0.004403234362602234.[0m
[32m[I 2022-11-03 22:39:21,527][0m Trial 887 finished with value: 0.004714013704132376 and parameters: {'nlayers': 12, 'hidden_size': 399, 'dropout': 0.3682203586674287, 'learning_rate': 0.009116098630354973, 'batch_size': 3768}. Best is trial 183 with value: 0.004403234362602234.[0m
[32m[I 2022-11-03 22:39:28,040][0m Trial 888 finished with value: 0.004432318679509565 and parameters: {'nlayers': 13, 'hidden_size': 213, 'dropout': 0.361049647237435, 'learning_rate': 0.0020781526275118183, 'batch_size': 3999}. Best is trial 183 with value: 0.004403234362602234.[0m
[32m[I 2022-11-03 22:39:35,639][0m Trial 889 finished with value: 0.004577835272783344 and parameters: {'nlayers': 13, 'hidden_size': 279, 'dropout': 0.37733819163641064, 'learning_rate': 0.003413962790070402, 'batch_size': 3877}. Best is trial 183 with value: 0.004403234362602234.[0m
[32m[I 2022-11-03 22:39:47,790][0m Trial 890 finished with value: 0.006609604298560143 and parameters: {'nlayers': 14, 'hidden_size': 534, 'dropout': 0.2933623448129577, 'learning_rate': 0.003744157368739256, 'batch_size': 2697}. Best is trial 183 with value: 0.004403234362602234.[0m
[32m[I 2022-11-03 22:39:59,245][0m Trial 891 finished with value: 0.0044969904027423084 and parameters: {'nlayers': 12, 'hidden_size': 448, 'dropout': 0.31812196877822074, 'learning_rate': 0.0023489712337549182, 'batch_size': 3920}. Best is trial 183 with value: 0.004403234362602234.[0m
[32m[I 2022-11-03 22:40:04,702][0m Trial 892 finished with value: 0.004623992475168743 and parameters: {'nlayers': 12, 'hidden_size': 198, 'dropout': 0.34855375630911795, 'learning_rate': 0.001730945251264498, 'batch_size': 3827}. Best is trial 183 with value: 0.004403234362602234.[0m
[32m[I 2022-11-03 22:40:13,961][0m Trial 893 finished with value: 0.004505157099027432 and parameters: {'nlayers': 12, 'hidden_size': 354, 'dropout': 0.40260782789689087, 'learning_rate': 0.0019793419937825015, 'batch_size': 3929}. Best is trial 183 with value: 0.004403234362602234.[0m
[32m[I 2022-11-03 22:40:28,301][0m Trial 894 finished with value: 0.004446798086166382 and parameters: {'nlayers': 12, 'hidden_size': 507, 'dropout': 0.3877163425483811, 'learning_rate': 0.002219051815127206, 'batch_size': 4000}. Best is trial 183 with value: 0.004403234362602234.[0m
[32m[I 2022-11-03 22:40:36,117][0m Trial 895 finished with value: 0.004841386614834802 and parameters: {'nlayers': 13, 'hidden_size': 296, 'dropout': 0.364718134683248, 'learning_rate': 0.00155965703640313, 'batch_size': 3674}. Best is trial 183 with value: 0.004403234362602234.[0m
[32m[I 2022-11-03 22:40:45,844][0m Trial 896 finished with value: 0.0045914743693999055 and parameters: {'nlayers': 11, 'hidden_size': 403, 'dropout': 0.47505605237984705, 'learning_rate': 0.003493101100707431, 'batch_size': 3860}. Best is trial 183 with value: 0.004403234362602234.[0m
[32m[I 2022-11-03 22:40:51,362][0m Trial 897 finished with value: 0.005062094363274413 and parameters: {'nlayers': 11, 'hidden_size': 243, 'dropout': 0.3070070110778936, 'learning_rate': 0.003968169663708552, 'batch_size': 3486}. Best is trial 183 with value: 0.004403234362602234.[0m
[32m[I 2022-11-03 22:40:59,801][0m Trial 898 finished with value: 0.0045653164113124275 and parameters: {'nlayers': 12, 'hidden_size': 321, 'dropout': 0.4640986682706895, 'learning_rate': 0.0025419304427757514, 'batch_size': 3921}. Best is trial 183 with value: 0.004403234362602234.[0m
[32m[I 2022-11-03 22:41:17,350][0m Trial 899 finished with value: 0.004423600889742374 and parameters: {'nlayers': 12, 'hidden_size': 572, 'dropout': 0.3601239911040124, 'learning_rate': 0.0024560563650824095, 'batch_size': 4000}. Best is trial 183 with value: 0.004403234362602234.[0m
[32m[I 2022-11-03 22:41:20,902][0m Trial 900 finished with value: 0.007222683895999682 and parameters: {'nlayers': 11, 'hidden_size': 211, 'dropout': 0.39091301139405915, 'learning_rate': 0.0018626593902530174, 'batch_size': 2462}. Best is trial 183 with value: 0.004403234362602234.[0m
[32m[I 2022-11-03 22:41:33,412][0m Trial 901 finished with value: 0.0046999112782903085 and parameters: {'nlayers': 13, 'hidden_size': 454, 'dropout': 0.40380842703069875, 'learning_rate': 0.0032855177293861764, 'batch_size': 3772}. Best is trial 183 with value: 0.004403234362602234.[0m
[32m[I 2022-11-03 22:41:41,937][0m Trial 902 finished with value: 0.0046069851258794675 and parameters: {'nlayers': 11, 'hidden_size': 363, 'dropout': 0.23067314009542728, 'learning_rate': 0.002379862512242238, 'batch_size': 3868}. Best is trial 183 with value: 0.004403234362602234.[0m
[32m[I 2022-11-03 22:41:47,205][0m Trial 903 finished with value: 0.004444546066224575 and parameters: {'nlayers': 12, 'hidden_size': 166, 'dropout': 0.4610970230345625, 'learning_rate': 0.0021318163980707603, 'batch_size': 4000}. Best is trial 183 with value: 0.004403234362602234.[0m
[32m[I 2022-11-03 22:42:04,855][0m Trial 904 finished with value: 0.00451218775357831 and parameters: {'nlayers': 10, 'hidden_size': 672, 'dropout': 0.34567116919003477, 'learning_rate': 0.0009044213721145703, 'batch_size': 3928}. Best is trial 183 with value: 0.004403234362602234.[0m
[32m[I 2022-11-03 22:42:11,580][0m Trial 905 finished with value: 0.0046460277064836525 and parameters: {'nlayers': 11, 'hidden_size': 283, 'dropout': 0.3971820064751425, 'learning_rate': 0.0026240053351163127, 'batch_size': 3827}. Best is trial 183 with value: 0.004403234362602234.[0m
[32m[I 2022-11-03 22:42:23,975][0m Trial 906 finished with value: 0.0044505586698651315 and parameters: {'nlayers': 13, 'hidden_size': 428, 'dropout': 0.4543065780939948, 'learning_rate': 0.003090194195357728, 'batch_size': 4000}. Best is trial 183 with value: 0.004403234362602234.[0m
[32m[I 2022-11-03 22:42:31,405][0m Trial 907 finished with value: 0.004572884628137486 and parameters: {'nlayers': 10, 'hidden_size': 339, 'dropout': 0.37836466633993104, 'learning_rate': 0.003820222712944883, 'batch_size': 3877}. Best is trial 183 with value: 0.004403234362602234.[0m
[32m[I 2022-11-03 22:42:44,000][0m Trial 908 finished with value: 0.004536226979946101 and parameters: {'nlayers': 11, 'hidden_size': 489, 'dropout': 0.4669753684028618, 'learning_rate': 0.0026910269369964223, 'batch_size': 3927}. Best is trial 183 with value: 0.004403234362602234.[0m
[32m[I 2022-11-03 22:42:50,624][0m Trial 909 finished with value: 0.004738290077887925 and parameters: {'nlayers': 12, 'hidden_size': 260, 'dropout': 0.34221786973351165, 'learning_rate': 0.003383415351181841, 'batch_size': 3725}. Best is trial 183 with value: 0.004403234362602234.[0m
[32m[I 2022-11-03 22:43:08,511][0m Trial 910 finished with value: 0.004438586756587029 and parameters: {'nlayers': 12, 'hidden_size': 567, 'dropout': 0.4501199876012797, 'learning_rate': 0.002316684849310782, 'batch_size': 4000}. Best is trial 183 with value: 0.004403234362602234.[0m
