[32m[I 2022-11-04 04:36:04,239][0m Trial 2265 finished with value: 0.00459969801220332 and parameters: {'nlayers': 11, 'hidden_size': 448, 'dropout': 0.16907124521745553, 'learning_rate': 0.0017526717281659378, 'batch_size': 3836}. Best is trial 1603 with value: 0.004398547172546387.[0m
[32m[I 2022-11-04 04:36:08,345][0m Trial 2266 finished with value: 0.004430310525793979 and parameters: {'nlayers': 13, 'hidden_size': 54, 'dropout': 0.46747968425457537, 'learning_rate': 0.0037653223506107746, 'batch_size': 3998}. Best is trial 1603 with value: 0.004398547172546387.[0m
[32m[I 2022-11-04 04:36:18,315][0m Trial 2267 finished with value: 0.004774576663268966 and parameters: {'nlayers': 8, 'hidden_size': 524, 'dropout': 0.3508369756711286, 'learning_rate': 0.0008245971055947134, 'batch_size': 3736}. Best is trial 1603 with value: 0.004398547172546387.[0m
[32m[I 2022-11-04 04:36:28,572][0m Trial 2268 finished with value: 0.004600822239304576 and parameters: {'nlayers': 12, 'hidden_size': 385, 'dropout': 0.33015704146654734, 'learning_rate': 0.004370357836547736, 'batch_size': 3865}. Best is trial 1603 with value: 0.004398547172546387.[0m
[32m[I 2022-11-04 04:36:29,749][0m Trial 2269 finished with value: 0.46584098364995874 and parameters: {'nlayers': 7, 'hidden_size': 795, 'dropout': 0.26020900296640914, 'learning_rate': 0.005075738111175417, 'batch_size': 46}. Best is trial 1603 with value: 0.004398547172546387.[0m
[32m[I 2022-11-04 04:36:37,407][0m Trial 2270 finished with value: 0.004533158664547984 and parameters: {'nlayers': 11, 'hidden_size': 299, 'dropout': 0.20837859102592057, 'learning_rate': 0.0014956344314261117, 'batch_size': 3928}. Best is trial 1603 with value: 0.004398547172546387.[0m
[32m[I 2022-11-04 04:36:42,048][0m Trial 2271 finished with value: 0.004518361304574299 and parameters: {'nlayers': 13, 'hidden_size': 105, 'dropout': 0.17623352378167087, 'learning_rate': 0.0031498540071737747, 'batch_size': 3924}. Best is trial 1603 with value: 0.004398547172546387.[0m
[32m[I 2022-11-04 04:36:47,667][0m Trial 2272 finished with value: 0.0044227964356541635 and parameters: {'nlayers': 10, 'hidden_size': 205, 'dropout': 0.44020587705993514, 'learning_rate': 0.0034304362236168987, 'batch_size': 4000}. Best is trial 1603 with value: 0.004398547172546387.[0m
[32m[I 2022-11-04 04:37:05,747][0m Trial 2273 finished with value: 0.00444774930701908 and parameters: {'nlayers': 19, 'hidden_size': 436, 'dropout': 0.339857754607175, 'learning_rate': 0.0019478792246031046, 'batch_size': 3999}. Best is trial 1603 with value: 0.004398547172546387.[0m
[32m[I 2022-11-04 04:37:23,964][0m Trial 2274 finished with value: 0.00578515213224795 and parameters: {'nlayers': 12, 'hidden_size': 685, 'dropout': 0.4482019571638739, 'learning_rate': 0.002746179670376951, 'batch_size': 3080}. Best is trial 1603 with value: 0.004398547172546387.[0m
[32m[I 2022-11-04 04:37:31,864][0m Trial 2275 finished with value: 0.0044300059626537075 and parameters: {'nlayers': 9, 'hidden_size': 353, 'dropout': 0.4574668547264565, 'learning_rate': 0.0030012290655656647, 'batch_size': 3999}. Best is trial 1603 with value: 0.004398547172546387.[0m
[32m[I 2022-11-04 04:39:11,573][0m Trial 2276 finished with value: 0.004611691042498993 and parameters: {'nlayers': 8, 'hidden_size': 2127, 'dropout': 0.2198558194593187, 'learning_rate': 0.0035401744801727723, 'batch_size': 3859}. Best is trial 1603 with value: 0.004398547172546387.[0m
[32m[I 2022-11-04 04:39:28,837][0m Trial 2277 finished with value: 0.004672865235654295 and parameters: {'nlayers': 11, 'hidden_size': 605, 'dropout': 0.47099930085284886, 'learning_rate': 0.003935512714751752, 'batch_size': 3784}. Best is trial 1603 with value: 0.004398547172546387.[0m
[32m[I 2022-11-04 04:39:36,131][0m Trial 2278 finished with value: 0.0044404675913441325 and parameters: {'nlayers': 14, 'hidden_size': 232, 'dropout': 0.49098017180132036, 'learning_rate': 0.003269646408772575, 'batch_size': 3999}. Best is trial 1603 with value: 0.004398547172546387.[0m
[32m[I 2022-11-04 04:39:41,406][0m Trial 2279 finished with value: 0.016486041123897885 and parameters: {'nlayers': 13, 'hidden_size': 494, 'dropout': 0.4220063407881192, 'learning_rate': 0.0036795692178910153, 'batch_size': 1082}. Best is trial 1603 with value: 0.004398547172546387.[0m
[32m[I 2022-11-04 04:39:48,461][0m Trial 2280 finished with value: 0.004609611877505643 and parameters: {'nlayers': 11, 'hidden_size': 280, 'dropout': 0.3898556727275529, 'learning_rate': 0.002024215711895978, 'batch_size': 3860}. Best is trial 1603 with value: 0.004398547172546387.[0m
[32m[I 2022-11-04 04:39:53,609][0m Trial 2281 finished with value: 0.004513832423712513 and parameters: {'nlayers': 12, 'hidden_size': 157, 'dropout': 0.4833258972892758, 'learning_rate': 0.005794447946277382, 'batch_size': 3922}. Best is trial 1603 with value: 0.004398547172546387.[0m
[32m[I 2022-11-04 04:39:59,098][0m Trial 2282 finished with value: 0.006909609596756255 and parameters: {'nlayers': 9, 'hidden_size': 391, 'dropout': 0.23396018476088776, 'learning_rate': 0.004176344676756391, 'batch_size': 2563}. Best is trial 1603 with value: 0.004398547172546387.[0m
[32m[I 2022-11-04 04:40:05,608][0m Trial 2283 finished with value: 0.004538286670996873 and parameters: {'nlayers': 8, 'hidden_size': 321, 'dropout': 0.18879399496837884, 'learning_rate': 0.0030334492134226013, 'batch_size': 3924}. Best is trial 1603 with value: 0.004398547172546387.[0m
[32m[I 2022-11-04 04:40:13,998][0m Trial 2284 finished with value: 0.004849134120233773 and parameters: {'nlayers': 6, 'hidden_size': 555, 'dropout': 0.4609757651502433, 'learning_rate': 0.0013280020158933981, 'batch_size': 3667}. Best is trial 1603 with value: 0.004398547172546387.[0m
[32m[I 2022-11-04 04:40:19,794][0m Trial 2285 finished with value: 0.004684036178342531 and parameters: {'nlayers': 10, 'hidden_size': 237, 'dropout': 0.4746134480070043, 'learning_rate': 0.0017526678620637041, 'batch_size': 3794}. Best is trial 1603 with value: 0.004398547172546387.[0m
[32m[I 2022-11-04 04:40:24,347][0m Trial 2286 finished with value: 0.004586963080336131 and parameters: {'nlayers': 12, 'hidden_size': 109, 'dropout': 0.40778122114019133, 'learning_rate': 0.002764996915980157, 'batch_size': 3866}. Best is trial 1603 with value: 0.004398547172546387.[0m
[32m[I 2022-11-04 04:40:41,479][0m Trial 2287 finished with value: 0.004450844795540489 and parameters: {'nlayers': 18, 'hidden_size': 422, 'dropout': 0.450752136684535, 'learning_rate': 0.0034028228324285027, 'batch_size': 3998}. Best is trial 1603 with value: 0.004398547172546387.[0m
[32m[I 2022-11-04 04:40:49,205][0m Trial 2288 finished with value: 0.0044466047383570975 and parameters: {'nlayers': 10, 'hidden_size': 319, 'dropout': 0.3821363421655577, 'learning_rate': 0.003167455560991119, 'batch_size': 3999}. Best is trial 1603 with value: 0.004398547172546387.[0m
[32m[I 2022-11-04 04:41:01,104][0m Trial 2289 finished with value: 0.005438278320384055 and parameters: {'nlayers': 13, 'hidden_size': 479, 'dropout': 0.1993597696578073, 'learning_rate': 0.004797405999453459, 'batch_size': 3252}. Best is trial 1603 with value: 0.004398547172546387.[0m
[32m[I 2022-11-04 04:41:07,480][0m Trial 2290 finished with value: 0.004558199105724211 and parameters: {'nlayers': 15, 'hidden_size': 182, 'dropout': 0.39881756154011866, 'learning_rate': 0.003635485933997565, 'batch_size': 3875}. Best is trial 1603 with value: 0.004398547172546387.[0m
[32m[I 2022-11-04 04:41:27,022][0m Trial 2291 finished with value: 0.004506355759744741 and parameters: {'nlayers': 11, 'hidden_size': 639, 'dropout': 0.18107460218098342, 'learning_rate': 0.003977292445192739, 'batch_size': 3920}. Best is trial 1603 with value: 0.004398547172546387.[0m
[32m[I 2022-11-04 04:42:15,713][0m Trial 2292 finished with value: 0.004707813896021182 and parameters: {'nlayers': 12, 'hidden_size': 1111, 'dropout': 0.43526725815207473, 'learning_rate': 0.002944755430478045, 'batch_size': 3766}. Best is trial 1603 with value: 0.004398547172546387.[0m
[32m[I 2022-11-04 04:42:23,550][0m Trial 2293 finished with value: 0.004529386941035082 and parameters: {'nlayers': 9, 'hidden_size': 361, 'dropout': 0.16016129483531355, 'learning_rate': 0.0026015113533927273, 'batch_size': 3925}. Best is trial 1603 with value: 0.004398547172546387.[0m
[32m[I 2022-11-04 04:42:29,086][0m Trial 2294 finished with value: 0.004588259782449922 and parameters: {'nlayers': 8, 'hidden_size': 263, 'dropout': 0.46977107055654743, 'learning_rate': 0.009875674836605428, 'batch_size': 3857}. Best is trial 1603 with value: 0.004398547172546387.[0m
[32m[I 2022-11-04 04:42:49,545][0m Trial 2295 finished with value: 0.004504344692492103 and parameters: {'nlayers': 14, 'hidden_size': 578, 'dropout': 0.4924458944721508, 'learning_rate': 0.0033140263168435088, 'batch_size': 3933}. Best is trial 1603 with value: 0.004398547172546387.[0m
[32m[I 2022-11-04 04:43:11,574][0m Trial 2296 finished with value: 0.004436118866867291 and parameters: {'nlayers': 11, 'hidden_size': 698, 'dropout': 0.3749879235964164, 'learning_rate': 0.0035465548458865313, 'batch_size': 3999}. Best is trial 1603 with value: 0.004398547172546387.[0m
[32m[I 2022-11-04 04:43:24,814][0m Trial 2297 finished with value: 0.004658986606165094 and parameters: {'nlayers': 13, 'hidden_size': 451, 'dropout': 0.4612356128631055, 'learning_rate': 0.0016092996329988931, 'batch_size': 3812}. Best is trial 1603 with value: 0.004398547172546387.[0m
[32m[I 2022-11-04 04:43:52,959][0m Trial 2298 finished with value: 0.004447323876817574 and parameters: {'nlayers': 10, 'hidden_size': 846, 'dropout': 0.3572679366274341, 'learning_rate': 0.003842701521946531, 'batch_size': 3999}. Best is trial 1603 with value: 0.004398547172546387.[0m
[32m[I 2022-11-04 04:43:59,089][0m Trial 2299 finished with value: 0.004487975825183567 and parameters: {'nlayers': 12, 'hidden_size': 202, 'dropout': 0.4475569073073572, 'learning_rate': 0.0019009024381624288, 'batch_size': 3930}. Best is trial 1603 with value: 0.004398547172546387.[0m
[32m[I 2022-11-04 04:44:05,496][0m Trial 2300 finished with value: 0.0046060261443311296 and parameters: {'nlayers': 7, 'hidden_size': 368, 'dropout': 0.3911001117715153, 'learning_rate': 0.0020938345982960266, 'batch_size': 3866}. Best is trial 1603 with value: 0.004398547172546387.[0m
[32m[I 2022-11-04 04:44:16,850][0m Trial 2301 finished with value: 0.004787976292949978 and parameters: {'nlayers': 9, 'hidden_size': 534, 'dropout': 0.4289963059665641, 'learning_rate': 0.002800400504224123, 'batch_size': 3713}. Best is trial 1603 with value: 0.004398547172546387.[0m
[32m[I 2022-11-04 04:46:02,072][0m Trial 2302 finished with value: 0.004506385253548865 and parameters: {'nlayers': 10, 'hidden_size': 1995, 'dropout': 0.49940856729202443, 'learning_rate': 0.0032453654748366063, 'batch_size': 3928}. Best is trial 1603 with value: 0.004398547172546387.[0m
[32m[I 2022-11-04 04:46:09,083][0m Trial 2303 finished with value: 0.00466647945989774 and parameters: {'nlayers': 11, 'hidden_size': 277, 'dropout': 0.28702207674384933, 'learning_rate': 0.003069949280580627, 'batch_size': 3810}. Best is trial 1603 with value: 0.004398547172546387.[0m
[32m[I 2022-11-04 04:46:12,878][0m Trial 2304 finished with value: 0.004532161374000986 and parameters: {'nlayers': 13, 'hidden_size': 64, 'dropout': 0.478069600510609, 'learning_rate': 0.004090627047884762, 'batch_size': 3925}. Best is trial 1603 with value: 0.004398547172546387.[0m
[32m[I 2022-11-04 04:46:18,202][0m Trial 2305 finished with value: 0.004457631535828114 and parameters: {'nlayers': 12, 'hidden_size': 160, 'dropout': 0.46369995163499406, 'learning_rate': 0.0034594594387126016, 'batch_size': 4000}. Best is trial 1603 with value: 0.004398547172546387.[0m
[32m[I 2022-11-04 04:46:28,126][0m Trial 2306 finished with value: 0.004564604314028724 and parameters: {'nlayers': 14, 'hidden_size': 324, 'dropout': 0.452917419016654, 'learning_rate': 0.004357687904701218, 'batch_size': 3872}. Best is trial 1603 with value: 0.004398547172546387.[0m
[32m[I 2022-11-04 04:46:34,008][0m Trial 2307 finished with value: 0.004495863407926098 and parameters: {'nlayers': 9, 'hidden_size': 245, 'dropout': 0.3654531254646524, 'learning_rate': 0.0036413364022487905, 'batch_size': 3930}. Best is trial 1603 with value: 0.004398547172546387.[0m
[32m[I 2022-11-04 04:46:43,454][0m Trial 2308 finished with value: 0.004793512001415617 and parameters: {'nlayers': 11, 'hidden_size': 388, 'dropout': 0.32829205217593854, 'learning_rate': 0.004611171341725381, 'batch_size': 3759}. Best is trial 1603 with value: 0.004398547172546387.[0m
[32m[I 2022-11-04 04:46:58,993][0m Trial 2309 finished with value: 0.0044253432145563475 and parameters: {'nlayers': 13, 'hidden_size': 491, 'dropout': 0.44179880059852683, 'learning_rate': 0.0026611708809307685, 'batch_size': 3999}. Best is trial 1603 with value: 0.004398547172546387.[0m
[32m[I 2022-11-04 04:47:13,122][0m Trial 2310 finished with value: 0.004611234865651643 and parameters: {'nlayers': 8, 'hidden_size': 635, 'dropout': 0.4849087337665155, 'learning_rate': 0.0029140129398697967, 'batch_size': 3872}. Best is trial 1603 with value: 0.004398547172546387.[0m
[32m[I 2022-11-04 04:47:40,074][0m Trial 2311 finished with value: 0.004449040949970797 and parameters: {'nlayers': 12, 'hidden_size': 743, 'dropout': 0.19299252715579865, 'learning_rate': 0.0014548671948478357, 'batch_size': 3998}. Best is trial 1603 with value: 0.004398547172546387.[0m
[32m[I 2022-11-04 04:47:50,367][0m Trial 2312 finished with value: 0.004508260145180093 and parameters: {'nlayers': 10, 'hidden_size': 419, 'dropout': 0.39971321691212497, 'learning_rate': 0.0031493191309855477, 'batch_size': 3927}. Best is trial 1603 with value: 0.004398547172546387.[0m
[32m[I 2022-11-04 04:47:53,575][0m Trial 2313 finished with value: 0.004639371278272257 and parameters: {'nlayers': 11, 'hidden_size': 3, 'dropout': 0.18583871245900638, 'learning_rate': 0.0037991740750030444, 'batch_size': 3822}. Best is trial 1603 with value: 0.004398547172546387.[0m
[32m[I 2022-11-04 04:47:58,055][0m Trial 2314 finished with value: 0.00452076466690046 and parameters: {'nlayers': 12, 'hidden_size': 102, 'dropout': 0.4763402908454966, 'learning_rate': 0.0018046416175351051, 'batch_size': 3927}. Best is trial 1603 with value: 0.004398547172546387.[0m
[32m[I 2022-11-04 04:48:04,360][0m Trial 2315 finished with value: 0.004608163597547928 and parameters: {'nlayers': 8, 'hidden_size': 315, 'dropout': 0.3387971394285165, 'learning_rate': 0.0033822721909630565, 'batch_size': 3858}. Best is trial 1603 with value: 0.004398547172546387.[0m
[32m[I 2022-11-04 04:48:09,580][0m Trial 2316 finished with value: 0.0045214001685418845 and parameters: {'nlayers': 10, 'hidden_size': 186, 'dropout': 0.21144716495098173, 'learning_rate': 0.003086011613720792, 'batch_size': 3931}. Best is trial 1603 with value: 0.004398547172546387.[0m
[32m[I 2022-11-04 04:48:33,247][0m Trial 2317 finished with value: 0.004759721089708847 and parameters: {'nlayers': 19, 'hidden_size': 547, 'dropout': 0.45531373847846784, 'learning_rate': 0.0036909833467892936, 'batch_size': 3743}. Best is trial 1603 with value: 0.004398547172546387.[0m
[32m[I 2022-11-04 04:48:42,030][0m Trial 2318 finished with value: 0.0045957248176389295 and parameters: {'nlayers': 16, 'hidden_size': 254, 'dropout': 0.41518563776443806, 'learning_rate': 0.0028828356711437164, 'batch_size': 3868}. Best is trial 1603 with value: 0.004398547172546387.[0m
[32m[I 2022-11-04 04:48:55,713][0m Trial 2319 finished with value: 0.0045305128342813285 and parameters: {'nlayers': 13, 'hidden_size': 450, 'dropout': 0.20280794287764867, 'learning_rate': 0.003367075635152534, 'batch_size': 3927}. Best is trial 1603 with value: 0.004398547172546387.[0m
[32m[I 2022-11-04 04:49:10,182][0m Trial 2320 finished with value: 0.004638718466147141 and parameters: {'nlayers': 20, 'hidden_size': 356, 'dropout': 0.1733564535160501, 'learning_rate': 0.00401087718416154, 'batch_size': 3797}. Best is trial 1603 with value: 0.004398547172546387.[0m
[32m[I 2022-11-04 04:49:15,768][0m Trial 2321 finished with value: 0.004511111258489294 and parameters: {'nlayers': 14, 'hidden_size': 135, 'dropout': 0.3930130436960615, 'learning_rate': 0.002553454149237441, 'batch_size': 3928}. Best is trial 1603 with value: 0.004398547172546387.[0m
[32m[I 2022-11-04 04:49:30,209][0m Trial 2322 finished with value: 0.004512278505660425 and parameters: {'nlayers': 9, 'hidden_size': 587, 'dropout': 0.347822978882865, 'learning_rate': 0.0022027293266258267, 'batch_size': 3933}. Best is trial 1603 with value: 0.004398547172546387.[0m
[32m[I 2022-11-04 04:49:37,376][0m Trial 2323 finished with value: 0.004591604693278304 and parameters: {'nlayers': 11, 'hidden_size': 275, 'dropout': 0.4679724356023875, 'learning_rate': 0.00541123987107309, 'batch_size': 3865}. Best is trial 1603 with value: 0.004398547172546387.[0m
[32m[I 2022-11-04 04:49:45,714][0m Trial 2324 finished with value: 0.00483119857542565 and parameters: {'nlayers': 22, 'hidden_size': 208, 'dropout': 0.4060831720554293, 'learning_rate': 0.0016592100625608065, 'batch_size': 3659}. Best is trial 1603 with value: 0.004398547172546387.[0m
[32m[I 2022-11-04 04:50:00,148][0m Trial 2325 finished with value: 0.004522906642885169 and parameters: {'nlayers': 12, 'hidden_size': 502, 'dropout': 0.3808412045024798, 'learning_rate': 0.0031985991414929275, 'batch_size': 3928}. Best is trial 1603 with value: 0.004398547172546387.[0m
[32m[I 2022-11-04 04:50:06,371][0m Trial 2326 finished with value: 0.008798315504860035 and parameters: {'nlayers': 13, 'hidden_size': 387, 'dropout': 0.4432650389806881, 'learning_rate': 0.001279637502521806, 'batch_size': 2007}. Best is trial 1603 with value: 0.004398547172546387.[0m
[32m[I 2022-11-04 04:50:26,063][0m Trial 2327 finished with value: 0.004677932919358629 and parameters: {'nlayers': 11, 'hidden_size': 673, 'dropout': 0.49992134199851207, 'learning_rate': 0.002035716368151255, 'batch_size': 3798}. Best is trial 1603 with value: 0.004398547172546387.[0m
[32m[I 2022-11-04 04:50:28,802][0m Trial 2328 finished with value: 0.013264461434974416 and parameters: {'nlayers': 9, 'hidden_size': 318, 'dropout': 0.4583221356444275, 'learning_rate': 0.0042446369793308104, 'batch_size': 1349}. Best is trial 1603 with value: 0.004398547172546387.[0m
[32m[I 2022-11-04 04:50:32,043][0m Trial 2329 finished with value: 0.011578208962281032 and parameters: {'nlayers': 7, 'hidden_size': 429, 'dropout': 0.10056803580357682, 'learning_rate': 0.003593864774284198, 'batch_size': 1549}. Best is trial 1603 with value: 0.004398547172546387.[0m
[32m[I 2022-11-04 04:50:38,091][0m Trial 2330 finished with value: 0.004510230330763611 and parameters: {'nlayers': 10, 'hidden_size': 234, 'dropout': 0.47092062812782837, 'learning_rate': 0.002810991098188422, 'batch_size': 3932}. Best is trial 1603 with value: 0.004398547172546387.[0m
[32m[I 2022-11-04 04:50:42,314][0m Trial 2331 finished with value: 0.004601942802470223 and parameters: {'nlayers': 12, 'hidden_size': 87, 'dropout': 0.4826906220048792, 'learning_rate': 0.003853766910325406, 'batch_size': 3859}. Best is trial 1603 with value: 0.004398547172546387.[0m
[32m[I 2022-11-04 04:50:52,379][0m Trial 2332 finished with value: 0.004494443963716112 and parameters: {'nlayers': 15, 'hidden_size': 308, 'dropout': 0.3326222313935894, 'learning_rate': 0.003504579004046596, 'batch_size': 3935}. Best is trial 1603 with value: 0.004398547172546387.[0m
[32m[I 2022-11-04 04:51:10,186][0m Trial 2333 finished with value: 0.0048040990098126264 and parameters: {'nlayers': 11, 'hidden_size': 618, 'dropout': 0.14853573618187502, 'learning_rate': 0.0032246636906041043, 'batch_size': 3824}. Best is trial 1603 with value: 0.004398547172546387.[0m
[32m[I 2022-11-04 04:51:14,451][0m Trial 2334 finished with value: 0.004515208307716164 and parameters: {'nlayers': 8, 'hidden_size': 143, 'dropout': 0.43494626121918845, 'learning_rate': 0.002673024027914379, 'batch_size': 3934}. Best is trial 1603 with value: 0.004398547172546387.[0m
[32m[I 2022-11-04 04:51:27,388][0m Trial 2335 finished with value: 0.0044363214223234505 and parameters: {'nlayers': 10, 'hidden_size': 512, 'dropout': 0.46530252049388776, 'learning_rate': 0.0018540437948696056, 'batch_size': 3996}. Best is trial 1603 with value: 0.004398547172546387.[0m
[32m[I 2022-11-04 04:51:40,279][0m Trial 2336 finished with value: 0.004755872627382348 and parameters: {'nlayers': 17, 'hidden_size': 383, 'dropout': 0.49097641539283515, 'learning_rate': 0.00294965945773166, 'batch_size': 3721}. Best is trial 1603 with value: 0.004398547172546387.[0m
[32m[I 2022-11-04 04:51:45,688][0m Trial 2337 finished with value: 0.004448448972244148 and parameters: {'nlayers': 9, 'hidden_size': 201, 'dropout': 0.4495512898897758, 'learning_rate': 0.0034695131058994646, 'batch_size': 3999}. Best is trial 1603 with value: 0.004398547172546387.[0m
[32m[I 2022-11-04 04:51:51,028][0m Trial 2338 finished with value: 0.004618374248020492 and parameters: {'nlayers': 4, 'hidden_size': 463, 'dropout': 0.1804228931239445, 'learning_rate': 0.0015762691263090298, 'batch_size': 3849}. Best is trial 1603 with value: 0.004398547172546387.[0m
[32m[I 2022-11-04 04:51:56,908][0m Trial 2339 finished with value: 0.005972188986172767 and parameters: {'nlayers': 13, 'hidden_size': 269, 'dropout': 0.19267145914871556, 'learning_rate': 0.0031024479707991237, 'batch_size': 2991}. Best is trial 1603 with value: 0.004398547172546387.[0m
