[32m[I 2022-11-04 00:40:04,501][0m Trial 1365 finished with value: 0.0044428496159264735 and parameters: {'nlayers': 14, 'hidden_size': 627, 'dropout': 0.38059864929186793, 'learning_rate': 0.003185599592646724, 'batch_size': 3999}. Best is trial 183 with value: 0.004403234362602234.[0m
[32m[I 2022-11-04 00:40:57,423][0m Trial 1366 finished with value: 0.004595178804590444 and parameters: {'nlayers': 9, 'hidden_size': 1382, 'dropout': 0.47406187932820293, 'learning_rate': 0.006587264800047172, 'batch_size': 3857}. Best is trial 183 with value: 0.004403234362602234.[0m
[32m[I 2022-11-04 00:41:05,395][0m Trial 1367 finished with value: 0.004512127829243055 and parameters: {'nlayers': 7, 'hidden_size': 452, 'dropout': 0.2992863999517131, 'learning_rate': 0.0027056950304284676, 'batch_size': 3918}. Best is trial 183 with value: 0.004403234362602234.[0m
[32m[I 2022-11-04 00:41:26,142][0m Trial 1368 finished with value: 0.004677740724975727 and parameters: {'nlayers': 11, 'hidden_size': 695, 'dropout': 0.4900202652335247, 'learning_rate': 0.002361823185570954, 'batch_size': 3795}. Best is trial 183 with value: 0.004403234362602234.[0m
[32m[I 2022-11-04 00:41:38,698][0m Trial 1369 finished with value: 0.00461607390065347 and parameters: {'nlayers': 10, 'hidden_size': 536, 'dropout': 0.4236125201338291, 'learning_rate': 0.002906872622437211, 'batch_size': 3875}. Best is trial 183 with value: 0.004403234362602234.[0m
[32m[I 2022-11-04 00:41:53,426][0m Trial 1370 finished with value: 0.004562140779453923 and parameters: {'nlayers': 9, 'hidden_size': 613, 'dropout': 0.4050579069896528, 'learning_rate': 0.004169121073836302, 'batch_size': 3924}. Best is trial 183 with value: 0.004403234362602234.[0m
[32m[I 2022-11-04 00:42:06,335][0m Trial 1371 finished with value: 0.004533657599065312 and parameters: {'nlayers': 11, 'hidden_size': 497, 'dropout': 0.2700962659133149, 'learning_rate': 0.0033210090321513716, 'batch_size': 3933}. Best is trial 183 with value: 0.004403234362602234.[0m
[32m[I 2022-11-04 00:42:13,334][0m Trial 1372 finished with value: 0.004590553102273909 and parameters: {'nlayers': 7, 'hidden_size': 413, 'dropout': 0.163851458875705, 'learning_rate': 0.004719962169392116, 'batch_size': 3869}. Best is trial 183 with value: 0.004403234362602234.[0m
[32m[I 2022-11-04 00:42:28,661][0m Trial 1373 finished with value: 0.0044551643059813064 and parameters: {'nlayers': 10, 'hidden_size': 573, 'dropout': 0.46190117776548695, 'learning_rate': 0.0030989605352743773, 'batch_size': 3998}. Best is trial 183 with value: 0.004403234362602234.[0m
[32m[I 2022-11-04 00:42:49,153][0m Trial 1374 finished with value: 0.004519060399492353 and parameters: {'nlayers': 9, 'hidden_size': 764, 'dropout': 0.39484532566164965, 'learning_rate': 0.0037058435297865912, 'batch_size': 3997}. Best is trial 183 with value: 0.004403234362602234.[0m
[32m[I 2022-11-04 00:43:04,316][0m Trial 1375 finished with value: 0.004668482485839748 and parameters: {'nlayers': 14, 'hidden_size': 490, 'dropout': 0.4492559432066815, 'learning_rate': 0.002809840553283748, 'batch_size': 3797}. Best is trial 183 with value: 0.004403234362602234.[0m
[32m[I 2022-11-04 00:43:34,203][0m Trial 1376 finished with value: 0.004521999538491068 and parameters: {'nlayers': 8, 'hidden_size': 1052, 'dropout': 0.47027564625683604, 'learning_rate': 0.0025798873196601468, 'batch_size': 3928}. Best is trial 183 with value: 0.004403234362602234.[0m
[32m[I 2022-11-04 00:43:52,249][0m Trial 1377 finished with value: 0.004796753735632025 and parameters: {'nlayers': 11, 'hidden_size': 645, 'dropout': 0.3758307577199532, 'learning_rate': 0.003440613089312299, 'batch_size': 3720}. Best is trial 183 with value: 0.004403234362602234.[0m
[32m[I 2022-11-04 00:44:01,096][0m Trial 1378 finished with value: 0.004590215461062671 and parameters: {'nlayers': 11, 'hidden_size': 367, 'dropout': 0.4138691950673387, 'learning_rate': 0.00300773263784037, 'batch_size': 3873}. Best is trial 183 with value: 0.004403234362602234.[0m
[32m[I 2022-11-04 00:44:14,570][0m Trial 1379 finished with value: 0.004512244895214343 and parameters: {'nlayers': 10, 'hidden_size': 545, 'dropout': 0.33877069423033795, 'learning_rate': 0.002275689754407048, 'batch_size': 3930}. Best is trial 183 with value: 0.004403234362602234.[0m
[32m[I 2022-11-04 00:44:24,122][0m Trial 1380 finished with value: 0.004421722762286663 and parameters: {'nlayers': 9, 'hidden_size': 439, 'dropout': 0.35239044636197736, 'learning_rate': 0.003244933205958252, 'batch_size': 4000}. Best is trial 183 with value: 0.004403234362602234.[0m
[32m[I 2022-11-04 00:44:39,688][0m Trial 1381 finished with value: 0.004716824744113539 and parameters: {'nlayers': 8, 'hidden_size': 709, 'dropout': 0.4614785079957197, 'learning_rate': 0.00271153820518611, 'batch_size': 3780}. Best is trial 183 with value: 0.004403234362602234.[0m
[32m[I 2022-11-04 00:44:53,747][0m Trial 1382 finished with value: 0.004581824503790848 and parameters: {'nlayers': 9, 'hidden_size': 591, 'dropout': 0.10187607577188501, 'learning_rate': 0.002959723898047604, 'batch_size': 3867}. Best is trial 183 with value: 0.004403234362602234.[0m
[32m[I 2022-11-04 00:45:02,215][0m Trial 1383 finished with value: 0.004510111554063917 and parameters: {'nlayers': 10, 'hidden_size': 371, 'dropout': 0.39117062055211826, 'learning_rate': 0.0038797299379821288, 'batch_size': 3936}. Best is trial 183 with value: 0.004403234362602234.[0m
[32m[I 2022-11-04 00:45:36,795][0m Trial 1384 finished with value: 0.0045034941176922 and parameters: {'nlayers': 11, 'hidden_size': 948, 'dropout': 0.4450566600941175, 'learning_rate': 0.003544251707498027, 'batch_size': 3933}. Best is trial 183 with value: 0.004403234362602234.[0m
[32m[I 2022-11-04 00:46:17,151][0m Trial 1385 finished with value: 0.004628246808695425 and parameters: {'nlayers': 10, 'hidden_size': 1124, 'dropout': 0.48413913608546827, 'learning_rate': 0.002508511916983566, 'batch_size': 3817}. Best is trial 183 with value: 0.004403234362602234.[0m
[32m[I 2022-11-04 00:46:29,280][0m Trial 1386 finished with value: 0.004437424214549826 and parameters: {'nlayers': 11, 'hidden_size': 463, 'dropout': 0.455718254141848, 'learning_rate': 0.004384966411536322, 'batch_size': 3999}. Best is trial 183 with value: 0.004403234362602234.[0m
[32m[I 2022-11-04 00:46:51,592][0m Trial 1387 finished with value: 0.004577371431238655 and parameters: {'nlayers': 8, 'hidden_size': 863, 'dropout': 0.3095866557366504, 'learning_rate': 0.0028450177059353198, 'batch_size': 3881}. Best is trial 183 with value: 0.004403234362602234.[0m
[32m[I 2022-11-04 00:48:52,640][0m Trial 1388 finished with value: 0.004563638228865245 and parameters: {'nlayers': 13, 'hidden_size': 1726, 'dropout': 0.4035062429306566, 'learning_rate': 0.003129674135388191, 'batch_size': 3929}. Best is trial 183 with value: 0.004403234362602234.[0m
[32m[I 2022-11-04 00:49:09,563][0m Trial 1389 finished with value: 0.00442592847394991 and parameters: {'nlayers': 9, 'hidden_size': 673, 'dropout': 0.4725616520518399, 'learning_rate': 0.0032807226937089803, 'batch_size': 3996}. Best is trial 183 with value: 0.004403234362602234.[0m
[32m[I 2022-11-04 00:49:25,729][0m Trial 1390 finished with value: 0.004745188826512257 and parameters: {'nlayers': 14, 'hidden_size': 519, 'dropout': 0.42388477391900936, 'learning_rate': 0.002332290643715345, 'batch_size': 3739}. Best is trial 183 with value: 0.004403234362602234.[0m
[32m[I 2022-11-04 00:49:38,122][0m Trial 1391 finished with value: 0.0046171744638734 and parameters: {'nlayers': 15, 'hidden_size': 395, 'dropout': 0.4322418222306103, 'learning_rate': 0.0026858541671741327, 'batch_size': 3854}. Best is trial 183 with value: 0.004403234362602234.[0m
[32m[I 2022-11-04 00:49:54,611][0m Trial 1392 finished with value: 0.00444815281033516 and parameters: {'nlayers': 11, 'hidden_size': 584, 'dropout': 0.2072379141323183, 'learning_rate': 0.0029907727473513983, 'batch_size': 4000}. Best is trial 183 with value: 0.004403234362602234.[0m
[32m[I 2022-11-04 00:50:08,758][0m Trial 1393 finished with value: 0.004581570002661866 and parameters: {'nlayers': 8, 'hidden_size': 647, 'dropout': 0.384796351320165, 'learning_rate': 0.0035851329602335927, 'batch_size': 3877}. Best is trial 183 with value: 0.004403234362602234.[0m
[32m[I 2022-11-04 00:50:19,693][0m Trial 1394 finished with value: 0.004501855517465043 and parameters: {'nlayers': 10, 'hidden_size': 466, 'dropout': 0.39974817997096057, 'learning_rate': 0.0033804186705631008, 'batch_size': 3930}. Best is trial 183 with value: 0.004403234362602234.[0m
[32m[I 2022-11-04 00:50:31,050][0m Trial 1395 finished with value: 0.004687779248388852 and parameters: {'nlayers': 9, 'hidden_size': 543, 'dropout': 0.46395995888578717, 'learning_rate': 0.003115823651562366, 'batch_size': 3796}. Best is trial 183 with value: 0.004403234362602234.[0m
[32m[I 2022-11-04 00:50:38,420][0m Trial 1396 finished with value: 0.004891168165416565 and parameters: {'nlayers': 11, 'hidden_size': 328, 'dropout': 0.49202606225285245, 'learning_rate': 0.0025289743650955382, 'batch_size': 3639}. Best is trial 183 with value: 0.004403234362602234.[0m
[32m[I 2022-11-04 00:50:59,516][0m Trial 1397 finished with value: 0.004433314542109801 and parameters: {'nlayers': 10, 'hidden_size': 726, 'dropout': 0.47659577760457533, 'learning_rate': 0.002827007943513946, 'batch_size': 3999}. Best is trial 183 with value: 0.004403234362602234.[0m
[32m[I 2022-11-04 00:51:10,984][0m Trial 1398 finished with value: 0.004539176270939275 and parameters: {'nlayers': 13, 'hidden_size': 416, 'dropout': 0.36154772940977403, 'learning_rate': 0.0021916852261164308, 'batch_size': 3923}. Best is trial 183 with value: 0.004403234362602234.[0m
[32m[I 2022-11-04 00:51:19,577][0m Trial 1399 finished with value: 0.0046656527472477335 and parameters: {'nlayers': 7, 'hidden_size': 511, 'dropout': 0.32394797338432696, 'learning_rate': 0.003134941109363008, 'batch_size': 3825}. Best is trial 183 with value: 0.004403234362602234.[0m
[32m[I 2022-11-04 00:51:33,039][0m Trial 1400 finished with value: 0.004525940163164107 and parameters: {'nlayers': 8, 'hidden_size': 615, 'dropout': 0.4532262940324446, 'learning_rate': 0.002683636322727299, 'batch_size': 3921}. Best is trial 183 with value: 0.004403234362602234.[0m
[32m[I 2022-11-04 00:51:57,941][0m Trial 1401 finished with value: 0.004622832829870324 and parameters: {'nlayers': 11, 'hidden_size': 784, 'dropout': 0.44478806806821986, 'learning_rate': 0.003784277575271964, 'batch_size': 3871}. Best is trial 183 with value: 0.004403234362602234.[0m
[32m[I 2022-11-04 00:52:06,848][0m Trial 1402 finished with value: 0.004417629107832909 and parameters: {'nlayers': 12, 'hidden_size': 333, 'dropout': 0.28124293452818666, 'learning_rate': 0.003383960937916613, 'batch_size': 4000}. Best is trial 183 with value: 0.004403234362602234.[0m
[32m[I 2022-11-04 00:52:15,772][0m Trial 1403 finished with value: 0.0044298597638042884 and parameters: {'nlayers': 12, 'hidden_size': 329, 'dropout': 0.276146065651952, 'learning_rate': 0.003975046906036484, 'batch_size': 3998}. Best is trial 183 with value: 0.004403234362602234.[0m
[32m[I 2022-11-04 00:52:24,548][0m Trial 1404 finished with value: 0.004474502211513968 and parameters: {'nlayers': 12, 'hidden_size': 321, 'dropout': 0.26922978782346896, 'learning_rate': 0.0035781437056530683, 'batch_size': 3998}. Best is trial 183 with value: 0.004403234362602234.[0m
[32m[I 2022-11-04 00:52:32,709][0m Trial 1405 finished with value: 0.004465510681271553 and parameters: {'nlayers': 11, 'hidden_size': 313, 'dropout': 0.239533408074265, 'learning_rate': 0.003470325662118314, 'batch_size': 4000}. Best is trial 183 with value: 0.004403234362602234.[0m
[32m[I 2022-11-04 00:52:43,307][0m Trial 1406 finished with value: 0.0044406460028464986 and parameters: {'nlayers': 13, 'hidden_size': 369, 'dropout': 0.3092748293675681, 'learning_rate': 0.0035305726264364145, 'batch_size': 3999}. Best is trial 183 with value: 0.004403234362602234.[0m
[32m[I 2022-11-04 00:52:51,945][0m Trial 1407 finished with value: 0.004731698188064957 and parameters: {'nlayers': 12, 'hidden_size': 349, 'dropout': 0.27430362690354215, 'learning_rate': 0.003717973954062815, 'batch_size': 3752}. Best is trial 183 with value: 0.004403234362602234.[0m
[32m[I 2022-11-04 00:52:59,657][0m Trial 1408 finished with value: 0.004589036099374355 and parameters: {'nlayers': 12, 'hidden_size': 289, 'dropout': 0.3001453053931985, 'learning_rate': 0.008972626587143977, 'batch_size': 3876}. Best is trial 183 with value: 0.004403234362602234.[0m
[32m[I 2022-11-04 00:53:09,198][0m Trial 1409 finished with value: 0.004558174472787445 and parameters: {'nlayers': 12, 'hidden_size': 362, 'dropout': 0.30535606385565683, 'learning_rate': 0.003728076049242076, 'batch_size': 3923}. Best is trial 183 with value: 0.004403234362602234.[0m
[32m[I 2022-11-04 00:53:19,979][0m Trial 1410 finished with value: 0.004456659153103828 and parameters: {'nlayers': 13, 'hidden_size': 377, 'dropout': 0.3744060076893736, 'learning_rate': 0.003470220387304139, 'batch_size': 4000}. Best is trial 183 with value: 0.004403234362602234.[0m
[32m[I 2022-11-04 00:53:27,162][0m Trial 1411 finished with value: 0.004674505984063536 and parameters: {'nlayers': 12, 'hidden_size': 284, 'dropout': 0.26214729000962594, 'learning_rate': 0.003299951181146935, 'batch_size': 3810}. Best is trial 183 with value: 0.004403234362602234.[0m
[32m[I 2022-11-04 00:53:37,778][0m Trial 1412 finished with value: 0.004582442162264841 and parameters: {'nlayers': 12, 'hidden_size': 406, 'dropout': 0.27749496445331867, 'learning_rate': 0.0033576455893218364, 'batch_size': 3870}. Best is trial 183 with value: 0.004403234362602234.[0m
[32m[I 2022-11-04 00:53:47,120][0m Trial 1413 finished with value: 0.004417379088699817 and parameters: {'nlayers': 13, 'hidden_size': 321, 'dropout': 0.31714778866007065, 'learning_rate': 0.0039864820657546, 'batch_size': 4000}. Best is trial 183 with value: 0.004403234362602234.[0m
[32m[I 2022-11-04 00:53:54,729][0m Trial 1414 finished with value: 0.004506422266079362 and parameters: {'nlayers': 14, 'hidden_size': 251, 'dropout': 0.3406360983193843, 'learning_rate': 0.003836855712534944, 'batch_size': 3925}. Best is trial 183 with value: 0.004403234362602234.[0m
[32m[I 2022-11-04 00:54:02,749][0m Trial 1415 finished with value: 0.0046681031459651235 and parameters: {'nlayers': 13, 'hidden_size': 292, 'dropout': 0.2741149260000841, 'learning_rate': 0.00400649954034193, 'batch_size': 3812}. Best is trial 183 with value: 0.004403234362602234.[0m
[32m[I 2022-11-04 00:54:10,334][0m Trial 1416 finished with value: 0.004547436576718922 and parameters: {'nlayers': 13, 'hidden_size': 262, 'dropout': 0.2928378221762486, 'learning_rate': 0.004118262188094627, 'batch_size': 3927}. Best is trial 183 with value: 0.004403234362602234.[0m
[32m[I 2022-11-04 00:54:19,223][0m Trial 1417 finished with value: 0.004586210343904907 and parameters: {'nlayers': 13, 'hidden_size': 336, 'dropout': 0.3272512205625221, 'learning_rate': 0.0039406404378966794, 'batch_size': 3869}. Best is trial 183 with value: 0.004403234362602234.[0m
[32m[I 2022-11-04 00:54:28,496][0m Trial 1418 finished with value: 0.004456763356924057 and parameters: {'nlayers': 14, 'hidden_size': 301, 'dropout': 0.31474804200861684, 'learning_rate': 0.004266591659949976, 'batch_size': 4000}. Best is trial 183 with value: 0.004403234362602234.[0m
[32m[I 2022-11-04 00:54:35,223][0m Trial 1419 finished with value: 0.0047594331943380495 and parameters: {'nlayers': 13, 'hidden_size': 242, 'dropout': 0.2918906547172688, 'learning_rate': 0.00445194225326134, 'batch_size': 3743}. Best is trial 183 with value: 0.004403234362602234.[0m
[32m[I 2022-11-04 00:54:43,983][0m Trial 1420 finished with value: 0.0045562699793919095 and parameters: {'nlayers': 13, 'hidden_size': 316, 'dropout': 0.2946711285802348, 'learning_rate': 0.00433254059503083, 'batch_size': 3926}. Best is trial 183 with value: 0.004403234362602234.[0m
[32m[I 2022-11-04 00:54:51,910][0m Trial 1421 finished with value: 0.004587295285848357 and parameters: {'nlayers': 14, 'hidden_size': 270, 'dropout': 0.28832963482993745, 'learning_rate': 0.004162010753086614, 'batch_size': 3864}. Best is trial 183 with value: 0.004403234362602234.[0m
[32m[I 2022-11-04 00:56:26,068][0m Trial 1422 finished with value: 0.0045939401752140676 and parameters: {'nlayers': 13, 'hidden_size': 1503, 'dropout': 0.2991353555480542, 'learning_rate': 0.003918276920614201, 'batch_size': 3927}. Best is trial 183 with value: 0.004403234362602234.[0m
[32m[I 2022-11-04 00:56:36,025][0m Trial 1423 finished with value: 0.004441729612648487 and parameters: {'nlayers': 13, 'hidden_size': 347, 'dropout': 0.3338456526441478, 'learning_rate': 0.004638520989060694, 'batch_size': 4000}. Best is trial 183 with value: 0.004403234362602234.[0m
[32m[I 2022-11-04 00:56:42,704][0m Trial 1424 finished with value: 0.004849618921677272 and parameters: {'nlayers': 14, 'hidden_size': 236, 'dropout': 0.3176933655402623, 'learning_rate': 0.004027091838582969, 'batch_size': 3672}. Best is trial 183 with value: 0.004403234362602234.[0m
[32m[I 2022-11-04 00:56:51,848][0m Trial 1425 finished with value: 0.004686023683192629 and parameters: {'nlayers': 12, 'hidden_size': 355, 'dropout': 0.33419865054031384, 'learning_rate': 0.004043090650402219, 'batch_size': 3811}. Best is trial 183 with value: 0.004403234362602234.[0m
[32m[I 2022-11-04 00:56:58,819][0m Trial 1426 finished with value: 0.004539986004647836 and parameters: {'nlayers': 13, 'hidden_size': 244, 'dropout': 0.2896315552868979, 'learning_rate': 0.0037273900081708456, 'batch_size': 3913}. Best is trial 183 with value: 0.004403234362602234.[0m
[32m[I 2022-11-04 00:57:07,031][0m Trial 1427 finished with value: 0.0045046822491964025 and parameters: {'nlayers': 13, 'hidden_size': 304, 'dropout': 0.2899559312426067, 'learning_rate': 0.00433810100405565, 'batch_size': 3929}. Best is trial 183 with value: 0.004403234362602234.[0m
[32m[I 2022-11-04 00:57:17,044][0m Trial 1428 finished with value: 0.004671464567523719 and parameters: {'nlayers': 12, 'hidden_size': 391, 'dropout': 0.2801929964992195, 'learning_rate': 0.0037842119521077867, 'batch_size': 3851}. Best is trial 183 with value: 0.004403234362602234.[0m
[32m[I 2022-11-04 00:57:26,078][0m Trial 1429 finished with value: 0.0045893316619500715 and parameters: {'nlayers': 14, 'hidden_size': 312, 'dropout': 0.3245884115993737, 'learning_rate': 0.0038454663230311137, 'batch_size': 3924}. Best is trial 183 with value: 0.004403234362602234.[0m
[32m[I 2022-11-04 00:57:32,282][0m Trial 1430 finished with value: 0.004441005571476515 and parameters: {'nlayers': 12, 'hidden_size': 218, 'dropout': 0.3478625687013281, 'learning_rate': 0.003828610966825083, 'batch_size': 3998}. Best is trial 183 with value: 0.004403234362602234.[0m
[32m[I 2022-11-04 00:57:41,435][0m Trial 1431 finished with value: 0.004672640676772472 and parameters: {'nlayers': 12, 'hidden_size': 365, 'dropout': 0.2851697141220859, 'learning_rate': 0.003620302665989307, 'batch_size': 3793}. Best is trial 183 with value: 0.004403234362602234.[0m
[32m[I 2022-11-04 00:57:49,244][0m Trial 1432 finished with value: 0.004521250079556259 and parameters: {'nlayers': 13, 'hidden_size': 279, 'dropout': 0.3181195262275316, 'learning_rate': 0.004192209175885444, 'batch_size': 3926}. Best is trial 183 with value: 0.004403234362602234.[0m
[32m[I 2022-11-04 00:58:00,996][0m Trial 1433 finished with value: 0.004467396147103869 and parameters: {'nlayers': 13, 'hidden_size': 403, 'dropout': 0.3112514800962242, 'learning_rate': 0.0036735264950963197, 'batch_size': 3999}. Best is trial 183 with value: 0.004403234362602234.[0m
[32m[I 2022-11-04 00:58:09,589][0m Trial 1434 finished with value: 0.00462113650936024 and parameters: {'nlayers': 12, 'hidden_size': 343, 'dropout': 0.2568191838742909, 'learning_rate': 0.0035954080102112433, 'batch_size': 3864}. Best is trial 183 with value: 0.004403234362602234.[0m
[32m[I 2022-11-04 00:58:17,723][0m Trial 1435 finished with value: 0.004607574453033526 and parameters: {'nlayers': 14, 'hidden_size': 281, 'dropout': 0.30609807091179375, 'learning_rate': 0.004512368016439963, 'batch_size': 3870}. Best is trial 183 with value: 0.004403234362602234.[0m
[32m[I 2022-11-04 00:58:20,310][0m Trial 1436 finished with value: 0.011576835684134111 and parameters: {'nlayers': 12, 'hidden_size': 220, 'dropout': 0.3039402448666754, 'learning_rate': 0.005258859612368671, 'batch_size': 1537}. Best is trial 183 with value: 0.004403234362602234.[0m
[32m[I 2022-11-04 01:00:34,801][0m Trial 1437 finished with value: 0.004755258991635198 and parameters: {'nlayers': 13, 'hidden_size': 1875, 'dropout': 0.25328462852878875, 'learning_rate': 0.003421738506173946, 'batch_size': 3730}. Best is trial 183 with value: 0.004403234362602234.[0m
[32m[I 2022-11-04 01:00:46,008][0m Trial 1438 finished with value: 0.004514135242477173 and parameters: {'nlayers': 12, 'hidden_size': 420, 'dropout': 0.3167644365132239, 'learning_rate': 0.0056509400759562674, 'batch_size': 3938}. Best is trial 183 with value: 0.004403234362602234.[0m
[32m[I 2022-11-04 01:00:54,953][0m Trial 1439 finished with value: 0.004441923293666639 and parameters: {'nlayers': 11, 'hidden_size': 360, 'dropout': 0.28665726738650016, 'learning_rate': 0.0035244591423408203, 'batch_size': 3998}. Best is trial 183 with value: 0.004403234362602234.[0m
