[32m[I 2022-11-03 22:20:36,281][0m Trial 759 finished with value: 0.004550482777766617 and parameters: {'nlayers': 12, 'hidden_size': 232, 'dropout': 0.40767732807255386, 'learning_rate': 0.002151722635290611, 'batch_size': 3924}. Best is trial 183 with value: 0.004403234362602234.[0m
[32m[I 2022-11-03 22:20:45,040][0m Trial 760 finished with value: 0.004442273683402466 and parameters: {'nlayers': 9, 'hidden_size': 404, 'dropout': 0.37291882526470144, 'learning_rate': 0.0025621884895617687, 'batch_size': 3998}. Best is trial 183 with value: 0.004403234362602234.[0m
[32m[I 2022-11-03 22:20:52,578][0m Trial 761 finished with value: 0.00475327043386255 and parameters: {'nlayers': 11, 'hidden_size': 325, 'dropout': 0.38107136713845247, 'learning_rate': 0.002941065313749486, 'batch_size': 3761}. Best is trial 183 with value: 0.004403234362602234.[0m
[32m[I 2022-11-03 22:20:55,985][0m Trial 762 finished with value: 0.005541524379652617 and parameters: {'nlayers': 13, 'hidden_size': 98, 'dropout': 0.39827778795021096, 'learning_rate': 0.0027190464753522672, 'batch_size': 3195}. Best is trial 183 with value: 0.004403234362602234.[0m
[32m[I 2022-11-03 22:20:59,198][0m Trial 763 finished with value: 0.008691421533167478 and parameters: {'nlayers': 14, 'hidden_size': 180, 'dropout': 0.4057469906714385, 'learning_rate': 0.002399283663481304, 'batch_size': 2044}. Best is trial 183 with value: 0.004403234362602234.[0m
[32m[I 2022-11-03 22:21:06,204][0m Trial 764 finished with value: 0.004433898090809457 and parameters: {'nlayers': 11, 'hidden_size': 268, 'dropout': 0.3970781016603632, 'learning_rate': 0.0031365154226340774, 'batch_size': 3999}. Best is trial 183 with value: 0.004403234362602234.[0m
[32m[I 2022-11-03 22:21:13,021][0m Trial 765 finished with value: 0.004593575883737641 and parameters: {'nlayers': 8, 'hidden_size': 372, 'dropout': 0.4090436384264874, 'learning_rate': 0.002955577826094318, 'batch_size': 3868}. Best is trial 183 with value: 0.004403234362602234.[0m
[32m[I 2022-11-03 22:21:16,089][0m Trial 766 finished with value: 0.0045154533228944655 and parameters: {'nlayers': 7, 'hidden_size': 50, 'dropout': 0.3922032676512107, 'learning_rate': 0.003284652894277762, 'batch_size': 3926}. Best is trial 183 with value: 0.004403234362602234.[0m
[32m[I 2022-11-03 22:21:17,633][0m Trial 767 finished with value: 0.018065030578440416 and parameters: {'nlayers': 9, 'hidden_size': 223, 'dropout': 0.3893833341441043, 'learning_rate': 0.0026923635580812133, 'batch_size': 982}. Best is trial 183 with value: 0.004403234362602234.[0m
[32m[I 2022-11-03 22:21:25,837][0m Trial 768 finished with value: 0.004448924028268305 and parameters: {'nlayers': 12, 'hidden_size': 300, 'dropout': 0.41187126185241213, 'learning_rate': 0.0021290047201357066, 'batch_size': 3999}. Best is trial 183 with value: 0.004403234362602234.[0m
[32m[I 2022-11-03 22:21:36,142][0m Trial 769 finished with value: 0.004654976974385972 and parameters: {'nlayers': 11, 'hidden_size': 426, 'dropout': 0.4041274385524239, 'learning_rate': 0.0023139133466562, 'batch_size': 3821}. Best is trial 183 with value: 0.004403234362602234.[0m
[32m[I 2022-11-03 22:21:40,367][0m Trial 770 finished with value: 0.004556392108495817 and parameters: {'nlayers': 9, 'hidden_size': 146, 'dropout': 0.376353254276633, 'learning_rate': 0.0025292511567492704, 'batch_size': 3915}. Best is trial 183 with value: 0.004403234362602234.[0m
[32m[I 2022-11-03 22:21:59,548][0m Trial 771 finished with value: 0.004512426925051215 and parameters: {'nlayers': 10, 'hidden_size': 685, 'dropout': 0.3839274553912128, 'learning_rate': 0.002840168401718519, 'batch_size': 3931}. Best is trial 183 with value: 0.004403234362602234.[0m
[32m[I 2022-11-03 22:22:05,731][0m Trial 772 finished with value: 0.00460698207477069 and parameters: {'nlayers': 9, 'hidden_size': 302, 'dropout': 0.39849096016694824, 'learning_rate': 0.003113286207325604, 'batch_size': 3856}. Best is trial 183 with value: 0.004403234362602234.[0m
[32m[I 2022-11-03 22:22:10,473][0m Trial 773 finished with value: 0.004427113026380539 and parameters: {'nlayers': 8, 'hidden_size': 196, 'dropout': 0.41141452507445564, 'learning_rate': 0.002003373692622185, 'batch_size': 4000}. Best is trial 183 with value: 0.004403234362602234.[0m
[32m[I 2022-11-03 22:22:21,197][0m Trial 774 finished with value: 0.004736223941610769 and parameters: {'nlayers': 11, 'hidden_size': 449, 'dropout': 0.40122892519122233, 'learning_rate': 0.0029766795920717244, 'batch_size': 3751}. Best is trial 183 with value: 0.004403234362602234.[0m
[32m[I 2022-11-03 22:22:25,465][0m Trial 775 finished with value: 0.004502455317582494 and parameters: {'nlayers': 12, 'hidden_size': 109, 'dropout': 0.39275082623549473, 'learning_rate': 0.002480141681897997, 'batch_size': 3927}. Best is trial 183 with value: 0.004403234362602234.[0m
[32m[I 2022-11-03 22:22:28,410][0m Trial 776 finished with value: 0.004611445607782432 and parameters: {'nlayers': 11, 'hidden_size': 2, 'dropout': 0.4161075432888705, 'learning_rate': 0.0026971725413280296, 'batch_size': 3851}. Best is trial 183 with value: 0.004403234362602234.[0m
[32m[I 2022-11-03 22:22:33,436][0m Trial 777 finished with value: 0.007416214091152898 and parameters: {'nlayers': 10, 'hidden_size': 378, 'dropout': 0.3701714966862592, 'learning_rate': 0.0032896720664008046, 'batch_size': 2396}. Best is trial 183 with value: 0.004403234362602234.[0m
[32m[I 2022-11-03 22:22:38,491][0m Trial 778 finished with value: 0.004943373539739318 and parameters: {'nlayers': 9, 'hidden_size': 251, 'dropout': 0.40990843680807537, 'learning_rate': 0.0029185834572548826, 'batch_size': 3582}. Best is trial 183 with value: 0.004403234362602234.[0m
[32m[I 2022-11-03 22:22:44,345][0m Trial 779 finished with value: 0.004538624234768719 and parameters: {'nlayers': 7, 'hidden_size': 327, 'dropout': 0.14573353622271762, 'learning_rate': 0.0022430628468636696, 'batch_size': 3929}. Best is trial 183 with value: 0.004403234362602234.[0m
[32m[I 2022-11-03 22:23:01,007][0m Trial 780 finished with value: 0.004701538139550143 and parameters: {'nlayers': 8, 'hidden_size': 754, 'dropout': 0.40233341355201563, 'learning_rate': 0.0027061557677334085, 'batch_size': 3780}. Best is trial 183 with value: 0.004403234362602234.[0m
[32m[I 2022-11-03 22:23:06,448][0m Trial 781 finished with value: 0.004497379580354776 and parameters: {'nlayers': 13, 'hidden_size': 169, 'dropout': 0.3370759964760488, 'learning_rate': 0.0024804397864507458, 'batch_size': 3929}. Best is trial 183 with value: 0.004403234362602234.[0m
[32m[I 2022-11-03 22:23:21,864][0m Trial 782 finished with value: 0.00446047112886268 and parameters: {'nlayers': 9, 'hidden_size': 640, 'dropout': 0.4224875612554291, 'learning_rate': 0.003106967358005412, 'batch_size': 3997}. Best is trial 183 with value: 0.004403234362602234.[0m
[32m[I 2022-11-03 22:23:35,965][0m Trial 783 finished with value: 0.004554976772625994 and parameters: {'nlayers': 16, 'hidden_size': 417, 'dropout': 0.3849619149948693, 'learning_rate': 0.0033479079794765864, 'batch_size': 3861}. Best is trial 183 with value: 0.004403234362602234.[0m
[32m[I 2022-11-03 22:23:48,970][0m Trial 784 finished with value: 0.0044484892601548325 and parameters: {'nlayers': 12, 'hidden_size': 474, 'dropout': 0.25265739922254526, 'learning_rate': 0.0028532190090864123, 'batch_size': 3999}. Best is trial 183 with value: 0.004403234362602234.[0m
[32m[I 2022-11-03 22:23:54,590][0m Trial 785 finished with value: 0.004836673744344672 and parameters: {'nlayers': 10, 'hidden_size': 254, 'dropout': 0.36505966381791577, 'learning_rate': 0.0026088979132598395, 'batch_size': 3681}. Best is trial 183 with value: 0.004403234362602234.[0m
[32m[I 2022-11-03 22:23:59,522][0m Trial 786 finished with value: 0.004597450949338624 and parameters: {'nlayers': 22, 'hidden_size': 76, 'dropout': 0.4064192379178525, 'learning_rate': 0.0020383932121646373, 'batch_size': 3855}. Best is trial 183 with value: 0.004403234362602234.[0m
[32m[I 2022-11-03 22:24:11,871][0m Trial 787 finished with value: 0.004525710056609874 and parameters: {'nlayers': 8, 'hidden_size': 585, 'dropout': 0.18548890114130057, 'learning_rate': 0.002310715553763383, 'batch_size': 3928}. Best is trial 183 with value: 0.004403234362602234.[0m
[32m[I 2022-11-03 22:24:26,154][0m Trial 788 finished with value: 0.004675798611167599 and parameters: {'nlayers': 21, 'hidden_size': 354, 'dropout': 0.3234306480453942, 'learning_rate': 0.003114301089634275, 'batch_size': 3808}. Best is trial 183 with value: 0.004403234362602234.[0m
[32m[I 2022-11-03 22:24:31,501][0m Trial 789 finished with value: 0.004525139969582775 and parameters: {'nlayers': 11, 'hidden_size': 197, 'dropout': 0.3917470056531884, 'learning_rate': 0.002895948037644354, 'batch_size': 3929}. Best is trial 183 with value: 0.004403234362602234.[0m
[32m[I 2022-11-03 22:24:35,519][0m Trial 790 finished with value: 0.004531258255076299 and parameters: {'nlayers': 9, 'hidden_size': 134, 'dropout': 0.3787966294085647, 'learning_rate': 0.00270393280251159, 'batch_size': 3926}. Best is trial 183 with value: 0.004403234362602234.[0m
[32m[I 2022-11-03 22:24:54,035][0m Trial 791 finished with value: 0.004601410613769444 and parameters: {'nlayers': 10, 'hidden_size': 689, 'dropout': 0.12336976917234893, 'learning_rate': 0.0024574015229233428, 'batch_size': 3858}. Best is trial 183 with value: 0.004403234362602234.[0m
[32m[I 2022-11-03 22:25:01,478][0m Trial 792 finished with value: 0.004504320678790977 and parameters: {'nlayers': 12, 'hidden_size': 287, 'dropout': 0.4177568013231903, 'learning_rate': 0.0034241862337243798, 'batch_size': 3932}. Best is trial 183 with value: 0.004403234362602234.[0m
[32m[I 2022-11-03 22:25:14,841][0m Trial 793 finished with value: 0.004681388379529832 and parameters: {'nlayers': 11, 'hidden_size': 537, 'dropout': 0.42615843855799057, 'learning_rate': 0.0021490613051228973, 'batch_size': 3783}. Best is trial 183 with value: 0.004403234362602234.[0m
[32m[I 2022-11-03 22:25:23,333][0m Trial 794 finished with value: 0.004426652518077276 and parameters: {'nlayers': 9, 'hidden_size': 398, 'dropout': 0.41329628981392635, 'learning_rate': 0.003231965825570955, 'batch_size': 3998}. Best is trial 183 with value: 0.004403234362602234.[0m
[32m[I 2022-11-03 22:25:44,233][0m Trial 795 finished with value: 0.004445126387344235 and parameters: {'nlayers': 8, 'hidden_size': 820, 'dropout': 0.4227474344465233, 'learning_rate': 0.0029988395223520393, 'batch_size': 3998}. Best is trial 183 with value: 0.004403234362602234.[0m
[32m[I 2022-11-03 22:25:49,513][0m Trial 796 finished with value: 0.004585857944167339 and parameters: {'nlayers': 4, 'hidden_size': 476, 'dropout': 0.39587860257398955, 'learning_rate': 0.001901365196141099, 'batch_size': 3860}. Best is trial 183 with value: 0.004403234362602234.[0m
[32m[I 2022-11-03 22:25:56,083][0m Trial 797 finished with value: 0.004784732519247896 and parameters: {'nlayers': 13, 'hidden_size': 244, 'dropout': 0.4315495894422962, 'learning_rate': 0.0027678713384591143, 'batch_size': 3713}. Best is trial 183 with value: 0.004403234362602234.[0m
[32m[I 2022-11-03 22:26:04,446][0m Trial 798 finished with value: 0.009577795703439211 and parameters: {'nlayers': 11, 'hidden_size': 603, 'dropout': 0.411887927173583, 'learning_rate': 0.0025031642661372516, 'batch_size': 1866}. Best is trial 183 with value: 0.004403234362602234.[0m
[32m[I 2022-11-03 22:26:12,677][0m Trial 799 finished with value: 0.004451043285429478 and parameters: {'nlayers': 10, 'hidden_size': 356, 'dropout': 0.2401407036029453, 'learning_rate': 0.0023189682041142375, 'batch_size': 4000}. Best is trial 183 with value: 0.004403234362602234.[0m
[32m[I 2022-11-03 22:26:20,357][0m Trial 800 finished with value: 0.004579506722307697 and parameters: {'nlayers': 12, 'hidden_size': 298, 'dropout': 0.4016660601733121, 'learning_rate': 0.0029605157583543623, 'batch_size': 3880}. Best is trial 183 with value: 0.004403234362602234.[0m
[32m[I 2022-11-03 22:26:25,461][0m Trial 801 finished with value: 0.0044541447162628174 and parameters: {'nlayers': 14, 'hidden_size': 144, 'dropout': 0.3564086512059928, 'learning_rate': 0.0026182158185711615, 'batch_size': 4000}. Best is trial 183 with value: 0.004403234362602234.[0m
[32m[I 2022-11-03 22:26:57,504][0m Trial 802 finished with value: 0.0045004430603635135 and parameters: {'nlayers': 19, 'hidden_size': 646, 'dropout': 0.43959932136911484, 'learning_rate': 0.003183831527022574, 'batch_size': 3929}. Best is trial 183 with value: 0.004403234362602234.[0m
[32m[I 2022-11-03 22:27:00,584][0m Trial 803 finished with value: 0.0047052406356178755 and parameters: {'nlayers': 8, 'hidden_size': 78, 'dropout': 0.4276214181175918, 'learning_rate': 0.0028125998780925447, 'batch_size': 3792}. Best is trial 183 with value: 0.004403234362602234.[0m
[32m[I 2022-11-03 22:27:11,966][0m Trial 804 finished with value: 0.004590062198633984 and parameters: {'nlayers': 9, 'hidden_size': 539, 'dropout': 0.3833474524878974, 'learning_rate': 0.00214685030668551, 'batch_size': 3867}. Best is trial 183 with value: 0.004403234362602234.[0m
[32m[I 2022-11-03 22:27:16,373][0m Trial 805 finished with value: 0.004538958728419801 and parameters: {'nlayers': 7, 'hidden_size': 221, 'dropout': 0.28283097287050096, 'learning_rate': 0.0035213857620170945, 'batch_size': 3923}. Best is trial 183 with value: 0.004403234362602234.[0m
[32m[I 2022-11-03 22:27:27,522][0m Trial 806 finished with value: 0.004478530839085579 and parameters: {'nlayers': 11, 'hidden_size': 441, 'dropout': 0.2908374411061624, 'learning_rate': 0.0030743899814963636, 'batch_size': 4000}. Best is trial 183 with value: 0.004403234362602234.[0m
[32m[I 2022-11-03 22:27:33,744][0m Trial 807 finished with value: 0.004566073587038695 and parameters: {'nlayers': 9, 'hidden_size': 302, 'dropout': 0.43510068484377057, 'learning_rate': 0.0025670266822074373, 'batch_size': 3871}. Best is trial 183 with value: 0.004403234362602234.[0m
[32m[I 2022-11-03 22:27:54,450][0m Trial 808 finished with value: 0.004530738290709517 and parameters: {'nlayers': 10, 'hidden_size': 723, 'dropout': 0.3906143390702377, 'learning_rate': 0.008754783939808426, 'batch_size': 3927}. Best is trial 183 with value: 0.004403234362602234.[0m
[32m[I 2022-11-03 22:27:59,635][0m Trial 809 finished with value: 0.004687602897102108 and parameters: {'nlayers': 12, 'hidden_size': 186, 'dropout': 0.40181223891631285, 'learning_rate': 0.002370278722652602, 'batch_size': 3787}. Best is trial 183 with value: 0.004403234362602234.[0m
[32m[I 2022-11-03 22:28:09,495][0m Trial 810 finished with value: 0.004439919888898711 and parameters: {'nlayers': 11, 'hidden_size': 396, 'dropout': 0.22427066143319002, 'learning_rate': 0.001927086028662761, 'batch_size': 3999}. Best is trial 183 with value: 0.004403234362602234.[0m
[32m[I 2022-11-03 22:28:22,891][0m Trial 811 finished with value: 0.00454884798663437 and parameters: {'nlayers': 9, 'hidden_size': 567, 'dropout': 0.2664639372005181, 'learning_rate': 0.002809485768048134, 'batch_size': 3925}. Best is trial 183 with value: 0.004403234362602234.[0m
[32m[I 2022-11-03 22:28:33,302][0m Trial 812 finished with value: 0.004638968813939799 and parameters: {'nlayers': 10, 'hidden_size': 465, 'dropout': 0.15750874150363325, 'learning_rate': 0.003308250274308922, 'batch_size': 3848}. Best is trial 183 with value: 0.004403234362602234.[0m
[32m[I 2022-11-03 22:28:37,000][0m Trial 813 finished with value: 0.00442726518958807 and parameters: {'nlayers': 12, 'hidden_size': 45, 'dropout': 0.2465067410123858, 'learning_rate': 0.0030153605533092005, 'batch_size': 4000}. Best is trial 183 with value: 0.004403234362602234.[0m
[32m[I 2022-11-03 22:28:43,976][0m Trial 814 finished with value: 0.004548668069503231 and parameters: {'nlayers': 9, 'hidden_size': 352, 'dropout': 0.34996596570898875, 'learning_rate': 0.0026608483647917614, 'batch_size': 3914}. Best is trial 183 with value: 0.004403234362602234.[0m
[32m[I 2022-11-03 22:28:47,189][0m Trial 815 finished with value: 0.00472341386898776 and parameters: {'nlayers': 6, 'hidden_size': 126, 'dropout': 0.42307702265638, 'learning_rate': 0.0021903023470588884, 'batch_size': 3751}. Best is trial 183 with value: 0.004403234362602234.[0m
[32m[I 2022-11-03 22:29:01,171][0m Trial 816 finished with value: 0.004545157580437567 and parameters: {'nlayers': 8, 'hidden_size': 643, 'dropout': 0.3743453008504176, 'learning_rate': 0.0029109601465602294, 'batch_size': 3929}. Best is trial 183 with value: 0.004403234362602234.[0m
[32m[I 2022-11-03 22:29:07,024][0m Trial 817 finished with value: 0.004638012429612317 and parameters: {'nlayers': 10, 'hidden_size': 250, 'dropout': 0.4423628497325583, 'learning_rate': 0.0024217255563504583, 'batch_size': 3833}. Best is trial 183 with value: 0.004403234362602234.[0m
[32m[I 2022-11-03 22:29:20,070][0m Trial 818 finished with value: 0.004440911116078962 and parameters: {'nlayers': 11, 'hidden_size': 504, 'dropout': 0.41307670803693947, 'learning_rate': 0.003216659643837922, 'batch_size': 3999}. Best is trial 183 with value: 0.004403234362602234.[0m
[32m[I 2022-11-03 22:29:48,472][0m Trial 819 finished with value: 0.00457861441974492 and parameters: {'nlayers': 13, 'hidden_size': 751, 'dropout': 0.4516871827033396, 'learning_rate': 0.0027490959798795317, 'batch_size': 3870}. Best is trial 183 with value: 0.004403234362602234.[0m
[32m[I 2022-11-03 22:29:52,855][0m Trial 820 finished with value: 0.004823846898111357 and parameters: {'nlayers': 8, 'hidden_size': 211, 'dropout': 0.4340804776918868, 'learning_rate': 0.0019329745253455523, 'batch_size': 3675}. Best is trial 183 with value: 0.004403234362602234.[0m
[32m[I 2022-11-03 22:29:55,840][0m Trial 821 finished with value: 0.0046513090999263105 and parameters: {'nlayers': 11, 'hidden_size': 3, 'dropout': 0.44828569089365566, 'learning_rate': 0.003459590117102309, 'batch_size': 3925}. Best is trial 183 with value: 0.004403234362602234.[0m
[32m[I 2022-11-03 22:30:04,774][0m Trial 822 finished with value: 0.004648155635388926 and parameters: {'nlayers': 15, 'hidden_size': 292, 'dropout': 0.4056207597793215, 'learning_rate': 0.00257304249276987, 'batch_size': 3812}. Best is trial 183 with value: 0.004403234362602234.[0m
[32m[I 2022-11-03 22:30:13,151][0m Trial 823 finished with value: 0.004497373707436713 and parameters: {'nlayers': 9, 'hidden_size': 416, 'dropout': 0.39539943441210496, 'learning_rate': 0.003049088073960101, 'batch_size': 3922}. Best is trial 183 with value: 0.004403234362602234.[0m
[32m[I 2022-11-03 22:30:19,612][0m Trial 824 finished with value: 0.010218492044796449 and parameters: {'nlayers': 10, 'hidden_size': 566, 'dropout': 0.4569905505135184, 'learning_rate': 0.0022908324186050343, 'batch_size': 1723}. Best is trial 183 with value: 0.004403234362602234.[0m
[32m[I 2022-11-03 22:30:33,878][0m Trial 825 finished with value: 0.004429032800197005 and parameters: {'nlayers': 7, 'hidden_size': 695, 'dropout': 0.4274047669201687, 'learning_rate': 0.0028517868908923246, 'batch_size': 3999}. Best is trial 183 with value: 0.004403234362602234.[0m
[32m[I 2022-11-03 22:30:42,136][0m Trial 826 finished with value: 0.004576545499399959 and parameters: {'nlayers': 12, 'hidden_size': 332, 'dropout': 0.4407410072472411, 'learning_rate': 0.003234224432679793, 'batch_size': 3870}. Best is trial 183 with value: 0.004403234362602234.[0m
[32m[I 2022-11-03 22:30:46,798][0m Trial 827 finished with value: 0.004433210058849017 and parameters: {'nlayers': 9, 'hidden_size': 175, 'dropout': 0.41487436093730967, 'learning_rate': 0.0004854324173894219, 'batch_size': 3999}. Best is trial 183 with value: 0.004403234362602234.[0m
[32m[I 2022-11-03 22:30:50,576][0m Trial 828 finished with value: 0.004511992516091436 and parameters: {'nlayers': 10, 'hidden_size': 99, 'dropout': 0.314839840056093, 'learning_rate': 0.002048294299899001, 'batch_size': 3927}. Best is trial 183 with value: 0.004403234362602234.[0m
[32m[I 2022-11-03 22:31:02,553][0m Trial 829 finished with value: 0.004663135496700039 and parameters: {'nlayers': 11, 'hidden_size': 484, 'dropout': 0.17023810468633804, 'learning_rate': 0.002735958491329738, 'batch_size': 3801}. Best is trial 183 with value: 0.004403234362602234.[0m
[32m[I 2022-11-03 22:31:06,790][0m Trial 830 finished with value: 0.004524779740751274 and parameters: {'nlayers': 2, 'hidden_size': 619, 'dropout': 0.1936554116349894, 'learning_rate': 0.0017882029825488034, 'batch_size': 3936}. Best is trial 183 with value: 0.004403234362602234.[0m
[32m[I 2022-11-03 22:31:22,467][0m Trial 831 finished with value: 0.01227400604823415 and parameters: {'nlayers': 8, 'hidden_size': 1254, 'dropout': 0.45105087543426753, 'learning_rate': 0.003634612130079088, 'batch_size': 1447}. Best is trial 183 with value: 0.004403234362602234.[0m
[32m[I 2022-11-03 22:31:47,151][0m Trial 832 finished with value: 0.004587085770908142 and parameters: {'nlayers': 10, 'hidden_size': 799, 'dropout': 0.15049738820413328, 'learning_rate': 0.0024579929269751143, 'batch_size': 3873}. Best is trial 183 with value: 0.004403234362602234.[0m
[32m[I 2022-11-03 22:31:54,472][0m Trial 833 finished with value: 0.004436351880431175 and parameters: {'nlayers': 12, 'hidden_size': 259, 'dropout': 0.3866163037915354, 'learning_rate': 0.0031173163594957094, 'batch_size': 4000}. Best is trial 183 with value: 0.004403234362602234.[0m
[32m[I 2022-11-03 22:32:04,494][0m Trial 834 finished with value: 0.00452192923065963 and parameters: {'nlayers': 11, 'hidden_size': 405, 'dropout': 0.4384236206466995, 'learning_rate': 0.0029371812925286563, 'batch_size': 3925}. Best is trial 183 with value: 0.004403234362602234.[0m
