[32m[I 2022-11-04 05:31:02,356][0m Trial 2490 finished with value: 0.0044571771323680875 and parameters: {'nlayers': 9, 'hidden_size': 545, 'dropout': 0.3102140166785495, 'learning_rate': 0.0014316624673970414, 'batch_size': 4000}. Best is trial 1603 with value: 0.004398547172546387.[0m
[32m[I 2022-11-04 05:31:13,564][0m Trial 2491 finished with value: 0.004577292392874738 and parameters: {'nlayers': 8, 'hidden_size': 555, 'dropout': 0.31049185373473803, 'learning_rate': 0.0011724206921758526, 'batch_size': 3867}. Best is trial 1603 with value: 0.004398547172546387.[0m
[32m[I 2022-11-04 05:31:24,161][0m Trial 2492 finished with value: 0.005158472447951472 and parameters: {'nlayers': 9, 'hidden_size': 535, 'dropout': 0.31389330607068155, 'learning_rate': 0.0011568684505366687, 'batch_size': 3421}. Best is trial 1603 with value: 0.004398547172546387.[0m
[32m[I 2022-11-04 05:31:35,454][0m Trial 2493 finished with value: 0.00450331943579441 and parameters: {'nlayers': 8, 'hidden_size': 546, 'dropout': 0.3154810137614467, 'learning_rate': 0.001442282420929197, 'batch_size': 3929}. Best is trial 1603 with value: 0.004398547172546387.[0m
[32m[I 2022-11-04 05:31:46,366][0m Trial 2494 finished with value: 0.0047194998856231 and parameters: {'nlayers': 9, 'hidden_size': 511, 'dropout': 0.314389377694646, 'learning_rate': 0.0013281481060564454, 'batch_size': 3754}. Best is trial 1603 with value: 0.004398547172546387.[0m
[32m[I 2022-11-04 05:32:01,011][0m Trial 2495 finished with value: 0.004507917622502612 and parameters: {'nlayers': 9, 'hidden_size': 602, 'dropout': 0.3289695471549096, 'learning_rate': 0.001394792637305525, 'batch_size': 3928}. Best is trial 1603 with value: 0.004398547172546387.[0m
[32m[I 2022-11-04 05:32:10,912][0m Trial 2496 finished with value: 0.004657994418579756 and parameters: {'nlayers': 8, 'hidden_size': 505, 'dropout': 0.3219614593722843, 'learning_rate': 0.0014709149249119383, 'batch_size': 3821}. Best is trial 1603 with value: 0.004398547172546387.[0m
[32m[I 2022-11-04 05:32:17,057][0m Trial 2497 finished with value: 0.010720594513566105 and parameters: {'nlayers': 9, 'hidden_size': 581, 'dropout': 0.32295428716322183, 'learning_rate': 0.001165970667708306, 'batch_size': 1671}. Best is trial 1603 with value: 0.004398547172546387.[0m
[32m[I 2022-11-04 05:32:28,949][0m Trial 2498 finished with value: 0.004501714510215326 and parameters: {'nlayers': 10, 'hidden_size': 488, 'dropout': 0.311375559607101, 'learning_rate': 0.0011056757356252547, 'batch_size': 3931}. Best is trial 1603 with value: 0.004398547172546387.[0m
[32m[I 2022-11-04 05:32:44,175][0m Trial 2499 finished with value: 0.004583715141746047 and parameters: {'nlayers': 10, 'hidden_size': 585, 'dropout': 0.32200339252121163, 'learning_rate': 0.001462498255304163, 'batch_size': 3860}. Best is trial 1603 with value: 0.004398547172546387.[0m
[32m[I 2022-11-04 05:34:54,729][0m Trial 2500 finished with value: 0.00443356609779814 and parameters: {'nlayers': 9, 'hidden_size': 2351, 'dropout': 0.3211116718093639, 'learning_rate': 0.0007411242871379491, 'batch_size': 3998}. Best is trial 1603 with value: 0.004398547172546387.[0m
[32m[I 2022-11-04 05:35:07,668][0m Trial 2501 finished with value: 0.004507805319839458 and parameters: {'nlayers': 10, 'hidden_size': 526, 'dropout': 0.3119946028713429, 'learning_rate': 0.000830528206396312, 'batch_size': 3930}. Best is trial 1603 with value: 0.004398547172546387.[0m
[32m[I 2022-11-04 05:35:21,315][0m Trial 2502 finished with value: 0.004845549530091748 and parameters: {'nlayers': 9, 'hidden_size': 598, 'dropout': 0.32838654397323525, 'learning_rate': 0.0012567637959394159, 'batch_size': 3665}. Best is trial 1603 with value: 0.004398547172546387.[0m
[32m[I 2022-11-04 05:35:31,833][0m Trial 2503 finished with value: 0.004445317895092288 and parameters: {'nlayers': 8, 'hidden_size': 505, 'dropout': 0.3286755730895501, 'learning_rate': 0.0008602688226150547, 'batch_size': 3999}. Best is trial 1603 with value: 0.004398547172546387.[0m
[32m[I 2022-11-04 05:35:42,791][0m Trial 2504 finished with value: 0.005024171127423737 and parameters: {'nlayers': 10, 'hidden_size': 491, 'dropout': 0.3304433185013125, 'learning_rate': 0.0015305568780842437, 'batch_size': 3526}. Best is trial 1603 with value: 0.004398547172546387.[0m
[32m[I 2022-11-04 05:35:53,968][0m Trial 2505 finished with value: 0.004642392005400042 and parameters: {'nlayers': 8, 'hidden_size': 550, 'dropout': 0.320000567230799, 'learning_rate': 0.0008182117648532116, 'batch_size': 3812}. Best is trial 1603 with value: 0.004398547172546387.[0m
[32m[I 2022-11-04 05:36:05,053][0m Trial 2506 finished with value: 0.0045933897488513965 and parameters: {'nlayers': 9, 'hidden_size': 500, 'dropout': 0.3309969914124108, 'learning_rate': 0.0009742279002651829, 'batch_size': 3882}. Best is trial 1603 with value: 0.004398547172546387.[0m
[32m[I 2022-11-04 05:36:18,528][0m Trial 2507 finished with value: 0.004525290590942286 and parameters: {'nlayers': 8, 'hidden_size': 603, 'dropout': 0.31798388654361176, 'learning_rate': 0.0014191929120938058, 'batch_size': 3925}. Best is trial 1603 with value: 0.004398547172546387.[0m
[32m[I 2022-11-04 05:36:30,712][0m Trial 2508 finished with value: 0.004682491301054354 and parameters: {'nlayers': 9, 'hidden_size': 557, 'dropout': 0.3030798418814439, 'learning_rate': 0.0012748103400580333, 'batch_size': 3819}. Best is trial 1603 with value: 0.004398547172546387.[0m
[32m[I 2022-11-04 05:36:48,166][0m Trial 2509 finished with value: 0.0044304540957612595 and parameters: {'nlayers': 10, 'hidden_size': 630, 'dropout': 0.30217265795139464, 'learning_rate': 0.0008419960537474755, 'batch_size': 3998}. Best is trial 1603 with value: 0.004398547172546387.[0m
[32m[I 2022-11-04 05:37:00,594][0m Trial 2510 finished with value: 0.004535216620994543 and parameters: {'nlayers': 10, 'hidden_size': 509, 'dropout': 0.3371049998281849, 'learning_rate': 0.0004942409822993524, 'batch_size': 3929}. Best is trial 1603 with value: 0.004398547172546387.[0m
[32m[I 2022-11-04 05:37:10,465][0m Trial 2511 finished with value: 0.0047191218268290034 and parameters: {'nlayers': 9, 'hidden_size': 476, 'dropout': 0.31228416968938427, 'learning_rate': 0.0015379908031332502, 'batch_size': 3753}. Best is trial 1603 with value: 0.004398547172546387.[0m
[32m[I 2022-11-04 05:37:25,643][0m Trial 2512 finished with value: 0.004581431852952685 and parameters: {'nlayers': 10, 'hidden_size': 581, 'dropout': 0.3065042713328775, 'learning_rate': 0.0010515832094341333, 'batch_size': 3874}. Best is trial 1603 with value: 0.004398547172546387.[0m
[32m[I 2022-11-04 05:37:39,730][0m Trial 2513 finished with value: 0.004528204266096698 and parameters: {'nlayers': 8, 'hidden_size': 636, 'dropout': 0.3235486642537795, 'learning_rate': 0.001294342577801975, 'batch_size': 3927}. Best is trial 1603 with value: 0.004398547172546387.[0m
[32m[I 2022-11-04 05:37:49,747][0m Trial 2514 finished with value: 0.0045802236620897585 and parameters: {'nlayers': 9, 'hidden_size': 468, 'dropout': 0.33316275706023174, 'learning_rate': 0.0015625679140644421, 'batch_size': 3866}. Best is trial 1603 with value: 0.004398547172546387.[0m
[32m[I 2022-11-04 05:38:02,008][0m Trial 2515 finished with value: 0.0044460309150964805 and parameters: {'nlayers': 9, 'hidden_size': 544, 'dropout': 0.30510103978570735, 'learning_rate': 0.00153221848760512, 'batch_size': 3999}. Best is trial 1603 with value: 0.004398547172546387.[0m
[32m[I 2022-11-04 05:38:19,568][0m Trial 2516 finished with value: 0.004432317860424519 and parameters: {'nlayers': 10, 'hidden_size': 629, 'dropout': 0.3262616988095917, 'learning_rate': 0.0010118372830557893, 'batch_size': 4000}. Best is trial 1603 with value: 0.004398547172546387.[0m
[32m[I 2022-11-04 05:38:34,451][0m Trial 2517 finished with value: 0.004672290538163746 and parameters: {'nlayers': 8, 'hidden_size': 678, 'dropout': 0.3168005390949394, 'learning_rate': 0.0008995555382965742, 'batch_size': 3808}. Best is trial 1603 with value: 0.004398547172546387.[0m
[32m[I 2022-11-04 05:38:44,798][0m Trial 2518 finished with value: 0.004549219969151704 and parameters: {'nlayers': 9, 'hidden_size': 475, 'dropout': 0.3383826792511676, 'learning_rate': 0.0004461812509556012, 'batch_size': 3928}. Best is trial 1603 with value: 0.004398547172546387.[0m
[32m[I 2022-11-04 05:39:00,272][0m Trial 2519 finished with value: 0.004425655528903008 and parameters: {'nlayers': 10, 'hidden_size': 567, 'dropout': 0.3366044181341257, 'learning_rate': 0.0015814942082667054, 'batch_size': 4000}. Best is trial 1603 with value: 0.004398547172546387.[0m
[32m[I 2022-11-04 05:39:11,798][0m Trial 2520 finished with value: 0.004786458679860742 and parameters: {'nlayers': 9, 'hidden_size': 542, 'dropout': 0.3298339130800065, 'learning_rate': 0.0013341332513206322, 'batch_size': 3705}. Best is trial 1603 with value: 0.004398547172546387.[0m
[32m[I 2022-11-04 05:39:22,377][0m Trial 2521 finished with value: 0.004590913792276308 and parameters: {'nlayers': 10, 'hidden_size': 454, 'dropout': 0.3190533397993675, 'learning_rate': 0.001381384437300607, 'batch_size': 3862}. Best is trial 1603 with value: 0.004398547172546387.[0m
[32m[I 2022-11-04 05:39:35,861][0m Trial 2522 finished with value: 0.00443074677424648 and parameters: {'nlayers': 8, 'hidden_size': 591, 'dropout': 0.32731133117800815, 'learning_rate': 0.0013581798803604657, 'batch_size': 3998}. Best is trial 1603 with value: 0.004398547172546387.[0m
[32m[I 2022-11-04 05:39:46,743][0m Trial 2523 finished with value: 0.004584732153078429 and parameters: {'nlayers': 9, 'hidden_size': 504, 'dropout': 0.3355699763699177, 'learning_rate': 0.0015892703613261242, 'batch_size': 3867}. Best is trial 1603 with value: 0.004398547172546387.[0m
[32m[I 2022-11-04 05:40:03,977][0m Trial 2524 finished with value: 0.004526584505913456 and parameters: {'nlayers': 10, 'hidden_size': 629, 'dropout': 0.312430258312959, 'learning_rate': 0.0012072181276272195, 'batch_size': 3928}. Best is trial 1603 with value: 0.004398547172546387.[0m
[32m[I 2022-11-04 05:40:19,008][0m Trial 2525 finished with value: 0.004692222114556473 and parameters: {'nlayers': 8, 'hidden_size': 677, 'dropout': 0.30668741231515, 'learning_rate': 5.874867468662836e-05, 'batch_size': 3806}. Best is trial 1603 with value: 0.004398547172546387.[0m
[32m[I 2022-11-04 05:40:29,243][0m Trial 2526 finished with value: 0.004448672513355906 and parameters: {'nlayers': 9, 'hidden_size': 460, 'dropout': 0.34505140108132004, 'learning_rate': 0.0007600991932552458, 'batch_size': 3998}. Best is trial 1603 with value: 0.004398547172546387.[0m
[32m[I 2022-11-04 05:40:43,296][0m Trial 2527 finished with value: 0.004441397946964177 and parameters: {'nlayers': 10, 'hidden_size': 555, 'dropout': 0.32580714891231904, 'learning_rate': 0.0016097237658621098, 'batch_size': 3999}. Best is trial 1603 with value: 0.004398547172546387.[0m
[32m[I 2022-11-04 05:40:53,137][0m Trial 2528 finished with value: 0.004493297374572987 and parameters: {'nlayers': 9, 'hidden_size': 456, 'dropout': 0.33433533309695035, 'learning_rate': 0.0011936027532111662, 'batch_size': 3931}. Best is trial 1603 with value: 0.004398547172546387.[0m
[32m[I 2022-11-04 05:41:03,115][0m Trial 2529 finished with value: 0.004563335751352444 and parameters: {'nlayers': 8, 'hidden_size': 506, 'dropout': 0.34853480079402166, 'learning_rate': 0.0017247572642207943, 'batch_size': 3866}. Best is trial 1603 with value: 0.004398547172546387.[0m
[32m[I 2022-11-04 05:41:18,850][0m Trial 2530 finished with value: 0.00469145453590383 and parameters: {'nlayers': 10, 'hidden_size': 612, 'dropout': 0.3181442013299125, 'learning_rate': 0.001468706993681121, 'batch_size': 3785}. Best is trial 1603 with value: 0.004398547172546387.[0m
[32m[I 2022-11-04 05:41:31,694][0m Trial 2531 finished with value: 0.004459524735808373 and parameters: {'nlayers': 9, 'hidden_size': 557, 'dropout': 0.32664048403672985, 'learning_rate': 0.0016668065430939369, 'batch_size': 4000}. Best is trial 1603 with value: 0.004398547172546387.[0m
[32m[I 2022-11-04 05:41:50,222][0m Trial 2532 finished with value: 0.00453723144209391 and parameters: {'nlayers': 10, 'hidden_size': 673, 'dropout': 0.3365556751816191, 'learning_rate': 0.0011189609049500084, 'batch_size': 3926}. Best is trial 1603 with value: 0.004398547172546387.[0m
[32m[I 2022-11-04 05:42:00,004][0m Trial 2533 finished with value: 0.0046310091493294925 and parameters: {'nlayers': 9, 'hidden_size': 463, 'dropout': 0.3084563675933747, 'learning_rate': 0.0003889179933046031, 'batch_size': 3868}. Best is trial 1603 with value: 0.004398547172546387.[0m
[32m[I 2022-11-04 05:42:15,978][0m Trial 2534 finished with value: 0.004575275370900644 and parameters: {'nlayers': 10, 'hidden_size': 599, 'dropout': 0.34376716628424697, 'learning_rate': 0.0008253951370107533, 'batch_size': 3877}. Best is trial 1603 with value: 0.004398547172546387.[0m
[32m[I 2022-11-04 05:42:25,339][0m Trial 2535 finished with value: 0.004711257733432422 and parameters: {'nlayers': 9, 'hidden_size': 445, 'dropout': 0.2991189655780801, 'learning_rate': 0.0014687947454248497, 'batch_size': 3754}. Best is trial 1603 with value: 0.004398547172546387.[0m
[32m[I 2022-11-04 05:42:35,805][0m Trial 2536 finished with value: 0.00452670722600917 and parameters: {'nlayers': 8, 'hidden_size': 519, 'dropout': 0.3189574229826516, 'learning_rate': 0.0017439514153128799, 'batch_size': 3931}. Best is trial 1603 with value: 0.004398547172546387.[0m
[32m[I 2022-11-04 05:42:56,317][0m Trial 2537 finished with value: 0.004533353820348338 and parameters: {'nlayers': 10, 'hidden_size': 724, 'dropout': 0.32802240154400586, 'learning_rate': 0.0016239131602249766, 'batch_size': 3929}. Best is trial 1603 with value: 0.004398547172546387.[0m
[32m[I 2022-11-04 05:43:12,457][0m Trial 2538 finished with value: 0.004677443914007847 and parameters: {'nlayers': 9, 'hidden_size': 668, 'dropout': 0.3387209193815692, 'learning_rate': 0.001328651114974963, 'batch_size': 3809}. Best is trial 1603 with value: 0.004398547172546387.[0m
[32m[I 2022-11-04 05:43:20,812][0m Trial 2539 finished with value: 0.0045247895305486905 and parameters: {'nlayers': 8, 'hidden_size': 421, 'dropout': 0.3120351274651808, 'learning_rate': 0.001029350816269358, 'batch_size': 3928}. Best is trial 1603 with value: 0.004398547172546387.[0m
[32m[I 2022-11-04 05:43:33,610][0m Trial 2540 finished with value: 0.004564362118692901 and parameters: {'nlayers': 10, 'hidden_size': 532, 'dropout': 0.3221421287789469, 'learning_rate': 0.0015940616901725724, 'batch_size': 3868}. Best is trial 1603 with value: 0.004398547172546387.[0m
[32m[I 2022-11-04 05:43:49,089][0m Trial 2541 finished with value: 0.0045034695637946286 and parameters: {'nlayers': 9, 'hidden_size': 622, 'dropout': 0.3453119885783407, 'learning_rate': 0.0013685456959147092, 'batch_size': 3923}. Best is trial 1603 with value: 0.004398547172546387.[0m
[32m[I 2022-11-04 05:44:00,350][0m Trial 2542 finished with value: 0.004501029022894459 and parameters: {'nlayers': 10, 'hidden_size': 471, 'dropout': 0.35106033258283376, 'learning_rate': 0.0014436038151199987, 'batch_size': 3932}. Best is trial 1603 with value: 0.004398547172546387.[0m
[32m[I 2022-11-04 05:44:12,256][0m Trial 2543 finished with value: 0.004759496556974653 and parameters: {'nlayers': 8, 'hidden_size': 573, 'dropout': 0.33173936758891215, 'learning_rate': 0.0011152711413762921, 'batch_size': 3748}. Best is trial 1603 with value: 0.004398547172546387.[0m
[32m[I 2022-11-04 05:44:22,035][0m Trial 2544 finished with value: 0.004677414987871143 and parameters: {'nlayers': 10, 'hidden_size': 431, 'dropout': 0.3638807580230905, 'learning_rate': 0.0017483571849128297, 'batch_size': 3814}. Best is trial 1603 with value: 0.004398547172546387.[0m
[32m[I 2022-11-04 05:44:33,589][0m Trial 2545 finished with value: 0.0044562178392593904 and parameters: {'nlayers': 9, 'hidden_size': 511, 'dropout': 0.3073669539200322, 'learning_rate': 0.0017653842994302662, 'batch_size': 3999}. Best is trial 1603 with value: 0.004398547172546387.[0m
[32m[I 2022-11-04 05:44:38,339][0m Trial 2546 finished with value: 0.022215995655296753 and parameters: {'nlayers': 10, 'hidden_size': 672, 'dropout': 0.3383404828275351, 'learning_rate': 0.0005531777022735466, 'batch_size': 805}. Best is trial 1603 with value: 0.004398547172546387.[0m
[32m[I 2022-11-04 05:44:47,812][0m Trial 2547 finished with value: 0.004418706268072128 and parameters: {'nlayers': 9, 'hidden_size': 426, 'dropout': 0.3535998360177239, 'learning_rate': 0.0015164867895683715, 'batch_size': 4000}. Best is trial 1603 with value: 0.004398547172546387.[0m
[32m[I 2022-11-04 05:45:00,167][0m Trial 2548 finished with value: 0.004595211515582206 and parameters: {'nlayers': 8, 'hidden_size': 586, 'dropout': 0.3296148566523446, 'learning_rate': 0.001822921032049538, 'batch_size': 3862}. Best is trial 1603 with value: 0.004398547172546387.[0m
[32m[I 2022-11-04 05:45:10,910][0m Trial 2549 finished with value: 0.004473333567380905 and parameters: {'nlayers': 8, 'hidden_size': 522, 'dropout': 0.31789935453145113, 'learning_rate': 0.000747505700996331, 'batch_size': 4000}. Best is trial 1603 with value: 0.004398547172546387.[0m
[32m[I 2022-11-04 05:46:34,840][0m Trial 2550 finished with value: 0.004529744333495238 and parameters: {'nlayers': 9, 'hidden_size': 1754, 'dropout': 0.33962894885345796, 'learning_rate': 0.0016283650742463852, 'batch_size': 3923}. Best is trial 1603 with value: 0.004398547172546387.[0m
[32m[I 2022-11-04 05:46:49,984][0m Trial 2551 finished with value: 0.006083485622144277 and parameters: {'nlayers': 10, 'hidden_size': 705, 'dropout': 0.32484448328930454, 'learning_rate': 0.00017208990334790754, 'batch_size': 2915}. Best is trial 1603 with value: 0.004398547172546387.[0m
[32m[I 2022-11-04 05:47:06,938][0m Trial 2552 finished with value: 0.004412256762385368 and parameters: {'nlayers': 10, 'hidden_size': 618, 'dropout': 0.29949028848190734, 'learning_rate': 0.0011954837226777434, 'batch_size': 4000}. Best is trial 1603 with value: 0.004398547172546387.[0m
[32m[I 2022-11-04 05:47:28,698][0m Trial 2553 finished with value: 0.00480684201202558 and parameters: {'nlayers': 10, 'hidden_size': 765, 'dropout': 0.35765857305194276, 'learning_rate': 0.0004609925534954019, 'batch_size': 3691}. Best is trial 1603 with value: 0.004398547172546387.[0m
[32m[I 2022-11-04 05:47:32,642][0m Trial 2554 finished with value: 0.041989341623642866 and parameters: {'nlayers': 10, 'hidden_size': 794, 'dropout': 0.36444440510054815, 'learning_rate': 0.0006856898344357492, 'batch_size': 425}. Best is trial 1603 with value: 0.004398547172546387.[0m
[32m[I 2022-11-04 05:47:52,712][0m Trial 2555 finished with value: 0.004631153821821529 and parameters: {'nlayers': 10, 'hidden_size': 716, 'dropout': 0.3489560333928556, 'learning_rate': 0.0009539677932809707, 'batch_size': 3856}. Best is trial 1603 with value: 0.004398547172546387.[0m
[32m[I 2022-11-04 05:48:12,848][0m Trial 2556 finished with value: 0.004524647165279524 and parameters: {'nlayers': 10, 'hidden_size': 708, 'dropout': 0.36539053398016214, 'learning_rate': 0.0009486049871561537, 'batch_size': 3928}. Best is trial 1603 with value: 0.004398547172546387.[0m
[32m[I 2022-11-04 05:48:31,637][0m Trial 2557 finished with value: 0.004526495766445281 and parameters: {'nlayers': 10, 'hidden_size': 667, 'dropout': 0.35765926243166735, 'learning_rate': 0.0011157131451858156, 'batch_size': 3924}. Best is trial 1603 with value: 0.004398547172546387.[0m
[32m[I 2022-11-04 05:48:50,562][0m Trial 2558 finished with value: 0.0046205520083051205 and parameters: {'nlayers': 10, 'hidden_size': 683, 'dropout': 0.3688808071383757, 'learning_rate': 0.001023553858917578, 'batch_size': 3815}. Best is trial 1603 with value: 0.004398547172546387.[0m
[32m[I 2022-11-04 05:49:12,848][0m Trial 2559 finished with value: 0.004468853048980236 and parameters: {'nlayers': 10, 'hidden_size': 741, 'dropout': 0.3530819155894371, 'learning_rate': 0.0007643281139323389, 'batch_size': 4000}. Best is trial 1603 with value: 0.004398547172546387.[0m
[32m[I 2022-11-04 05:49:40,301][0m Trial 2560 finished with value: 0.004435188114643097 and parameters: {'nlayers': 10, 'hidden_size': 829, 'dropout': 0.3565544552343546, 'learning_rate': 0.0008147220719756938, 'batch_size': 4000}. Best is trial 1603 with value: 0.004398547172546387.[0m
[32m[I 2022-11-04 05:49:57,558][0m Trial 2561 finished with value: 0.004606082935306131 and parameters: {'nlayers': 10, 'hidden_size': 635, 'dropout': 0.3670169189220528, 'learning_rate': 0.0008573215836692775, 'batch_size': 3868}. Best is trial 1603 with value: 0.004398547172546387.[0m
[32m[I 2022-11-04 05:50:14,808][0m Trial 2562 finished with value: 0.00445750155299902 and parameters: {'nlayers': 10, 'hidden_size': 621, 'dropout': 0.3415447116826219, 'learning_rate': 0.0010958718310379472, 'batch_size': 4000}. Best is trial 1603 with value: 0.004398547172546387.[0m
[32m[I 2022-11-04 05:50:35,544][0m Trial 2563 finished with value: 0.0045148615443378415 and parameters: {'nlayers': 10, 'hidden_size': 736, 'dropout': 0.37221025163088317, 'learning_rate': 3.868464058696399e-05, 'batch_size': 3924}. Best is trial 1603 with value: 0.004398547172546387.[0m
[32m[I 2022-11-04 05:50:56,459][0m Trial 2564 finished with value: 0.004439662143588066 and parameters: {'nlayers': 11, 'hidden_size': 667, 'dropout': 0.34791543843866013, 'learning_rate': 0.0010618767852212576, 'batch_size': 4000}. Best is trial 1603 with value: 0.004398547172546387.[0m
