[32m[I 2022-11-04 02:05:49,876][0m Trial 1740 finished with value: 0.004699455754283131 and parameters: {'nlayers': 18, 'hidden_size': 234, 'dropout': 0.18938898881149813, 'learning_rate': 0.0017422912896607105, 'batch_size': 3764}. Best is trial 1603 with value: 0.004398547172546387.[0m
[32m[I 2022-11-04 02:05:59,279][0m Trial 1741 finished with value: 0.00458098337500211 and parameters: {'nlayers': 20, 'hidden_size': 234, 'dropout': 0.1924238029088583, 'learning_rate': 0.0021353301220418948, 'batch_size': 3876}. Best is trial 1603 with value: 0.004398547172546387.[0m
[32m[I 2022-11-04 02:06:05,730][0m Trial 1742 finished with value: 0.004523607188199044 and parameters: {'nlayers': 17, 'hidden_size': 149, 'dropout': 0.1770254037741785, 'learning_rate': 0.0018585842372404876, 'batch_size': 3926}. Best is trial 1603 with value: 0.004398547172546387.[0m
[32m[I 2022-11-04 02:06:12,940][0m Trial 1743 finished with value: 0.004539508432339711 and parameters: {'nlayers': 19, 'hidden_size': 173, 'dropout': 0.18432984588402562, 'learning_rate': 0.0016083217799406537, 'batch_size': 3925}. Best is trial 1603 with value: 0.004398547172546387.[0m
[32m[I 2022-11-04 02:06:17,741][0m Trial 1744 finished with value: 0.004678791353725038 and parameters: {'nlayers': 8, 'hidden_size': 219, 'dropout': 0.1621804149511246, 'learning_rate': 0.0020583423074025785, 'batch_size': 3816}. Best is trial 1603 with value: 0.004398547172546387.[0m
[32m[I 2022-11-04 02:06:18,458][0m Trial 1745 finished with value: 0.05553425723923249 and parameters: {'nlayers': 7, 'hidden_size': 101, 'dropout': 0.19668018805807586, 'learning_rate': 0.00139249789966461, 'batch_size': 323}. Best is trial 1603 with value: 0.004398547172546387.[0m
[32m[I 2022-11-04 02:06:23,369][0m Trial 1746 finished with value: 0.004757550665255722 and parameters: {'nlayers': 8, 'hidden_size': 225, 'dropout': 0.17632637673494075, 'learning_rate': 0.0018342166898371267, 'batch_size': 3734}. Best is trial 1603 with value: 0.004398547172546387.[0m
[32m[I 2022-11-04 02:06:26,684][0m Trial 1747 finished with value: 0.00614816877645955 and parameters: {'nlayers': 9, 'hidden_size': 162, 'dropout': 0.18107282200938757, 'learning_rate': 0.0020816972873287003, 'batch_size': 2883}. Best is trial 1603 with value: 0.004398547172546387.[0m
[32m[I 2022-11-04 02:06:32,122][0m Trial 1748 finished with value: 0.004441366818106809 and parameters: {'nlayers': 22, 'hidden_size': 66, 'dropout': 0.1965415057172072, 'learning_rate': 0.0014383741425591256, 'batch_size': 3999}. Best is trial 1603 with value: 0.004398547172546387.[0m
[32m[I 2022-11-04 02:06:41,844][0m Trial 1749 finished with value: 0.004557862981834224 and parameters: {'nlayers': 20, 'hidden_size': 256, 'dropout': 0.18451634271851294, 'learning_rate': 0.0011332253632656357, 'batch_size': 3869}. Best is trial 1603 with value: 0.004398547172546387.[0m
[32m[I 2022-11-04 02:06:47,631][0m Trial 1750 finished with value: 0.004515758223407637 and parameters: {'nlayers': 9, 'hidden_size': 244, 'dropout': 0.16711235379997524, 'learning_rate': 0.0018100641630659528, 'batch_size': 3936}. Best is trial 1603 with value: 0.004398547172546387.[0m
[32m[I 2022-11-04 02:06:53,972][0m Trial 1751 finished with value: 0.0045743492222571555 and parameters: {'nlayers': 17, 'hidden_size': 159, 'dropout': 0.19595377670650155, 'learning_rate': 0.0019141073906738795, 'batch_size': 3870}. Best is trial 1603 with value: 0.004398547172546387.[0m
[32m[I 2022-11-04 02:07:02,623][0m Trial 1752 finished with value: 0.004519304263928378 and parameters: {'nlayers': 17, 'hidden_size': 235, 'dropout': 0.174809400922682, 'learning_rate': 0.0016449906852238306, 'batch_size': 3931}. Best is trial 1603 with value: 0.004398547172546387.[0m
[32m[I 2022-11-04 02:07:06,370][0m Trial 1753 finished with value: 0.004495173237705959 and parameters: {'nlayers': 9, 'hidden_size': 85, 'dropout': 0.21153586965344906, 'learning_rate': 0.002104494598624754, 'batch_size': 3930}. Best is trial 1603 with value: 0.004398547172546387.[0m
[32m[I 2022-11-04 02:07:13,583][0m Trial 1754 finished with value: 0.004430576320108486 and parameters: {'nlayers': 17, 'hidden_size': 179, 'dropout': 0.18676974629207424, 'learning_rate': 0.0012549784926393754, 'batch_size': 3997}. Best is trial 1603 with value: 0.004398547172546387.[0m
[32m[I 2022-11-04 02:07:16,619][0m Trial 1755 finished with value: 0.004649179629745703 and parameters: {'nlayers': 9, 'hidden_size': 9, 'dropout': 0.18708023797880866, 'learning_rate': 0.002146632100305539, 'batch_size': 3823}. Best is trial 1603 with value: 0.004398547172546387.[0m
[32m[I 2022-11-04 02:07:22,429][0m Trial 1756 finished with value: 0.004461857320190132 and parameters: {'nlayers': 8, 'hidden_size': 260, 'dropout': 0.17642038182065892, 'learning_rate': 0.0015350533926644656, 'batch_size': 3998}. Best is trial 1603 with value: 0.004398547172546387.[0m
[32m[I 2022-11-04 02:07:24,980][0m Trial 1757 finished with value: 0.006065488077145962 and parameters: {'nlayers': 8, 'hidden_size': 2, 'dropout': 0.16241284389899616, 'learning_rate': 0.001844763619440065, 'batch_size': 3872}. Best is trial 1603 with value: 0.004398547172546387.[0m
[32m[I 2022-11-04 02:07:29,258][0m Trial 1758 finished with value: 0.0070167749708691055 and parameters: {'nlayers': 18, 'hidden_size': 141, 'dropout': 0.20164645191176847, 'learning_rate': 0.002047759349435415, 'batch_size': 2535}. Best is trial 1603 with value: 0.004398547172546387.[0m
[32m[I 2022-11-04 02:07:30,218][0m Trial 1759 finished with value: 0.013157262742694173 and parameters: {'nlayers': 3, 'hidden_size': 228, 'dropout': 0.18199947991779686, 'learning_rate': 0.008676328494060904, 'batch_size': 1364}. Best is trial 1603 with value: 0.004398547172546387.[0m
[32m[I 2022-11-04 02:07:34,063][0m Trial 1760 finished with value: 0.004778021741151231 and parameters: {'nlayers': 9, 'hidden_size': 122, 'dropout': 0.1948030845932067, 'learning_rate': 0.0017163523765834287, 'batch_size': 3709}. Best is trial 1603 with value: 0.004398547172546387.[0m
[32m[I 2022-11-04 02:07:39,703][0m Trial 1761 finished with value: 0.004475036220986953 and parameters: {'nlayers': 8, 'hidden_size': 250, 'dropout': 0.20714863937733854, 'learning_rate': 0.0014882550067341507, 'batch_size': 3999}. Best is trial 1603 with value: 0.004398547172546387.[0m
[32m[I 2022-11-04 02:07:45,955][0m Trial 1762 finished with value: 0.004525509825492937 and parameters: {'nlayers': 13, 'hidden_size': 197, 'dropout': 0.19040686245486643, 'learning_rate': 0.001789428602964461, 'batch_size': 3930}. Best is trial 1603 with value: 0.004398547172546387.[0m
[32m[I 2022-11-04 02:08:47,275][0m Trial 1763 finished with value: 0.00466014214615664 and parameters: {'nlayers': 16, 'hidden_size': 1068, 'dropout': 0.22441866862459056, 'learning_rate': 0.001965694769880777, 'batch_size': 3806}. Best is trial 1603 with value: 0.004398547172546387.[0m
[32m[I 2022-11-04 02:08:53,358][0m Trial 1764 finished with value: 0.0045047591742905105 and parameters: {'nlayers': 21, 'hidden_size': 104, 'dropout': 0.18280002301354015, 'learning_rate': 0.004303646487903215, 'batch_size': 3922}. Best is trial 1603 with value: 0.004398547172546387.[0m
[32m[I 2022-11-04 02:08:58,354][0m Trial 1765 finished with value: 0.004565339222060502 and parameters: {'nlayers': 17, 'hidden_size': 74, 'dropout': 0.204185353373119, 'learning_rate': 0.0015956071443074663, 'batch_size': 3863}. Best is trial 1603 with value: 0.004398547172546387.[0m
[32m[I 2022-11-04 02:09:03,819][0m Trial 1766 finished with value: 0.0044915454323407565 and parameters: {'nlayers': 7, 'hidden_size': 269, 'dropout': 0.17396221691305921, 'learning_rate': 0.004124833161649398, 'batch_size': 3933}. Best is trial 1603 with value: 0.004398547172546387.[0m
[32m[I 2022-11-04 02:09:14,242][0m Trial 1767 finished with value: 0.00467581024156053 and parameters: {'nlayers': 18, 'hidden_size': 275, 'dropout': 0.20334045033622894, 'learning_rate': 0.001986748414047422, 'batch_size': 3782}. Best is trial 1603 with value: 0.004398547172546387.[0m
[32m[I 2022-11-04 02:09:20,622][0m Trial 1768 finished with value: 0.004459529682993889 and parameters: {'nlayers': 13, 'hidden_size': 188, 'dropout': 0.21450873990359712, 'learning_rate': 0.004875973611703147, 'batch_size': 4000}. Best is trial 1603 with value: 0.004398547172546387.[0m
[32m[I 2022-11-04 02:09:22,866][0m Trial 1769 finished with value: 0.02020806899541623 and parameters: {'nlayers': 9, 'hidden_size': 291, 'dropout': 0.19292329814034367, 'learning_rate': 0.0013135682790734527, 'batch_size': 881}. Best is trial 1603 with value: 0.004398547172546387.[0m
[32m[I 2022-11-04 02:09:28,092][0m Trial 1770 finished with value: 0.00456708910512641 and parameters: {'nlayers': 10, 'hidden_size': 182, 'dropout': 0.16866861330770447, 'learning_rate': 0.002202593625254944, 'batch_size': 3873}. Best is trial 1603 with value: 0.004398547172546387.[0m
[32m[I 2022-11-04 02:09:34,029][0m Trial 1771 finished with value: 0.004502298603601985 and parameters: {'nlayers': 8, 'hidden_size': 265, 'dropout': 0.15348235317547343, 'learning_rate': 0.0018978077992271923, 'batch_size': 3926}. Best is trial 1603 with value: 0.004398547172546387.[0m
[32m[I 2022-11-04 02:09:38,641][0m Trial 1772 finished with value: 0.00452428735745181 and parameters: {'nlayers': 9, 'hidden_size': 150, 'dropout': 0.1863953764297459, 'learning_rate': 0.0014943801126915811, 'batch_size': 3925}. Best is trial 1603 with value: 0.004398547172546387.[0m
[32m[I 2022-11-04 02:09:47,607][0m Trial 1773 finished with value: 0.004628140061082167 and parameters: {'nlayers': 19, 'hidden_size': 223, 'dropout': 0.20350324486343532, 'learning_rate': 0.0017017661962245119, 'batch_size': 3830}. Best is trial 1603 with value: 0.004398547172546387.[0m
[32m[I 2022-11-04 02:09:56,686][0m Trial 1774 finished with value: 0.00441829034852278 and parameters: {'nlayers': 13, 'hidden_size': 290, 'dropout': 0.19870465467814685, 'learning_rate': 0.004110177940456948, 'batch_size': 3999}. Best is trial 1603 with value: 0.004398547172546387.[0m
[32m[I 2022-11-04 02:09:57,960][0m Trial 1775 finished with value: 0.03201321343007071 and parameters: {'nlayers': 11, 'hidden_size': 77, 'dropout': 0.17843153023369276, 'learning_rate': 0.004558744879639293, 'batch_size': 554}. Best is trial 1603 with value: 0.004398547172546387.[0m
[32m[I 2022-11-04 02:10:01,089][0m Trial 1776 finished with value: 0.004445379711687565 and parameters: {'nlayers': 2, 'hidden_size': 214, 'dropout': 0.19039883672872232, 'learning_rate': 0.0022675152434307993, 'batch_size': 4000}. Best is trial 1603 with value: 0.004398547172546387.[0m
[32m[I 2022-11-04 02:10:05,400][0m Trial 1777 finished with value: 0.005094594524991188 and parameters: {'nlayers': 20, 'hidden_size': 3, 'dropout': 0.30910586004456936, 'learning_rate': 0.002128290172172789, 'batch_size': 3999}. Best is trial 1603 with value: 0.004398547172546387.[0m
[32m[I 2022-11-04 02:10:10,010][0m Trial 1778 finished with value: 0.004599597739628242 and parameters: {'nlayers': 10, 'hidden_size': 133, 'dropout': 0.18093205007170374, 'learning_rate': 0.0017973428616943371, 'batch_size': 3849}. Best is trial 1603 with value: 0.004398547172546387.[0m
[32m[I 2022-11-04 02:10:23,587][0m Trial 1779 finished with value: 0.0047186856428782144 and parameters: {'nlayers': 23, 'hidden_size': 289, 'dropout': 0.1667154151082198, 'learning_rate': 0.0012285281883972596, 'batch_size': 3750}. Best is trial 1603 with value: 0.004398547172546387.[0m
[32m[I 2022-11-04 02:10:32,613][0m Trial 1780 finished with value: 0.004631125535239878 and parameters: {'nlayers': 13, 'hidden_size': 306, 'dropout': 0.19204724414565624, 'learning_rate': 0.003915038420614811, 'batch_size': 3880}. Best is trial 1603 with value: 0.004398547172546387.[0m
[32m[I 2022-11-04 02:10:43,376][0m Trial 1781 finished with value: 0.004435083761811257 and parameters: {'nlayers': 24, 'hidden_size': 210, 'dropout': 0.15998355886462018, 'learning_rate': 0.004253388117646258, 'batch_size': 4000}. Best is trial 1603 with value: 0.004398547172546387.[0m
[32m[I 2022-11-04 02:10:47,113][0m Trial 1782 finished with value: 0.005080801405719441 and parameters: {'nlayers': 7, 'hidden_size': 163, 'dropout': 0.18441231452788348, 'learning_rate': 0.0014454807350672448, 'batch_size': 3489}. Best is trial 1603 with value: 0.004398547172546387.[0m
[32m[I 2022-11-04 02:12:40,778][0m Trial 1783 finished with value: 0.004554681483730256 and parameters: {'nlayers': 9, 'hidden_size': 2074, 'dropout': 0.19605652933311674, 'learning_rate': 0.004031013889919223, 'batch_size': 3922}. Best is trial 1603 with value: 0.004398547172546387.[0m
[32m[I 2022-11-04 02:12:48,037][0m Trial 1784 finished with value: 0.004408498376607895 and parameters: {'nlayers': 10, 'hidden_size': 282, 'dropout': 0.3032664731603465, 'learning_rate': 0.0018995100957449956, 'batch_size': 4000}. Best is trial 1603 with value: 0.004398547172546387.[0m
[32m[I 2022-11-04 02:12:56,068][0m Trial 1785 finished with value: 0.004834052608080459 and parameters: {'nlayers': 11, 'hidden_size': 324, 'dropout': 0.29892299986586257, 'learning_rate': 0.0020510755702343167, 'batch_size': 3684}. Best is trial 1603 with value: 0.004398547172546387.[0m
[32m[I 2022-11-04 02:13:03,193][0m Trial 1786 finished with value: 0.004538492136159721 and parameters: {'nlayers': 8, 'hidden_size': 349, 'dropout': 0.3082668171891462, 'learning_rate': 0.00201200541792496, 'batch_size': 3920}. Best is trial 1603 with value: 0.004398547172546387.[0m
[32m[I 2022-11-04 02:13:10,593][0m Trial 1787 finished with value: 0.004659531253360161 and parameters: {'nlayers': 10, 'hidden_size': 307, 'dropout': 0.3078677497266414, 'learning_rate': 0.0021240397751968424, 'batch_size': 3806}. Best is trial 1603 with value: 0.004398547172546387.[0m
[32m[I 2022-11-04 02:13:21,095][0m Trial 1788 finished with value: 0.004534521801196029 and parameters: {'nlayers': 12, 'hidden_size': 383, 'dropout': 0.3075689481013517, 'learning_rate': 0.002291354516073563, 'batch_size': 3935}. Best is trial 1603 with value: 0.004398547172546387.[0m
[32m[I 2022-11-04 02:13:29,285][0m Trial 1789 finished with value: 0.004578359334699569 and parameters: {'nlayers': 13, 'hidden_size': 274, 'dropout': 0.3288227941514651, 'learning_rate': 0.002223792256838942, 'batch_size': 3875}. Best is trial 1603 with value: 0.004398547172546387.[0m
[32m[I 2022-11-04 02:13:38,638][0m Trial 1790 finished with value: 0.0045055236764180075 and parameters: {'nlayers': 11, 'hidden_size': 355, 'dropout': 0.31385823549686453, 'learning_rate': 0.001979992715843683, 'batch_size': 3926}. Best is trial 1603 with value: 0.004398547172546387.[0m
[32m[I 2022-11-04 02:13:45,902][0m Trial 1791 finished with value: 0.00470155954044337 and parameters: {'nlayers': 10, 'hidden_size': 320, 'dropout': 0.3061521226537517, 'learning_rate': 0.0018733967263889098, 'batch_size': 3765}. Best is trial 1603 with value: 0.004398547172546387.[0m
[32m[I 2022-11-04 02:13:56,574][0m Trial 1792 finished with value: 0.004583552375701715 and parameters: {'nlayers': 12, 'hidden_size': 386, 'dropout': 0.30040789152145914, 'learning_rate': 0.002205355208900019, 'batch_size': 3867}. Best is trial 1603 with value: 0.004398547172546387.[0m
[32m[I 2022-11-04 02:14:03,744][0m Trial 1793 finished with value: 0.004524538823154258 and parameters: {'nlayers': 9, 'hidden_size': 312, 'dropout': 0.2990911088104012, 'learning_rate': 0.002065574392524456, 'batch_size': 3921}. Best is trial 1603 with value: 0.004398547172546387.[0m
[32m[I 2022-11-04 02:14:11,188][0m Trial 1794 finished with value: 0.004660459834698333 and parameters: {'nlayers': 12, 'hidden_size': 263, 'dropout': 0.17693410985588323, 'learning_rate': 0.0018732222218795158, 'batch_size': 3813}. Best is trial 1603 with value: 0.004398547172546387.[0m
[32m[I 2022-11-04 02:14:23,301][0m Trial 1795 finished with value: 0.004521973266215823 and parameters: {'nlayers': 13, 'hidden_size': 408, 'dropout': 0.32510283342663776, 'learning_rate': 0.0022390168829917196, 'batch_size': 3931}. Best is trial 1603 with value: 0.004398547172546387.[0m
[32m[I 2022-11-04 02:14:30,213][0m Trial 1796 finished with value: 0.004518619007002477 and parameters: {'nlayers': 11, 'hidden_size': 245, 'dropout': 0.3138113502932551, 'learning_rate': 0.003757965210333769, 'batch_size': 3934}. Best is trial 1603 with value: 0.004398547172546387.[0m
[32m[I 2022-11-04 02:14:36,941][0m Trial 1797 finished with value: 0.004602097981893479 and parameters: {'nlayers': 8, 'hidden_size': 335, 'dropout': 0.32002721530095135, 'learning_rate': 0.00395820648648723, 'batch_size': 3862}. Best is trial 1603 with value: 0.004398547172546387.[0m
[32m[I 2022-11-04 02:14:46,271][0m Trial 1798 finished with value: 0.004511376939494152 and parameters: {'nlayers': 10, 'hidden_size': 400, 'dropout': 0.2982114851526016, 'learning_rate': 0.0017575679736804458, 'batch_size': 3932}. Best is trial 1603 with value: 0.004398547172546387.[0m
[32m[I 2022-11-04 02:15:01,399][0m Trial 1799 finished with value: 0.004714842008960387 and parameters: {'nlayers': 16, 'hidden_size': 438, 'dropout': 0.31592459732748734, 'learning_rate': 0.00545852114570491, 'batch_size': 3756}. Best is trial 1603 with value: 0.004398547172546387.[0m
[32m[I 2022-11-04 02:15:08,696][0m Trial 1800 finished with value: 0.00461015487944333 and parameters: {'nlayers': 11, 'hidden_size': 279, 'dropout': 0.31729291943918403, 'learning_rate': 0.004338538352048163, 'batch_size': 3847}. Best is trial 1603 with value: 0.004398547172546387.[0m
[32m[I 2022-11-04 02:15:14,833][0m Trial 1801 finished with value: 0.004513293110784929 and parameters: {'nlayers': 9, 'hidden_size': 247, 'dropout': 0.3052130286991705, 'learning_rate': 0.0019679114949100137, 'batch_size': 3934}. Best is trial 1603 with value: 0.004398547172546387.[0m
[32m[I 2022-11-04 02:15:24,189][0m Trial 1802 finished with value: 0.004450566768347919 and parameters: {'nlayers': 12, 'hidden_size': 329, 'dropout': 0.3047278440023094, 'learning_rate': 0.0022123656596401376, 'batch_size': 3996}. Best is trial 1603 with value: 0.004398547172546387.[0m
[32m[I 2022-11-04 02:20:29,791][0m Trial 1803 finished with value: 0.004756571798189702 and parameters: {'nlayers': 13, 'hidden_size': 2907, 'dropout': 0.3009227604359075, 'learning_rate': 0.004126165096694117, 'batch_size': 3818}. Best is trial 1603 with value: 0.004398547172546387.[0m
[32m[I 2022-11-04 02:20:47,560][0m Trial 1804 finished with value: 0.004440341320064094 and parameters: {'nlayers': 23, 'hidden_size': 371, 'dropout': 0.3084230698276923, 'learning_rate': 0.0038135193230065772, 'batch_size': 3996}. Best is trial 1603 with value: 0.004398547172546387.[0m
[32m[I 2022-11-04 02:20:58,785][0m Trial 1805 finished with value: 0.004440234132621693 and parameters: {'nlayers': 10, 'hidden_size': 460, 'dropout': 0.31102765490301854, 'learning_rate': 0.0018109277052210041, 'batch_size': 3998}. Best is trial 1603 with value: 0.004398547172546387.[0m
[32m[I 2022-11-04 02:21:05,034][0m Trial 1806 finished with value: 0.004451246157288551 and parameters: {'nlayers': 9, 'hidden_size': 247, 'dropout': 0.32146870502538216, 'learning_rate': 0.0023331680816346956, 'batch_size': 4000}. Best is trial 1603 with value: 0.004398547172546387.[0m
[32m[I 2022-11-04 02:21:14,552][0m Trial 1807 finished with value: 0.004872359746954998 and parameters: {'nlayers': 13, 'hidden_size': 355, 'dropout': 0.21555034811782176, 'learning_rate': 0.0038712476238313602, 'batch_size': 3639}. Best is trial 1603 with value: 0.004398547172546387.[0m
[32m[I 2022-11-04 02:21:30,018][0m Trial 1808 finished with value: 0.004608579494666313 and parameters: {'nlayers': 17, 'hidden_size': 421, 'dropout': 0.18476312850671237, 'learning_rate': 0.004432030315124204, 'batch_size': 3865}. Best is trial 1603 with value: 0.004398547172546387.[0m
[32m[I 2022-11-04 02:21:41,206][0m Trial 1809 finished with value: 0.004511288407498037 and parameters: {'nlayers': 18, 'hidden_size': 294, 'dropout': 0.31462168818473507, 'learning_rate': 0.0020244240415752796, 'batch_size': 3930}. Best is trial 1603 with value: 0.004398547172546387.[0m
[32m[I 2022-11-04 02:21:48,087][0m Trial 1810 finished with value: 0.004606739662485421 and parameters: {'nlayers': 11, 'hidden_size': 243, 'dropout': 0.2086826682772628, 'learning_rate': 0.003714489389034227, 'batch_size': 3863}. Best is trial 1603 with value: 0.004398547172546387.[0m
[32m[I 2022-11-04 02:21:58,422][0m Trial 1811 finished with value: 0.0044556183925922544 and parameters: {'nlayers': 12, 'hidden_size': 363, 'dropout': 0.3017305232898989, 'learning_rate': 0.0041024338426064065, 'batch_size': 3998}. Best is trial 1603 with value: 0.004398547172546387.[0m
[32m[I 2022-11-04 02:22:09,370][0m Trial 1812 finished with value: 0.0047297176521724224 and parameters: {'nlayers': 10, 'hidden_size': 467, 'dropout': 0.3142418839159524, 'learning_rate': 0.003602980322229279, 'batch_size': 3752}. Best is trial 1603 with value: 0.004398547172546387.[0m
[32m[I 2022-11-04 02:22:14,418][0m Trial 1813 finished with value: 0.004506898230048502 and parameters: {'nlayers': 8, 'hidden_size': 201, 'dropout': 0.2239709079596788, 'learning_rate': 0.0017597622924829088, 'batch_size': 3925}. Best is trial 1603 with value: 0.004398547172546387.[0m
[32m[I 2022-11-04 02:22:22,179][0m Trial 1814 finished with value: 0.004603847949964417 and parameters: {'nlayers': 11, 'hidden_size': 304, 'dropout': 0.19023932097912305, 'learning_rate': 0.004731509955784151, 'batch_size': 3865}. Best is trial 1603 with value: 0.004398547172546387.[0m
