[32m[I 2022-11-03 20:43:19,722][0m Trial 455 finished with value: 0.004429248124361038 and parameters: {'nlayers': 11, 'hidden_size': 71, 'dropout': 0.4268305731693862, 'learning_rate': 0.004119813338485103, 'batch_size': 4000}. Best is trial 183 with value: 0.004403234362602234.[0m
[32m[I 2022-11-03 20:43:24,328][0m Trial 456 finished with value: 0.005063648764060062 and parameters: {'nlayers': 11, 'hidden_size': 166, 'dropout': 0.4227464655990374, 'learning_rate': 0.0036365091439250316, 'batch_size': 3489}. Best is trial 183 with value: 0.004403234362602234.[0m
[32m[I 2022-11-03 20:43:31,340][0m Trial 457 finished with value: 0.0045304699746936085 and parameters: {'nlayers': 12, 'hidden_size': 254, 'dropout': 0.41966296613583753, 'learning_rate': 0.004190770494536605, 'batch_size': 3917}. Best is trial 183 with value: 0.004403234362602234.[0m
[32m[I 2022-11-03 20:43:34,606][0m Trial 458 finished with value: 0.004632675600864315 and parameters: {'nlayers': 11, 'hidden_size': 19, 'dropout': 0.42633956669392703, 'learning_rate': 0.003946197369376426, 'batch_size': 3815}. Best is trial 183 with value: 0.004403234362602234.[0m
[32m[I 2022-11-03 20:43:39,833][0m Trial 459 finished with value: 0.004496377893266663 and parameters: {'nlayers': 11, 'hidden_size': 171, 'dropout': 0.41503803130461464, 'learning_rate': 0.003661086636313312, 'batch_size': 3926}. Best is trial 183 with value: 0.004403234362602234.[0m
[32m[I 2022-11-03 20:44:27,615][0m Trial 460 finished with value: 0.004588849146232427 and parameters: {'nlayers': 12, 'hidden_size': 1094, 'dropout': 0.43170820604474136, 'learning_rate': 0.0030291082488124945, 'batch_size': 3852}. Best is trial 183 with value: 0.004403234362602234.[0m
[32m[I 2022-11-03 20:44:31,671][0m Trial 461 finished with value: 0.0045176448716300706 and parameters: {'nlayers': 11, 'hidden_size': 104, 'dropout': 0.4365420439241573, 'learning_rate': 0.00443849491592007, 'batch_size': 3924}. Best is trial 183 with value: 0.004403234362602234.[0m
[32m[I 2022-11-03 20:44:38,952][0m Trial 462 finished with value: 0.004757853040666922 and parameters: {'nlayers': 12, 'hidden_size': 285, 'dropout': 0.42968981967556247, 'learning_rate': 0.0028088556252985767, 'batch_size': 3711}. Best is trial 183 with value: 0.004403234362602234.[0m
[32m[I 2022-11-03 20:47:01,814][0m Trial 463 finished with value: 0.006468485218258328 and parameters: {'nlayers': 10, 'hidden_size': 2868, 'dropout': 0.41393900195280053, 'learning_rate': 0.004158845847616684, 'batch_size': 2749}. Best is trial 183 with value: 0.004403234362602234.[0m
[32m[I 2022-11-03 20:49:09,445][0m Trial 464 finished with value: 0.0044762902362372285 and parameters: {'nlayers': 12, 'hidden_size': 1842, 'dropout': 0.4428550741208093, 'learning_rate': 0.003056785904695627, 'batch_size': 3999}. Best is trial 183 with value: 0.004403234362602234.[0m
[32m[I 2022-11-03 20:49:15,099][0m Trial 465 finished with value: 0.0045749977388852515 and parameters: {'nlayers': 11, 'hidden_size': 199, 'dropout': 0.42491190966444464, 'learning_rate': 0.00252389243145488, 'batch_size': 3871}. Best is trial 183 with value: 0.004403234362602234.[0m
[32m[I 2022-11-03 20:49:18,689][0m Trial 466 finished with value: 0.004494560223009241 and parameters: {'nlayers': 11, 'hidden_size': 56, 'dropout': 0.45768998601184646, 'learning_rate': 0.0038393909176585, 'batch_size': 3929}. Best is trial 183 with value: 0.004403234362602234.[0m
[32m[I 2022-11-03 20:49:34,940][0m Trial 467 finished with value: 0.004709807595522222 and parameters: {'nlayers': 10, 'hidden_size': 628, 'dropout': 0.43819021735674607, 'learning_rate': 0.0033576085094494754, 'batch_size': 3776}. Best is trial 183 with value: 0.004403234362602234.[0m
[32m[I 2022-11-03 20:49:41,746][0m Trial 468 finished with value: 0.0045001154216701275 and parameters: {'nlayers': 11, 'hidden_size': 254, 'dropout': 0.4616183277157704, 'learning_rate': 0.0028837913067788373, 'batch_size': 3927}. Best is trial 183 with value: 0.004403234362602234.[0m
[32m[I 2022-11-03 20:49:49,601][0m Trial 469 finished with value: 0.004628209215723158 and parameters: {'nlayers': 10, 'hidden_size': 341, 'dropout': 0.4513906730142827, 'learning_rate': 0.0023435230211972043, 'batch_size': 3849}. Best is trial 183 with value: 0.004403234362602234.[0m
[32m[I 2022-11-03 20:49:53,071][0m Trial 470 finished with value: 0.004539181652263224 and parameters: {'nlayers': 12, 'hidden_size': 6, 'dropout': 0.44200350336415745, 'learning_rate': 0.004750058713679796, 'batch_size': 3930}. Best is trial 183 with value: 0.004403234362602234.[0m
[32m[I 2022-11-03 20:49:57,655][0m Trial 471 finished with value: 0.0045205052189769895 and parameters: {'nlayers': 10, 'hidden_size': 130, 'dropout': 0.4329487072650865, 'learning_rate': 0.0026191030737479273, 'batch_size': 3927}. Best is trial 183 with value: 0.004403234362602234.[0m
[32m[I 2022-11-03 20:50:18,494][0m Trial 472 finished with value: 0.004657888337422518 and parameters: {'nlayers': 12, 'hidden_size': 672, 'dropout': 0.45841710822440057, 'learning_rate': 0.0028362992562515708, 'batch_size': 3812}. Best is trial 183 with value: 0.004403234362602234.[0m
[32m[I 2022-11-03 20:50:24,039][0m Trial 473 finished with value: 0.004514010536297302 and parameters: {'nlayers': 11, 'hidden_size': 187, 'dropout': 0.45089965453842845, 'learning_rate': 0.0022334347575553573, 'batch_size': 3927}. Best is trial 183 with value: 0.004403234362602234.[0m
[32m[I 2022-11-03 20:50:36,701][0m Trial 474 finished with value: 0.004602084598457127 and parameters: {'nlayers': 10, 'hidden_size': 527, 'dropout': 0.42149284356686867, 'learning_rate': 0.002451747379247534, 'batch_size': 3854}. Best is trial 183 with value: 0.004403234362602234.[0m
[32m[I 2022-11-03 20:50:45,378][0m Trial 475 finished with value: 0.004439195827895782 and parameters: {'nlayers': 11, 'hidden_size': 333, 'dropout': 0.46582306509510574, 'learning_rate': 0.0051928804984490975, 'batch_size': 3994}. Best is trial 183 with value: 0.004403234362602234.[0m
[32m[I 2022-11-03 20:52:16,603][0m Trial 476 finished with value: 0.004784182239509367 and parameters: {'nlayers': 13, 'hidden_size': 1530, 'dropout': 0.4129773224994585, 'learning_rate': 0.003123877681506143, 'batch_size': 3715}. Best is trial 183 with value: 0.004403234362602234.[0m
[32m[I 2022-11-03 20:52:30,814][0m Trial 477 finished with value: 0.0044307810367868634 and parameters: {'nlayers': 8, 'hidden_size': 622, 'dropout': 0.439469016200042, 'learning_rate': 0.0026619501609724395, 'batch_size': 3997}. Best is trial 183 with value: 0.004403234362602234.[0m
[32m[I 2022-11-03 20:52:34,836][0m Trial 478 finished with value: 0.004451744577314737 and parameters: {'nlayers': 10, 'hidden_size': 84, 'dropout': 0.4715795387982771, 'learning_rate': 0.0020863678495001616, 'batch_size': 3995}. Best is trial 183 with value: 0.004403234362602234.[0m
[32m[I 2022-11-03 20:52:42,499][0m Trial 479 finished with value: 0.0045787111567244364 and parameters: {'nlayers': 7, 'hidden_size': 434, 'dropout': 0.27454449907468137, 'learning_rate': 0.004034895049600549, 'batch_size': 3873}. Best is trial 183 with value: 0.004403234362602234.[0m
[32m[I 2022-11-03 20:52:48,122][0m Trial 480 finished with value: 0.0046940619812511 and parameters: {'nlayers': 9, 'hidden_size': 247, 'dropout': 0.4495073737511896, 'learning_rate': 0.004445061993747111, 'batch_size': 3782}. Best is trial 183 with value: 0.004403234362602234.[0m
[32m[I 2022-11-03 20:56:23,154][0m Trial 481 finished with value: 0.004943669469212021 and parameters: {'nlayers': 10, 'hidden_size': 2999, 'dropout': 0.47918893592627587, 'learning_rate': 0.002963646026798907, 'batch_size': 3613}. Best is trial 183 with value: 0.004403234362602234.[0m
[32m[I 2022-11-03 20:56:28,245][0m Trial 482 finished with value: 0.004433276989926333 and parameters: {'nlayers': 11, 'hidden_size': 139, 'dropout': 0.4600158991102038, 'learning_rate': 0.0033177404712775144, 'batch_size': 3998}. Best is trial 183 with value: 0.004403234362602234.[0m
[32m[I 2022-11-03 20:56:46,888][0m Trial 483 finished with value: 0.00442122258991003 and parameters: {'nlayers': 9, 'hidden_size': 720, 'dropout': 0.4278506242550887, 'learning_rate': 0.002347230627200726, 'batch_size': 4000}. Best is trial 183 with value: 0.004403234362602234.[0m
[32m[I 2022-11-03 20:56:51,713][0m Trial 484 finished with value: 0.02321128698762216 and parameters: {'nlayers': 9, 'hidden_size': 772, 'dropout': 0.4382752780569331, 'learning_rate': 0.002250201881235151, 'batch_size': 757}. Best is trial 183 with value: 0.004403234362602234.[0m
[32m[I 2022-11-03 20:57:10,488][0m Trial 485 finished with value: 0.004592340989064813 and parameters: {'nlayers': 9, 'hidden_size': 725, 'dropout': 0.48834817390252266, 'learning_rate': 0.0024785727956712026, 'batch_size': 3871}. Best is trial 183 with value: 0.004403234362602234.[0m
[32m[I 2022-11-03 20:57:32,156][0m Trial 486 finished with value: 0.00448316928687369 and parameters: {'nlayers': 8, 'hidden_size': 831, 'dropout': 0.4548581215608895, 'learning_rate': 0.0023566489669214104, 'batch_size': 3925}. Best is trial 183 with value: 0.004403234362602234.[0m
[32m[I 2022-11-03 20:57:50,969][0m Trial 487 finished with value: 0.0044459768012166025 and parameters: {'nlayers': 9, 'hidden_size': 710, 'dropout': 0.4475064145865262, 'learning_rate': 0.0026809126339219624, 'batch_size': 4000}. Best is trial 183 with value: 0.004403234362602234.[0m
[32m[I 2022-11-03 20:58:06,856][0m Trial 488 finished with value: 0.004623337172147796 and parameters: {'nlayers': 9, 'hidden_size': 660, 'dropout': 0.4655042897719773, 'learning_rate': 0.0020906935981513833, 'batch_size': 3810}. Best is trial 183 with value: 0.004403234362602234.[0m
[32m[I 2022-11-03 20:58:30,385][0m Trial 489 finished with value: 0.004505436284775088 and parameters: {'nlayers': 16, 'hidden_size': 573, 'dropout': 0.43237761068466335, 'learning_rate': 0.0018995185195690707, 'batch_size': 3919}. Best is trial 183 with value: 0.004403234362602234.[0m
[32m[I 2022-11-03 20:58:49,054][0m Trial 490 finished with value: 0.004585099911277312 and parameters: {'nlayers': 8, 'hidden_size': 771, 'dropout': 0.4743635267520911, 'learning_rate': 0.002612540434855829, 'batch_size': 3873}. Best is trial 183 with value: 0.004403234362602234.[0m
[32m[I 2022-11-03 20:59:02,185][0m Trial 491 finished with value: 0.004445242275145984 and parameters: {'nlayers': 8, 'hidden_size': 608, 'dropout': 0.45580297009797704, 'learning_rate': 0.0024032016703656733, 'batch_size': 3999}. Best is trial 183 with value: 0.004403234362602234.[0m
[32m[I 2022-11-03 20:59:13,931][0m Trial 492 finished with value: 0.004517157528654677 and parameters: {'nlayers': 9, 'hidden_size': 523, 'dropout': 0.44174012536070295, 'learning_rate': 0.002823603525016538, 'batch_size': 3929}. Best is trial 183 with value: 0.004403234362602234.[0m
[32m[I 2022-11-03 20:59:33,055][0m Trial 493 finished with value: 0.004659174215372575 and parameters: {'nlayers': 10, 'hidden_size': 687, 'dropout': 0.44748691429289356, 'learning_rate': 0.0022225083332128737, 'batch_size': 3794}. Best is trial 183 with value: 0.004403234362602234.[0m
[32m[I 2022-11-03 20:59:57,357][0m Trial 494 finished with value: 0.007419182841939137 and parameters: {'nlayers': 9, 'hidden_size': 1168, 'dropout': 0.4627340810906591, 'learning_rate': 0.0018332557682399684, 'batch_size': 2394}. Best is trial 183 with value: 0.004403234362602234.[0m
[32m[I 2022-11-03 21:00:07,981][0m Trial 495 finished with value: 0.00455847288344911 and parameters: {'nlayers': 13, 'hidden_size': 374, 'dropout': 0.4223992346339049, 'learning_rate': 0.002977153656208353, 'batch_size': 3923}. Best is trial 183 with value: 0.004403234362602234.[0m
[32m[I 2022-11-03 21:00:19,115][0m Trial 496 finished with value: 0.004602533332126415 and parameters: {'nlayers': 10, 'hidden_size': 478, 'dropout': 0.3140885790516695, 'learning_rate': 0.002488933291024937, 'batch_size': 3865}. Best is trial 183 with value: 0.004403234362602234.[0m
[32m[I 2022-11-03 21:00:20,338][0m Trial 497 finished with value: 0.1353657867978601 and parameters: {'nlayers': 7, 'hidden_size': 634, 'dropout': 0.45501006866280197, 'learning_rate': 0.0026837228054321306, 'batch_size': 136}. Best is trial 183 with value: 0.004403234362602234.[0m
[32m[I 2022-11-03 21:00:27,310][0m Trial 498 finished with value: 0.004453999000836921 and parameters: {'nlayers': 9, 'hidden_size': 306, 'dropout': 0.43584058892366545, 'learning_rate': 0.002063274186951213, 'batch_size': 3999}. Best is trial 183 with value: 0.004403234362602234.[0m
[32m[I 2022-11-03 21:00:39,404][0m Trial 499 finished with value: 0.004525912602034018 and parameters: {'nlayers': 8, 'hidden_size': 566, 'dropout': 0.4093784847960505, 'learning_rate': 0.002845776829196472, 'batch_size': 3926}. Best is trial 183 with value: 0.004403234362602234.[0m
[32m[I 2022-11-03 21:00:48,474][0m Trial 500 finished with value: 0.0048197683735544386 and parameters: {'nlayers': 10, 'hidden_size': 405, 'dropout': 0.4707088586233076, 'learning_rate': 0.003126762910123392, 'batch_size': 3694}. Best is trial 183 with value: 0.004403234362602234.[0m
[32m[I 2022-11-03 21:01:06,856][0m Trial 501 finished with value: 0.004622498961931835 and parameters: {'nlayers': 9, 'hidden_size': 721, 'dropout': 0.48136819493563676, 'learning_rate': 0.0022086828319807334, 'batch_size': 3843}. Best is trial 183 with value: 0.004403234362602234.[0m
[32m[I 2022-11-03 21:01:22,983][0m Trial 502 finished with value: 0.004512808207885311 and parameters: {'nlayers': 14, 'hidden_size': 494, 'dropout': 0.4434994033287187, 'learning_rate': 0.0017593976177321163, 'batch_size': 3928}. Best is trial 183 with value: 0.004403234362602234.[0m
[32m[I 2022-11-03 21:01:35,932][0m Trial 503 finished with value: 0.004685086597078675 and parameters: {'nlayers': 7, 'hidden_size': 663, 'dropout': 0.4279971237552471, 'learning_rate': 0.0025273098893410615, 'batch_size': 3789}. Best is trial 183 with value: 0.004403234362602234.[0m
[32m[I 2022-11-03 21:01:49,560][0m Trial 504 finished with value: 0.004574596704700931 and parameters: {'nlayers': 10, 'hidden_size': 558, 'dropout': 0.46235906927953585, 'learning_rate': 0.0023654299721021497, 'batch_size': 3869}. Best is trial 183 with value: 0.004403234362602234.[0m
[32m[I 2022-11-03 21:01:55,351][0m Trial 505 finished with value: 0.004503988067694065 and parameters: {'nlayers': 8, 'hidden_size': 267, 'dropout': 0.33001075689226517, 'learning_rate': 0.0019854623246236616, 'batch_size': 3922}. Best is trial 183 with value: 0.004403234362602234.[0m
[32m[I 2022-11-03 21:02:01,396][0m Trial 506 finished with value: 0.004435603151385816 and parameters: {'nlayers': 12, 'hidden_size': 200, 'dropout': 0.4481858788233202, 'learning_rate': 0.0027134124165747267, 'batch_size': 3998}. Best is trial 183 with value: 0.004403234362602234.[0m
[32m[I 2022-11-03 21:02:19,528][0m Trial 507 finished with value: 0.004518497541986429 and parameters: {'nlayers': 11, 'hidden_size': 613, 'dropout': 0.4546258908529384, 'learning_rate': 0.003018529894864338, 'batch_size': 3932}. Best is trial 183 with value: 0.004403234362602234.[0m
[32m[I 2022-11-03 21:02:26,454][0m Trial 508 finished with value: 0.005998135777425589 and parameters: {'nlayers': 9, 'hidden_size': 434, 'dropout': 0.2959505155522566, 'learning_rate': 0.002295828154647274, 'batch_size': 2969}. Best is trial 183 with value: 0.004403234362602234.[0m
[32m[I 2022-11-03 21:02:35,101][0m Trial 509 finished with value: 0.004438311867667425 and parameters: {'nlayers': 10, 'hidden_size': 355, 'dropout': 0.4677625373707342, 'learning_rate': 0.0032044912929912674, 'batch_size': 3999}. Best is trial 183 with value: 0.004403234362602234.[0m
[32m[I 2022-11-03 21:04:38,870][0m Trial 510 finished with value: 0.004671454801284421 and parameters: {'nlayers': 12, 'hidden_size': 1928, 'dropout': 0.43286927841562095, 'learning_rate': 0.0025703043377494276, 'batch_size': 3849}. Best is trial 183 with value: 0.004403234362602234.[0m
[32m[I 2022-11-03 21:05:06,030][0m Trial 511 finished with value: 0.004675982993005827 and parameters: {'nlayers': 9, 'hidden_size': 921, 'dropout': 0.4468971178636796, 'learning_rate': 0.0016281907916471535, 'batch_size': 3796}. Best is trial 183 with value: 0.004403234362602234.[0m
[32m[I 2022-11-03 21:05:32,459][0m Trial 512 finished with value: 0.004439912416040898 and parameters: {'nlayers': 10, 'hidden_size': 822, 'dropout': 0.475372886639703, 'learning_rate': 0.0019450314015656686, 'batch_size': 4000}. Best is trial 183 with value: 0.004403234362602234.[0m
[32m[I 2022-11-03 21:06:19,889][0m Trial 513 finished with value: 0.004656646492066939 and parameters: {'nlayers': 8, 'hidden_size': 1393, 'dropout': 0.43825413044659844, 'learning_rate': 0.003507388104600012, 'batch_size': 3873}. Best is trial 183 with value: 0.004403234362602234.[0m
[32m[I 2022-11-03 21:06:42,530][0m Trial 514 finished with value: 0.004761302416624884 and parameters: {'nlayers': 11, 'hidden_size': 753, 'dropout': 0.4582032595241078, 'learning_rate': 0.0028811520450916744, 'batch_size': 3716}. Best is trial 183 with value: 0.004403234362602234.[0m
[32m[I 2022-11-03 21:06:53,200][0m Trial 515 finished with value: 0.00452156598877779 and parameters: {'nlayers': 9, 'hidden_size': 496, 'dropout': 0.4198289297861027, 'learning_rate': 0.002179515440301208, 'batch_size': 3917}. Best is trial 183 with value: 0.004403234362602234.[0m
[32m[I 2022-11-03 21:07:08,389][0m Trial 516 finished with value: 0.004513702325221387 and parameters: {'nlayers': 12, 'hidden_size': 544, 'dropout': 0.46279043973234957, 'learning_rate': 0.004940607998260341, 'batch_size': 3929}. Best is trial 183 with value: 0.004403234362602234.[0m
[32m[I 2022-11-03 21:07:13,757][0m Trial 517 finished with value: 0.004593993986989822 and parameters: {'nlayers': 10, 'hidden_size': 211, 'dropout': 0.48800174205058877, 'learning_rate': 0.0024830190593384573, 'batch_size': 3861}. Best is trial 183 with value: 0.004403234362602234.[0m
[32m[I 2022-11-03 21:07:28,139][0m Trial 518 finished with value: 0.005632061372336818 and parameters: {'nlayers': 11, 'hidden_size': 617, 'dropout': 0.3983496289477878, 'learning_rate': 0.00281282666011632, 'batch_size': 3137}. Best is trial 183 with value: 0.004403234362602234.[0m
[32m[I 2022-11-03 21:07:38,561][0m Trial 519 finished with value: 0.004526361985998302 and parameters: {'nlayers': 10, 'hidden_size': 441, 'dropout': 0.450220654003782, 'learning_rate': 0.0018854129522394153, 'batch_size': 3933}. Best is trial 183 with value: 0.004403234362602234.[0m
[32m[I 2022-11-03 21:07:54,856][0m Trial 520 finished with value: 0.004424629434402897 and parameters: {'nlayers': 8, 'hidden_size': 687, 'dropout': 0.43672954721359614, 'learning_rate': 0.002345796157311823, 'batch_size': 3999}. Best is trial 183 with value: 0.004403234362602234.[0m
[32m[I 2022-11-03 21:08:12,885][0m Trial 521 finished with value: 0.00443373953551054 and parameters: {'nlayers': 8, 'hidden_size': 754, 'dropout': 0.4243217865305593, 'learning_rate': 0.002180429744113066, 'batch_size': 4000}. Best is trial 183 with value: 0.004403234362602234.[0m
[32m[I 2022-11-03 21:08:46,198][0m Trial 522 finished with value: 0.0046541413502516294 and parameters: {'nlayers': 7, 'hidden_size': 1231, 'dropout': 0.4306443830065483, 'learning_rate': 0.0017529863043609544, 'batch_size': 3801}. Best is trial 183 with value: 0.004403234362602234.[0m
[32m[I 2022-11-03 21:08:54,075][0m Trial 523 finished with value: 0.009148412241475066 and parameters: {'nlayers': 8, 'hidden_size': 691, 'dropout': 0.41328390023075845, 'learning_rate': 0.0023534839364233065, 'batch_size': 1946}. Best is trial 183 with value: 0.004403234362602234.[0m
[32m[I 2022-11-03 21:09:15,669][0m Trial 524 finished with value: 0.004533925856650255 and parameters: {'nlayers': 8, 'hidden_size': 864, 'dropout': 0.4390567940151354, 'learning_rate': 0.0021290944578350396, 'batch_size': 3927}. Best is trial 183 with value: 0.004403234362602234.[0m
[32m[I 2022-11-03 21:09:21,743][0m Trial 525 finished with value: 0.004582680091860382 and parameters: {'nlayers': 8, 'hidden_size': 299, 'dropout': 0.43011612258405046, 'learning_rate': 0.0014617002186370603, 'batch_size': 3859}. Best is trial 183 with value: 0.004403234362602234.[0m
[32m[I 2022-11-03 21:09:25,710][0m Trial 526 finished with value: 0.004536357411125506 and parameters: {'nlayers': 7, 'hidden_size': 147, 'dropout': 0.23792604866931322, 'learning_rate': 0.002020630371113311, 'batch_size': 3924}. Best is trial 183 with value: 0.004403234362602234.[0m
[32m[I 2022-11-03 21:09:42,402][0m Trial 527 finished with value: 0.004716295062528903 and parameters: {'nlayers': 9, 'hidden_size': 679, 'dropout': 0.4372295297320554, 'learning_rate': 0.0023831194619184813, 'batch_size': 3761}. Best is trial 183 with value: 0.004403234362602234.[0m
[32m[I 2022-11-03 21:09:48,366][0m Trial 528 finished with value: 0.0044304543268448 and parameters: {'nlayers': 9, 'hidden_size': 242, 'dropout': 0.4427085280626166, 'learning_rate': 0.0025548937390700564, 'batch_size': 3998}. Best is trial 183 with value: 0.004403234362602234.[0m
[32m[I 2022-11-03 21:09:52,914][0m Trial 529 finished with value: 0.004429514390817579 and parameters: {'nlayers': 8, 'hidden_size': 171, 'dropout': 0.40474478538750613, 'learning_rate': 0.0036697223050501443, 'batch_size': 3998}. Best is trial 183 with value: 0.004403234362602234.[0m
[32m[I 2022-11-03 21:10:07,194][0m Trial 530 finished with value: 0.004603883522750494 and parameters: {'nlayers': 19, 'hidden_size': 371, 'dropout': 0.269106552583081, 'learning_rate': 0.0017902413921595307, 'batch_size': 3853}. Best is trial 183 with value: 0.004403234362602234.[0m
