[32m[I 2022-11-04 02:58:16,791][0m Trial 1965 finished with value: 0.004621500520352506 and parameters: {'nlayers': 12, 'hidden_size': 1528, 'dropout': 0.1693422234504699, 'learning_rate': 0.003357936936014588, 'batch_size': 3856}. Best is trial 1603 with value: 0.004398547172546387.[0m
[32m[I 2022-11-04 02:58:59,684][0m Trial 1966 finished with value: 0.00479936379509322 and parameters: {'nlayers': 11, 'hidden_size': 1120, 'dropout': 0.20125123853163276, 'learning_rate': 0.0035685401302615848, 'batch_size': 3708}. Best is trial 1603 with value: 0.004398547172546387.[0m
[32m[I 2022-11-04 02:59:08,802][0m Trial 1967 finished with value: 0.004500171130290314 and parameters: {'nlayers': 8, 'hidden_size': 454, 'dropout': 0.379296485554392, 'learning_rate': 0.0028155130460489155, 'batch_size': 3929}. Best is trial 1603 with value: 0.004398547172546387.[0m
[32m[I 2022-11-04 02:59:17,178][0m Trial 1968 finished with value: 0.004650978216036098 and parameters: {'nlayers': 16, 'hidden_size': 250, 'dropout': 0.4670692957609308, 'learning_rate': 0.001387151623886831, 'batch_size': 3810}. Best is trial 1603 with value: 0.004398547172546387.[0m
[32m[I 2022-11-04 02:59:28,162][0m Trial 1969 finished with value: 0.004531497978780265 and parameters: {'nlayers': 7, 'hidden_size': 571, 'dropout': 0.4209468987518112, 'learning_rate': 0.0032010535157189716, 'batch_size': 3913}. Best is trial 1603 with value: 0.004398547172546387.[0m
[32m[I 2022-11-04 02:59:32,024][0m Trial 1970 finished with value: 0.004451431969339534 and parameters: {'nlayers': 6, 'hidden_size': 150, 'dropout': 0.49964994792160705, 'learning_rate': 0.0019812417015879196, 'batch_size': 3999}. Best is trial 1603 with value: 0.004398547172546387.[0m
[32m[I 2022-11-04 02:59:39,538][0m Trial 1971 finished with value: 0.00457131595420591 and parameters: {'nlayers': 9, 'hidden_size': 350, 'dropout': 0.45114406281761976, 'learning_rate': 0.002401794434499456, 'batch_size': 3870}. Best is trial 1603 with value: 0.004398547172546387.[0m
[32m[I 2022-11-04 02:59:49,888][0m Trial 1972 finished with value: 0.004440401956439018 and parameters: {'nlayers': 10, 'hidden_size': 424, 'dropout': 0.48175522997881337, 'learning_rate': 0.002956640914146, 'batch_size': 4000}. Best is trial 1603 with value: 0.004398547172546387.[0m
[32m[I 2022-11-04 02:59:53,989][0m Trial 1973 finished with value: 0.004499704449125855 and parameters: {'nlayers': 12, 'hidden_size': 77, 'dropout': 0.4371019358136534, 'learning_rate': 0.001581943901705861, 'batch_size': 3932}. Best is trial 1603 with value: 0.004398547172546387.[0m
[32m[I 2022-11-04 03:00:06,844][0m Trial 1974 finished with value: 0.004687129830320676 and parameters: {'nlayers': 11, 'hidden_size': 497, 'dropout': 0.4600154963606328, 'learning_rate': 0.0026672778382336856, 'batch_size': 3792}. Best is trial 1603 with value: 0.004398547172546387.[0m
[32m[I 2022-11-04 03:00:09,921][0m Trial 1975 finished with value: 0.010624776182042387 and parameters: {'nlayers': 10, 'hidden_size': 278, 'dropout': 0.40506945523843235, 'learning_rate': 0.0032380315103479945, 'batch_size': 1658}. Best is trial 1603 with value: 0.004398547172546387.[0m
[32m[I 2022-11-04 03:00:15,644][0m Trial 1976 finished with value: 0.004617110029901671 and parameters: {'nlayers': 12, 'hidden_size': 208, 'dropout': 0.1775777034507809, 'learning_rate': 0.0034822212373081707, 'batch_size': 3859}. Best is trial 1603 with value: 0.004398547172546387.[0m
[32m[I 2022-11-04 03:02:27,249][0m Trial 1977 finished with value: 0.00678976231327093 and parameters: {'nlayers': 17, 'hidden_size': 1903, 'dropout': 0.4906829076099813, 'learning_rate': 0.0022352266062075484, 'batch_size': 2635}. Best is trial 1603 with value: 0.004398547172546387.[0m
[32m[I 2022-11-04 03:02:34,844][0m Trial 1978 finished with value: 0.004502907756949141 and parameters: {'nlayers': 9, 'hidden_size': 350, 'dropout': 0.1640208930351972, 'learning_rate': 0.003010646892986601, 'batch_size': 3915}. Best is trial 1603 with value: 0.004398547172546387.[0m
[32m[I 2022-11-04 03:02:48,034][0m Trial 1979 finished with value: 0.004521790778998173 and parameters: {'nlayers': 8, 'hidden_size': 591, 'dropout': 0.47219712983118034, 'learning_rate': 0.001788175879715707, 'batch_size': 3927}. Best is trial 1603 with value: 0.004398547172546387.[0m
[32m[I 2022-11-04 03:02:52,760][0m Trial 1980 finished with value: 0.004716396228801945 and parameters: {'nlayers': 11, 'hidden_size': 147, 'dropout': 0.21507520062481963, 'learning_rate': 0.0025540413804909044, 'batch_size': 3762}. Best is trial 1603 with value: 0.004398547172546387.[0m
[32m[I 2022-11-04 03:03:02,226][0m Trial 1981 finished with value: 0.004585871297669633 and parameters: {'nlayers': 10, 'hidden_size': 401, 'dropout': 0.455090849408074, 'learning_rate': 0.008227599629473704, 'batch_size': 3868}. Best is trial 1603 with value: 0.004398547172546387.[0m
[32m[I 2022-11-04 03:03:05,302][0m Trial 1982 finished with value: 0.01565235137624917 and parameters: {'nlayers': 12, 'hidden_size': 294, 'dropout': 0.1945084613214589, 'learning_rate': 0.002825444186819499, 'batch_size': 1137}. Best is trial 1603 with value: 0.004398547172546387.[0m
[32m[I 2022-11-04 03:03:19,616][0m Trial 1983 finished with value: 0.004423794604837894 and parameters: {'nlayers': 11, 'hidden_size': 517, 'dropout': 0.42766905573284975, 'learning_rate': 0.0021064105744825604, 'batch_size': 4000}. Best is trial 1603 with value: 0.004398547172546387.[0m
[32m[I 2022-11-04 03:03:24,894][0m Trial 1984 finished with value: 0.00453562238590676 and parameters: {'nlayers': 9, 'hidden_size': 223, 'dropout': 0.3558303060249085, 'learning_rate': 0.0035928901829214333, 'batch_size': 3924}. Best is trial 1603 with value: 0.004398547172546387.[0m
[32m[I 2022-11-04 03:04:16,452][0m Trial 1985 finished with value: 0.004848138024874429 and parameters: {'nlayers': 10, 'hidden_size': 1305, 'dropout': 0.4473624625067073, 'learning_rate': 0.0032552813591154176, 'batch_size': 3676}. Best is trial 1603 with value: 0.004398547172546387.[0m
[32m[I 2022-11-04 03:04:26,097][0m Trial 1986 finished with value: 0.004654092302982508 and parameters: {'nlayers': 12, 'hidden_size': 376, 'dropout': 0.47846422692360596, 'learning_rate': 0.003066767713832537, 'batch_size': 3814}. Best is trial 1603 with value: 0.004398547172546387.[0m
[32m[I 2022-11-04 03:04:31,836][0m Trial 1987 finished with value: 0.0044977473410013164 and parameters: {'nlayers': 8, 'hidden_size': 280, 'dropout': 0.4645890389714771, 'learning_rate': 0.003459222564514415, 'batch_size': 3921}. Best is trial 1603 with value: 0.004398547172546387.[0m
[32m[I 2022-11-04 03:04:43,128][0m Trial 1988 finished with value: 0.004568574110441077 and parameters: {'nlayers': 11, 'hidden_size': 452, 'dropout': 0.3960660430949998, 'learning_rate': 0.0019436804230787681, 'batch_size': 3871}. Best is trial 1603 with value: 0.004398547172546387.[0m
[32m[I 2022-11-04 03:04:52,065][0m Trial 1989 finished with value: 0.004527423924300227 and parameters: {'nlayers': 12, 'hidden_size': 335, 'dropout': 0.18551643458212455, 'learning_rate': 0.0010295477569967407, 'batch_size': 3929}. Best is trial 1603 with value: 0.004398547172546387.[0m
[32m[I 2022-11-04 03:04:54,479][0m Trial 1990 finished with value: 0.008556562015809208 and parameters: {'nlayers': 9, 'hidden_size': 161, 'dropout': 0.3750354811752115, 'learning_rate': 0.002744010732742637, 'batch_size': 2075}. Best is trial 1603 with value: 0.004398547172546387.[0m
[32m[I 2022-11-04 03:04:57,489][0m Trial 1991 finished with value: 0.004517344221799154 and parameters: {'nlayers': 7, 'hidden_size': 64, 'dropout': 0.4921143603058309, 'learning_rate': 0.0032807746266413397, 'batch_size': 3926}. Best is trial 1603 with value: 0.004398547172546387.[0m
[32m[I 2022-11-04 03:05:03,691][0m Trial 1992 finished with value: 0.004430560380220413 and parameters: {'nlayers': 11, 'hidden_size': 215, 'dropout': 0.4398851772189073, 'learning_rate': 0.002455502571707693, 'batch_size': 4000}. Best is trial 1603 with value: 0.004398547172546387.[0m
[32m[I 2022-11-04 03:05:16,913][0m Trial 1993 finished with value: 0.0044570759609341625 and parameters: {'nlayers': 10, 'hidden_size': 530, 'dropout': 0.41023812944637217, 'learning_rate': 0.0029159914512230773, 'batch_size': 4000}. Best is trial 1603 with value: 0.004398547172546387.[0m
[32m[I 2022-11-04 03:05:29,568][0m Trial 1994 finished with value: 0.004673989229051492 and parameters: {'nlayers': 8, 'hidden_size': 602, 'dropout': 0.4592495795961008, 'learning_rate': 0.0015071470658381617, 'batch_size': 3795}. Best is trial 1603 with value: 0.004398547172546387.[0m
[32m[I 2022-11-04 03:05:39,012][0m Trial 1995 finished with value: 0.0044381650992410425 and parameters: {'nlayers': 9, 'hidden_size': 431, 'dropout': 0.47249085675566205, 'learning_rate': 0.00310535259017716, 'batch_size': 3999}. Best is trial 1603 with value: 0.004398547172546387.[0m
[32m[I 2022-11-04 03:05:42,684][0m Trial 1996 finished with value: 0.008034054012846872 and parameters: {'nlayers': 10, 'hidden_size': 269, 'dropout': 0.34447875125815686, 'learning_rate': 0.0036105938119993025, 'batch_size': 2209}. Best is trial 1603 with value: 0.004398547172546387.[0m
[32m[I 2022-11-04 03:05:51,564][0m Trial 1997 finished with value: 0.004626276493383193 and parameters: {'nlayers': 12, 'hidden_size': 338, 'dropout': 0.3863876356131538, 'learning_rate': 0.002595362654276233, 'batch_size': 3837}. Best is trial 1603 with value: 0.004398547172546387.[0m
[32m[I 2022-11-04 03:05:55,926][0m Trial 1998 finished with value: 0.0044230067282915115 and parameters: {'nlayers': 11, 'hidden_size': 99, 'dropout': 0.44865474582257625, 'learning_rate': 0.0021397250330056424, 'batch_size': 4000}. Best is trial 1603 with value: 0.004398547172546387.[0m
[32m[I 2022-11-04 03:06:02,370][0m Trial 1999 finished with value: 0.004578210399969006 and parameters: {'nlayers': 12, 'hidden_size': 234, 'dropout': 0.17821115364612278, 'learning_rate': 0.0032215035824504946, 'batch_size': 3867}. Best is trial 1603 with value: 0.004398547172546387.[0m
[32m[I 2022-11-04 03:06:09,756][0m Trial 2000 finished with value: 0.004759571890689511 and parameters: {'nlayers': 8, 'hidden_size': 399, 'dropout': 0.4841312460022187, 'learning_rate': 0.0017094936490944152, 'batch_size': 3741}. Best is trial 1603 with value: 0.004398547172546387.[0m
[32m[I 2022-11-04 03:06:20,001][0m Trial 2001 finished with value: 0.0045215493322268525 and parameters: {'nlayers': 9, 'hidden_size': 471, 'dropout': 0.3632419476824165, 'learning_rate': 0.0028791075238373464, 'batch_size': 3928}. Best is trial 1603 with value: 0.004398547172546387.[0m
[32m[I 2022-11-04 03:06:27,286][0m Trial 2002 finished with value: 0.0045211059478879245 and parameters: {'nlayers': 18, 'hidden_size': 178, 'dropout': 0.19167510652878716, 'learning_rate': 0.0034268347824846813, 'batch_size': 3927}. Best is trial 1603 with value: 0.004398547172546387.[0m
[32m[I 2022-11-04 03:06:34,562][0m Trial 2003 finished with value: 0.004593184878500689 and parameters: {'nlayers': 10, 'hidden_size': 315, 'dropout': 0.46318172951117437, 'learning_rate': 0.0019530547058863174, 'batch_size': 3868}. Best is trial 1603 with value: 0.004398547172546387.[0m
[32m[I 2022-11-04 03:06:38,243][0m Trial 2004 finished with value: 0.004528115499220026 and parameters: {'nlayers': 7, 'hidden_size': 125, 'dropout': 0.2086957951563203, 'learning_rate': 0.0023298297906024644, 'batch_size': 3926}. Best is trial 1603 with value: 0.004398547172546387.[0m
[32m[I 2022-11-04 03:06:51,696][0m Trial 2005 finished with value: 0.004669712813276994 and parameters: {'nlayers': 11, 'hidden_size': 526, 'dropout': 0.43085525797736196, 'learning_rate': 0.002696370861418267, 'batch_size': 3800}. Best is trial 1603 with value: 0.004398547172546387.[0m
[32m[I 2022-11-04 03:07:06,182][0m Trial 2006 finished with value: 0.0044109675549781156 and parameters: {'nlayers': 19, 'hidden_size': 363, 'dropout': 0.45601316956307664, 'learning_rate': 0.004849730360233291, 'batch_size': 3999}. Best is trial 1603 with value: 0.004398547172546387.[0m
[32m[I 2022-11-04 03:07:17,528][0m Trial 2007 finished with value: 0.004505994794629609 and parameters: {'nlayers': 20, 'hidden_size': 279, 'dropout': 0.4733537107431061, 'learning_rate': 0.005082844412323429, 'batch_size': 3930}. Best is trial 1603 with value: 0.004398547172546387.[0m
[32m[I 2022-11-04 03:07:30,010][0m Trial 2008 finished with value: 0.0045710381471013575 and parameters: {'nlayers': 20, 'hidden_size': 311, 'dropout': 0.4680471296148046, 'learning_rate': 0.004416589321946825, 'batch_size': 3868}. Best is trial 1603 with value: 0.004398547172546387.[0m
[32m[I 2022-11-04 03:07:35,299][0m Trial 2009 finished with value: 0.009886697787851543 and parameters: {'nlayers': 19, 'hidden_size': 254, 'dropout': 0.4829411999148717, 'learning_rate': 0.0046780172553173415, 'batch_size': 1799}. Best is trial 1603 with value: 0.004398547172546387.[0m
[32m[I 2022-11-04 03:07:49,582][0m Trial 2010 finished with value: 0.004422010295419104 and parameters: {'nlayers': 19, 'hidden_size': 354, 'dropout': 0.4031885303941575, 'learning_rate': 0.005418408478131371, 'batch_size': 3999}. Best is trial 1603 with value: 0.004398547172546387.[0m
[32m[I 2022-11-04 03:07:57,200][0m Trial 2011 finished with value: 0.004514553646752402 and parameters: {'nlayers': 17, 'hidden_size': 205, 'dropout': 0.4573570906493164, 'learning_rate': 0.004809680097176291, 'batch_size': 3928}. Best is trial 1603 with value: 0.004398547172546387.[0m
[32m[I 2022-11-04 03:08:07,110][0m Trial 2012 finished with value: 0.004776590898805572 and parameters: {'nlayers': 19, 'hidden_size': 265, 'dropout': 0.38130604212106844, 'learning_rate': 0.00499518862175876, 'batch_size': 3713}. Best is trial 1603 with value: 0.004398547172546387.[0m
[32m[I 2022-11-04 03:08:19,956][0m Trial 2013 finished with value: 0.004616136049494643 and parameters: {'nlayers': 19, 'hidden_size': 344, 'dropout': 0.49062814499320684, 'learning_rate': 0.00463788321381286, 'batch_size': 3823}. Best is trial 1603 with value: 0.004398547172546387.[0m
[32m[I 2022-11-04 03:08:26,647][0m Trial 2014 finished with value: 0.004513946469956649 and parameters: {'nlayers': 9, 'hidden_size': 293, 'dropout': 0.44277614013210836, 'learning_rate': 0.004875636940188227, 'batch_size': 3928}. Best is trial 1603 with value: 0.004398547172546387.[0m
[32m[I 2022-11-04 03:08:35,303][0m Trial 2015 finished with value: 0.004610067978694641 and parameters: {'nlayers': 19, 'hidden_size': 221, 'dropout': 0.45420038691121895, 'learning_rate': 0.00477357334389719, 'batch_size': 3854}. Best is trial 1603 with value: 0.004398547172546387.[0m
[32m[I 2022-11-04 03:08:42,471][0m Trial 2016 finished with value: 0.00449365332741598 and parameters: {'nlayers': 20, 'hidden_size': 156, 'dropout': 0.19990162578128984, 'learning_rate': 0.004840440162513405, 'batch_size': 3935}. Best is trial 1603 with value: 0.004398547172546387.[0m
[32m[I 2022-11-04 03:08:54,225][0m Trial 2017 finished with value: 0.004994479470141599 and parameters: {'nlayers': 18, 'hidden_size': 346, 'dropout': 0.4176494930394825, 'learning_rate': 0.0008354767584408839, 'batch_size': 3553}. Best is trial 1603 with value: 0.004398547172546387.[0m
[32m[I 2022-11-04 03:09:04,678][0m Trial 2018 finished with value: 0.004426493480421413 and parameters: {'nlayers': 20, 'hidden_size': 251, 'dropout': 0.3940931334210606, 'learning_rate': 0.0036417768669335924, 'batch_size': 3998}. Best is trial 1603 with value: 0.004398547172546387.[0m
[32m[I 2022-11-04 03:09:15,685][0m Trial 2019 finished with value: 0.006075054679609661 and parameters: {'nlayers': 19, 'hidden_size': 376, 'dropout': 0.47879567824835695, 'learning_rate': 0.005133853564005334, 'batch_size': 2953}. Best is trial 1603 with value: 0.004398547172546387.[0m
[32m[I 2022-11-04 03:09:27,836][0m Trial 2020 finished with value: 0.004451778447586277 and parameters: {'nlayers': 19, 'hidden_size': 308, 'dropout': 0.35171520011686835, 'learning_rate': 0.004705324190455782, 'batch_size': 3998}. Best is trial 1603 with value: 0.004398547172546387.[0m
[32m[I 2022-11-04 03:09:30,098][0m Trial 2021 finished with value: 0.006372297816045408 and parameters: {'nlayers': 9, 'hidden_size': 63, 'dropout': 0.2313131451075243, 'learning_rate': 0.0044718793401275075, 'batch_size': 2785}. Best is trial 1603 with value: 0.004398547172546387.[0m
[32m[I 2022-11-04 03:09:36,923][0m Trial 2022 finished with value: 0.004685668289991583 and parameters: {'nlayers': 17, 'hidden_size': 177, 'dropout': 0.4669254862842392, 'learning_rate': 0.00473249620562032, 'batch_size': 3791}. Best is trial 1603 with value: 0.004398547172546387.[0m
[32m[I 2022-11-04 03:09:46,031][0m Trial 2023 finished with value: 0.0044169026017189025 and parameters: {'nlayers': 19, 'hidden_size': 226, 'dropout': 0.370195705910463, 'learning_rate': 0.0045008794012525504, 'batch_size': 4000}. Best is trial 1603 with value: 0.004398547172546387.[0m
[32m[I 2022-11-04 03:10:00,591][0m Trial 2024 finished with value: 0.004594522400663215 and parameters: {'nlayers': 18, 'hidden_size': 394, 'dropout': 0.18422637182666304, 'learning_rate': 0.005307107530191457, 'batch_size': 3873}. Best is trial 1603 with value: 0.004398547172546387.[0m
[32m[I 2022-11-04 03:10:06,464][0m Trial 2025 finished with value: 0.004505020719924429 and parameters: {'nlayers': 19, 'hidden_size': 117, 'dropout': 0.15630690972271782, 'learning_rate': 0.0055651615178213916, 'batch_size': 3928}. Best is trial 1603 with value: 0.004398547172546387.[0m
[32m[I 2022-11-04 03:10:12,581][0m Trial 2026 finished with value: 0.004575952351633049 and parameters: {'nlayers': 8, 'hidden_size': 316, 'dropout': 0.17162091739966479, 'learning_rate': 0.005283380103978768, 'batch_size': 3865}. Best is trial 1603 with value: 0.004398547172546387.[0m
[32m[I 2022-11-04 03:10:23,458][0m Trial 2027 finished with value: 0.004679799410245386 and parameters: {'nlayers': 20, 'hidden_size': 273, 'dropout': 0.46022151493609903, 'learning_rate': 0.00110721717509327, 'batch_size': 3789}. Best is trial 1603 with value: 0.004398547172546387.[0m
[32m[I 2022-11-04 03:10:27,272][0m Trial 2028 finished with value: 0.004694034298929357 and parameters: {'nlayers': 19, 'hidden_size': 2, 'dropout': 0.341667478879429, 'learning_rate': 0.0012432483196473962, 'batch_size': 3924}. Best is trial 1603 with value: 0.004398547172546387.[0m
[32m[I 2022-11-04 03:10:34,528][0m Trial 2029 finished with value: 0.00460765395594273 and parameters: {'nlayers': 18, 'hidden_size': 189, 'dropout': 0.4745736615481045, 'learning_rate': 0.006497282363377358, 'batch_size': 3861}. Best is trial 1603 with value: 0.004398547172546387.[0m
[32m[I 2022-11-04 03:10:43,205][0m Trial 2030 finished with value: 0.004527009129221053 and parameters: {'nlayers': 10, 'hidden_size': 380, 'dropout': 0.4466875916392485, 'learning_rate': 0.004651081920099752, 'batch_size': 3932}. Best is trial 1603 with value: 0.004398547172546387.[0m
[32m[I 2022-11-04 03:15:15,315][0m Trial 2031 finished with value: 0.005049706126750711 and parameters: {'nlayers': 18, 'hidden_size': 2262, 'dropout': 0.49982920589434954, 'learning_rate': 0.004902894181859763, 'batch_size': 3741}. Best is trial 1603 with value: 0.004398547172546387.[0m
[32m[I 2022-11-04 03:15:26,594][0m Trial 2032 finished with value: 0.00450342758617935 and parameters: {'nlayers': 19, 'hidden_size': 304, 'dropout': 0.3884849281672212, 'learning_rate': 0.004166983198710895, 'batch_size': 3930}. Best is trial 1603 with value: 0.004398547172546387.[0m
[32m[I 2022-11-04 03:15:30,519][0m Trial 2033 finished with value: 0.004577294080579536 and parameters: {'nlayers': 9, 'hidden_size': 123, 'dropout': 0.3992990441936981, 'learning_rate': 0.005743840060567982, 'batch_size': 3871}. Best is trial 1603 with value: 0.004398547172546387.[0m
[32m[I 2022-11-04 03:15:35,263][0m Trial 2034 finished with value: 0.004849808659649184 and parameters: {'nlayers': 8, 'hidden_size': 238, 'dropout': 0.19122231509594517, 'learning_rate': 0.004833205754321802, 'batch_size': 3639}. Best is trial 1603 with value: 0.004398547172546387.[0m
[32m[I 2022-11-04 03:15:43,475][0m Trial 2035 finished with value: 0.00450360696925758 and parameters: {'nlayers': 10, 'hidden_size': 368, 'dropout': 0.48690315666188705, 'learning_rate': 0.003517749936073883, 'batch_size': 3932}. Best is trial 1603 with value: 0.004398547172546387.[0m
[32m[I 2022-11-04 03:15:51,100][0m Trial 2036 finished with value: 0.004640934829950768 and parameters: {'nlayers': 20, 'hidden_size': 180, 'dropout': 0.4361733575139867, 'learning_rate': 0.005117273222994291, 'batch_size': 3833}. Best is trial 1603 with value: 0.004398547172546387.[0m
[32m[I 2022-11-04 03:16:01,761][0m Trial 2037 finished with value: 0.004498082496385002 and parameters: {'nlayers': 18, 'hidden_size': 285, 'dropout': 0.4652234479273589, 'learning_rate': 0.0009674199738120257, 'batch_size': 3932}. Best is trial 1603 with value: 0.004398547172546387.[0m
[32m[I 2022-11-04 03:16:09,487][0m Trial 2038 finished with value: 0.004443922407006156 and parameters: {'nlayers': 7, 'hidden_size': 422, 'dropout': 0.45344996504290924, 'learning_rate': 0.004838597441889971, 'batch_size': 3997}. Best is trial 1603 with value: 0.004398547172546387.[0m
[32m[I 2022-11-04 03:16:14,832][0m Trial 2039 finished with value: 0.004435323989221411 and parameters: {'nlayers': 8, 'hidden_size': 233, 'dropout': 0.3786389821203336, 'learning_rate': 0.005003228815498608, 'batch_size': 3999}. Best is trial 1603 with value: 0.004398547172546387.[0m
