[32m[I 2022-11-04 07:02:43,293][0m Trial 2790 finished with value: 0.006420974136044169 and parameters: {'nlayers': 22, 'hidden_size': 231, 'dropout': 0.3211627273485917, 'learning_rate': 0.002186763762759382, 'batch_size': 2771}. Best is trial 1603 with value: 0.004398547172546387.[0m
[32m[I 2022-11-04 07:09:40,165][0m Trial 2791 finished with value: 0.004826252072921638 and parameters: {'nlayers': 21, 'hidden_size': 2624, 'dropout': 0.3543604685895796, 'learning_rate': 0.002514970116717555, 'batch_size': 3728}. Best is trial 1603 with value: 0.004398547172546387.[0m
[32m[I 2022-11-04 07:09:55,856][0m Trial 2792 finished with value: 0.004583112839614201 and parameters: {'nlayers': 19, 'hidden_size': 393, 'dropout': 0.342287958447637, 'learning_rate': 0.001859544091724007, 'batch_size': 3867}. Best is trial 1603 with value: 0.004398547172546387.[0m
[32m[I 2022-11-04 07:10:14,190][0m Trial 2793 finished with value: 0.0054521027359380235 and parameters: {'nlayers': 21, 'hidden_size': 478, 'dropout': 0.3261627308694554, 'learning_rate': 0.0023704919107592035, 'batch_size': 3235}. Best is trial 1603 with value: 0.004398547172546387.[0m
[32m[I 2022-11-04 07:10:22,283][0m Trial 2794 finished with value: 0.004509734262440169 and parameters: {'nlayers': 20, 'hidden_size': 178, 'dropout': 0.3613580387092149, 'learning_rate': 0.00047937195709904854, 'batch_size': 3922}. Best is trial 1603 with value: 0.004398547172546387.[0m
[32m[I 2022-11-04 07:10:36,731][0m Trial 2795 finished with value: 0.004421172625841454 and parameters: {'nlayers': 21, 'hidden_size': 327, 'dropout': 0.3457965940507397, 'learning_rate': 0.002010325452159103, 'batch_size': 3999}. Best is trial 1603 with value: 0.004398547172546387.[0m
[32m[I 2022-11-04 07:10:48,438][0m Trial 2796 finished with value: 0.004714735121230917 and parameters: {'nlayers': 23, 'hidden_size': 262, 'dropout': 0.30048368842783474, 'learning_rate': 0.002692237811411715, 'batch_size': 3768}. Best is trial 1603 with value: 0.004398547172546387.[0m
[32m[I 2022-11-04 07:11:06,258][0m Trial 2797 finished with value: 0.0045320296591254555 and parameters: {'nlayers': 19, 'hidden_size': 425, 'dropout': 0.33619375216090186, 'learning_rate': 0.005003288378395507, 'batch_size': 3925}. Best is trial 1603 with value: 0.004398547172546387.[0m
[32m[I 2022-11-04 07:11:20,085][0m Trial 2798 finished with value: 0.004631510533866752 and parameters: {'nlayers': 20, 'hidden_size': 343, 'dropout': 0.31839779138727264, 'learning_rate': 0.0018034926238629518, 'batch_size': 3817}. Best is trial 1603 with value: 0.004398547172546387.[0m
[32m[I 2022-11-04 07:11:28,186][0m Trial 2799 finished with value: 0.004561725293436358 and parameters: {'nlayers': 23, 'hidden_size': 164, 'dropout': 0.3287620092049784, 'learning_rate': 0.002708925773596714, 'batch_size': 3875}. Best is trial 1603 with value: 0.004398547172546387.[0m
[32m[I 2022-11-04 07:11:40,130][0m Trial 2800 finished with value: 0.004476821387676018 and parameters: {'nlayers': 21, 'hidden_size': 279, 'dropout': 0.34844815280980357, 'learning_rate': 0.00022741043465787105, 'batch_size': 3928}. Best is trial 1603 with value: 0.004398547172546387.[0m
[32m[I 2022-11-04 07:12:02,572][0m Trial 2801 finished with value: 0.004596933595399026 and parameters: {'nlayers': 22, 'hidden_size': 474, 'dropout': 0.356282294190195, 'learning_rate': 0.0022279356989744815, 'batch_size': 3869}. Best is trial 1603 with value: 0.004398547172546387.[0m
[32m[I 2022-11-04 07:12:18,881][0m Trial 2802 finished with value: 0.004529287802047419 and parameters: {'nlayers': 20, 'hidden_size': 386, 'dropout': 0.2943373902507078, 'learning_rate': 0.005482171362605269, 'batch_size': 3929}. Best is trial 1603 with value: 0.004398547172546387.[0m
[32m[I 2022-11-04 07:12:29,050][0m Trial 2803 finished with value: 0.004658484193319418 and parameters: {'nlayers': 22, 'hidden_size': 238, 'dropout': 0.3399014685691161, 'learning_rate': 0.005158383449942792, 'batch_size': 3815}. Best is trial 1603 with value: 0.004398547172546387.[0m
[32m[I 2022-11-04 07:17:46,390][0m Trial 2804 finished with value: 0.004811794494455954 and parameters: {'nlayers': 21, 'hidden_size': 2213, 'dropout': 0.33185212355323146, 'learning_rate': 0.0020349822424631826, 'batch_size': 3915}. Best is trial 1603 with value: 0.004398547172546387.[0m
[32m[I 2022-11-04 07:17:59,811][0m Trial 2805 finished with value: 0.004484775748959744 and parameters: {'nlayers': 22, 'hidden_size': 302, 'dropout': 0.3140305509211031, 'learning_rate': 0.0024793064972119454, 'batch_size': 3926}. Best is trial 1603 with value: 0.004398547172546387.[0m
[32m[I 2022-11-04 07:18:19,669][0m Trial 2806 finished with value: 0.004513767989257956 and parameters: {'nlayers': 21, 'hidden_size': 439, 'dropout': 0.3528614341638798, 'learning_rate': 0.0027413887261510594, 'batch_size': 3927}. Best is trial 1603 with value: 0.004398547172546387.[0m
[32m[I 2022-11-04 07:18:27,587][0m Trial 2807 finished with value: 0.004923639148638758 and parameters: {'nlayers': 20, 'hidden_size': 199, 'dropout': 0.323657040001827, 'learning_rate': 0.0017835228835674103, 'batch_size': 3612}. Best is trial 1603 with value: 0.004398547172546387.[0m
[32m[I 2022-11-04 07:18:41,288][0m Trial 2808 finished with value: 0.004748354192902135 and parameters: {'nlayers': 19, 'hidden_size': 355, 'dropout': 0.3393347183940893, 'learning_rate': 0.00224624759748233, 'batch_size': 3727}. Best is trial 1603 with value: 0.004398547172546387.[0m
[32m[I 2022-11-04 07:18:57,324][0m Trial 2809 finished with value: 0.004622929070685974 and parameters: {'nlayers': 19, 'hidden_size': 408, 'dropout': 0.36403571879839103, 'learning_rate': 0.0005807901529717214, 'batch_size': 3828}. Best is trial 1603 with value: 0.004398547172546387.[0m
[32m[I 2022-11-04 07:20:34,339][0m Trial 2810 finished with value: 0.0045248322778905295 and parameters: {'nlayers': 20, 'hidden_size': 1194, 'dropout': 0.3323296545386126, 'learning_rate': 0.002533730169153904, 'batch_size': 3927}. Best is trial 1603 with value: 0.004398547172546387.[0m
[32m[I 2022-11-04 07:20:44,812][0m Trial 2811 finished with value: 0.004452043323106663 and parameters: {'nlayers': 8, 'hidden_size': 506, 'dropout': 0.34344332011055667, 'learning_rate': 0.0023097997278537716, 'batch_size': 3999}. Best is trial 1603 with value: 0.004398547172546387.[0m
[32m[I 2022-11-04 07:20:50,260][0m Trial 2812 finished with value: 0.0046171410666238765 and parameters: {'nlayers': 8, 'hidden_size': 244, 'dropout': 0.37050658042801266, 'learning_rate': 0.00200189170732029, 'batch_size': 3819}. Best is trial 1603 with value: 0.004398547172546387.[0m
[32m[I 2022-11-04 07:20:57,560][0m Trial 2813 finished with value: 0.004508670785348228 and parameters: {'nlayers': 9, 'hidden_size': 324, 'dropout': 0.3025449427266655, 'learning_rate': 0.007182913224576496, 'batch_size': 3930}. Best is trial 1603 with value: 0.004398547172546387.[0m
[32m[I 2022-11-04 07:21:06,679][0m Trial 2814 finished with value: 0.004470131551661948 and parameters: {'nlayers': 23, 'hidden_size': 179, 'dropout': 0.3502227664805408, 'learning_rate': 0.0027402892006430203, 'batch_size': 3999}. Best is trial 1603 with value: 0.004398547172546387.[0m
[32m[I 2022-11-04 07:21:17,743][0m Trial 2815 finished with value: 0.004615755125374135 and parameters: {'nlayers': 19, 'hidden_size': 281, 'dropout': 0.3113215766377621, 'learning_rate': 0.0017354390508899677, 'batch_size': 3857}. Best is trial 1603 with value: 0.004398547172546387.[0m
[32m[I 2022-11-04 07:24:42,839][0m Trial 2816 finished with value: 0.004450380265578594 and parameters: {'nlayers': 9, 'hidden_size': 2884, 'dropout': 0.32547071773320424, 'learning_rate': 0.0021007913980026047, 'batch_size': 3999}. Best is trial 1603 with value: 0.004398547172546387.[0m
[32m[I 2022-11-04 07:25:03,919][0m Trial 2817 finished with value: 0.004514493948643698 and parameters: {'nlayers': 20, 'hidden_size': 477, 'dropout': 0.36082302994444543, 'learning_rate': 0.0025342636588261205, 'batch_size': 3922}. Best is trial 1603 with value: 0.004398547172546387.[0m
[32m[I 2022-11-04 07:25:12,616][0m Trial 2818 finished with value: 0.010389438620087696 and parameters: {'nlayers': 22, 'hidden_size': 386, 'dropout': 0.33586758304154685, 'learning_rate': 0.0019163274479900567, 'batch_size': 1710}. Best is trial 1603 with value: 0.004398547172546387.[0m
[32m[I 2022-11-04 07:25:17,442][0m Trial 2819 finished with value: 0.00446268448116601 and parameters: {'nlayers': 9, 'hidden_size': 153, 'dropout': 0.3442631098629583, 'learning_rate': 0.0027793291728047884, 'batch_size': 3999}. Best is trial 1603 with value: 0.004398547172546387.[0m
[32m[I 2022-11-04 07:25:30,749][0m Trial 2820 finished with value: 0.004748137985787741 and parameters: {'nlayers': 21, 'hidden_size': 336, 'dropout': 0.31776829847484667, 'learning_rate': 0.002234829242680661, 'batch_size': 3731}. Best is trial 1603 with value: 0.004398547172546387.[0m
[32m[I 2022-11-04 07:25:38,356][0m Trial 2821 finished with value: 0.0046251346972556815 and parameters: {'nlayers': 7, 'hidden_size': 429, 'dropout': 0.46844336259495856, 'learning_rate': 0.006420914731329558, 'batch_size': 3844}. Best is trial 1603 with value: 0.004398547172546387.[0m
[32m[I 2022-11-04 07:25:44,558][0m Trial 2822 finished with value: 0.0045942677328516274 and parameters: {'nlayers': 9, 'hidden_size': 263, 'dropout': 0.34841476281301104, 'learning_rate': 0.0017638899145227458, 'batch_size': 3866}. Best is trial 1603 with value: 0.004398547172546387.[0m
[32m[I 2022-11-04 07:25:54,815][0m Trial 2823 finished with value: 0.004503390081539557 and parameters: {'nlayers': 8, 'hidden_size': 499, 'dropout': 0.3304819968439761, 'learning_rate': 0.0024213077198800485, 'batch_size': 3931}. Best is trial 1603 with value: 0.004398547172546387.[0m
[32m[I 2022-11-04 07:26:01,669][0m Trial 2824 finished with value: 0.0046997372439857256 and parameters: {'nlayers': 8, 'hidden_size': 360, 'dropout': 0.35775415341266836, 'learning_rate': 0.0019960158350996217, 'batch_size': 3776}. Best is trial 1603 with value: 0.004398547172546387.[0m
[32m[I 2022-11-04 07:26:06,723][0m Trial 2825 finished with value: 0.004519161815677301 and parameters: {'nlayers': 9, 'hidden_size': 196, 'dropout': 0.28480906949707585, 'learning_rate': 0.0021894011276297936, 'batch_size': 3928}. Best is trial 1603 with value: 0.004398547172546387.[0m
[32m[I 2022-11-04 07:26:12,240][0m Trial 2826 finished with value: 0.004460407181523214 and parameters: {'nlayers': 8, 'hidden_size': 233, 'dropout': 0.4714827725954274, 'learning_rate': 0.0027327965417000806, 'batch_size': 3998}. Best is trial 1603 with value: 0.004398547172546387.[0m
[32m[I 2022-11-04 07:26:24,366][0m Trial 2827 finished with value: 0.004586014706034993 and parameters: {'nlayers': 20, 'hidden_size': 299, 'dropout': 0.37067612033873765, 'learning_rate': 0.0025387153011933146, 'batch_size': 3870}. Best is trial 1603 with value: 0.004398547172546387.[0m
[32m[I 2022-11-04 07:26:32,556][0m Trial 2828 finished with value: 0.004532965154844536 and parameters: {'nlayers': 9, 'hidden_size': 379, 'dropout': 0.3361675743744946, 'learning_rate': 0.0019669955361404272, 'batch_size': 3927}. Best is trial 1603 with value: 0.004398547172546387.[0m
[32m[I 2022-11-04 07:26:41,351][0m Trial 2829 finished with value: 0.0046494966653292955 and parameters: {'nlayers': 7, 'hidden_size': 498, 'dropout': 0.3299782744641028, 'learning_rate': 0.006194530716333649, 'batch_size': 3819}. Best is trial 1603 with value: 0.004398547172546387.[0m
[32m[I 2022-11-04 07:26:51,643][0m Trial 2830 finished with value: 0.0045070623775171565 and parameters: {'nlayers': 17, 'hidden_size': 287, 'dropout': 0.15335797580288751, 'learning_rate': 0.0023060642988683576, 'batch_size': 3930}. Best is trial 1603 with value: 0.004398547172546387.[0m
[32m[I 2022-11-04 07:26:58,205][0m Trial 2831 finished with value: 0.004586293761769643 and parameters: {'nlayers': 18, 'hidden_size': 155, 'dropout': 0.2665242491982429, 'learning_rate': 0.0027561213477041865, 'batch_size': 3868}. Best is trial 1603 with value: 0.004398547172546387.[0m
[32m[I 2022-11-04 07:27:15,381][0m Trial 2832 finished with value: 0.00445907237113014 and parameters: {'nlayers': 19, 'hidden_size': 413, 'dropout': 0.34727519276524016, 'learning_rate': 0.001819915796943121, 'batch_size': 3999}. Best is trial 1603 with value: 0.004398547172546387.[0m
[32m[I 2022-11-04 07:27:18,399][0m Trial 2833 finished with value: 0.008009099350306663 and parameters: {'nlayers': 8, 'hidden_size': 226, 'dropout': 0.31969511277690155, 'learning_rate': 0.0006460690723690441, 'batch_size': 2218}. Best is trial 1603 with value: 0.004398547172546387.[0m
[32m[I 2022-11-04 07:27:26,019][0m Trial 2834 finished with value: 0.004423113390803337 and parameters: {'nlayers': 9, 'hidden_size': 340, 'dropout': 0.3043966035075101, 'learning_rate': 0.0024112529779519005, 'batch_size': 4000}. Best is trial 1603 with value: 0.004398547172546387.[0m
[32m[I 2022-11-04 07:27:33,253][0m Trial 2835 finished with value: 0.004427319534122944 and parameters: {'nlayers': 6, 'hidden_size': 439, 'dropout': 0.29379167490971486, 'learning_rate': 0.002072204825229199, 'batch_size': 4000}. Best is trial 1603 with value: 0.004398547172546387.[0m
[32m[I 2022-11-04 07:27:37,269][0m Trial 2836 finished with value: 0.007305968494953333 and parameters: {'nlayers': 9, 'hidden_size': 294, 'dropout': 0.22360177315098118, 'learning_rate': 0.002522240529730944, 'batch_size': 2446}. Best is trial 1603 with value: 0.004398547172546387.[0m
[32m[I 2022-11-04 07:27:57,363][0m Trial 2837 finished with value: 0.004705240110340154 and parameters: {'nlayers': 21, 'hidden_size': 454, 'dropout': 0.3386818192861386, 'learning_rate': 0.0017760127102502592, 'batch_size': 3769}. Best is trial 1603 with value: 0.004398547172546387.[0m
[32m[I 2022-11-04 07:28:02,701][0m Trial 2838 finished with value: 0.0044426071581228814 and parameters: {'nlayers': 8, 'hidden_size': 232, 'dropout': 0.4731451999531253, 'learning_rate': 0.0021219868557361913, 'batch_size': 3999}. Best is trial 1603 with value: 0.004398547172546387.[0m
[32m[I 2022-11-04 07:28:13,456][0m Trial 2839 finished with value: 0.004804134175060241 and parameters: {'nlayers': 9, 'hidden_size': 511, 'dropout': 0.35323935773459236, 'learning_rate': 0.006880312413129724, 'batch_size': 3690}. Best is trial 1603 with value: 0.004398547172546387.[0m
[32m[I 2022-11-04 07:28:20,536][0m Trial 2840 finished with value: 0.0045719459137475915 and parameters: {'nlayers': 8, 'hidden_size': 353, 'dropout': 0.24204571674497113, 'learning_rate': 0.004835777379123703, 'batch_size': 3874}. Best is trial 1603 with value: 0.004398547172546387.[0m
[32m[I 2022-11-04 07:28:28,294][0m Trial 2841 finished with value: 0.004559824298796346 and parameters: {'nlayers': 20, 'hidden_size': 175, 'dropout': 0.321244199417658, 'learning_rate': 0.00022078818160498238, 'batch_size': 3919}. Best is trial 1603 with value: 0.004398547172546387.[0m
[32m[I 2022-11-04 07:30:40,650][0m Trial 2842 finished with value: 0.004743319473364069 and parameters: {'nlayers': 22, 'hidden_size': 1372, 'dropout': 0.3399225292981837, 'learning_rate': 0.0027546102841867655, 'batch_size': 3816}. Best is trial 1603 with value: 0.004398547172546387.[0m
[32m[I 2022-11-04 07:30:47,804][0m Trial 2843 finished with value: 0.004455620817840099 and parameters: {'nlayers': 9, 'hidden_size': 314, 'dropout': 0.3688821771192881, 'learning_rate': 0.0023822056556684996, 'batch_size': 4000}. Best is trial 1603 with value: 0.004398547172546387.[0m
[32m[I 2022-11-04 07:30:55,586][0m Trial 2844 finished with value: 0.004515139890603281 and parameters: {'nlayers': 8, 'hidden_size': 390, 'dropout': 0.33086367775677256, 'learning_rate': 0.0017031981972331475, 'batch_size': 3928}. Best is trial 1603 with value: 0.004398547172546387.[0m
[32m[I 2022-11-04 07:31:06,115][0m Trial 2845 finished with value: 0.004596539061653497 and parameters: {'nlayers': 23, 'hidden_size': 233, 'dropout': 0.4677966061802574, 'learning_rate': 0.008726919623325651, 'batch_size': 3862}. Best is trial 1603 with value: 0.004398547172546387.[0m
[32m[I 2022-11-04 07:31:25,333][0m Trial 2846 finished with value: 0.00453597287443395 and parameters: {'nlayers': 16, 'hidden_size': 515, 'dropout': 0.3605256600714153, 'learning_rate': 0.0027704884342764535, 'batch_size': 3921}. Best is trial 1603 with value: 0.004398547172546387.[0m
[32m[I 2022-11-04 07:31:42,125][0m Trial 2847 finished with value: 0.00469675753364381 and parameters: {'nlayers': 19, 'hidden_size': 419, 'dropout': 0.3465671514267777, 'learning_rate': 0.002215052325895895, 'batch_size': 3772}. Best is trial 1603 with value: 0.004398547172546387.[0m
[32m[I 2022-11-04 07:31:43,900][0m Trial 2848 finished with value: 0.012552360277636157 and parameters: {'nlayers': 9, 'hidden_size': 158, 'dropout': 0.339470635914381, 'learning_rate': 0.002560736490651327, 'batch_size': 1409}. Best is trial 1603 with value: 0.004398547172546387.[0m
[32m[I 2022-11-04 07:31:50,916][0m Trial 2849 finished with value: 0.004462314444978585 and parameters: {'nlayers': 10, 'hidden_size': 275, 'dropout': 0.27699390773172367, 'learning_rate': 0.0019709005260450468, 'batch_size': 3999}. Best is trial 1603 with value: 0.004398547172546387.[0m
[32m[I 2022-11-04 07:32:04,734][0m Trial 2850 finished with value: 0.004511981655837624 and parameters: {'nlayers': 21, 'hidden_size': 321, 'dropout': 0.3224662253845535, 'learning_rate': 0.00034798866246241384, 'batch_size': 3925}. Best is trial 1603 with value: 0.004398547172546387.[0m
[32m[I 2022-11-04 07:32:14,564][0m Trial 2851 finished with value: 0.004632609880312927 and parameters: {'nlayers': 9, 'hidden_size': 461, 'dropout': 0.3117767295902516, 'learning_rate': 0.0017361909988817031, 'batch_size': 3830}. Best is trial 1603 with value: 0.004398547172546387.[0m
[32m[I 2022-11-04 07:32:20,403][0m Trial 2852 finished with value: 0.004450395118298904 and parameters: {'nlayers': 10, 'hidden_size': 224, 'dropout': 0.34268013444762147, 'learning_rate': 0.0022530328826357504, 'batch_size': 3999}. Best is trial 1603 with value: 0.004398547172546387.[0m
[32m[I 2022-11-04 07:32:26,738][0m Trial 2853 finished with value: 0.004580478884341303 and parameters: {'nlayers': 7, 'hidden_size': 360, 'dropout': 0.47542545505765543, 'learning_rate': 0.002736460949280809, 'batch_size': 3872}. Best is trial 1603 with value: 0.004398547172546387.[0m
[32m[I 2022-11-04 07:32:31,390][0m Trial 2854 finished with value: 0.004418064281344414 and parameters: {'nlayers': 9, 'hidden_size': 137, 'dropout': 0.35279325217673735, 'learning_rate': 0.0019128252923728817, 'batch_size': 4000}. Best is trial 1603 with value: 0.004398547172546387.[0m
[32m[I 2022-11-04 07:32:42,236][0m Trial 2855 finished with value: 0.004496865284069138 and parameters: {'nlayers': 20, 'hidden_size': 268, 'dropout': 0.3295538988141028, 'learning_rate': 0.0052656945927083325, 'batch_size': 3923}. Best is trial 1603 with value: 0.004398547172546387.[0m
[32m[I 2022-11-04 07:32:50,946][0m Trial 2856 finished with value: 0.0044191062495123595 and parameters: {'nlayers': 10, 'hidden_size': 354, 'dropout': 0.46817793692101584, 'learning_rate': 0.0023735509629394928, 'batch_size': 3999}. Best is trial 1603 with value: 0.004398547172546387.[0m
[32m[I 2022-11-04 07:33:00,969][0m Trial 2857 finished with value: 0.004709379920802301 and parameters: {'nlayers': 8, 'hidden_size': 515, 'dropout': 0.1324471315302505, 'learning_rate': 0.002102741434197415, 'batch_size': 3762}. Best is trial 1603 with value: 0.004398547172546387.[0m
[32m[I 2022-11-04 07:33:10,244][0m Trial 2858 finished with value: 0.0045740365642515995 and parameters: {'nlayers': 9, 'hidden_size': 431, 'dropout': 0.2518402402830475, 'learning_rate': 0.004979178937535908, 'batch_size': 3862}. Best is trial 1603 with value: 0.004398547172546387.[0m
[32m[I 2022-11-04 07:36:25,545][0m Trial 2859 finished with value: 0.0048685054986174385 and parameters: {'nlayers': 22, 'hidden_size': 1721, 'dropout': 0.33076807428046423, 'learning_rate': 0.0025585735203018083, 'batch_size': 3649}. Best is trial 1603 with value: 0.004398547172546387.[0m
[32m[I 2022-11-04 07:36:33,369][0m Trial 2860 finished with value: 0.0044215391501784326 and parameters: {'nlayers': 17, 'hidden_size': 202, 'dropout': 0.3551244184975932, 'learning_rate': 0.0027821919278492643, 'batch_size': 4000}. Best is trial 1603 with value: 0.004398547172546387.[0m
[32m[I 2022-11-04 07:36:45,109][0m Trial 2861 finished with value: 0.004536688267138434 and parameters: {'nlayers': 18, 'hidden_size': 314, 'dropout': 0.33501856789169876, 'learning_rate': 0.001780604729953244, 'batch_size': 3931}. Best is trial 1603 with value: 0.004398547172546387.[0m
[32m[I 2022-11-04 07:36:53,948][0m Trial 2862 finished with value: 0.004647955933759701 and parameters: {'nlayers': 10, 'hidden_size': 392, 'dropout': 0.325604097257016, 'learning_rate': 0.001995883064025245, 'batch_size': 3823}. Best is trial 1603 with value: 0.004398547172546387.[0m
[32m[I 2022-11-04 07:37:17,625][0m Trial 2863 finished with value: 0.004510199512147041 and parameters: {'nlayers': 21, 'hidden_size': 504, 'dropout': 0.31536090134387007, 'learning_rate': 0.0023149074660925267, 'batch_size': 3927}. Best is trial 1603 with value: 0.004398547172546387.[0m
[32m[I 2022-11-04 07:37:22,799][0m Trial 2864 finished with value: 0.004586575006342624 and parameters: {'nlayers': 6, 'hidden_size': 299, 'dropout': 0.47376393286880036, 'learning_rate': 0.0025514554567312906, 'batch_size': 3872}. Best is trial 1603 with value: 0.004398547172546387.[0m
